[2.277s] Invoking command in '/home/tabuchi/shipsimulator/src/mmg_module': PYTHONPATH=/home/tabuchi/shipsimulator/build/mmg_module/prefix_override:/home/tabuchi/shipsimulator/install/mmg_module/lib/python3.10/site-packages:${PYTHONPATH} /usr/bin/python3 setup.py egg_info --egg-base ../../build/mmg_module build --build-base /home/tabuchi/shipsimulator/build/mmg_module/build install --record /home/tabuchi/shipsimulator/build/mmg_module/install.log --single-version-externally-managed
[2.575s] running egg_info
[2.575s] writing ../../build/mmg_module/mmg_module.egg-info/PKG-INFO
[2.575s] writing dependency_links to ../../build/mmg_module/mmg_module.egg-info/dependency_links.txt
[2.576s] writing entry points to ../../build/mmg_module/mmg_module.egg-info/entry_points.txt
[2.576s] writing requirements to ../../build/mmg_module/mmg_module.egg-info/requires.txt
[2.576s] writing top-level names to ../../build/mmg_module/mmg_module.egg-info/top_level.txt
[2.579s] reading manifest file '../../build/mmg_module/mmg_module.egg-info/SOURCES.txt'
[2.581s] writing manifest file '../../build/mmg_module/mmg_module.egg-info/SOURCES.txt'
[2.582s] /usr/lib/python3/dist-packages/setuptools/command/install.py:34: SetuptoolsDeprecationWarning: setup.py install is deprecated. Use build and pip and other standards-based tools.
[2.582s]   warnings.warn(
[2.582s] running build
[2.582s] running build_py
[2.582s] running install
[2.582s] running install_lib
[2.582s] running install_data
[2.583s] running install_egg_info
[2.586s] removing '/home/tabuchi/shipsimulator/install/mmg_module/lib/python3.10/site-packages/mmg_module-0.0.0-py3.10.egg-info' (and everything under it)
[2.586s] Copying ../../build/mmg_module/mmg_module.egg-info to /home/tabuchi/shipsimulator/install/mmg_module/lib/python3.10/site-packages/mmg_module-0.0.0-py3.10.egg-info
[2.587s] running install_scripts
[2.615s] Installing controller_node script to /home/tabuchi/shipsimulator/install/mmg_module/lib/mmg_module
[2.615s] Installing model_node script to /home/tabuchi/shipsimulator/install/mmg_module/lib/mmg_module
[2.616s] writing list of installed files to '/home/tabuchi/shipsimulator/build/mmg_module/install.log'
[2.691s] Invoked command in '/home/tabuchi/shipsimulator/src/mmg_module' returned '0': PYTHONPATH=/home/tabuchi/shipsimulator/build/mmg_module/prefix_override:/home/tabuchi/shipsimulator/install/mmg_module/lib/python3.10/site-packages:${PYTHONPATH} /usr/bin/python3 setup.py egg_info --egg-base ../../build/mmg_module build --build-base /home/tabuchi/shipsimulator/build/mmg_module/build install --record /home/tabuchi/shipsimulator/build/mmg_module/install.log --single-version-externally-managed
