[1.930s] Invoking command in '/home/tabuchi/shipsimulator/src/mmg_module': PYTHONPATH=/home/tabuchi/shipsimulator/build/mmg_module/prefix_override:/home/tabuchi/shipsimulator/install/mmg_module/lib/python3.10/site-packages:${PYTHONPATH} /usr/bin/python3 setup.py egg_info --egg-base ../../build/mmg_module build --build-base /home/tabuchi/shipsimulator/build/mmg_module/build install --record /home/tabuchi/shipsimulator/build/mmg_module/install.log --single-version-externally-managed
[2.225s] running egg_info
[2.226s] writing ../../build/mmg_module/mmg_module.egg-info/PKG-INFO
[2.226s] writing dependency_links to ../../build/mmg_module/mmg_module.egg-info/dependency_links.txt
[2.226s] writing entry points to ../../build/mmg_module/mmg_module.egg-info/entry_points.txt
[2.227s] writing requirements to ../../build/mmg_module/mmg_module.egg-info/requires.txt
[2.227s] writing top-level names to ../../build/mmg_module/mmg_module.egg-info/top_level.txt
[2.228s] reading manifest file '../../build/mmg_module/mmg_module.egg-info/SOURCES.txt'
[2.229s] writing manifest file '../../build/mmg_module/mmg_module.egg-info/SOURCES.txt'
[2.230s] running build
[2.230s] running build_py
[2.230s] copying mmg_module/model_node.py -> /home/tabuchi/shipsimulator/build/mmg_module/build/lib/mmg_module
[2.230s] running install
[2.231s] /usr/lib/python3/dist-packages/setuptools/command/install.py:34: SetuptoolsDeprecationWarning: setup.py install is deprecated. Use build and pip and other standards-based tools.
[2.231s]   warnings.warn(
[2.231s] running install_lib
[2.231s] copying /home/tabuchi/shipsimulator/build/mmg_module/build/lib/mmg_module/model_node.py -> /home/tabuchi/shipsimulator/install/mmg_module/lib/python3.10/site-packages/mmg_module
[2.232s] byte-compiling /home/tabuchi/shipsimulator/install/mmg_module/lib/python3.10/site-packages/mmg_module/model_node.py to model_node.cpython-310.pyc
[2.235s] running install_data
[2.235s] running install_egg_info
[2.236s] removing '/home/tabuchi/shipsimulator/install/mmg_module/lib/python3.10/site-packages/mmg_module-0.0.0-py3.10.egg-info' (and everything under it)
[2.236s] Copying ../../build/mmg_module/mmg_module.egg-info to /home/tabuchi/shipsimulator/install/mmg_module/lib/python3.10/site-packages/mmg_module-0.0.0-py3.10.egg-info
[2.237s] running install_scripts
[2.264s] Installing controller_node script to /home/tabuchi/shipsimulator/install/mmg_module/lib/mmg_module
[2.265s] Installing model_node script to /home/tabuchi/shipsimulator/install/mmg_module/lib/mmg_module
[2.265s] writing list of installed files to '/home/tabuchi/shipsimulator/build/mmg_module/install.log'
[2.287s] Invoked command in '/home/tabuchi/shipsimulator/src/mmg_module' returned '0': PYTHONPATH=/home/tabuchi/shipsimulator/build/mmg_module/prefix_override:/home/tabuchi/shipsimulator/install/mmg_module/lib/python3.10/site-packages:${PYTHONPATH} /usr/bin/python3 setup.py egg_info --egg-base ../../build/mmg_module build --build-base /home/tabuchi/shipsimulator/build/mmg_module/build install --record /home/tabuchi/shipsimulator/build/mmg_module/install.log --single-version-externally-managed
