[1.905s] Invoking command in '/home/tabuchi/shipsimulator/src/sensor_module': PYTHONPATH=/home/tabuchi/shipsimulator/build/sensor_module/prefix_override:/home/tabuchi/shipsimulator/install/sensor_module/lib/python3.10/site-packages:${PYTHONPATH} /usr/bin/python3 setup.py egg_info --egg-base ../../build/sensor_module build --build-base /home/tabuchi/shipsimulator/build/sensor_module/build install --record /home/tabuchi/shipsimulator/build/sensor_module/install.log --single-version-externally-managed
[2.179s] running egg_info
[2.180s] writing ../../build/sensor_module/sensor_module.egg-info/PKG-INFO
[2.180s] writing dependency_links to ../../build/sensor_module/sensor_module.egg-info/dependency_links.txt
[2.180s] writing entry points to ../../build/sensor_module/sensor_module.egg-info/entry_points.txt
[2.180s] writing requirements to ../../build/sensor_module/sensor_module.egg-info/requires.txt
[2.181s] writing top-level names to ../../build/sensor_module/sensor_module.egg-info/top_level.txt
[2.183s] reading manifest file '../../build/sensor_module/sensor_module.egg-info/SOURCES.txt'
[2.184s] writing manifest file '../../build/sensor_module/sensor_module.egg-info/SOURCES.txt'
[2.184s] running build
[2.184s] running build_py
[2.184s] running install
[2.185s] /usr/lib/python3/dist-packages/setuptools/command/install.py:34: SetuptoolsDeprecationWarning: setup.py install is deprecated. Use build and pip and other standards-based tools.
[2.185s]   warnings.warn(
[2.185s] running install_lib
[2.187s] running install_data
[2.187s] running install_egg_info
[2.189s] removing '/home/tabuchi/shipsimulator/install/sensor_module/lib/python3.10/site-packages/sensor_module-0.0.0-py3.10.egg-info' (and everything under it)
[2.190s] Copying ../../build/sensor_module/sensor_module.egg-info to /home/tabuchi/shipsimulator/install/sensor_module/lib/python3.10/site-packages/sensor_module-0.0.0-py3.10.egg-info
[2.191s] running install_scripts
[2.218s] Installing sensor_node script to /home/tabuchi/shipsimulator/install/sensor_module/lib/sensor_module
[2.218s] writing list of installed files to '/home/tabuchi/shipsimulator/build/sensor_module/install.log'
[2.247s] Invoked command in '/home/tabuchi/shipsimulator/src/sensor_module' returned '0': PYTHONPATH=/home/tabuchi/shipsimulator/build/sensor_module/prefix_override:/home/tabuchi/shipsimulator/install/sensor_module/lib/python3.10/site-packages:${PYTHONPATH} /usr/bin/python3 setup.py egg_info --egg-base ../../build/sensor_module build --build-base /home/tabuchi/shipsimulator/build/sensor_module/build install --record /home/tabuchi/shipsimulator/build/sensor_module/install.log --single-version-externally-managed
