[2.257s] Invoking command in '/home/tabuchi/shipsimulator/src/actuator_module': PYTHONPATH=/home/tabuchi/shipsimulator/build/actuator_module/prefix_override:/home/tabuchi/shipsimulator/install/actuator_module/lib/python3.10/site-packages:${PYTHONPATH} /usr/bin/python3 setup.py egg_info --egg-base ../../build/actuator_module build --build-base /home/tabuchi/shipsimulator/build/actuator_module/build install --record /home/tabuchi/shipsimulator/build/actuator_module/install.log --single-version-externally-managed
[2.554s] running egg_info
[2.555s] writing ../../build/actuator_module/actuator_module.egg-info/PKG-INFO
[2.555s] writing dependency_links to ../../build/actuator_module/actuator_module.egg-info/dependency_links.txt
[2.555s] writing entry points to ../../build/actuator_module/actuator_module.egg-info/entry_points.txt
[2.555s] writing requirements to ../../build/actuator_module/actuator_module.egg-info/requires.txt
[2.555s] writing top-level names to ../../build/actuator_module/actuator_module.egg-info/top_level.txt
[2.557s] reading manifest file '../../build/actuator_module/actuator_module.egg-info/SOURCES.txt'
[2.558s] writing manifest file '../../build/actuator_module/actuator_module.egg-info/SOURCES.txt'
[2.558s] running build
[2.558s] running build_py
[2.559s] running install
[2.559s] /usr/lib/python3/dist-packages/setuptools/command/install.py:34: SetuptoolsDeprecationWarning: setup.py install is deprecated. Use build and pip and other standards-based tools.
[2.559s]   warnings.warn(
[2.559s] running install_lib
[2.560s] running install_data
[2.561s] running install_egg_info
[2.563s] removing '/home/tabuchi/shipsimulator/install/actuator_module/lib/python3.10/site-packages/actuator_module-0.0.0-py3.10.egg-info' (and everything under it)
[2.563s] Copying ../../build/actuator_module/actuator_module.egg-info to /home/tabuchi/shipsimulator/install/actuator_module/lib/python3.10/site-packages/actuator_module-0.0.0-py3.10.egg-info
[2.564s] running install_scripts
[2.593s] Installing actuator_node script to /home/tabuchi/shipsimulator/install/actuator_module/lib/actuator_module
[2.593s] writing list of installed files to '/home/tabuchi/shipsimulator/build/actuator_module/install.log'
[2.621s] Invoked command in '/home/tabuchi/shipsimulator/src/actuator_module' returned '0': PYTHONPATH=/home/tabuchi/shipsimulator/build/actuator_module/prefix_override:/home/tabuchi/shipsimulator/install/actuator_module/lib/python3.10/site-packages:${PYTHONPATH} /usr/bin/python3 setup.py egg_info --egg-base ../../build/actuator_module build --build-base /home/tabuchi/shipsimulator/build/actuator_module/build install --record /home/tabuchi/shipsimulator/build/actuator_module/install.log --single-version-externally-managed
