[0.730s] DEBUG:colcon:Command line arguments: ['/usr/bin/colcon', 'build']
[0.731s] DEBUG:colcon:Parsed command line arguments: Namespace(log_base=None, log_level=None, verb_name='build', build_base='build', install_base='install', merge_install=False, symlink_install=False, test_result_base=None, continue_on_error=False, executor='parallel', parallel_workers=12, event_handlers=None, ignore_user_meta=False, metas=['./colcon.meta'], base_paths=['.'], packages_ignore=None, packages_ignore_regex=None, paths=None, packages_up_to=None, packages_up_to_regex=None, packages_above=None, packages_above_and_dependencies=None, packages_above_depth=None, packages_select_by_dep=None, packages_skip_by_dep=None, packages_skip_up_to=None, packages_select_build_failed=False, packages_skip_build_finished=False, packages_select_test_failures=False, packages_skip_test_passed=False, packages_select=None, packages_skip=None, packages_select_regex=None, packages_skip_regex=None, packages_start=None, packages_end=None, allow_overriding=[], cmake_args=None, cmake_target=None, cmake_target_skip_unavailable=False, cmake_clean_cache=False, cmake_clean_first=False, cmake_force_configure=False, ament_cmake_args=None, catkin_cmake_args=None, catkin_skip_building_tests=False, verb_parser=<colcon_defaults.argument_parser.defaults.DefaultArgumentsDecorator object at 0x7f5dc88a0130>, verb_extension=<colcon_core.verb.build.BuildVerb object at 0x7f5dc9069030>, main=<bound method BuildVerb.main of <colcon_core.verb.build.BuildVerb object at 0x7f5dc9069030>>)
[0.871s] Level 1:colcon.colcon_core.package_discovery:discover_packages(colcon_meta) check parameters
[0.871s] Level 1:colcon.colcon_core.package_discovery:discover_packages(recursive) check parameters
[0.871s] Level 1:colcon.colcon_core.package_discovery:discover_packages(ignore) check parameters
[0.871s] Level 1:colcon.colcon_core.package_discovery:discover_packages(path) check parameters
[0.872s] Level 1:colcon.colcon_core.package_discovery:discover_packages(colcon_meta) discover
[0.872s] Level 1:colcon.colcon_core.package_discovery:discover_packages(recursive) discover
[0.872s] INFO:colcon.colcon_core.package_discovery:Crawling recursively for packages in '/home/tabuchi/shipsimulator'
[0.872s] Level 1:colcon.colcon_core.package_identification:_identify(.) by extensions ['ignore', 'ignore_ament_install']
[0.873s] Level 1:colcon.colcon_core.package_identification:_identify(.) by extension 'ignore'
[0.873s] Level 1:colcon.colcon_core.package_identification:_identify(.) by extension 'ignore_ament_install'
[0.873s] Level 1:colcon.colcon_core.package_identification:_identify(.) by extensions ['colcon_pkg']
[0.873s] Level 1:colcon.colcon_core.package_identification:_identify(.) by extension 'colcon_pkg'
[0.873s] Level 1:colcon.colcon_core.package_identification:_identify(.) by extensions ['colcon_meta']
[0.874s] Level 1:colcon.colcon_core.package_identification:_identify(.) by extension 'colcon_meta'
[0.874s] Level 1:colcon.colcon_core.package_identification:_identify(.) by extensions ['ros']
[0.874s] Level 1:colcon.colcon_core.package_identification:_identify(.) by extension 'ros'
[0.919s] Level 1:colcon.colcon_core.package_identification:_identify(.) by extensions ['cmake', 'python']
[0.919s] Level 1:colcon.colcon_core.package_identification:_identify(.) by extension 'cmake'
[0.920s] Level 1:colcon.colcon_core.package_identification:_identify(.) by extension 'python'
[0.920s] Level 1:colcon.colcon_core.package_identification:_identify(.) by extensions ['python_setup_py']
[0.920s] Level 1:colcon.colcon_core.package_identification:_identify(.) by extension 'python_setup_py'
[0.920s] Level 1:colcon.colcon_core.package_identification:_identify(build) by extensions ['ignore', 'ignore_ament_install']
[0.921s] Level 1:colcon.colcon_core.package_identification:_identify(build) by extension 'ignore'
[0.921s] Level 1:colcon.colcon_core.package_identification:_identify(build) ignored
[0.921s] Level 1:colcon.colcon_core.package_identification:_identify(install) by extensions ['ignore', 'ignore_ament_install']
[0.921s] Level 1:colcon.colcon_core.package_identification:_identify(install) by extension 'ignore'
[0.922s] Level 1:colcon.colcon_core.package_identification:_identify(install) ignored
[0.922s] Level 1:colcon.colcon_core.package_identification:_identify(log) by extensions ['ignore', 'ignore_ament_install']
[0.922s] Level 1:colcon.colcon_core.package_identification:_identify(log) by extension 'ignore'
[0.922s] Level 1:colcon.colcon_core.package_identification:_identify(log) ignored
[0.923s] Level 1:colcon.colcon_core.package_identification:_identify(src) by extensions ['ignore', 'ignore_ament_install']
[0.923s] Level 1:colcon.colcon_core.package_identification:_identify(src) by extension 'ignore'
[0.923s] Level 1:colcon.colcon_core.package_identification:_identify(src) by extension 'ignore_ament_install'
[0.924s] Level 1:colcon.colcon_core.package_identification:_identify(src) by extensions ['colcon_pkg']
[0.924s] Level 1:colcon.colcon_core.package_identification:_identify(src) by extension 'colcon_pkg'
[0.924s] Level 1:colcon.colcon_core.package_identification:_identify(src) by extensions ['colcon_meta']
[0.924s] Level 1:colcon.colcon_core.package_identification:_identify(src) by extension 'colcon_meta'
[0.925s] Level 1:colcon.colcon_core.package_identification:_identify(src) by extensions ['ros']
[0.925s] Level 1:colcon.colcon_core.package_identification:_identify(src) by extension 'ros'
[0.925s] Level 1:colcon.colcon_core.package_identification:_identify(src) by extensions ['cmake', 'python']
[0.925s] Level 1:colcon.colcon_core.package_identification:_identify(src) by extension 'cmake'
[0.925s] Level 1:colcon.colcon_core.package_identification:_identify(src) by extension 'python'
[0.926s] Level 1:colcon.colcon_core.package_identification:_identify(src) by extensions ['python_setup_py']
[0.926s] Level 1:colcon.colcon_core.package_identification:_identify(src) by extension 'python_setup_py'
[0.926s] Level 1:colcon.colcon_core.package_identification:_identify(src/ROS-TCP-Endpoint) by extensions ['ignore', 'ignore_ament_install']
[0.927s] Level 1:colcon.colcon_core.package_identification:_identify(src/ROS-TCP-Endpoint) by extension 'ignore'
[0.927s] Level 1:colcon.colcon_core.package_identification:_identify(src/ROS-TCP-Endpoint) by extension 'ignore_ament_install'
[0.927s] Level 1:colcon.colcon_core.package_identification:_identify(src/ROS-TCP-Endpoint) by extensions ['colcon_pkg']
[0.927s] Level 1:colcon.colcon_core.package_identification:_identify(src/ROS-TCP-Endpoint) by extension 'colcon_pkg'
[0.928s] Level 1:colcon.colcon_core.package_identification:_identify(src/ROS-TCP-Endpoint) by extensions ['colcon_meta']
[0.928s] Level 1:colcon.colcon_core.package_identification:_identify(src/ROS-TCP-Endpoint) by extension 'colcon_meta'
[0.928s] Level 1:colcon.colcon_core.package_identification:_identify(src/ROS-TCP-Endpoint) by extensions ['ros']
[0.928s] Level 1:colcon.colcon_core.package_identification:_identify(src/ROS-TCP-Endpoint) by extension 'ros'
[0.936s] DEBUG:colcon.colcon_core.package_identification:Package 'src/ROS-TCP-Endpoint' with type 'ros.ament_python' and name 'ros_tcp_endpoint'
[0.937s] Level 1:colcon.colcon_core.package_identification:_identify(src/actuator_module) by extensions ['ignore', 'ignore_ament_install']
[0.937s] Level 1:colcon.colcon_core.package_identification:_identify(src/actuator_module) by extension 'ignore'
[0.937s] Level 1:colcon.colcon_core.package_identification:_identify(src/actuator_module) by extension 'ignore_ament_install'
[0.937s] Level 1:colcon.colcon_core.package_identification:_identify(src/actuator_module) by extensions ['colcon_pkg']
[0.938s] Level 1:colcon.colcon_core.package_identification:_identify(src/actuator_module) by extension 'colcon_pkg'
[0.938s] Level 1:colcon.colcon_core.package_identification:_identify(src/actuator_module) by extensions ['colcon_meta']
[0.938s] Level 1:colcon.colcon_core.package_identification:_identify(src/actuator_module) by extension 'colcon_meta'
[0.938s] Level 1:colcon.colcon_core.package_identification:_identify(src/actuator_module) by extensions ['ros']
[0.938s] Level 1:colcon.colcon_core.package_identification:_identify(src/actuator_module) by extension 'ros'
[0.940s] DEBUG:colcon.colcon_core.package_identification:Package 'src/actuator_module' with type 'ros.ament_python' and name 'actuator_module'
[0.941s] Level 1:colcon.colcon_core.package_identification:_identify(src/mmg_module) by extensions ['ignore', 'ignore_ament_install']
[0.942s] Level 1:colcon.colcon_core.package_identification:_identify(src/mmg_module) by extension 'ignore'
[0.942s] Level 1:colcon.colcon_core.package_identification:_identify(src/mmg_module) by extension 'ignore_ament_install'
[0.942s] Level 1:colcon.colcon_core.package_identification:_identify(src/mmg_module) by extensions ['colcon_pkg']
[0.942s] Level 1:colcon.colcon_core.package_identification:_identify(src/mmg_module) by extension 'colcon_pkg'
[0.942s] Level 1:colcon.colcon_core.package_identification:_identify(src/mmg_module) by extensions ['colcon_meta']
[0.943s] Level 1:colcon.colcon_core.package_identification:_identify(src/mmg_module) by extension 'colcon_meta'
[0.943s] Level 1:colcon.colcon_core.package_identification:_identify(src/mmg_module) by extensions ['ros']
[0.943s] Level 1:colcon.colcon_core.package_identification:_identify(src/mmg_module) by extension 'ros'
[0.945s] DEBUG:colcon.colcon_core.package_identification:Package 'src/mmg_module' with type 'ros.ament_python' and name 'mmg_module'
[0.946s] Level 1:colcon.colcon_core.package_identification:_identify(src/sensor_module) by extensions ['ignore', 'ignore_ament_install']
[0.946s] Level 1:colcon.colcon_core.package_identification:_identify(src/sensor_module) by extension 'ignore'
[0.947s] Level 1:colcon.colcon_core.package_identification:_identify(src/sensor_module) by extension 'ignore_ament_install'
[0.947s] Level 1:colcon.colcon_core.package_identification:_identify(src/sensor_module) by extensions ['colcon_pkg']
[0.947s] Level 1:colcon.colcon_core.package_identification:_identify(src/sensor_module) by extension 'colcon_pkg'
[0.947s] Level 1:colcon.colcon_core.package_identification:_identify(src/sensor_module) by extensions ['colcon_meta']
[0.947s] Level 1:colcon.colcon_core.package_identification:_identify(src/sensor_module) by extension 'colcon_meta'
[0.947s] Level 1:colcon.colcon_core.package_identification:_identify(src/sensor_module) by extensions ['ros']
[0.948s] Level 1:colcon.colcon_core.package_identification:_identify(src/sensor_module) by extension 'ros'
[0.949s] DEBUG:colcon.colcon_core.package_identification:Package 'src/sensor_module' with type 'ros.ament_python' and name 'sensor_module'
[0.950s] Level 1:colcon.colcon_core.package_identification:_identify(src/shipsim_msgs_module) by extensions ['ignore', 'ignore_ament_install']
[0.950s] Level 1:colcon.colcon_core.package_identification:_identify(src/shipsim_msgs_module) by extension 'ignore'
[0.950s] Level 1:colcon.colcon_core.package_identification:_identify(src/shipsim_msgs_module) by extension 'ignore_ament_install'
[0.950s] Level 1:colcon.colcon_core.package_identification:_identify(src/shipsim_msgs_module) by extensions ['colcon_pkg']
[0.951s] Level 1:colcon.colcon_core.package_identification:_identify(src/shipsim_msgs_module) by extension 'colcon_pkg'
[0.951s] Level 1:colcon.colcon_core.package_identification:_identify(src/shipsim_msgs_module) by extensions ['colcon_meta']
[0.951s] Level 1:colcon.colcon_core.package_identification:_identify(src/shipsim_msgs_module) by extension 'colcon_meta'
[0.951s] Level 1:colcon.colcon_core.package_identification:_identify(src/shipsim_msgs_module) by extensions ['ros']
[0.951s] Level 1:colcon.colcon_core.package_identification:_identify(src/shipsim_msgs_module) by extension 'ros'
[0.953s] DEBUG:colcon.colcon_core.package_identification:Package 'src/shipsim_msgs_module' with type 'ros.ament_cmake' and name 'shipsim_msgs_module'
[0.953s] Level 1:colcon.colcon_core.package_discovery:discover_packages(recursive) using defaults
[0.953s] Level 1:colcon.colcon_core.package_discovery:discover_packages(ignore) discover
[0.953s] Level 1:colcon.colcon_core.package_discovery:discover_packages(ignore) using defaults
[0.953s] Level 1:colcon.colcon_core.package_discovery:discover_packages(path) discover
[0.953s] Level 1:colcon.colcon_core.package_discovery:discover_packages(path) using defaults
[1.037s] Level 1:colcon.colcon_core.package_discovery:discover_packages(prefix_path) check parameters
[1.038s] Level 1:colcon.colcon_core.package_discovery:discover_packages(prefix_path) discover
[1.049s] DEBUG:colcon.colcon_installed_package_information.package_discovery:Found 276 installed packages in /opt/ros/humble
[1.053s] Level 1:colcon.colcon_core.package_discovery:discover_packages(prefix_path) using defaults
[1.180s] Level 5:colcon.colcon_core.verb:set package 'actuator_module' build argument 'cmake_args' from command line to 'None'
[1.180s] Level 5:colcon.colcon_core.verb:set package 'actuator_module' build argument 'cmake_target' from command line to 'None'
[1.180s] Level 5:colcon.colcon_core.verb:set package 'actuator_module' build argument 'cmake_target_skip_unavailable' from command line to 'False'
[1.180s] Level 5:colcon.colcon_core.verb:set package 'actuator_module' build argument 'cmake_clean_cache' from command line to 'False'
[1.180s] Level 5:colcon.colcon_core.verb:set package 'actuator_module' build argument 'cmake_clean_first' from command line to 'False'
[1.180s] Level 5:colcon.colcon_core.verb:set package 'actuator_module' build argument 'cmake_force_configure' from command line to 'False'
[1.180s] Level 5:colcon.colcon_core.verb:set package 'actuator_module' build argument 'ament_cmake_args' from command line to 'None'
[1.180s] Level 5:colcon.colcon_core.verb:set package 'actuator_module' build argument 'catkin_cmake_args' from command line to 'None'
[1.180s] Level 5:colcon.colcon_core.verb:set package 'actuator_module' build argument 'catkin_skip_building_tests' from command line to 'False'
[1.180s] DEBUG:colcon.colcon_core.verb:Building package 'actuator_module' with the following arguments: {'ament_cmake_args': None, 'build_base': '/home/tabuchi/shipsimulator/build/actuator_module', 'catkin_cmake_args': None, 'catkin_skip_building_tests': False, 'cmake_args': None, 'cmake_clean_cache': False, 'cmake_clean_first': False, 'cmake_force_configure': False, 'cmake_target': None, 'cmake_target_skip_unavailable': False, 'install_base': '/home/tabuchi/shipsimulator/install/actuator_module', 'merge_install': False, 'path': '/home/tabuchi/shipsimulator/src/actuator_module', 'symlink_install': False, 'test_result_base': None}
[1.181s] Level 5:colcon.colcon_core.verb:set package 'mmg_module' build argument 'cmake_args' from command line to 'None'
[1.181s] Level 5:colcon.colcon_core.verb:set package 'mmg_module' build argument 'cmake_target' from command line to 'None'
[1.181s] Level 5:colcon.colcon_core.verb:set package 'mmg_module' build argument 'cmake_target_skip_unavailable' from command line to 'False'
[1.181s] Level 5:colcon.colcon_core.verb:set package 'mmg_module' build argument 'cmake_clean_cache' from command line to 'False'
[1.181s] Level 5:colcon.colcon_core.verb:set package 'mmg_module' build argument 'cmake_clean_first' from command line to 'False'
[1.181s] Level 5:colcon.colcon_core.verb:set package 'mmg_module' build argument 'cmake_force_configure' from command line to 'False'
[1.181s] Level 5:colcon.colcon_core.verb:set package 'mmg_module' build argument 'ament_cmake_args' from command line to 'None'
[1.181s] Level 5:colcon.colcon_core.verb:set package 'mmg_module' build argument 'catkin_cmake_args' from command line to 'None'
[1.181s] Level 5:colcon.colcon_core.verb:set package 'mmg_module' build argument 'catkin_skip_building_tests' from command line to 'False'
[1.181s] DEBUG:colcon.colcon_core.verb:Building package 'mmg_module' with the following arguments: {'ament_cmake_args': None, 'build_base': '/home/tabuchi/shipsimulator/build/mmg_module', 'catkin_cmake_args': None, 'catkin_skip_building_tests': False, 'cmake_args': None, 'cmake_clean_cache': False, 'cmake_clean_first': False, 'cmake_force_configure': False, 'cmake_target': None, 'cmake_target_skip_unavailable': False, 'install_base': '/home/tabuchi/shipsimulator/install/mmg_module', 'merge_install': False, 'path': '/home/tabuchi/shipsimulator/src/mmg_module', 'symlink_install': False, 'test_result_base': None}
[1.182s] Level 5:colcon.colcon_core.verb:set package 'ros_tcp_endpoint' build argument 'cmake_args' from command line to 'None'
[1.182s] Level 5:colcon.colcon_core.verb:set package 'ros_tcp_endpoint' build argument 'cmake_target' from command line to 'None'
[1.182s] Level 5:colcon.colcon_core.verb:set package 'ros_tcp_endpoint' build argument 'cmake_target_skip_unavailable' from command line to 'False'
[1.182s] Level 5:colcon.colcon_core.verb:set package 'ros_tcp_endpoint' build argument 'cmake_clean_cache' from command line to 'False'
[1.182s] Level 5:colcon.colcon_core.verb:set package 'ros_tcp_endpoint' build argument 'cmake_clean_first' from command line to 'False'
[1.182s] Level 5:colcon.colcon_core.verb:set package 'ros_tcp_endpoint' build argument 'cmake_force_configure' from command line to 'False'
[1.182s] Level 5:colcon.colcon_core.verb:set package 'ros_tcp_endpoint' build argument 'ament_cmake_args' from command line to 'None'
[1.182s] Level 5:colcon.colcon_core.verb:set package 'ros_tcp_endpoint' build argument 'catkin_cmake_args' from command line to 'None'
[1.182s] Level 5:colcon.colcon_core.verb:set package 'ros_tcp_endpoint' build argument 'catkin_skip_building_tests' from command line to 'False'
[1.182s] DEBUG:colcon.colcon_core.verb:Building package 'ros_tcp_endpoint' with the following arguments: {'ament_cmake_args': None, 'build_base': '/home/tabuchi/shipsimulator/build/ros_tcp_endpoint', 'catkin_cmake_args': None, 'catkin_skip_building_tests': False, 'cmake_args': None, 'cmake_clean_cache': False, 'cmake_clean_first': False, 'cmake_force_configure': False, 'cmake_target': None, 'cmake_target_skip_unavailable': False, 'install_base': '/home/tabuchi/shipsimulator/install/ros_tcp_endpoint', 'merge_install': False, 'path': '/home/tabuchi/shipsimulator/src/ROS-TCP-Endpoint', 'symlink_install': False, 'test_result_base': None}
[1.183s] Level 5:colcon.colcon_core.verb:set package 'sensor_module' build argument 'cmake_args' from command line to 'None'
[1.183s] Level 5:colcon.colcon_core.verb:set package 'sensor_module' build argument 'cmake_target' from command line to 'None'
[1.183s] Level 5:colcon.colcon_core.verb:set package 'sensor_module' build argument 'cmake_target_skip_unavailable' from command line to 'False'
[1.183s] Level 5:colcon.colcon_core.verb:set package 'sensor_module' build argument 'cmake_clean_cache' from command line to 'False'
[1.183s] Level 5:colcon.colcon_core.verb:set package 'sensor_module' build argument 'cmake_clean_first' from command line to 'False'
[1.183s] Level 5:colcon.colcon_core.verb:set package 'sensor_module' build argument 'cmake_force_configure' from command line to 'False'
[1.183s] Level 5:colcon.colcon_core.verb:set package 'sensor_module' build argument 'ament_cmake_args' from command line to 'None'
[1.183s] Level 5:colcon.colcon_core.verb:set package 'sensor_module' build argument 'catkin_cmake_args' from command line to 'None'
[1.183s] Level 5:colcon.colcon_core.verb:set package 'sensor_module' build argument 'catkin_skip_building_tests' from command line to 'False'
[1.183s] DEBUG:colcon.colcon_core.verb:Building package 'sensor_module' with the following arguments: {'ament_cmake_args': None, 'build_base': '/home/tabuchi/shipsimulator/build/sensor_module', 'catkin_cmake_args': None, 'catkin_skip_building_tests': False, 'cmake_args': None, 'cmake_clean_cache': False, 'cmake_clean_first': False, 'cmake_force_configure': False, 'cmake_target': None, 'cmake_target_skip_unavailable': False, 'install_base': '/home/tabuchi/shipsimulator/install/sensor_module', 'merge_install': False, 'path': '/home/tabuchi/shipsimulator/src/sensor_module', 'symlink_install': False, 'test_result_base': None}
[1.184s] Level 5:colcon.colcon_core.verb:set package 'shipsim_msgs_module' build argument 'cmake_args' from command line to 'None'
[1.184s] Level 5:colcon.colcon_core.verb:set package 'shipsim_msgs_module' build argument 'cmake_target' from command line to 'None'
[1.184s] Level 5:colcon.colcon_core.verb:set package 'shipsim_msgs_module' build argument 'cmake_target_skip_unavailable' from command line to 'False'
[1.184s] Level 5:colcon.colcon_core.verb:set package 'shipsim_msgs_module' build argument 'cmake_clean_cache' from command line to 'False'
[1.184s] Level 5:colcon.colcon_core.verb:set package 'shipsim_msgs_module' build argument 'cmake_clean_first' from command line to 'False'
[1.184s] Level 5:colcon.colcon_core.verb:set package 'shipsim_msgs_module' build argument 'cmake_force_configure' from command line to 'False'
[1.184s] Level 5:colcon.colcon_core.verb:set package 'shipsim_msgs_module' build argument 'ament_cmake_args' from command line to 'None'
[1.184s] Level 5:colcon.colcon_core.verb:set package 'shipsim_msgs_module' build argument 'catkin_cmake_args' from command line to 'None'
[1.184s] Level 5:colcon.colcon_core.verb:set package 'shipsim_msgs_module' build argument 'catkin_skip_building_tests' from command line to 'False'
[1.184s] DEBUG:colcon.colcon_core.verb:Building package 'shipsim_msgs_module' with the following arguments: {'ament_cmake_args': None, 'build_base': '/home/tabuchi/shipsimulator/build/shipsim_msgs_module', 'catkin_cmake_args': None, 'catkin_skip_building_tests': False, 'cmake_args': None, 'cmake_clean_cache': False, 'cmake_clean_first': False, 'cmake_force_configure': False, 'cmake_target': None, 'cmake_target_skip_unavailable': False, 'install_base': '/home/tabuchi/shipsimulator/install/shipsim_msgs_module', 'merge_install': False, 'path': '/home/tabuchi/shipsimulator/src/shipsim_msgs_module', 'symlink_install': False, 'test_result_base': None}
[1.185s] INFO:colcon.colcon_core.executor:Executing jobs using 'parallel' executor
[1.187s] DEBUG:colcon.colcon_parallel_executor.executor.parallel:run_until_complete
[1.188s] INFO:colcon.colcon_ros.task.ament_python.build:Building ROS package in '/home/tabuchi/shipsimulator/src/actuator_module' with build type 'ament_python'
[1.188s] Level 1:colcon.colcon_core.shell:create_environment_hook('actuator_module', 'ament_prefix_path')
[1.194s] INFO:colcon.colcon_core.plugin_system:Skipping extension 'colcon_core.shell.bat': Not used on non-Windows systems
[1.194s] INFO:colcon.colcon_core.shell:Creating environment hook '/home/tabuchi/shipsimulator/install/actuator_module/share/actuator_module/hook/ament_prefix_path.ps1'
[1.195s] INFO:colcon.colcon_core.shell:Creating environment descriptor '/home/tabuchi/shipsimulator/install/actuator_module/share/actuator_module/hook/ament_prefix_path.dsv'
[1.196s] INFO:colcon.colcon_core.shell:Creating environment hook '/home/tabuchi/shipsimulator/install/actuator_module/share/actuator_module/hook/ament_prefix_path.sh'
[1.198s] INFO:colcon.colcon_core.shell:Skip shell extension 'powershell' for command environment: Not usable outside of PowerShell
[1.198s] DEBUG:colcon.colcon_core.shell:Skip shell extension 'dsv' for command environment
[1.201s] INFO:colcon.colcon_ros.task.ament_python.build:Building ROS package in '/home/tabuchi/shipsimulator/src/mmg_module' with build type 'ament_python'
[1.201s] Level 1:colcon.colcon_core.shell:create_environment_hook('mmg_module', 'ament_prefix_path')
[1.202s] INFO:colcon.colcon_core.shell:Creating environment hook '/home/tabuchi/shipsimulator/install/mmg_module/share/mmg_module/hook/ament_prefix_path.ps1'
[1.203s] INFO:colcon.colcon_core.shell:Creating environment descriptor '/home/tabuchi/shipsimulator/install/mmg_module/share/mmg_module/hook/ament_prefix_path.dsv'
[1.204s] INFO:colcon.colcon_core.shell:Creating environment hook '/home/tabuchi/shipsimulator/install/mmg_module/share/mmg_module/hook/ament_prefix_path.sh'
[1.205s] INFO:colcon.colcon_core.shell:Skip shell extension 'powershell' for command environment: Not usable outside of PowerShell
[1.205s] DEBUG:colcon.colcon_core.shell:Skip shell extension 'dsv' for command environment
[1.207s] INFO:colcon.colcon_ros.task.ament_python.build:Building ROS package in '/home/tabuchi/shipsimulator/src/ROS-TCP-Endpoint' with build type 'ament_python'
[1.207s] Level 1:colcon.colcon_core.shell:create_environment_hook('ros_tcp_endpoint', 'ament_prefix_path')
[1.208s] INFO:colcon.colcon_core.shell:Creating environment hook '/home/tabuchi/shipsimulator/install/ros_tcp_endpoint/share/ros_tcp_endpoint/hook/ament_prefix_path.ps1'
[1.210s] INFO:colcon.colcon_core.shell:Creating environment descriptor '/home/tabuchi/shipsimulator/install/ros_tcp_endpoint/share/ros_tcp_endpoint/hook/ament_prefix_path.dsv'
[1.210s] INFO:colcon.colcon_core.shell:Creating environment hook '/home/tabuchi/shipsimulator/install/ros_tcp_endpoint/share/ros_tcp_endpoint/hook/ament_prefix_path.sh'
[1.212s] INFO:colcon.colcon_core.shell:Skip shell extension 'powershell' for command environment: Not usable outside of PowerShell
[1.212s] DEBUG:colcon.colcon_core.shell:Skip shell extension 'dsv' for command environment
[1.215s] INFO:colcon.colcon_ros.task.ament_python.build:Building ROS package in '/home/tabuchi/shipsimulator/src/sensor_module' with build type 'ament_python'
[1.215s] Level 1:colcon.colcon_core.shell:create_environment_hook('sensor_module', 'ament_prefix_path')
[1.217s] INFO:colcon.colcon_core.shell:Creating environment hook '/home/tabuchi/shipsimulator/install/sensor_module/share/sensor_module/hook/ament_prefix_path.ps1'
[1.219s] INFO:colcon.colcon_core.shell:Creating environment descriptor '/home/tabuchi/shipsimulator/install/sensor_module/share/sensor_module/hook/ament_prefix_path.dsv'
[1.219s] INFO:colcon.colcon_core.shell:Creating environment hook '/home/tabuchi/shipsimulator/install/sensor_module/share/sensor_module/hook/ament_prefix_path.sh'
[1.221s] INFO:colcon.colcon_core.shell:Skip shell extension 'powershell' for command environment: Not usable outside of PowerShell
[1.221s] DEBUG:colcon.colcon_core.shell:Skip shell extension 'dsv' for command environment
[1.224s] INFO:colcon.colcon_ros.task.ament_cmake.build:Building ROS package in '/home/tabuchi/shipsimulator/src/shipsim_msgs_module' with build type 'ament_cmake'
[1.224s] INFO:colcon.colcon_cmake.task.cmake.build:Building CMake package in '/home/tabuchi/shipsimulator/src/shipsim_msgs_module'
[1.226s] INFO:colcon.colcon_core.shell:Skip shell extension 'powershell' for command environment: Not usable outside of PowerShell
[1.227s] DEBUG:colcon.colcon_core.shell:Skip shell extension 'dsv' for command environment
[1.512s] INFO:colcon.colcon_core.task.python.build:Building Python package in '/home/tabuchi/shipsimulator/src/actuator_module'
[1.513s] INFO:colcon.colcon_core.shell:Skip shell extension 'powershell' for command environment: Not usable outside of PowerShell
[1.513s] DEBUG:colcon.colcon_core.shell:Skip shell extension 'dsv' for command environment
[1.971s] INFO:colcon.colcon_core.task.python.build:Building Python package in '/home/tabuchi/shipsimulator/src/mmg_module'
[1.975s] INFO:colcon.colcon_core.shell:Skip shell extension 'powershell' for command environment: Not usable outside of PowerShell
[1.975s] DEBUG:colcon.colcon_core.shell:Skip shell extension 'dsv' for command environment
[2.347s] INFO:colcon.colcon_core.task.python.build:Building Python package in '/home/tabuchi/shipsimulator/src/ROS-TCP-Endpoint'
[2.349s] INFO:colcon.colcon_core.shell:Skip shell extension 'powershell' for command environment: Not usable outside of PowerShell
[2.349s] DEBUG:colcon.colcon_core.shell:Skip shell extension 'dsv' for command environment
[2.841s] INFO:colcon.colcon_core.task.python.build:Building Python package in '/home/tabuchi/shipsimulator/src/sensor_module'
[2.846s] INFO:colcon.colcon_core.shell:Skip shell extension 'powershell' for command environment: Not usable outside of PowerShell
[2.846s] DEBUG:colcon.colcon_core.shell:Skip shell extension 'dsv' for command environment
[2.872s] DEBUG:colcon.colcon_core.event_handler.log_command:Invoking command in '/home/tabuchi/shipsimulator/build/shipsim_msgs_module': CMAKE_PREFIX_PATH=/opt/ros/humble /usr/bin/cmake --build /home/tabuchi/shipsimulator/build/shipsim_msgs_module -- -j12 -l12
[3.479s] DEBUG:colcon.colcon_core.event_handler.log_command:Invoking command in '/home/tabuchi/shipsimulator/src/mmg_module': PYTHONPATH=/home/tabuchi/shipsimulator/build/mmg_module/prefix_override:/home/tabuchi/shipsimulator/install/mmg_module/lib/python3.10/site-packages:${PYTHONPATH} /usr/bin/python3 setup.py egg_info --egg-base ../../build/mmg_module build --build-base /home/tabuchi/shipsimulator/build/mmg_module/build install --record /home/tabuchi/shipsimulator/build/mmg_module/install.log --single-version-externally-managed
[3.481s] DEBUG:colcon.colcon_core.event_handler.log_command:Invoking command in '/home/tabuchi/shipsimulator/src/ROS-TCP-Endpoint': PYTHONPATH=/home/tabuchi/shipsimulator/build/ros_tcp_endpoint/prefix_override:/home/tabuchi/shipsimulator/install/ros_tcp_endpoint/lib/python3.10/site-packages:${PYTHONPATH} /usr/bin/python3 setup.py egg_info --egg-base ../../build/ros_tcp_endpoint build --build-base /home/tabuchi/shipsimulator/build/ros_tcp_endpoint/build install --record /home/tabuchi/shipsimulator/build/ros_tcp_endpoint/install.log --install-scripts $base/lib/ros_tcp_endpoint --single-version-externally-managed
[3.485s] DEBUG:colcon.colcon_core.event_handler.log_command:Invoking command in '/home/tabuchi/shipsimulator/src/actuator_module': PYTHONPATH=/home/tabuchi/shipsimulator/build/actuator_module/prefix_override:/home/tabuchi/shipsimulator/install/actuator_module/lib/python3.10/site-packages:${PYTHONPATH} /usr/bin/python3 setup.py egg_info --egg-base ../../build/actuator_module build --build-base /home/tabuchi/shipsimulator/build/actuator_module/build install --record /home/tabuchi/shipsimulator/build/actuator_module/install.log --single-version-externally-managed
[3.590s] DEBUG:colcon.colcon_core.event_handler.log_command:Invoking command in '/home/tabuchi/shipsimulator/src/sensor_module': PYTHONPATH=/home/tabuchi/shipsimulator/build/sensor_module/prefix_override:/home/tabuchi/shipsimulator/install/sensor_module/lib/python3.10/site-packages:${PYTHONPATH} /usr/bin/python3 setup.py egg_info --egg-base ../../build/sensor_module build --build-base /home/tabuchi/shipsimulator/build/sensor_module/build install --record /home/tabuchi/shipsimulator/build/sensor_module/install.log --single-version-externally-managed
[3.629s] DEBUG:colcon.colcon_core.event_handler.log_command:Invoked command in '/home/tabuchi/shipsimulator/build/shipsim_msgs_module' returned '0': CMAKE_PREFIX_PATH=/opt/ros/humble /usr/bin/cmake --build /home/tabuchi/shipsimulator/build/shipsim_msgs_module -- -j12 -l12
[3.684s] DEBUG:colcon.colcon_core.event_handler.log_command:Invoking command in '/home/tabuchi/shipsimulator/build/shipsim_msgs_module': CMAKE_PREFIX_PATH=/opt/ros/humble /usr/bin/cmake --install /home/tabuchi/shipsimulator/build/shipsim_msgs_module
[3.754s] Level 1:colcon.colcon_core.environment:create_environment_scripts_only(shipsim_msgs_module)
[3.755s] DEBUG:colcon.colcon_core.event_handler.log_command:Invoked command in '/home/tabuchi/shipsimulator/build/shipsim_msgs_module' returned '0': CMAKE_PREFIX_PATH=/opt/ros/humble /usr/bin/cmake --install /home/tabuchi/shipsimulator/build/shipsim_msgs_module
[3.762s] Level 1:colcon.colcon_core.environment:checking '/home/tabuchi/shipsimulator/install/shipsim_msgs_module' for CMake module files
[3.763s] Level 1:colcon.colcon_core.environment:checking '/home/tabuchi/shipsimulator/install/shipsim_msgs_module' for CMake config files
[3.764s] Level 1:colcon.colcon_core.shell:create_environment_hook('shipsim_msgs_module', 'cmake_prefix_path')
[3.765s] INFO:colcon.colcon_core.shell:Creating environment hook '/home/tabuchi/shipsimulator/install/shipsim_msgs_module/share/shipsim_msgs_module/hook/cmake_prefix_path.ps1'
[3.766s] INFO:colcon.colcon_core.shell:Creating environment descriptor '/home/tabuchi/shipsimulator/install/shipsim_msgs_module/share/shipsim_msgs_module/hook/cmake_prefix_path.dsv'
[3.766s] INFO:colcon.colcon_core.shell:Creating environment hook '/home/tabuchi/shipsimulator/install/shipsim_msgs_module/share/shipsim_msgs_module/hook/cmake_prefix_path.sh'
[3.767s] Level 1:colcon.colcon_core.environment:checking '/home/tabuchi/shipsimulator/install/shipsim_msgs_module/lib'
[3.768s] Level 1:colcon.colcon_core.shell:create_environment_hook('shipsim_msgs_module', 'ld_library_path_lib')
[3.770s] INFO:colcon.colcon_core.shell:Creating environment hook '/home/tabuchi/shipsimulator/install/shipsim_msgs_module/share/shipsim_msgs_module/hook/ld_library_path_lib.ps1'
[3.771s] INFO:colcon.colcon_core.shell:Creating environment descriptor '/home/tabuchi/shipsimulator/install/shipsim_msgs_module/share/shipsim_msgs_module/hook/ld_library_path_lib.dsv'
[3.772s] INFO:colcon.colcon_core.shell:Creating environment hook '/home/tabuchi/shipsimulator/install/shipsim_msgs_module/share/shipsim_msgs_module/hook/ld_library_path_lib.sh'
[3.773s] Level 1:colcon.colcon_core.environment:checking '/home/tabuchi/shipsimulator/install/shipsim_msgs_module/bin'
[3.773s] Level 1:colcon.colcon_core.environment:checking '/home/tabuchi/shipsimulator/install/shipsim_msgs_module/lib/pkgconfig/shipsim_msgs_module.pc'
[3.773s] Level 1:colcon.colcon_core.environment:checking '/home/tabuchi/shipsimulator/install/shipsim_msgs_module/lib/python3.10/site-packages'
[3.773s] Level 1:colcon.colcon_core.shell:create_environment_hook('shipsim_msgs_module', 'pythonpath')
[3.775s] INFO:colcon.colcon_core.shell:Creating environment hook '/home/tabuchi/shipsimulator/install/shipsim_msgs_module/share/shipsim_msgs_module/hook/pythonpath.ps1'
[3.776s] INFO:colcon.colcon_core.shell:Creating environment descriptor '/home/tabuchi/shipsimulator/install/shipsim_msgs_module/share/shipsim_msgs_module/hook/pythonpath.dsv'
[3.779s] INFO:colcon.colcon_core.shell:Creating environment hook '/home/tabuchi/shipsimulator/install/shipsim_msgs_module/share/shipsim_msgs_module/hook/pythonpath.sh'
[3.780s] Level 1:colcon.colcon_core.environment:checking '/home/tabuchi/shipsimulator/install/shipsim_msgs_module/bin'
[3.782s] INFO:colcon.colcon_core.shell:Creating package script '/home/tabuchi/shipsimulator/install/shipsim_msgs_module/share/shipsim_msgs_module/package.ps1'
[3.785s] INFO:colcon.colcon_core.shell:Creating package descriptor '/home/tabuchi/shipsimulator/install/shipsim_msgs_module/share/shipsim_msgs_module/package.dsv'
[3.787s] INFO:colcon.colcon_core.shell:Creating package script '/home/tabuchi/shipsimulator/install/shipsim_msgs_module/share/shipsim_msgs_module/package.sh'
[3.789s] INFO:colcon.colcon_core.shell:Creating package script '/home/tabuchi/shipsimulator/install/shipsim_msgs_module/share/shipsim_msgs_module/package.bash'
[3.790s] INFO:colcon.colcon_core.shell:Creating package script '/home/tabuchi/shipsimulator/install/shipsim_msgs_module/share/shipsim_msgs_module/package.zsh'
[3.791s] Level 1:colcon.colcon_core.environment:create_file_with_runtime_dependencies(/home/tabuchi/shipsimulator/install/shipsim_msgs_module/share/colcon-core/packages/shipsim_msgs_module)
[3.849s] Level 1:colcon.colcon_core.environment:checking '/home/tabuchi/shipsimulator/install/actuator_module' for CMake module files
[3.850s] DEBUG:colcon.colcon_core.event_handler.log_command:Invoked command in '/home/tabuchi/shipsimulator/src/actuator_module' returned '0': PYTHONPATH=/home/tabuchi/shipsimulator/build/actuator_module/prefix_override:/home/tabuchi/shipsimulator/install/actuator_module/lib/python3.10/site-packages:${PYTHONPATH} /usr/bin/python3 setup.py egg_info --egg-base ../../build/actuator_module build --build-base /home/tabuchi/shipsimulator/build/actuator_module/build install --record /home/tabuchi/shipsimulator/build/actuator_module/install.log --single-version-externally-managed
[3.851s] Level 1:colcon.colcon_core.environment:checking '/home/tabuchi/shipsimulator/install/actuator_module' for CMake config files
[3.851s] Level 1:colcon.colcon_core.environment:checking '/home/tabuchi/shipsimulator/install/actuator_module/lib'
[3.851s] Level 1:colcon.colcon_core.environment:checking '/home/tabuchi/shipsimulator/install/actuator_module/bin'
[3.852s] Level 1:colcon.colcon_core.environment:checking '/home/tabuchi/shipsimulator/install/actuator_module/lib/pkgconfig/actuator_module.pc'
[3.852s] Level 1:colcon.colcon_core.environment:checking '/home/tabuchi/shipsimulator/install/actuator_module/lib/python3.10/site-packages'
[3.852s] Level 1:colcon.colcon_core.shell:create_environment_hook('actuator_module', 'pythonpath')
[3.854s] INFO:colcon.colcon_core.shell:Creating environment hook '/home/tabuchi/shipsimulator/install/actuator_module/share/actuator_module/hook/pythonpath.ps1'
[3.854s] INFO:colcon.colcon_core.shell:Creating environment descriptor '/home/tabuchi/shipsimulator/install/actuator_module/share/actuator_module/hook/pythonpath.dsv'
[3.855s] INFO:colcon.colcon_core.shell:Creating environment hook '/home/tabuchi/shipsimulator/install/actuator_module/share/actuator_module/hook/pythonpath.sh'
[3.855s] Level 1:colcon.colcon_core.environment:checking '/home/tabuchi/shipsimulator/install/actuator_module/bin'
[3.855s] Level 1:colcon.colcon_core.environment:create_environment_scripts_only(actuator_module)
[3.857s] INFO:colcon.colcon_core.shell:Creating package script '/home/tabuchi/shipsimulator/install/actuator_module/share/actuator_module/package.ps1'
[3.858s] INFO:colcon.colcon_core.shell:Creating package descriptor '/home/tabuchi/shipsimulator/install/actuator_module/share/actuator_module/package.dsv'
[3.858s] INFO:colcon.colcon_core.shell:Creating package script '/home/tabuchi/shipsimulator/install/actuator_module/share/actuator_module/package.sh'
[3.858s] INFO:colcon.colcon_core.shell:Creating package script '/home/tabuchi/shipsimulator/install/actuator_module/share/actuator_module/package.bash'
[3.859s] INFO:colcon.colcon_core.shell:Creating package script '/home/tabuchi/shipsimulator/install/actuator_module/share/actuator_module/package.zsh'
[3.859s] Level 1:colcon.colcon_core.environment:create_file_with_runtime_dependencies(/home/tabuchi/shipsimulator/install/actuator_module/share/colcon-core/packages/actuator_module)
[3.862s] Level 1:colcon.colcon_core.environment:create_environment_scripts_only(shipsim_msgs_module)
[3.864s] Level 1:colcon.colcon_core.environment:checking '/home/tabuchi/shipsimulator/install/shipsim_msgs_module' for CMake module files
[3.865s] Level 1:colcon.colcon_core.environment:checking '/home/tabuchi/shipsimulator/install/shipsim_msgs_module' for CMake config files
[3.866s] Level 1:colcon.colcon_core.shell:create_environment_hook('shipsim_msgs_module', 'cmake_prefix_path')
[3.867s] INFO:colcon.colcon_core.shell:Creating environment hook '/home/tabuchi/shipsimulator/install/shipsim_msgs_module/share/shipsim_msgs_module/hook/cmake_prefix_path.ps1'
[3.868s] INFO:colcon.colcon_core.shell:Creating environment descriptor '/home/tabuchi/shipsimulator/install/shipsim_msgs_module/share/shipsim_msgs_module/hook/cmake_prefix_path.dsv'
[3.868s] INFO:colcon.colcon_core.shell:Creating environment hook '/home/tabuchi/shipsimulator/install/shipsim_msgs_module/share/shipsim_msgs_module/hook/cmake_prefix_path.sh'
[3.869s] Level 1:colcon.colcon_core.environment:checking '/home/tabuchi/shipsimulator/install/shipsim_msgs_module/lib'
[3.869s] Level 1:colcon.colcon_core.shell:create_environment_hook('shipsim_msgs_module', 'ld_library_path_lib')
[3.870s] INFO:colcon.colcon_core.shell:Creating environment hook '/home/tabuchi/shipsimulator/install/shipsim_msgs_module/share/shipsim_msgs_module/hook/ld_library_path_lib.ps1'
[3.871s] INFO:colcon.colcon_core.shell:Creating environment descriptor '/home/tabuchi/shipsimulator/install/shipsim_msgs_module/share/shipsim_msgs_module/hook/ld_library_path_lib.dsv'
[3.871s] INFO:colcon.colcon_core.shell:Creating environment hook '/home/tabuchi/shipsimulator/install/shipsim_msgs_module/share/shipsim_msgs_module/hook/ld_library_path_lib.sh'
[3.872s] Level 1:colcon.colcon_core.environment:checking '/home/tabuchi/shipsimulator/install/shipsim_msgs_module/bin'
[3.872s] Level 1:colcon.colcon_core.environment:checking '/home/tabuchi/shipsimulator/install/shipsim_msgs_module/lib/pkgconfig/shipsim_msgs_module.pc'
[3.872s] Level 1:colcon.colcon_core.environment:checking '/home/tabuchi/shipsimulator/install/shipsim_msgs_module/lib/python3.10/site-packages'
[3.872s] Level 1:colcon.colcon_core.shell:create_environment_hook('shipsim_msgs_module', 'pythonpath')
[3.873s] INFO:colcon.colcon_core.shell:Creating environment hook '/home/tabuchi/shipsimulator/install/shipsim_msgs_module/share/shipsim_msgs_module/hook/pythonpath.ps1'
[3.873s] INFO:colcon.colcon_core.shell:Creating environment descriptor '/home/tabuchi/shipsimulator/install/shipsim_msgs_module/share/shipsim_msgs_module/hook/pythonpath.dsv'
[3.874s] INFO:colcon.colcon_core.shell:Creating environment hook '/home/tabuchi/shipsimulator/install/shipsim_msgs_module/share/shipsim_msgs_module/hook/pythonpath.sh'
[3.874s] Level 1:colcon.colcon_core.environment:checking '/home/tabuchi/shipsimulator/install/shipsim_msgs_module/bin'
[3.875s] INFO:colcon.colcon_core.shell:Creating package script '/home/tabuchi/shipsimulator/install/shipsim_msgs_module/share/shipsim_msgs_module/package.ps1'
[3.876s] INFO:colcon.colcon_core.shell:Creating package descriptor '/home/tabuchi/shipsimulator/install/shipsim_msgs_module/share/shipsim_msgs_module/package.dsv'
[3.876s] INFO:colcon.colcon_core.shell:Creating package script '/home/tabuchi/shipsimulator/install/shipsim_msgs_module/share/shipsim_msgs_module/package.sh'
[3.877s] INFO:colcon.colcon_core.shell:Creating package script '/home/tabuchi/shipsimulator/install/shipsim_msgs_module/share/shipsim_msgs_module/package.bash'
[3.877s] INFO:colcon.colcon_core.shell:Creating package script '/home/tabuchi/shipsimulator/install/shipsim_msgs_module/share/shipsim_msgs_module/package.zsh'
[3.877s] Level 1:colcon.colcon_core.environment:create_file_with_runtime_dependencies(/home/tabuchi/shipsimulator/install/shipsim_msgs_module/share/colcon-core/packages/shipsim_msgs_module)
[3.880s] Level 1:colcon.colcon_core.environment:checking '/home/tabuchi/shipsimulator/install/ros_tcp_endpoint' for CMake module files
[3.881s] DEBUG:colcon.colcon_core.event_handler.log_command:Invoked command in '/home/tabuchi/shipsimulator/src/ROS-TCP-Endpoint' returned '0': PYTHONPATH=/home/tabuchi/shipsimulator/build/ros_tcp_endpoint/prefix_override:/home/tabuchi/shipsimulator/install/ros_tcp_endpoint/lib/python3.10/site-packages:${PYTHONPATH} /usr/bin/python3 setup.py egg_info --egg-base ../../build/ros_tcp_endpoint build --build-base /home/tabuchi/shipsimulator/build/ros_tcp_endpoint/build install --record /home/tabuchi/shipsimulator/build/ros_tcp_endpoint/install.log --install-scripts $base/lib/ros_tcp_endpoint --single-version-externally-managed
[3.881s] Level 1:colcon.colcon_core.environment:checking '/home/tabuchi/shipsimulator/install/ros_tcp_endpoint' for CMake config files
[3.882s] Level 1:colcon.colcon_core.environment:checking '/home/tabuchi/shipsimulator/install/ros_tcp_endpoint/lib'
[3.882s] Level 1:colcon.colcon_core.environment:checking '/home/tabuchi/shipsimulator/install/ros_tcp_endpoint/bin'
[3.882s] Level 1:colcon.colcon_core.environment:checking '/home/tabuchi/shipsimulator/install/ros_tcp_endpoint/lib/pkgconfig/ros_tcp_endpoint.pc'
[3.883s] Level 1:colcon.colcon_core.environment:checking '/home/tabuchi/shipsimulator/install/ros_tcp_endpoint/lib/python3.10/site-packages'
[3.883s] Level 1:colcon.colcon_core.shell:create_environment_hook('ros_tcp_endpoint', 'pythonpath')
[3.884s] INFO:colcon.colcon_core.shell:Creating environment hook '/home/tabuchi/shipsimulator/install/ros_tcp_endpoint/share/ros_tcp_endpoint/hook/pythonpath.ps1'
[3.884s] INFO:colcon.colcon_core.shell:Creating environment descriptor '/home/tabuchi/shipsimulator/install/ros_tcp_endpoint/share/ros_tcp_endpoint/hook/pythonpath.dsv'
[3.885s] INFO:colcon.colcon_core.shell:Creating environment hook '/home/tabuchi/shipsimulator/install/ros_tcp_endpoint/share/ros_tcp_endpoint/hook/pythonpath.sh'
[3.885s] Level 1:colcon.colcon_core.environment:checking '/home/tabuchi/shipsimulator/install/ros_tcp_endpoint/bin'
[3.885s] Level 1:colcon.colcon_core.environment:create_environment_scripts_only(ros_tcp_endpoint)
[3.887s] INFO:colcon.colcon_core.shell:Creating package script '/home/tabuchi/shipsimulator/install/ros_tcp_endpoint/share/ros_tcp_endpoint/package.ps1'
[3.889s] INFO:colcon.colcon_core.shell:Creating package descriptor '/home/tabuchi/shipsimulator/install/ros_tcp_endpoint/share/ros_tcp_endpoint/package.dsv'
[3.889s] INFO:colcon.colcon_core.shell:Creating package script '/home/tabuchi/shipsimulator/install/ros_tcp_endpoint/share/ros_tcp_endpoint/package.sh'
[3.890s] INFO:colcon.colcon_core.shell:Creating package script '/home/tabuchi/shipsimulator/install/ros_tcp_endpoint/share/ros_tcp_endpoint/package.bash'
[3.890s] INFO:colcon.colcon_core.shell:Creating package script '/home/tabuchi/shipsimulator/install/ros_tcp_endpoint/share/ros_tcp_endpoint/package.zsh'
[3.891s] Level 1:colcon.colcon_core.environment:create_file_with_runtime_dependencies(/home/tabuchi/shipsimulator/install/ros_tcp_endpoint/share/colcon-core/packages/ros_tcp_endpoint)
[3.893s] Level 1:colcon.colcon_core.environment:checking '/home/tabuchi/shipsimulator/install/mmg_module' for CMake module files
[3.894s] DEBUG:colcon.colcon_core.event_handler.log_command:Invoked command in '/home/tabuchi/shipsimulator/src/mmg_module' returned '0': PYTHONPATH=/home/tabuchi/shipsimulator/build/mmg_module/prefix_override:/home/tabuchi/shipsimulator/install/mmg_module/lib/python3.10/site-packages:${PYTHONPATH} /usr/bin/python3 setup.py egg_info --egg-base ../../build/mmg_module build --build-base /home/tabuchi/shipsimulator/build/mmg_module/build install --record /home/tabuchi/shipsimulator/build/mmg_module/install.log --single-version-externally-managed
[3.895s] Level 1:colcon.colcon_core.environment:checking '/home/tabuchi/shipsimulator/install/mmg_module' for CMake config files
[3.896s] Level 1:colcon.colcon_core.environment:checking '/home/tabuchi/shipsimulator/install/mmg_module/lib'
[3.896s] Level 1:colcon.colcon_core.environment:checking '/home/tabuchi/shipsimulator/install/mmg_module/bin'
[3.897s] Level 1:colcon.colcon_core.environment:checking '/home/tabuchi/shipsimulator/install/mmg_module/lib/pkgconfig/mmg_module.pc'
[3.897s] Level 1:colcon.colcon_core.environment:checking '/home/tabuchi/shipsimulator/install/mmg_module/lib/python3.10/site-packages'
[3.897s] Level 1:colcon.colcon_core.shell:create_environment_hook('mmg_module', 'pythonpath')
[3.899s] INFO:colcon.colcon_core.shell:Creating environment hook '/home/tabuchi/shipsimulator/install/mmg_module/share/mmg_module/hook/pythonpath.ps1'
[3.900s] INFO:colcon.colcon_core.shell:Creating environment descriptor '/home/tabuchi/shipsimulator/install/mmg_module/share/mmg_module/hook/pythonpath.dsv'
[3.900s] INFO:colcon.colcon_core.shell:Creating environment hook '/home/tabuchi/shipsimulator/install/mmg_module/share/mmg_module/hook/pythonpath.sh'
[3.901s] Level 1:colcon.colcon_core.environment:checking '/home/tabuchi/shipsimulator/install/mmg_module/bin'
[3.901s] Level 1:colcon.colcon_core.environment:create_environment_scripts_only(mmg_module)
[3.902s] INFO:colcon.colcon_core.shell:Creating package script '/home/tabuchi/shipsimulator/install/mmg_module/share/mmg_module/package.ps1'
[3.903s] INFO:colcon.colcon_core.shell:Creating package descriptor '/home/tabuchi/shipsimulator/install/mmg_module/share/mmg_module/package.dsv'
[3.903s] INFO:colcon.colcon_core.shell:Creating package script '/home/tabuchi/shipsimulator/install/mmg_module/share/mmg_module/package.sh'
[3.904s] INFO:colcon.colcon_core.shell:Creating package script '/home/tabuchi/shipsimulator/install/mmg_module/share/mmg_module/package.bash'
[3.904s] INFO:colcon.colcon_core.shell:Creating package script '/home/tabuchi/shipsimulator/install/mmg_module/share/mmg_module/package.zsh'
[3.904s] Level 1:colcon.colcon_core.environment:create_file_with_runtime_dependencies(/home/tabuchi/shipsimulator/install/mmg_module/share/colcon-core/packages/mmg_module)
[3.942s] Level 1:colcon.colcon_core.environment:checking '/home/tabuchi/shipsimulator/install/sensor_module' for CMake module files
[3.942s] DEBUG:colcon.colcon_core.event_handler.log_command:Invoked command in '/home/tabuchi/shipsimulator/src/sensor_module' returned '0': PYTHONPATH=/home/tabuchi/shipsimulator/build/sensor_module/prefix_override:/home/tabuchi/shipsimulator/install/sensor_module/lib/python3.10/site-packages:${PYTHONPATH} /usr/bin/python3 setup.py egg_info --egg-base ../../build/sensor_module build --build-base /home/tabuchi/shipsimulator/build/sensor_module/build install --record /home/tabuchi/shipsimulator/build/sensor_module/install.log --single-version-externally-managed
[3.942s] Level 1:colcon.colcon_core.environment:checking '/home/tabuchi/shipsimulator/install/sensor_module' for CMake config files
[3.943s] Level 1:colcon.colcon_core.environment:checking '/home/tabuchi/shipsimulator/install/sensor_module/lib'
[3.943s] Level 1:colcon.colcon_core.environment:checking '/home/tabuchi/shipsimulator/install/sensor_module/bin'
[3.943s] Level 1:colcon.colcon_core.environment:checking '/home/tabuchi/shipsimulator/install/sensor_module/lib/pkgconfig/sensor_module.pc'
[3.943s] Level 1:colcon.colcon_core.environment:checking '/home/tabuchi/shipsimulator/install/sensor_module/lib/python3.10/site-packages'
[3.943s] Level 1:colcon.colcon_core.shell:create_environment_hook('sensor_module', 'pythonpath')
[3.945s] INFO:colcon.colcon_core.shell:Creating environment hook '/home/tabuchi/shipsimulator/install/sensor_module/share/sensor_module/hook/pythonpath.ps1'
[3.945s] INFO:colcon.colcon_core.shell:Creating environment descriptor '/home/tabuchi/shipsimulator/install/sensor_module/share/sensor_module/hook/pythonpath.dsv'
[3.946s] INFO:colcon.colcon_core.shell:Creating environment hook '/home/tabuchi/shipsimulator/install/sensor_module/share/sensor_module/hook/pythonpath.sh'
[3.946s] Level 1:colcon.colcon_core.environment:checking '/home/tabuchi/shipsimulator/install/sensor_module/bin'
[3.946s] Level 1:colcon.colcon_core.environment:create_environment_scripts_only(sensor_module)
[3.948s] INFO:colcon.colcon_core.shell:Creating package script '/home/tabuchi/shipsimulator/install/sensor_module/share/sensor_module/package.ps1'
[3.948s] INFO:colcon.colcon_core.shell:Creating package descriptor '/home/tabuchi/shipsimulator/install/sensor_module/share/sensor_module/package.dsv'
[3.948s] INFO:colcon.colcon_core.shell:Creating package script '/home/tabuchi/shipsimulator/install/sensor_module/share/sensor_module/package.sh'
[3.949s] INFO:colcon.colcon_core.shell:Creating package script '/home/tabuchi/shipsimulator/install/sensor_module/share/sensor_module/package.bash'
[3.949s] INFO:colcon.colcon_core.shell:Creating package script '/home/tabuchi/shipsimulator/install/sensor_module/share/sensor_module/package.zsh'
[3.949s] Level 1:colcon.colcon_core.environment:create_file_with_runtime_dependencies(/home/tabuchi/shipsimulator/install/sensor_module/share/colcon-core/packages/sensor_module)
[3.949s] DEBUG:colcon.colcon_parallel_executor.executor.parallel:closing loop
[3.950s] DEBUG:colcon.colcon_parallel_executor.executor.parallel:loop closed
[3.950s] DEBUG:colcon.colcon_parallel_executor.executor.parallel:run_until_complete finished with '0'
[3.950s] DEBUG:colcon.colcon_core.event_reactor:joining thread
[3.956s] INFO:colcon.colcon_core.plugin_system:Skipping extension 'colcon_notification.desktop_notification.terminal_notifier': Not used on non-Darwin systems
[3.956s] INFO:colcon.colcon_core.plugin_system:Skipping extension 'colcon_notification.desktop_notification.win32': Not used on non-Windows systems
[3.956s] INFO:colcon.colcon_notification.desktop_notification:Sending desktop notification using 'notify2'
[3.967s] DEBUG:colcon.colcon_notification.desktop_notification.notify2:Failed to initialize notify2: org.freedesktop.DBus.Error.ServiceUnknown: The name org.freedesktop.Notifications was not provided by any .service files
[3.967s] DEBUG:colcon.colcon_core.event_reactor:joined thread
[3.969s] INFO:colcon.colcon_core.shell:Creating prefix script '/home/tabuchi/shipsimulator/install/local_setup.ps1'
[3.971s] INFO:colcon.colcon_core.shell:Creating prefix util module '/home/tabuchi/shipsimulator/install/_local_setup_util_ps1.py'
[3.972s] INFO:colcon.colcon_core.shell:Creating prefix chain script '/home/tabuchi/shipsimulator/install/setup.ps1'
[3.974s] INFO:colcon.colcon_core.shell:Creating prefix script '/home/tabuchi/shipsimulator/install/local_setup.sh'
[3.975s] INFO:colcon.colcon_core.shell:Creating prefix util module '/home/tabuchi/shipsimulator/install/_local_setup_util_sh.py'
[3.975s] INFO:colcon.colcon_core.shell:Creating prefix chain script '/home/tabuchi/shipsimulator/install/setup.sh'
[3.977s] INFO:colcon.colcon_core.shell:Creating prefix script '/home/tabuchi/shipsimulator/install/local_setup.bash'
[3.978s] INFO:colcon.colcon_core.shell:Creating prefix chain script '/home/tabuchi/shipsimulator/install/setup.bash'
[3.980s] INFO:colcon.colcon_core.shell:Creating prefix script '/home/tabuchi/shipsimulator/install/local_setup.zsh'
[3.980s] INFO:colcon.colcon_core.shell:Creating prefix chain script '/home/tabuchi/shipsimulator/install/setup.zsh'
