[1.938s] Invoking command in '/home/tabuchi/shipsimulator/src/actuator_module': PYTHONPATH=/home/tabuchi/shipsimulator/build/actuator_module/prefix_override:/home/tabuchi/shipsimulator/install/actuator_module/lib/python3.10/site-packages:${PYTHONPATH} /usr/bin/python3 setup.py egg_info --egg-base ../../build/actuator_module build --build-base /home/tabuchi/shipsimulator/build/actuator_module/build install --record /home/tabuchi/shipsimulator/build/actuator_module/install.log --single-version-externally-managed
[2.240s] running egg_info
[2.241s] writing ../../build/actuator_module/actuator_module.egg-info/PKG-INFO
[2.241s] writing dependency_links to ../../build/actuator_module/actuator_module.egg-info/dependency_links.txt
[2.241s] writing entry points to ../../build/actuator_module/actuator_module.egg-info/entry_points.txt
[2.242s] writing requirements to ../../build/actuator_module/actuator_module.egg-info/requires.txt
[2.242s] writing top-level names to ../../build/actuator_module/actuator_module.egg-info/top_level.txt
[2.243s] reading manifest file '../../build/actuator_module/actuator_module.egg-info/SOURCES.txt'
[2.244s] writing manifest file '../../build/actuator_module/actuator_module.egg-info/SOURCES.txt'
[2.244s] running build
[2.244s] running build_py
[2.245s] copying actuator_module/actuator_node.py -> /home/tabuchi/shipsimulator/build/actuator_module/build/lib/actuator_module
[2.245s] running install
[2.245s] /usr/lib/python3/dist-packages/setuptools/command/install.py:34: SetuptoolsDeprecationWarning: setup.py install is deprecated. Use build and pip and other standards-based tools.
[2.245s]   warnings.warn(
[2.246s] running install_lib
[2.247s] copying /home/tabuchi/shipsimulator/build/actuator_module/build/lib/actuator_module/actuator_node.py -> /home/tabuchi/shipsimulator/install/actuator_module/lib/python3.10/site-packages/actuator_module
[2.247s] byte-compiling /home/tabuchi/shipsimulator/install/actuator_module/lib/python3.10/site-packages/actuator_module/actuator_node.py to actuator_node.cpython-310.pyc
[2.247s] running install_data
[2.248s] running install_egg_info
[2.250s] removing '/home/tabuchi/shipsimulator/install/actuator_module/lib/python3.10/site-packages/actuator_module-0.0.0-py3.10.egg-info' (and everything under it)
[2.250s] Copying ../../build/actuator_module/actuator_module.egg-info to /home/tabuchi/shipsimulator/install/actuator_module/lib/python3.10/site-packages/actuator_module-0.0.0-py3.10.egg-info
[2.251s] running install_scripts
[2.277s] Installing actuator_node script to /home/tabuchi/shipsimulator/install/actuator_module/lib/actuator_module
[2.277s] writing list of installed files to '/home/tabuchi/shipsimulator/build/actuator_module/install.log'
[2.311s] Invoked command in '/home/tabuchi/shipsimulator/src/actuator_module' returned '0': PYTHONPATH=/home/tabuchi/shipsimulator/build/actuator_module/prefix_override:/home/tabuchi/shipsimulator/install/actuator_module/lib/python3.10/site-packages:${PYTHONPATH} /usr/bin/python3 setup.py egg_info --egg-base ../../build/actuator_module build --build-base /home/tabuchi/shipsimulator/build/actuator_module/build install --record /home/tabuchi/shipsimulator/build/actuator_module/install.log --single-version-externally-managed
