[2.255s] Invoking command in '/home/tabuchi/shipsimulator/src/ROS-TCP-Endpoint': PYTHONPATH=/home/tabuchi/shipsimulator/build/ros_tcp_endpoint/prefix_override:/home/tabuchi/shipsimulator/install/ros_tcp_endpoint/lib/python3.10/site-packages:${PYTHONPATH} /usr/bin/python3 setup.py egg_info --egg-base ../../build/ros_tcp_endpoint build --build-base /home/tabuchi/shipsimulator/build/ros_tcp_endpoint/build install --record /home/tabuchi/shipsimulator/build/ros_tcp_endpoint/install.log --install-scripts $base/lib/ros_tcp_endpoint --single-version-externally-managed
[2.548s] /usr/lib/python3/dist-packages/setuptools/dist.py:723: UserWarning: Usage of dash-separated 'script-dir' will not be supported in future versions. Please use the underscore name 'script_dir' instead
[2.548s]   warnings.warn(
[2.559s] running egg_info
[2.560s] writing ../../build/ros_tcp_endpoint/ros_tcp_endpoint.egg-info/PKG-INFO
[2.560s] writing dependency_links to ../../build/ros_tcp_endpoint/ros_tcp_endpoint.egg-info/dependency_links.txt
[2.560s] writing entry points to ../../build/ros_tcp_endpoint/ros_tcp_endpoint.egg-info/entry_points.txt
[2.561s] writing requirements to ../../build/ros_tcp_endpoint/ros_tcp_endpoint.egg-info/requires.txt
[2.561s] writing top-level names to ../../build/ros_tcp_endpoint/ros_tcp_endpoint.egg-info/top_level.txt
[2.562s] reading manifest file '../../build/ros_tcp_endpoint/ros_tcp_endpoint.egg-info/SOURCES.txt'
[2.562s] adding license file 'LICENSE'
[2.566s] writing manifest file '../../build/ros_tcp_endpoint/ros_tcp_endpoint.egg-info/SOURCES.txt'
[2.567s] running build
[2.567s] running build_py
[2.567s] running install
[2.567s] running install_lib
[2.568s] /usr/lib/python3/dist-packages/setuptools/command/install.py:34: SetuptoolsDeprecationWarning: setup.py install is deprecated. Use build and pip and other standards-based tools.
[2.568s]   warnings.warn(
[2.568s] running install_data
[2.568s] running install_egg_info
[2.569s] removing '/home/tabuchi/shipsimulator/install/ros_tcp_endpoint/lib/python3.10/site-packages/ros_tcp_endpoint-0.0.1-py3.10.egg-info' (and everything under it)
[2.570s] Copying ../../build/ros_tcp_endpoint/ros_tcp_endpoint.egg-info to /home/tabuchi/shipsimulator/install/ros_tcp_endpoint/lib/python3.10/site-packages/ros_tcp_endpoint-0.0.1-py3.10.egg-info
[2.573s] running install_scripts
[2.595s] Installing default_server_endpoint script to /home/tabuchi/shipsimulator/install/ros_tcp_endpoint/lib/ros_tcp_endpoint
[2.596s] writing list of installed files to '/home/tabuchi/shipsimulator/build/ros_tcp_endpoint/install.log'
[2.628s] Invoked command in '/home/tabuchi/shipsimulator/src/ROS-TCP-Endpoint' returned '0': PYTHONPATH=/home/tabuchi/shipsimulator/build/ros_tcp_endpoint/prefix_override:/home/tabuchi/shipsimulator/install/ros_tcp_endpoint/lib/python3.10/site-packages:${PYTHONPATH} /usr/bin/python3 setup.py egg_info --egg-base ../../build/ros_tcp_endpoint build --build-base /home/tabuchi/shipsimulator/build/ros_tcp_endpoint/build install --record /home/tabuchi/shipsimulator/build/ros_tcp_endpoint/install.log --install-scripts $base/lib/ros_tcp_endpoint --single-version-externally-managed
