[1.716s] Invoking command in '/home/tabuchi/shipsimulator/src/ROS-TCP-Endpoint': PYTHONPATH=/home/tabuchi/shipsimulator/build/ros_tcp_endpoint/prefix_override:/home/tabuchi/shipsimulator/install/ros_tcp_endpoint/lib/python3.10/site-packages:${PYTHONPATH} /usr/bin/python3 setup.py egg_info --egg-base ../../build/ros_tcp_endpoint build --build-base /home/tabuchi/shipsimulator/build/ros_tcp_endpoint/build install --record /home/tabuchi/shipsimulator/build/ros_tcp_endpoint/install.log --install-scripts $base/lib/ros_tcp_endpoint --single-version-externally-managed
[1.964s] /usr/lib/python3/dist-packages/setuptools/dist.py:723: UserWarning: Usage of dash-separated 'script-dir' will not be supported in future versions. Please use the underscore name 'script_dir' instead
[1.964s]   warnings.warn(
[1.974s] running egg_info
[1.975s] creating ../../build/ros_tcp_endpoint/ros_tcp_endpoint.egg-info
[1.975s] writing ../../build/ros_tcp_endpoint/ros_tcp_endpoint.egg-info/PKG-INFO
[1.975s] writing dependency_links to ../../build/ros_tcp_endpoint/ros_tcp_endpoint.egg-info/dependency_links.txt
[1.975s] writing entry points to ../../build/ros_tcp_endpoint/ros_tcp_endpoint.egg-info/entry_points.txt
[1.975s] writing requirements to ../../build/ros_tcp_endpoint/ros_tcp_endpoint.egg-info/requires.txt
[1.976s] writing top-level names to ../../build/ros_tcp_endpoint/ros_tcp_endpoint.egg-info/top_level.txt
[1.976s] writing manifest file '../../build/ros_tcp_endpoint/ros_tcp_endpoint.egg-info/SOURCES.txt'
[1.978s] reading manifest file '../../build/ros_tcp_endpoint/ros_tcp_endpoint.egg-info/SOURCES.txt'
[1.978s] adding license file 'LICENSE'
[1.979s] writing manifest file '../../build/ros_tcp_endpoint/ros_tcp_endpoint.egg-info/SOURCES.txt'
[1.979s] running build
[1.979s] running build_py
[1.980s] creating /home/tabuchi/shipsimulator/build/ros_tcp_endpoint/build
[1.980s] creating /home/tabuchi/shipsimulator/build/ros_tcp_endpoint/build/lib
[1.980s] creating /home/tabuchi/shipsimulator/build/ros_tcp_endpoint/build/lib/ros_tcp_endpoint
[1.980s] copying ros_tcp_endpoint/publisher.py -> /home/tabuchi/shipsimulator/build/ros_tcp_endpoint/build/lib/ros_tcp_endpoint
[1.980s] copying ros_tcp_endpoint/server.py -> /home/tabuchi/shipsimulator/build/ros_tcp_endpoint/build/lib/ros_tcp_endpoint
[1.981s] copying ros_tcp_endpoint/exceptions.py -> /home/tabuchi/shipsimulator/build/ros_tcp_endpoint/build/lib/ros_tcp_endpoint
[1.981s] copying ros_tcp_endpoint/__init__.py -> /home/tabuchi/shipsimulator/build/ros_tcp_endpoint/build/lib/ros_tcp_endpoint
[1.981s] copying ros_tcp_endpoint/thread_pauser.py -> /home/tabuchi/shipsimulator/build/ros_tcp_endpoint/build/lib/ros_tcp_endpoint
[1.981s] copying ros_tcp_endpoint/unity_service.py -> /home/tabuchi/shipsimulator/build/ros_tcp_endpoint/build/lib/ros_tcp_endpoint
[1.981s] copying ros_tcp_endpoint/communication.py -> /home/tabuchi/shipsimulator/build/ros_tcp_endpoint/build/lib/ros_tcp_endpoint
[1.981s] copying ros_tcp_endpoint/default_server_endpoint.py -> /home/tabuchi/shipsimulator/build/ros_tcp_endpoint/build/lib/ros_tcp_endpoint
[1.982s] copying ros_tcp_endpoint/tcp_sender.py -> /home/tabuchi/shipsimulator/build/ros_tcp_endpoint/build/lib/ros_tcp_endpoint
[1.982s] copying ros_tcp_endpoint/service.py -> /home/tabuchi/shipsimulator/build/ros_tcp_endpoint/build/lib/ros_tcp_endpoint
[1.982s] /usr/lib/python3/dist-packages/setuptools/command/install.py:34: SetuptoolsDeprecationWarning: setup.py install is deprecated. Use build and pip and other standards-based tools.
[1.982s]   warnings.warn(
[1.982s] copying ros_tcp_endpoint/client.py -> /home/tabuchi/shipsimulator/build/ros_tcp_endpoint/build/lib/ros_tcp_endpoint
[1.982s] copying ros_tcp_endpoint/subscriber.py -> /home/tabuchi/shipsimulator/build/ros_tcp_endpoint/build/lib/ros_tcp_endpoint
[1.983s] running install
[1.983s] running install_lib
[1.983s] creating /home/tabuchi/shipsimulator/install/ros_tcp_endpoint/lib/python3.10/site-packages/ros_tcp_endpoint
[1.984s] copying /home/tabuchi/shipsimulator/build/ros_tcp_endpoint/build/lib/ros_tcp_endpoint/publisher.py -> /home/tabuchi/shipsimulator/install/ros_tcp_endpoint/lib/python3.10/site-packages/ros_tcp_endpoint
[1.984s] copying /home/tabuchi/shipsimulator/build/ros_tcp_endpoint/build/lib/ros_tcp_endpoint/server.py -> /home/tabuchi/shipsimulator/install/ros_tcp_endpoint/lib/python3.10/site-packages/ros_tcp_endpoint
[1.984s] copying /home/tabuchi/shipsimulator/build/ros_tcp_endpoint/build/lib/ros_tcp_endpoint/exceptions.py -> /home/tabuchi/shipsimulator/install/ros_tcp_endpoint/lib/python3.10/site-packages/ros_tcp_endpoint
[1.984s] copying /home/tabuchi/shipsimulator/build/ros_tcp_endpoint/build/lib/ros_tcp_endpoint/__init__.py -> /home/tabuchi/shipsimulator/install/ros_tcp_endpoint/lib/python3.10/site-packages/ros_tcp_endpoint
[1.984s] copying /home/tabuchi/shipsimulator/build/ros_tcp_endpoint/build/lib/ros_tcp_endpoint/thread_pauser.py -> /home/tabuchi/shipsimulator/install/ros_tcp_endpoint/lib/python3.10/site-packages/ros_tcp_endpoint
[1.985s] copying /home/tabuchi/shipsimulator/build/ros_tcp_endpoint/build/lib/ros_tcp_endpoint/unity_service.py -> /home/tabuchi/shipsimulator/install/ros_tcp_endpoint/lib/python3.10/site-packages/ros_tcp_endpoint
[1.985s] copying /home/tabuchi/shipsimulator/build/ros_tcp_endpoint/build/lib/ros_tcp_endpoint/communication.py -> /home/tabuchi/shipsimulator/install/ros_tcp_endpoint/lib/python3.10/site-packages/ros_tcp_endpoint
[1.985s] copying /home/tabuchi/shipsimulator/build/ros_tcp_endpoint/build/lib/ros_tcp_endpoint/default_server_endpoint.py -> /home/tabuchi/shipsimulator/install/ros_tcp_endpoint/lib/python3.10/site-packages/ros_tcp_endpoint
[1.985s] copying /home/tabuchi/shipsimulator/build/ros_tcp_endpoint/build/lib/ros_tcp_endpoint/tcp_sender.py -> /home/tabuchi/shipsimulator/install/ros_tcp_endpoint/lib/python3.10/site-packages/ros_tcp_endpoint
[1.986s] copying /home/tabuchi/shipsimulator/build/ros_tcp_endpoint/build/lib/ros_tcp_endpoint/service.py -> /home/tabuchi/shipsimulator/install/ros_tcp_endpoint/lib/python3.10/site-packages/ros_tcp_endpoint
[1.986s] copying /home/tabuchi/shipsimulator/build/ros_tcp_endpoint/build/lib/ros_tcp_endpoint/client.py -> /home/tabuchi/shipsimulator/install/ros_tcp_endpoint/lib/python3.10/site-packages/ros_tcp_endpoint
[1.986s] copying /home/tabuchi/shipsimulator/build/ros_tcp_endpoint/build/lib/ros_tcp_endpoint/subscriber.py -> /home/tabuchi/shipsimulator/install/ros_tcp_endpoint/lib/python3.10/site-packages/ros_tcp_endpoint
[1.986s] byte-compiling /home/tabuchi/shipsimulator/install/ros_tcp_endpoint/lib/python3.10/site-packages/ros_tcp_endpoint/publisher.py to publisher.cpython-310.pyc
[1.987s] byte-compiling /home/tabuchi/shipsimulator/install/ros_tcp_endpoint/lib/python3.10/site-packages/ros_tcp_endpoint/server.py to server.cpython-310.pyc
[1.989s] byte-compiling /home/tabuchi/shipsimulator/install/ros_tcp_endpoint/lib/python3.10/site-packages/ros_tcp_endpoint/exceptions.py to exceptions.cpython-310.pyc
[1.989s] byte-compiling /home/tabuchi/shipsimulator/install/ros_tcp_endpoint/lib/python3.10/site-packages/ros_tcp_endpoint/__init__.py to __init__.cpython-310.pyc
[1.989s] byte-compiling /home/tabuchi/shipsimulator/install/ros_tcp_endpoint/lib/python3.10/site-packages/ros_tcp_endpoint/thread_pauser.py to thread_pauser.cpython-310.pyc
[1.989s] byte-compiling /home/tabuchi/shipsimulator/install/ros_tcp_endpoint/lib/python3.10/site-packages/ros_tcp_endpoint/unity_service.py to unity_service.cpython-310.pyc
[1.990s] byte-compiling /home/tabuchi/shipsimulator/install/ros_tcp_endpoint/lib/python3.10/site-packages/ros_tcp_endpoint/communication.py to communication.cpython-310.pyc
[1.990s] byte-compiling /home/tabuchi/shipsimulator/install/ros_tcp_endpoint/lib/python3.10/site-packages/ros_tcp_endpoint/default_server_endpoint.py to default_server_endpoint.cpython-310.pyc
[1.991s] byte-compiling /home/tabuchi/shipsimulator/install/ros_tcp_endpoint/lib/python3.10/site-packages/ros_tcp_endpoint/tcp_sender.py to tcp_sender.cpython-310.pyc
[1.993s] byte-compiling /home/tabuchi/shipsimulator/install/ros_tcp_endpoint/lib/python3.10/site-packages/ros_tcp_endpoint/service.py to service.cpython-310.pyc
[1.994s] byte-compiling /home/tabuchi/shipsimulator/install/ros_tcp_endpoint/lib/python3.10/site-packages/ros_tcp_endpoint/client.py to client.cpython-310.pyc
[1.994s] byte-compiling /home/tabuchi/shipsimulator/install/ros_tcp_endpoint/lib/python3.10/site-packages/ros_tcp_endpoint/subscriber.py to subscriber.cpython-310.pyc
[1.995s] running install_data
[1.996s] creating /home/tabuchi/shipsimulator/install/ros_tcp_endpoint/share/ament_index
[1.996s] creating /home/tabuchi/shipsimulator/install/ros_tcp_endpoint/share/ament_index/resource_index
[1.996s] creating /home/tabuchi/shipsimulator/install/ros_tcp_endpoint/share/ament_index/resource_index/packages
[1.996s] copying resource/ros_tcp_endpoint -> /home/tabuchi/shipsimulator/install/ros_tcp_endpoint/share/ament_index/resource_index/packages
[1.996s] copying package.xml -> /home/tabuchi/shipsimulator/install/ros_tcp_endpoint/share/ros_tcp_endpoint
[1.996s] creating /home/tabuchi/shipsimulator/install/ros_tcp_endpoint/share/ros_tcp_endpoint/launch
[1.997s] copying launch/endpoint.py -> /home/tabuchi/shipsimulator/install/ros_tcp_endpoint/share/ros_tcp_endpoint/launch
[1.997s] running install_egg_info
[1.998s] Copying ../../build/ros_tcp_endpoint/ros_tcp_endpoint.egg-info to /home/tabuchi/shipsimulator/install/ros_tcp_endpoint/lib/python3.10/site-packages/ros_tcp_endpoint-0.0.1-py3.10.egg-info
[2.000s] running install_scripts
[2.026s] Installing default_server_endpoint script to /home/tabuchi/shipsimulator/install/ros_tcp_endpoint/lib/ros_tcp_endpoint
[2.027s] writing list of installed files to '/home/tabuchi/shipsimulator/build/ros_tcp_endpoint/install.log'
[2.059s] Invoked command in '/home/tabuchi/shipsimulator/src/ROS-TCP-Endpoint' returned '0': PYTHONPATH=/home/tabuchi/shipsimulator/build/ros_tcp_endpoint/prefix_override:/home/tabuchi/shipsimulator/install/ros_tcp_endpoint/lib/python3.10/site-packages:${PYTHONPATH} /usr/bin/python3 setup.py egg_info --egg-base ../../build/ros_tcp_endpoint build --build-base /home/tabuchi/shipsimulator/build/ros_tcp_endpoint/build install --record /home/tabuchi/shipsimulator/build/ros_tcp_endpoint/install.log --install-scripts $base/lib/ros_tcp_endpoint --single-version-externally-managed
