[2.372s] Invoking command in '/home/tabuchi/shipsimulator/src/sensor_module': PYTHONPATH=/home/tabuchi/shipsimulator/build/sensor_module/prefix_override:/home/tabuchi/shipsimulator/install/sensor_module/lib/python3.10/site-packages:${PYTHONPATH} /usr/bin/python3 setup.py egg_info --egg-base ../../build/sensor_module build --build-base /home/tabuchi/shipsimulator/build/sensor_module/build install --record /home/tabuchi/shipsimulator/build/sensor_module/install.log --single-version-externally-managed
[2.671s] running egg_info
[2.671s] writing ../../build/sensor_module/sensor_module.egg-info/PKG-INFO
[2.671s] writing dependency_links to ../../build/sensor_module/sensor_module.egg-info/dependency_links.txt
[2.671s] writing entry points to ../../build/sensor_module/sensor_module.egg-info/entry_points.txt
[2.671s] writing requirements to ../../build/sensor_module/sensor_module.egg-info/requires.txt
[2.671s] writing top-level names to ../../build/sensor_module/sensor_module.egg-info/top_level.txt
[2.673s] reading manifest file '../../build/sensor_module/sensor_module.egg-info/SOURCES.txt'
[2.677s] writing manifest file '../../build/sensor_module/sensor_module.egg-info/SOURCES.txt'
[2.677s] running build
[2.677s] running build_py
[2.678s] running install
[2.678s] running install_lib
[2.678s] /usr/lib/python3/dist-packages/setuptools/command/install.py:34: SetuptoolsDeprecationWarning: setup.py install is deprecated. Use build and pip and other standards-based tools.
[2.678s]   warnings.warn(
[2.678s] running install_data
[2.678s] running install_egg_info
[2.679s] removing '/home/tabuchi/shipsimulator/install/sensor_module/lib/python3.10/site-packages/sensor_module-0.0.0-py3.10.egg-info' (and everything under it)
[2.681s] Copying ../../build/sensor_module/sensor_module.egg-info to /home/tabuchi/shipsimulator/install/sensor_module/lib/python3.10/site-packages/sensor_module-0.0.0-py3.10.egg-info
[2.682s] running install_scripts
[2.703s] Installing sensor_node script to /home/tabuchi/shipsimulator/install/sensor_module/lib/sensor_module
[2.703s] writing list of installed files to '/home/tabuchi/shipsimulator/build/sensor_module/install.log'
[2.724s] Invoked command in '/home/tabuchi/shipsimulator/src/sensor_module' returned '0': PYTHONPATH=/home/tabuchi/shipsimulator/build/sensor_module/prefix_override:/home/tabuchi/shipsimulator/install/sensor_module/lib/python3.10/site-packages:${PYTHONPATH} /usr/bin/python3 setup.py egg_info --egg-base ../../build/sensor_module build --build-base /home/tabuchi/shipsimulator/build/sensor_module/build install --record /home/tabuchi/shipsimulator/build/sensor_module/install.log --single-version-externally-managed
