running egg_info
creating ../../build/mmg_module/mmg_module.egg-info
writing ../../build/mmg_module/mmg_module.egg-info/PKG-INFO
writing dependency_links to ../../build/mmg_module/mmg_module.egg-info/dependency_links.txt
writing entry points to ../../build/mmg_module/mmg_module.egg-info/entry_points.txt
writing requirements to ../../build/mmg_module/mmg_module.egg-info/requires.txt
writing top-level names to ../../build/mmg_module/mmg_module.egg-info/top_level.txt
writing manifest file '../../build/mmg_module/mmg_module.egg-info/SOURCES.txt'
reading manifest file '../../build/mmg_module/mmg_module.egg-info/SOURCES.txt'
writing manifest file '../../build/mmg_module/mmg_module.egg-info/SOURCES.txt'
running build
running build_py
creating /home/tabuchi/shipsimulator/build/mmg_module/build
creating /home/tabuchi/shipsimulator/build/mmg_module/build/lib
creating /home/tabuchi/shipsimulator/build/mmg_module/build/lib/mmg_module
copying mmg_module/model_node.py -> /home/tabuchi/shipsimulator/build/mmg_module/build/lib/mmg_module
copying mmg_module/__init__.py -> /home/tabuchi/shipsimulator/build/mmg_module/build/lib/mmg_module
copying mmg_module/controller_node.py -> /home/tabuchi/shipsimulator/build/mmg_module/build/lib/mmg_module
running install
/usr/lib/python3/dist-packages/setuptools/command/install.py:34: SetuptoolsDeprecationWarning: setup.py install is deprecated. Use build and pip and other standards-based tools.
  warnings.warn(
running install_lib
creating /home/tabuchi/shipsimulator/install/mmg_module/lib/python3.10/site-packages/mmg_module
copying /home/tabuchi/shipsimulator/build/mmg_module/build/lib/mmg_module/model_node.py -> /home/tabuchi/shipsimulator/install/mmg_module/lib/python3.10/site-packages/mmg_module
copying /home/tabuchi/shipsimulator/build/mmg_module/build/lib/mmg_module/__init__.py -> /home/tabuchi/shipsimulator/install/mmg_module/lib/python3.10/site-packages/mmg_module
copying /home/tabuchi/shipsimulator/build/mmg_module/build/lib/mmg_module/controller_node.py -> /home/tabuchi/shipsimulator/install/mmg_module/lib/python3.10/site-packages/mmg_module
byte-compiling /home/tabuchi/shipsimulator/install/mmg_module/lib/python3.10/site-packages/mmg_module/model_node.py to model_node.cpython-310.pyc
byte-compiling /home/tabuchi/shipsimulator/install/mmg_module/lib/python3.10/site-packages/mmg_module/__init__.py to __init__.cpython-310.pyc
byte-compiling /home/tabuchi/shipsimulator/install/mmg_module/lib/python3.10/site-packages/mmg_module/controller_node.py to controller_node.cpython-310.pyc
running install_data
creating /home/tabuchi/shipsimulator/install/mmg_module/share/ament_index
creating /home/tabuchi/shipsimulator/install/mmg_module/share/ament_index/resource_index
creating /home/tabuchi/shipsimulator/install/mmg_module/share/ament_index/resource_index/packages
copying resource/mmg_module -> /home/tabuchi/shipsimulator/install/mmg_module/share/ament_index/resource_index/packages
copying package.xml -> /home/tabuchi/shipsimulator/install/mmg_module/share/mmg_module
running install_egg_info
Copying ../../build/mmg_module/mmg_module.egg-info to /home/tabuchi/shipsimulator/install/mmg_module/lib/python3.10/site-packages/mmg_module-0.0.0-py3.10.egg-info
running install_scripts
Installing controller_node script to /home/tabuchi/shipsimulator/install/mmg_module/lib/mmg_module
Installing model_node script to /home/tabuchi/shipsimulator/install/mmg_module/lib/mmg_module
writing list of installed files to '/home/tabuchi/shipsimulator/build/mmg_module/install.log'
