[1.740s] Invoking command in '/home/tabuchi/shipsimulator/src/mmg_module': PYTHONPATH=/home/tabuchi/shipsimulator/build/mmg_module/prefix_override:/home/tabuchi/shipsimulator/install/mmg_module/lib/python3.10/site-packages:${PYTHONPATH} /usr/bin/python3 setup.py egg_info --egg-base ../../build/mmg_module build --build-base /home/tabuchi/shipsimulator/build/mmg_module/build install --record /home/tabuchi/shipsimulator/build/mmg_module/install.log --single-version-externally-managed
[2.005s] running egg_info
[2.005s] creating ../../build/mmg_module/mmg_module.egg-info
[2.006s] writing ../../build/mmg_module/mmg_module.egg-info/PKG-INFO
[2.006s] writing dependency_links to ../../build/mmg_module/mmg_module.egg-info/dependency_links.txt
[2.006s] writing entry points to ../../build/mmg_module/mmg_module.egg-info/entry_points.txt
[2.006s] writing requirements to ../../build/mmg_module/mmg_module.egg-info/requires.txt
[2.006s] writing top-level names to ../../build/mmg_module/mmg_module.egg-info/top_level.txt
[2.006s] writing manifest file '../../build/mmg_module/mmg_module.egg-info/SOURCES.txt'
[2.009s] reading manifest file '../../build/mmg_module/mmg_module.egg-info/SOURCES.txt'
[2.009s] writing manifest file '../../build/mmg_module/mmg_module.egg-info/SOURCES.txt'
[2.010s] running build
[2.010s] running build_py
[2.010s] creating /home/tabuchi/shipsimulator/build/mmg_module/build
[2.010s] creating /home/tabuchi/shipsimulator/build/mmg_module/build/lib
[2.010s] creating /home/tabuchi/shipsimulator/build/mmg_module/build/lib/mmg_module
[2.010s] copying mmg_module/model_node.py -> /home/tabuchi/shipsimulator/build/mmg_module/build/lib/mmg_module
[2.011s] copying mmg_module/__init__.py -> /home/tabuchi/shipsimulator/build/mmg_module/build/lib/mmg_module
[2.011s] copying mmg_module/controller_node.py -> /home/tabuchi/shipsimulator/build/mmg_module/build/lib/mmg_module
[2.011s] running install
[2.011s] /usr/lib/python3/dist-packages/setuptools/command/install.py:34: SetuptoolsDeprecationWarning: setup.py install is deprecated. Use build and pip and other standards-based tools.
[2.011s]   warnings.warn(
[2.011s] running install_lib
[2.012s] creating /home/tabuchi/shipsimulator/install/mmg_module/lib/python3.10/site-packages/mmg_module
[2.012s] copying /home/tabuchi/shipsimulator/build/mmg_module/build/lib/mmg_module/model_node.py -> /home/tabuchi/shipsimulator/install/mmg_module/lib/python3.10/site-packages/mmg_module
[2.012s] copying /home/tabuchi/shipsimulator/build/mmg_module/build/lib/mmg_module/__init__.py -> /home/tabuchi/shipsimulator/install/mmg_module/lib/python3.10/site-packages/mmg_module
[2.012s] copying /home/tabuchi/shipsimulator/build/mmg_module/build/lib/mmg_module/controller_node.py -> /home/tabuchi/shipsimulator/install/mmg_module/lib/python3.10/site-packages/mmg_module
[2.013s] byte-compiling /home/tabuchi/shipsimulator/install/mmg_module/lib/python3.10/site-packages/mmg_module/model_node.py to model_node.cpython-310.pyc
[2.015s] byte-compiling /home/tabuchi/shipsimulator/install/mmg_module/lib/python3.10/site-packages/mmg_module/__init__.py to __init__.cpython-310.pyc
[2.015s] byte-compiling /home/tabuchi/shipsimulator/install/mmg_module/lib/python3.10/site-packages/mmg_module/controller_node.py to controller_node.cpython-310.pyc
[2.016s] running install_data
[2.017s] creating /home/tabuchi/shipsimulator/install/mmg_module/share/ament_index
[2.017s] creating /home/tabuchi/shipsimulator/install/mmg_module/share/ament_index/resource_index
[2.018s] creating /home/tabuchi/shipsimulator/install/mmg_module/share/ament_index/resource_index/packages
[2.018s] copying resource/mmg_module -> /home/tabuchi/shipsimulator/install/mmg_module/share/ament_index/resource_index/packages
[2.018s] copying package.xml -> /home/tabuchi/shipsimulator/install/mmg_module/share/mmg_module
[2.018s] running install_egg_info
[2.020s] Copying ../../build/mmg_module/mmg_module.egg-info to /home/tabuchi/shipsimulator/install/mmg_module/lib/python3.10/site-packages/mmg_module-0.0.0-py3.10.egg-info
[2.021s] running install_scripts
[2.049s] Installing controller_node script to /home/tabuchi/shipsimulator/install/mmg_module/lib/mmg_module
[2.049s] Installing model_node script to /home/tabuchi/shipsimulator/install/mmg_module/lib/mmg_module
[2.049s] writing list of installed files to '/home/tabuchi/shipsimulator/build/mmg_module/install.log'
[2.088s] Invoked command in '/home/tabuchi/shipsimulator/src/mmg_module' returned '0': PYTHONPATH=/home/tabuchi/shipsimulator/build/mmg_module/prefix_override:/home/tabuchi/shipsimulator/install/mmg_module/lib/python3.10/site-packages:${PYTHONPATH} /usr/bin/python3 setup.py egg_info --egg-base ../../build/mmg_module build --build-base /home/tabuchi/shipsimulator/build/mmg_module/build install --record /home/tabuchi/shipsimulator/build/mmg_module/install.log --single-version-externally-managed
