-- The C compiler identification is GNU 11.4.0
-- The CXX compiler identification is GNU 11.4.0
-- Detecting C compiler ABI info
-- Detecting C compiler ABI info - done
-- Check for working C compiler: /usr/bin/cc - skipped
-- Detecting C compile features
-- Detecting C compile features - done
-- Detecting CXX compiler ABI info
-- Detecting CXX compiler ABI info - done
-- Check for working CXX compiler: /usr/bin/c++ - skipped
-- Detecting CXX compile features
-- Detecting CXX compile features - done
-- Found ament_cmake: 1.3.5 (/opt/ros/humble/share/ament_cmake/cmake)
-- Found Python3: /usr/local/bin/python3.10 (found version "3.10.4") found components: Interpreter 
-- Found rosidl_default_generators: 1.2.0 (/opt/ros/humble/share/rosidl_default_generators/cmake)
-- Using all available rosidl_typesupport_c: rosidl_typesupport_fastrtps_c;rosidl_typesupport_introspection_c
-- Found rosidl_adapter: 3.1.4 (/opt/ros/humble/share/rosidl_adapter/cmake)
-- Using all available rosidl_typesupport_cpp: rosidl_typesupport_fastrtps_cpp;rosidl_typesupport_introspection_cpp
-- Found ament_cmake_ros: 0.10.0 (/opt/ros/humble/share/ament_cmake_ros/cmake)
-- Using all available rosidl_typesupport_c: rosidl_typesupport_fastrtps_c;rosidl_typesupport_introspection_c
-- Using all available rosidl_typesupport_cpp: rosidl_typesupport_fastrtps_cpp;rosidl_typesupport_introspection_cpp
-- Found PythonInterp: /usr/local/bin/python3 (found suitable version "3.10.4", minimum required is "3.6") 
-- Found python_cmake_module: 0.10.0 (/opt/ros/humble/share/python_cmake_module/cmake)
-- Found PythonLibs: /usr/lib/x86_64-linux-gnu/libpython3.10.so (found suitable version "3.10.4", minimum required is "3.5") 
-- Using PYTHON_EXECUTABLE: /usr/local/bin/python3
-- Using PYTHON_INCLUDE_DIRS: /usr/local/include/python3.10
-- Using PYTHON_LIBRARIES: /usr/lib/x86_64-linux-gnu/libpython3.10.so
-- Found PythonExtra: .so  
-- Using numpy include directory: /usr/local/lib/python3.10/site-packages/numpy/core/include
-- Found ament_lint_auto: 0.12.6 (/opt/ros/humble/share/ament_lint_auto/cmake)
-- Added test 'lint_cmake' to check CMake code style
-- Added test 'xmllint' to check XML markup files
-- Configuring done
-- Generating done
-- Build files have been written to: /home/tabuchi/shipsimulator/build/shipsim_msgs_module
[  3%] [34m[1mGenerating C code for ROS interfaces[0m
[  6%] [34m[1mGenerating C++ code for ROS interfaces[0m
[  6%] Built target ament_cmake_python_copy_shipsim_msgs_module
running egg_info
creating shipsim_msgs_module.egg-info
writing shipsim_msgs_module.egg-info/PKG-INFO
writing dependency_links to shipsim_msgs_module.egg-info/dependency_links.txt
writing top-level names to shipsim_msgs_module.egg-info/top_level.txt
writing manifest file 'shipsim_msgs_module.egg-info/SOURCES.txt'
reading manifest file 'shipsim_msgs_module.egg-info/SOURCES.txt'
writing manifest file 'shipsim_msgs_module.egg-info/SOURCES.txt'
[  6%] Built target ament_cmake_python_build_shipsim_msgs_module_egg
[  6%] Built target shipsim_msgs_module__cpp
[ 16%] [34m[1mGenerating C++ type support for eProsima Fast-RTPS[0m
[ 16%] [34m[1mGenerating C++ introspection for ROS interfaces[0m
[ 16%] [34m[1mGenerating C++ type support dispatch for ROS interfaces[0m
[ 19%] [32mBuilding C object CMakeFiles/shipsim_msgs_module__rosidl_generator_c.dir/rosidl_generator_c/shipsim_msgs_module/msg/detail/control__functions.c.o[0m
[ 22%] [32m[1mLinking C shared library libshipsim_msgs_module__rosidl_generator_c.so[0m
[ 22%] Built target shipsim_msgs_module__rosidl_generator_c
[ 32%] [34m[1mGenerating C introspection for ROS interfaces[0m
[ 32%] [34m[1mGenerating C type support for eProsima Fast-RTPS[0m
[ 32%] [34m[1mGenerating C type support dispatch for ROS interfaces[0m
[ 35%] [32mBuilding CXX object CMakeFiles/shipsim_msgs_module__rosidl_typesupport_cpp.dir/rosidl_typesupport_cpp/shipsim_msgs_module/msg/control__type_support.cpp.o[0m
[ 38%] [32mBuilding CXX object CMakeFiles/shipsim_msgs_module__rosidl_typesupport_introspection_cpp.dir/rosidl_typesupport_introspection_cpp/shipsim_msgs_module/msg/detail/control__type_support.cpp.o[0m
[ 41%] [32mBuilding CXX object CMakeFiles/shipsim_msgs_module__rosidl_typesupport_fastrtps_cpp.dir/rosidl_typesupport_fastrtps_cpp/shipsim_msgs_module/msg/detail/dds_fastrtps/control__type_support.cpp.o[0m
[ 45%] [32mBuilding CXX object CMakeFiles/shipsim_msgs_module__rosidl_typesupport_c.dir/rosidl_typesupport_c/shipsim_msgs_module/msg/control__type_support.cpp.o[0m
[ 51%] [32mBuilding CXX object CMakeFiles/shipsim_msgs_module__rosidl_typesupport_fastrtps_c.dir/rosidl_typesupport_fastrtps_c/shipsim_msgs_module/msg/detail/control__type_support_c.cpp.o[0m
[ 51%] [32mBuilding C object CMakeFiles/shipsim_msgs_module__rosidl_typesupport_introspection_c.dir/rosidl_typesupport_introspection_c/shipsim_msgs_module/msg/detail/control__type_support.c.o[0m
[ 54%] [32m[1mLinking CXX shared library libshipsim_msgs_module__rosidl_typesupport_c.so[0m
[ 58%] [32m[1mLinking C shared library libshipsim_msgs_module__rosidl_typesupport_introspection_c.so[0m
[ 58%] Built target shipsim_msgs_module__rosidl_typesupport_c
[ 58%] Built target shipsim_msgs_module__rosidl_typesupport_introspection_c
[ 61%] [32m[1mLinking CXX shared library libshipsim_msgs_module__rosidl_typesupport_cpp.so[0m
[ 61%] Built target shipsim_msgs_module__rosidl_typesupport_cpp
[ 64%] [32m[1mLinking CXX shared library libshipsim_msgs_module__rosidl_typesupport_introspection_cpp.so[0m
[ 67%] [32m[1mLinking CXX shared library libshipsim_msgs_module__rosidl_typesupport_fastrtps_cpp.so[0m
[ 67%] Built target shipsim_msgs_module__rosidl_typesupport_introspection_cpp
[ 70%] [32m[1mLinking CXX shared library libshipsim_msgs_module__rosidl_typesupport_fastrtps_c.so[0m
[ 70%] Built target shipsim_msgs_module__rosidl_typesupport_fastrtps_cpp
[ 70%] Built target shipsim_msgs_module__rosidl_typesupport_fastrtps_c
[ 70%] Built target shipsim_msgs_module
[ 74%] [34m[1mGenerating Python code for ROS interfaces[0m
[ 74%] Built target shipsim_msgs_module__py
[ 77%] [32mBuilding C object CMakeFiles/shipsim_msgs_module__rosidl_generator_py.dir/rosidl_generator_py/shipsim_msgs_module/msg/_control_s.c.o[0m
[ 80%] [32m[1mLinking C shared library rosidl_generator_py/shipsim_msgs_module/libshipsim_msgs_module__rosidl_generator_py.so[0m
[ 80%] Built target shipsim_msgs_module__rosidl_generator_py
[ 83%] [32mBuilding C object CMakeFiles/shipsim_msgs_module__rosidl_typesupport_fastrtps_c__pyext.dir/rosidl_generator_py/shipsim_msgs_module/_shipsim_msgs_module_s.ep.rosidl_typesupport_fastrtps_c.c.o[0m
[ 87%] [32mBuilding C object CMakeFiles/shipsim_msgs_module__rosidl_typesupport_c__pyext.dir/rosidl_generator_py/shipsim_msgs_module/_shipsim_msgs_module_s.ep.rosidl_typesupport_c.c.o[0m
[ 90%] [32mBuilding C object CMakeFiles/shipsim_msgs_module__rosidl_typesupport_introspection_c__pyext.dir/rosidl_generator_py/shipsim_msgs_module/_shipsim_msgs_module_s.ep.rosidl_typesupport_introspection_c.c.o[0m
[ 96%] [32m[1mLinking C shared library rosidl_generator_py/shipsim_msgs_module/shipsim_msgs_module_s__rosidl_typesupport_c.cpython-310-x86_64-linux-gnu.so[0m
[ 96%] [32m[1mLinking C shared library rosidl_generator_py/shipsim_msgs_module/shipsim_msgs_module_s__rosidl_typesupport_fastrtps_c.cpython-310-x86_64-linux-gnu.so[0m
[100%] [32m[1mLinking C shared library rosidl_generator_py/shipsim_msgs_module/shipsim_msgs_module_s__rosidl_typesupport_introspection_c.cpython-310-x86_64-linux-gnu.so[0m
[100%] Built target shipsim_msgs_module__rosidl_typesupport_c__pyext
[100%] Built target shipsim_msgs_module__rosidl_typesupport_fastrtps_c__pyext
[100%] Built target shipsim_msgs_module__rosidl_typesupport_introspection_c__pyext
-- Install configuration: ""
-- Installing: /home/tabuchi/shipsimulator/install/shipsim_msgs_module/share/ament_index/resource_index/rosidl_interfaces/shipsim_msgs_module
-- Installing: /home/tabuchi/shipsimulator/install/shipsim_msgs_module/include/shipsim_msgs_module/shipsim_msgs_module
-- Installing: /home/tabuchi/shipsimulator/install/shipsim_msgs_module/include/shipsim_msgs_module/shipsim_msgs_module/msg
-- Installing: /home/tabuchi/shipsimulator/install/shipsim_msgs_module/include/shipsim_msgs_module/shipsim_msgs_module/msg/control.h
-- Installing: /home/tabuchi/shipsimulator/install/shipsim_msgs_module/include/shipsim_msgs_module/shipsim_msgs_module/msg/rosidl_generator_c__visibility_control.h
-- Installing: /home/tabuchi/shipsimulator/install/shipsim_msgs_module/include/shipsim_msgs_module/shipsim_msgs_module/msg/detail
-- Installing: /home/tabuchi/shipsimulator/install/shipsim_msgs_module/include/shipsim_msgs_module/shipsim_msgs_module/msg/detail/control__struct.h
-- Installing: /home/tabuchi/shipsimulator/install/shipsim_msgs_module/include/shipsim_msgs_module/shipsim_msgs_module/msg/detail/control__type_support.h
-- Installing: /home/tabuchi/shipsimulator/install/shipsim_msgs_module/include/shipsim_msgs_module/shipsim_msgs_module/msg/detail/control__functions.h
-- Installing: /home/tabuchi/shipsimulator/install/shipsim_msgs_module/include/shipsim_msgs_module/shipsim_msgs_module/msg/detail/control__functions.c
-- Installing: /home/tabuchi/shipsimulator/install/shipsim_msgs_module/share/shipsim_msgs_module/environment/library_path.sh
-- Installing: /home/tabuchi/shipsimulator/install/shipsim_msgs_module/share/shipsim_msgs_module/environment/library_path.dsv
-- Installing: /home/tabuchi/shipsimulator/install/shipsim_msgs_module/lib/libshipsim_msgs_module__rosidl_generator_c.so
-- Set runtime path of "/home/tabuchi/shipsimulator/install/shipsim_msgs_module/lib/libshipsim_msgs_module__rosidl_generator_c.so" to ""
-- Up-to-date: /home/tabuchi/shipsimulator/install/shipsim_msgs_module/include/shipsim_msgs_module/shipsim_msgs_module
-- Up-to-date: /home/tabuchi/shipsimulator/install/shipsim_msgs_module/include/shipsim_msgs_module/shipsim_msgs_module/msg
-- Up-to-date: /home/tabuchi/shipsimulator/install/shipsim_msgs_module/include/shipsim_msgs_module/shipsim_msgs_module/msg/detail
-- Installing: /home/tabuchi/shipsimulator/install/shipsim_msgs_module/include/shipsim_msgs_module/shipsim_msgs_module/msg/detail/control__rosidl_typesupport_fastrtps_c.h
-- Installing: /home/tabuchi/shipsimulator/install/shipsim_msgs_module/include/shipsim_msgs_module/shipsim_msgs_module/msg/rosidl_typesupport_fastrtps_c__visibility_control.h
-- Installing: /home/tabuchi/shipsimulator/install/shipsim_msgs_module/lib/libshipsim_msgs_module__rosidl_typesupport_fastrtps_c.so
-- Set runtime path of "/home/tabuchi/shipsimulator/install/shipsim_msgs_module/lib/libshipsim_msgs_module__rosidl_typesupport_fastrtps_c.so" to ""
-- Up-to-date: /home/tabuchi/shipsimulator/install/shipsim_msgs_module/include/shipsim_msgs_module/shipsim_msgs_module
-- Up-to-date: /home/tabuchi/shipsimulator/install/shipsim_msgs_module/include/shipsim_msgs_module/shipsim_msgs_module/msg
-- Up-to-date: /home/tabuchi/shipsimulator/install/shipsim_msgs_module/include/shipsim_msgs_module/shipsim_msgs_module/msg/detail
-- Installing: /home/tabuchi/shipsimulator/install/shipsim_msgs_module/include/shipsim_msgs_module/shipsim_msgs_module/msg/detail/control__rosidl_typesupport_introspection_c.h
-- Installing: /home/tabuchi/shipsimulator/install/shipsim_msgs_module/include/shipsim_msgs_module/shipsim_msgs_module/msg/detail/control__type_support.c
-- Installing: /home/tabuchi/shipsimulator/install/shipsim_msgs_module/include/shipsim_msgs_module/shipsim_msgs_module/msg/rosidl_typesupport_introspection_c__visibility_control.h
-- Installing: /home/tabuchi/shipsimulator/install/shipsim_msgs_module/lib/libshipsim_msgs_module__rosidl_typesupport_introspection_c.so
-- Set runtime path of "/home/tabuchi/shipsimulator/install/shipsim_msgs_module/lib/libshipsim_msgs_module__rosidl_typesupport_introspection_c.so" to ""
-- Installing: /home/tabuchi/shipsimulator/install/shipsim_msgs_module/lib/libshipsim_msgs_module__rosidl_typesupport_c.so
-- Set runtime path of "/home/tabuchi/shipsimulator/install/shipsim_msgs_module/lib/libshipsim_msgs_module__rosidl_typesupport_c.so" to ""
-- Up-to-date: /home/tabuchi/shipsimulator/install/shipsim_msgs_module/include/shipsim_msgs_module/shipsim_msgs_module
-- Up-to-date: /home/tabuchi/shipsimulator/install/shipsim_msgs_module/include/shipsim_msgs_module/shipsim_msgs_module/msg
-- Installing: /home/tabuchi/shipsimulator/install/shipsim_msgs_module/include/shipsim_msgs_module/shipsim_msgs_module/msg/control.hpp
-- Up-to-date: /home/tabuchi/shipsimulator/install/shipsim_msgs_module/include/shipsim_msgs_module/shipsim_msgs_module/msg/detail
-- Installing: /home/tabuchi/shipsimulator/install/shipsim_msgs_module/include/shipsim_msgs_module/shipsim_msgs_module/msg/detail/control__struct.hpp
-- Installing: /home/tabuchi/shipsimulator/install/shipsim_msgs_module/include/shipsim_msgs_module/shipsim_msgs_module/msg/detail/control__traits.hpp
-- Installing: /home/tabuchi/shipsimulator/install/shipsim_msgs_module/include/shipsim_msgs_module/shipsim_msgs_module/msg/detail/control__builder.hpp
-- Up-to-date: /home/tabuchi/shipsimulator/install/shipsim_msgs_module/include/shipsim_msgs_module/shipsim_msgs_module
-- Up-to-date: /home/tabuchi/shipsimulator/install/shipsim_msgs_module/include/shipsim_msgs_module/shipsim_msgs_module/msg
-- Up-to-date: /home/tabuchi/shipsimulator/install/shipsim_msgs_module/include/shipsim_msgs_module/shipsim_msgs_module/msg/detail
-- Installing: /home/tabuchi/shipsimulator/install/shipsim_msgs_module/include/shipsim_msgs_module/shipsim_msgs_module/msg/detail/control__rosidl_typesupport_fastrtps_cpp.hpp
-- Installing: /home/tabuchi/shipsimulator/install/shipsim_msgs_module/include/shipsim_msgs_module/shipsim_msgs_module/msg/detail/dds_fastrtps
-- Installing: /home/tabuchi/shipsimulator/install/shipsim_msgs_module/include/shipsim_msgs_module/shipsim_msgs_module/msg/rosidl_typesupport_fastrtps_cpp__visibility_control.h
-- Installing: /home/tabuchi/shipsimulator/install/shipsim_msgs_module/lib/libshipsim_msgs_module__rosidl_typesupport_fastrtps_cpp.so
-- Set runtime path of "/home/tabuchi/shipsimulator/install/shipsim_msgs_module/lib/libshipsim_msgs_module__rosidl_typesupport_fastrtps_cpp.so" to ""
-- Up-to-date: /home/tabuchi/shipsimulator/install/shipsim_msgs_module/include/shipsim_msgs_module/shipsim_msgs_module
-- Up-to-date: /home/tabuchi/shipsimulator/install/shipsim_msgs_module/include/shipsim_msgs_module/shipsim_msgs_module/msg
-- Up-to-date: /home/tabuchi/shipsimulator/install/shipsim_msgs_module/include/shipsim_msgs_module/shipsim_msgs_module/msg/detail
-- Installing: /home/tabuchi/shipsimulator/install/shipsim_msgs_module/include/shipsim_msgs_module/shipsim_msgs_module/msg/detail/control__type_support.cpp
-- Installing: /home/tabuchi/shipsimulator/install/shipsim_msgs_module/include/shipsim_msgs_module/shipsim_msgs_module/msg/detail/control__rosidl_typesupport_introspection_cpp.hpp
-- Installing: /home/tabuchi/shipsimulator/install/shipsim_msgs_module/lib/libshipsim_msgs_module__rosidl_typesupport_introspection_cpp.so
-- Set runtime path of "/home/tabuchi/shipsimulator/install/shipsim_msgs_module/lib/libshipsim_msgs_module__rosidl_typesupport_introspection_cpp.so" to ""
-- Installing: /home/tabuchi/shipsimulator/install/shipsim_msgs_module/lib/libshipsim_msgs_module__rosidl_typesupport_cpp.so
-- Set runtime path of "/home/tabuchi/shipsimulator/install/shipsim_msgs_module/lib/libshipsim_msgs_module__rosidl_typesupport_cpp.so" to ""
-- Installing: /home/tabuchi/shipsimulator/install/shipsim_msgs_module/share/shipsim_msgs_module/environment/pythonpath.sh
-- Installing: /home/tabuchi/shipsimulator/install/shipsim_msgs_module/share/shipsim_msgs_module/environment/pythonpath.dsv
-- Installing: /home/tabuchi/shipsimulator/install/shipsim_msgs_module/lib/python3.10/site-packages/shipsim_msgs_module-0.0.0-py3.10.egg-info
-- Installing: /home/tabuchi/shipsimulator/install/shipsim_msgs_module/lib/python3.10/site-packages/shipsim_msgs_module-0.0.0-py3.10.egg-info/top_level.txt
-- Installing: /home/tabuchi/shipsimulator/install/shipsim_msgs_module/lib/python3.10/site-packages/shipsim_msgs_module-0.0.0-py3.10.egg-info/dependency_links.txt
-- Installing: /home/tabuchi/shipsimulator/install/shipsim_msgs_module/lib/python3.10/site-packages/shipsim_msgs_module-0.0.0-py3.10.egg-info/SOURCES.txt
-- Installing: /home/tabuchi/shipsimulator/install/shipsim_msgs_module/lib/python3.10/site-packages/shipsim_msgs_module-0.0.0-py3.10.egg-info/PKG-INFO
-- Installing: /home/tabuchi/shipsimulator/install/shipsim_msgs_module/lib/python3.10/site-packages/shipsim_msgs_module
-- Installing: /home/tabuchi/shipsimulator/install/shipsim_msgs_module/lib/python3.10/site-packages/shipsim_msgs_module/shipsim_msgs_module_s__rosidl_typesupport_c.cpython-310-x86_64-linux-gnu.so
-- Installing: /home/tabuchi/shipsimulator/install/shipsim_msgs_module/lib/python3.10/site-packages/shipsim_msgs_module/__init__.py
-- Installing: /home/tabuchi/shipsimulator/install/shipsim_msgs_module/lib/python3.10/site-packages/shipsim_msgs_module/_shipsim_msgs_module_s.ep.rosidl_typesupport_c.c
-- Installing: /home/tabuchi/shipsimulator/install/shipsim_msgs_module/lib/python3.10/site-packages/shipsim_msgs_module/_shipsim_msgs_module_s.ep.rosidl_typesupport_introspection_c.c
-- Installing: /home/tabuchi/shipsimulator/install/shipsim_msgs_module/lib/python3.10/site-packages/shipsim_msgs_module/_shipsim_msgs_module_s.ep.rosidl_typesupport_fastrtps_c.c
-- Installing: /home/tabuchi/shipsimulator/install/shipsim_msgs_module/lib/python3.10/site-packages/shipsim_msgs_module/shipsim_msgs_module_s__rosidl_typesupport_fastrtps_c.cpython-310-x86_64-linux-gnu.so
-- Installing: /home/tabuchi/shipsimulator/install/shipsim_msgs_module/lib/python3.10/site-packages/shipsim_msgs_module/shipsim_msgs_module_s__rosidl_typesupport_introspection_c.cpython-310-x86_64-linux-gnu.so
-- Installing: /home/tabuchi/shipsimulator/install/shipsim_msgs_module/lib/python3.10/site-packages/shipsim_msgs_module/msg
-- Installing: /home/tabuchi/shipsimulator/install/shipsim_msgs_module/lib/python3.10/site-packages/shipsim_msgs_module/msg/_control_s.c
-- Installing: /home/tabuchi/shipsimulator/install/shipsim_msgs_module/lib/python3.10/site-packages/shipsim_msgs_module/msg/_control.py
-- Installing: /home/tabuchi/shipsimulator/install/shipsim_msgs_module/lib/python3.10/site-packages/shipsim_msgs_module/msg/__init__.py
-- Installing: /home/tabuchi/shipsimulator/install/shipsim_msgs_module/lib/python3.10/site-packages/shipsim_msgs_module/libshipsim_msgs_module__rosidl_generator_py.so
Listing '/home/tabuchi/shipsimulator/install/shipsim_msgs_module/lib/python3.10/site-packages/shipsim_msgs_module'...
Compiling '/home/tabuchi/shipsimulator/install/shipsim_msgs_module/lib/python3.10/site-packages/shipsim_msgs_module/__init__.py'...
Listing '/home/tabuchi/shipsimulator/install/shipsim_msgs_module/lib/python3.10/site-packages/shipsim_msgs_module/msg'...
Compiling '/home/tabuchi/shipsimulator/install/shipsim_msgs_module/lib/python3.10/site-packages/shipsim_msgs_module/msg/__init__.py'...
Compiling '/home/tabuchi/shipsimulator/install/shipsim_msgs_module/lib/python3.10/site-packages/shipsim_msgs_module/msg/_control.py'...
-- Installing: /home/tabuchi/shipsimulator/install/shipsim_msgs_module/lib/python3.10/site-packages/shipsim_msgs_module/shipsim_msgs_module_s__rosidl_typesupport_fastrtps_c.cpython-310-x86_64-linux-gnu.so
-- Set runtime path of "/home/tabuchi/shipsimulator/install/shipsim_msgs_module/lib/python3.10/site-packages/shipsim_msgs_module/shipsim_msgs_module_s__rosidl_typesupport_fastrtps_c.cpython-310-x86_64-linux-gnu.so" to ""
-- Installing: /home/tabuchi/shipsimulator/install/shipsim_msgs_module/lib/python3.10/site-packages/shipsim_msgs_module/shipsim_msgs_module_s__rosidl_typesupport_introspection_c.cpython-310-x86_64-linux-gnu.so
-- Set runtime path of "/home/tabuchi/shipsimulator/install/shipsim_msgs_module/lib/python3.10/site-packages/shipsim_msgs_module/shipsim_msgs_module_s__rosidl_typesupport_introspection_c.cpython-310-x86_64-linux-gnu.so" to ""
-- Installing: /home/tabuchi/shipsimulator/install/shipsim_msgs_module/lib/python3.10/site-packages/shipsim_msgs_module/shipsim_msgs_module_s__rosidl_typesupport_c.cpython-310-x86_64-linux-gnu.so
-- Set runtime path of "/home/tabuchi/shipsimulator/install/shipsim_msgs_module/lib/python3.10/site-packages/shipsim_msgs_module/shipsim_msgs_module_s__rosidl_typesupport_c.cpython-310-x86_64-linux-gnu.so" to ""
-- Installing: /home/tabuchi/shipsimulator/install/shipsim_msgs_module/lib/libshipsim_msgs_module__rosidl_generator_py.so
-- Set runtime path of "/home/tabuchi/shipsimulator/install/shipsim_msgs_module/lib/libshipsim_msgs_module__rosidl_generator_py.so" to ""
-- Installing: /home/tabuchi/shipsimulator/install/shipsim_msgs_module/share/shipsim_msgs_module/msg/Control.idl
-- Installing: /home/tabuchi/shipsimulator/install/shipsim_msgs_module/share/shipsim_msgs_module/msg/Control.msg
-- Installing: /home/tabuchi/shipsimulator/install/shipsim_msgs_module/share/ament_index/resource_index/package_run_dependencies/shipsim_msgs_module
-- Installing: /home/tabuchi/shipsimulator/install/shipsim_msgs_module/share/ament_index/resource_index/parent_prefix_path/shipsim_msgs_module
-- Installing: /home/tabuchi/shipsimulator/install/shipsim_msgs_module/share/shipsim_msgs_module/environment/ament_prefix_path.sh
-- Installing: /home/tabuchi/shipsimulator/install/shipsim_msgs_module/share/shipsim_msgs_module/environment/ament_prefix_path.dsv
-- Installing: /home/tabuchi/shipsimulator/install/shipsim_msgs_module/share/shipsim_msgs_module/environment/path.sh
-- Installing: /home/tabuchi/shipsimulator/install/shipsim_msgs_module/share/shipsim_msgs_module/environment/path.dsv
-- Installing: /home/tabuchi/shipsimulator/install/shipsim_msgs_module/share/shipsim_msgs_module/local_setup.bash
-- Installing: /home/tabuchi/shipsimulator/install/shipsim_msgs_module/share/shipsim_msgs_module/local_setup.sh
-- Installing: /home/tabuchi/shipsimulator/install/shipsim_msgs_module/share/shipsim_msgs_module/local_setup.zsh
-- Installing: /home/tabuchi/shipsimulator/install/shipsim_msgs_module/share/shipsim_msgs_module/local_setup.dsv
-- Installing: /home/tabuchi/shipsimulator/install/shipsim_msgs_module/share/shipsim_msgs_module/package.dsv
-- Installing: /home/tabuchi/shipsimulator/install/shipsim_msgs_module/share/ament_index/resource_index/packages/shipsim_msgs_module
-- Installing: /home/tabuchi/shipsimulator/install/shipsim_msgs_module/share/shipsim_msgs_module/cmake/export_shipsim_msgs_module__rosidl_generator_cExport.cmake
-- Installing: /home/tabuchi/shipsimulator/install/shipsim_msgs_module/share/shipsim_msgs_module/cmake/export_shipsim_msgs_module__rosidl_generator_cExport-noconfig.cmake
-- Installing: /home/tabuchi/shipsimulator/install/shipsim_msgs_module/share/shipsim_msgs_module/cmake/export_shipsim_msgs_module__rosidl_typesupport_fastrtps_cExport.cmake
-- Installing: /home/tabuchi/shipsimulator/install/shipsim_msgs_module/share/shipsim_msgs_module/cmake/export_shipsim_msgs_module__rosidl_typesupport_fastrtps_cExport-noconfig.cmake
-- Installing: /home/tabuchi/shipsimulator/install/shipsim_msgs_module/share/shipsim_msgs_module/cmake/shipsim_msgs_module__rosidl_typesupport_introspection_cExport.cmake
-- Installing: /home/tabuchi/shipsimulator/install/shipsim_msgs_module/share/shipsim_msgs_module/cmake/shipsim_msgs_module__rosidl_typesupport_introspection_cExport-noconfig.cmake
-- Installing: /home/tabuchi/shipsimulator/install/shipsim_msgs_module/share/shipsim_msgs_module/cmake/shipsim_msgs_module__rosidl_typesupport_cExport.cmake
-- Installing: /home/tabuchi/shipsimulator/install/shipsim_msgs_module/share/shipsim_msgs_module/cmake/shipsim_msgs_module__rosidl_typesupport_cExport-noconfig.cmake
-- Installing: /home/tabuchi/shipsimulator/install/shipsim_msgs_module/share/shipsim_msgs_module/cmake/export_shipsim_msgs_module__rosidl_generator_cppExport.cmake
-- Installing: /home/tabuchi/shipsimulator/install/shipsim_msgs_module/share/shipsim_msgs_module/cmake/export_shipsim_msgs_module__rosidl_typesupport_fastrtps_cppExport.cmake
-- Installing: /home/tabuchi/shipsimulator/install/shipsim_msgs_module/share/shipsim_msgs_module/cmake/export_shipsim_msgs_module__rosidl_typesupport_fastrtps_cppExport-noconfig.cmake
-- Installing: /home/tabuchi/shipsimulator/install/shipsim_msgs_module/share/shipsim_msgs_module/cmake/shipsim_msgs_module__rosidl_typesupport_introspection_cppExport.cmake
-- Installing: /home/tabuchi/shipsimulator/install/shipsim_msgs_module/share/shipsim_msgs_module/cmake/shipsim_msgs_module__rosidl_typesupport_introspection_cppExport-noconfig.cmake
-- Installing: /home/tabuchi/shipsimulator/install/shipsim_msgs_module/share/shipsim_msgs_module/cmake/shipsim_msgs_module__rosidl_typesupport_cppExport.cmake
-- Installing: /home/tabuchi/shipsimulator/install/shipsim_msgs_module/share/shipsim_msgs_module/cmake/shipsim_msgs_module__rosidl_typesupport_cppExport-noconfig.cmake
-- Installing: /home/tabuchi/shipsimulator/install/shipsim_msgs_module/share/shipsim_msgs_module/cmake/export_shipsim_msgs_module__rosidl_generator_pyExport.cmake
-- Installing: /home/tabuchi/shipsimulator/install/shipsim_msgs_module/share/shipsim_msgs_module/cmake/export_shipsim_msgs_module__rosidl_generator_pyExport-noconfig.cmake
-- Installing: /home/tabuchi/shipsimulator/install/shipsim_msgs_module/share/shipsim_msgs_module/cmake/rosidl_cmake-extras.cmake
-- Installing: /home/tabuchi/shipsimulator/install/shipsim_msgs_module/share/shipsim_msgs_module/cmake/ament_cmake_export_include_directories-extras.cmake
-- Installing: /home/tabuchi/shipsimulator/install/shipsim_msgs_module/share/shipsim_msgs_module/cmake/ament_cmake_export_libraries-extras.cmake
-- Installing: /home/tabuchi/shipsimulator/install/shipsim_msgs_module/share/shipsim_msgs_module/cmake/ament_cmake_export_targets-extras.cmake
-- Installing: /home/tabuchi/shipsimulator/install/shipsim_msgs_module/share/shipsim_msgs_module/cmake/rosidl_cmake_export_typesupport_targets-extras.cmake
-- Installing: /home/tabuchi/shipsimulator/install/shipsim_msgs_module/share/shipsim_msgs_module/cmake/ament_cmake_export_dependencies-extras.cmake
-- Installing: /home/tabuchi/shipsimulator/install/shipsim_msgs_module/share/shipsim_msgs_module/cmake/rosidl_cmake_export_typesupport_libraries-extras.cmake
-- Installing: /home/tabuchi/shipsimulator/install/shipsim_msgs_module/share/shipsim_msgs_module/cmake/shipsim_msgs_moduleConfig.cmake
-- Installing: /home/tabuchi/shipsimulator/install/shipsim_msgs_module/share/shipsim_msgs_module/cmake/shipsim_msgs_moduleConfig-version.cmake
-- Installing: /home/tabuchi/shipsimulator/install/shipsim_msgs_module/share/shipsim_msgs_module/package.xml
