[1.261s] Invoking command in '/home/tabuchi/shipsimulator/build/shipsim_msgs_module': CMAKE_PREFIX_PATH=/opt/ros/humble /usr/bin/cmake /home/tabuchi/shipsimulator/src/shipsim_msgs_module -DCMAKE_INSTALL_PREFIX=/home/tabuchi/shipsimulator/install/shipsim_msgs_module
[1.343s] -- The C compiler identification is GNU 11.4.0
[1.432s] -- The CXX compiler identification is GNU 11.4.0
[1.442s] -- Detecting C compiler ABI info
[1.506s] -- Detecting C compiler ABI info - done
[1.521s] -- Check for working C compiler: /usr/bin/cc - skipped
[1.522s] -- Detecting C compile features
[1.522s] -- Detecting C compile features - done
[1.526s] -- Detecting CXX compiler ABI info
[1.605s] -- Detecting CXX compiler ABI info - done
[1.615s] -- Check for working CXX compiler: /usr/bin/c++ - skipped
[1.615s] -- Detecting CXX compile features
[1.616s] -- Detecting CXX compile features - done
[1.618s] -- Found ament_cmake: 1.3.5 (/opt/ros/humble/share/ament_cmake/cmake)
[1.775s] -- Found Python3: /usr/local/bin/python3.10 (found version "3.10.4") found components: Interpreter 
[1.890s] -- Found rosidl_default_generators: 1.2.0 (/opt/ros/humble/share/rosidl_default_generators/cmake)
[1.896s] -- Using all available rosidl_typesupport_c: rosidl_typesupport_fastrtps_c;rosidl_typesupport_introspection_c
[1.906s] -- Found rosidl_adapter: 3.1.4 (/opt/ros/humble/share/rosidl_adapter/cmake)
[1.988s] -- Using all available rosidl_typesupport_cpp: rosidl_typesupport_fastrtps_cpp;rosidl_typesupport_introspection_cpp
[2.501s] -- Found ament_cmake_ros: 0.10.0 (/opt/ros/humble/share/ament_cmake_ros/cmake)
[2.961s] -- Using all available rosidl_typesupport_c: rosidl_typesupport_fastrtps_c;rosidl_typesupport_introspection_c
[3.501s] -- Using all available rosidl_typesupport_cpp: rosidl_typesupport_fastrtps_cpp;rosidl_typesupport_introspection_cpp
[3.551s] -- Found PythonInterp: /usr/local/bin/python3 (found suitable version "3.10.4", minimum required is "3.6") 
[3.554s] -- Found python_cmake_module: 0.10.0 (/opt/ros/humble/share/python_cmake_module/cmake)
[3.602s] -- Found PythonLibs: /usr/lib/x86_64-linux-gnu/libpython3.10.so (found suitable version "3.10.4", minimum required is "3.5") 
[3.602s] -- Using PYTHON_EXECUTABLE: /usr/local/bin/python3
[3.603s] -- Using PYTHON_INCLUDE_DIRS: /usr/local/include/python3.10
[3.603s] -- Using PYTHON_LIBRARIES: /usr/lib/x86_64-linux-gnu/libpython3.10.so
[3.641s] -- Found PythonExtra: .so  
[4.070s] -- Using numpy include directory: /usr/local/lib/python3.10/site-packages/numpy/core/include
[4.085s] -- Found ament_lint_auto: 0.12.6 (/opt/ros/humble/share/ament_lint_auto/cmake)
[4.130s] -- Added test 'lint_cmake' to check CMake code style
[4.132s] -- Added test 'xmllint' to check XML markup files
[4.138s] -- Configuring done
[4.199s] -- Generating done
[4.204s] -- Build files have been written to: /home/tabuchi/shipsimulator/build/shipsim_msgs_module
[4.216s] Invoked command in '/home/tabuchi/shipsimulator/build/shipsim_msgs_module' returned '0': CMAKE_PREFIX_PATH=/opt/ros/humble /usr/bin/cmake /home/tabuchi/shipsimulator/src/shipsim_msgs_module -DCMAKE_INSTALL_PREFIX=/home/tabuchi/shipsimulator/install/shipsim_msgs_module
[4.221s] Invoking command in '/home/tabuchi/shipsimulator/build/shipsim_msgs_module': CMAKE_PREFIX_PATH=/opt/ros/humble /usr/bin/cmake --build /home/tabuchi/shipsimulator/build/shipsim_msgs_module -- -j12 -l12
[4.274s] [  3%] [34m[1mGenerating C code for ROS interfaces[0m
[4.288s] [  6%] [34m[1mGenerating C++ code for ROS interfaces[0m
[4.304s] [  6%] Built target ament_cmake_python_copy_shipsim_msgs_module
[4.678s] running egg_info
[4.678s] creating shipsim_msgs_module.egg-info
[4.679s] writing shipsim_msgs_module.egg-info/PKG-INFO
[4.679s] writing dependency_links to shipsim_msgs_module.egg-info/dependency_links.txt
[4.679s] writing top-level names to shipsim_msgs_module.egg-info/top_level.txt
[4.679s] writing manifest file 'shipsim_msgs_module.egg-info/SOURCES.txt'
[4.681s] reading manifest file 'shipsim_msgs_module.egg-info/SOURCES.txt'
[4.681s] writing manifest file 'shipsim_msgs_module.egg-info/SOURCES.txt'
[4.705s] [  6%] Built target ament_cmake_python_build_shipsim_msgs_module_egg
[4.715s] [  6%] Built target shipsim_msgs_module__cpp
[4.723s] [ 16%] [34m[1mGenerating C++ type support for eProsima Fast-RTPS[0m
[4.723s] [ 16%] [34m[1mGenerating C++ introspection for ROS interfaces[0m
[4.723s] [ 16%] [34m[1mGenerating C++ type support dispatch for ROS interfaces[0m
[4.726s] [ 19%] [32mBuilding C object CMakeFiles/shipsim_msgs_module__rosidl_generator_c.dir/rosidl_generator_c/shipsim_msgs_module/msg/detail/control__functions.c.o[0m
[4.776s] [ 22%] [32m[1mLinking C shared library libshipsim_msgs_module__rosidl_generator_c.so[0m
[4.806s] [ 22%] Built target shipsim_msgs_module__rosidl_generator_c
[4.815s] [ 32%] [34m[1mGenerating C introspection for ROS interfaces[0m
[4.815s] [ 32%] [34m[1mGenerating C type support for eProsima Fast-RTPS[0m
[4.815s] [ 32%] [34m[1mGenerating C type support dispatch for ROS interfaces[0m
[4.976s] [ 35%] [32mBuilding CXX object CMakeFiles/shipsim_msgs_module__rosidl_typesupport_cpp.dir/rosidl_typesupport_cpp/shipsim_msgs_module/msg/control__type_support.cpp.o[0m
[4.997s] [ 38%] [32mBuilding CXX object CMakeFiles/shipsim_msgs_module__rosidl_typesupport_introspection_cpp.dir/rosidl_typesupport_introspection_cpp/shipsim_msgs_module/msg/detail/control__type_support.cpp.o[0m
[5.010s] [ 41%] [32mBuilding CXX object CMakeFiles/shipsim_msgs_module__rosidl_typesupport_fastrtps_cpp.dir/rosidl_typesupport_fastrtps_cpp/shipsim_msgs_module/msg/detail/dds_fastrtps/control__type_support.cpp.o[0m
[5.079s] [ 45%] [32mBuilding CXX object CMakeFiles/shipsim_msgs_module__rosidl_typesupport_c.dir/rosidl_typesupport_c/shipsim_msgs_module/msg/control__type_support.cpp.o[0m
[5.106s] [ 51%] [32mBuilding CXX object CMakeFiles/shipsim_msgs_module__rosidl_typesupport_fastrtps_c.dir/rosidl_typesupport_fastrtps_c/shipsim_msgs_module/msg/detail/control__type_support_c.cpp.o[0m
[5.106s] [ 51%] [32mBuilding C object CMakeFiles/shipsim_msgs_module__rosidl_typesupport_introspection_c.dir/rosidl_typesupport_introspection_c/shipsim_msgs_module/msg/detail/control__type_support.c.o[0m
[5.107s] [ 54%] [32m[1mLinking CXX shared library libshipsim_msgs_module__rosidl_typesupport_c.so[0m
[5.138s] [ 58%] [32m[1mLinking C shared library libshipsim_msgs_module__rosidl_typesupport_introspection_c.so[0m
[5.147s] [ 58%] Built target shipsim_msgs_module__rosidl_typesupport_c
[5.168s] [ 58%] Built target shipsim_msgs_module__rosidl_typesupport_introspection_c
[5.266s] [ 61%] [32m[1mLinking CXX shared library libshipsim_msgs_module__rosidl_typesupport_cpp.so[0m
[5.302s] [ 61%] Built target shipsim_msgs_module__rosidl_typesupport_cpp
[5.376s] [ 64%] [32m[1mLinking CXX shared library libshipsim_msgs_module__rosidl_typesupport_introspection_cpp.so[0m
[5.408s] [ 67%] [32m[1mLinking CXX shared library libshipsim_msgs_module__rosidl_typesupport_fastrtps_cpp.so[0m
[5.411s] [ 67%] Built target shipsim_msgs_module__rosidl_typesupport_introspection_cpp
[5.429s] [ 70%] [32m[1mLinking CXX shared library libshipsim_msgs_module__rosidl_typesupport_fastrtps_c.so[0m
[5.477s] [ 70%] Built target shipsim_msgs_module__rosidl_typesupport_fastrtps_cpp
[5.501s] [ 70%] Built target shipsim_msgs_module__rosidl_typesupport_fastrtps_c
[5.522s] [ 70%] Built target shipsim_msgs_module
[5.555s] [ 74%] [34m[1mGenerating Python code for ROS interfaces[0m
[6.004s] [ 74%] Built target shipsim_msgs_module__py
[6.018s] [ 77%] [32mBuilding C object CMakeFiles/shipsim_msgs_module__rosidl_generator_py.dir/rosidl_generator_py/shipsim_msgs_module/msg/_control_s.c.o[0m
[6.212s] [ 80%] [32m[1mLinking C shared library rosidl_generator_py/shipsim_msgs_module/libshipsim_msgs_module__rosidl_generator_py.so[0m
[6.287s] [ 80%] Built target shipsim_msgs_module__rosidl_generator_py
[6.330s] [ 83%] [32mBuilding C object CMakeFiles/shipsim_msgs_module__rosidl_typesupport_fastrtps_c__pyext.dir/rosidl_generator_py/shipsim_msgs_module/_shipsim_msgs_module_s.ep.rosidl_typesupport_fastrtps_c.c.o[0m
[6.332s] [ 87%] [32mBuilding C object CMakeFiles/shipsim_msgs_module__rosidl_typesupport_c__pyext.dir/rosidl_generator_py/shipsim_msgs_module/_shipsim_msgs_module_s.ep.rosidl_typesupport_c.c.o[0m
[6.334s] [ 90%] [32mBuilding C object CMakeFiles/shipsim_msgs_module__rosidl_typesupport_introspection_c__pyext.dir/rosidl_generator_py/shipsim_msgs_module/_shipsim_msgs_module_s.ep.rosidl_typesupport_introspection_c.c.o[0m
[6.565s] [ 96%] [32m[1mLinking C shared library rosidl_generator_py/shipsim_msgs_module/shipsim_msgs_module_s__rosidl_typesupport_c.cpython-310-x86_64-linux-gnu.so[0m
[6.565s] [ 96%] [32m[1mLinking C shared library rosidl_generator_py/shipsim_msgs_module/shipsim_msgs_module_s__rosidl_typesupport_fastrtps_c.cpython-310-x86_64-linux-gnu.so[0m
[6.587s] [100%] [32m[1mLinking C shared library rosidl_generator_py/shipsim_msgs_module/shipsim_msgs_module_s__rosidl_typesupport_introspection_c.cpython-310-x86_64-linux-gnu.so[0m
[6.642s] [100%] Built target shipsim_msgs_module__rosidl_typesupport_c__pyext
[6.647s] [100%] Built target shipsim_msgs_module__rosidl_typesupport_fastrtps_c__pyext
[6.668s] [100%] Built target shipsim_msgs_module__rosidl_typesupport_introspection_c__pyext
[6.695s] Invoked command in '/home/tabuchi/shipsimulator/build/shipsim_msgs_module' returned '0': CMAKE_PREFIX_PATH=/opt/ros/humble /usr/bin/cmake --build /home/tabuchi/shipsimulator/build/shipsim_msgs_module -- -j12 -l12
[6.837s] Invoking command in '/home/tabuchi/shipsimulator/build/shipsim_msgs_module': CMAKE_PREFIX_PATH=/opt/ros/humble /usr/bin/cmake --install /home/tabuchi/shipsimulator/build/shipsim_msgs_module
[6.854s] -- Install configuration: ""
[6.855s] -- Installing: /home/tabuchi/shipsimulator/install/shipsim_msgs_module/share/ament_index/resource_index/rosidl_interfaces/shipsim_msgs_module
[6.855s] -- Installing: /home/tabuchi/shipsimulator/install/shipsim_msgs_module/include/shipsim_msgs_module/shipsim_msgs_module
[6.856s] -- Installing: /home/tabuchi/shipsimulator/install/shipsim_msgs_module/include/shipsim_msgs_module/shipsim_msgs_module/msg
[6.856s] -- Installing: /home/tabuchi/shipsimulator/install/shipsim_msgs_module/include/shipsim_msgs_module/shipsim_msgs_module/msg/control.h
[6.857s] -- Installing: /home/tabuchi/shipsimulator/install/shipsim_msgs_module/include/shipsim_msgs_module/shipsim_msgs_module/msg/rosidl_generator_c__visibility_control.h
[6.857s] -- Installing: /home/tabuchi/shipsimulator/install/shipsim_msgs_module/include/shipsim_msgs_module/shipsim_msgs_module/msg/detail
[6.857s] -- Installing: /home/tabuchi/shipsimulator/install/shipsim_msgs_module/include/shipsim_msgs_module/shipsim_msgs_module/msg/detail/control__struct.h
[6.857s] -- Installing: /home/tabuchi/shipsimulator/install/shipsim_msgs_module/include/shipsim_msgs_module/shipsim_msgs_module/msg/detail/control__type_support.h
[6.857s] -- Installing: /home/tabuchi/shipsimulator/install/shipsim_msgs_module/include/shipsim_msgs_module/shipsim_msgs_module/msg/detail/control__functions.h
[6.858s] -- Installing: /home/tabuchi/shipsimulator/install/shipsim_msgs_module/include/shipsim_msgs_module/shipsim_msgs_module/msg/detail/control__functions.c
[6.858s] -- Installing: /home/tabuchi/shipsimulator/install/shipsim_msgs_module/share/shipsim_msgs_module/environment/library_path.sh
[6.858s] -- Installing: /home/tabuchi/shipsimulator/install/shipsim_msgs_module/share/shipsim_msgs_module/environment/library_path.dsv
[6.858s] -- Installing: /home/tabuchi/shipsimulator/install/shipsim_msgs_module/lib/libshipsim_msgs_module__rosidl_generator_c.so
[6.859s] -- Set runtime path of "/home/tabuchi/shipsimulator/install/shipsim_msgs_module/lib/libshipsim_msgs_module__rosidl_generator_c.so" to ""
[6.859s] -- Up-to-date: /home/tabuchi/shipsimulator/install/shipsim_msgs_module/include/shipsim_msgs_module/shipsim_msgs_module
[6.859s] -- Up-to-date: /home/tabuchi/shipsimulator/install/shipsim_msgs_module/include/shipsim_msgs_module/shipsim_msgs_module/msg
[6.860s] -- Up-to-date: /home/tabuchi/shipsimulator/install/shipsim_msgs_module/include/shipsim_msgs_module/shipsim_msgs_module/msg/detail
[6.860s] -- Installing: /home/tabuchi/shipsimulator/install/shipsim_msgs_module/include/shipsim_msgs_module/shipsim_msgs_module/msg/detail/control__rosidl_typesupport_fastrtps_c.h
[6.860s] -- Installing: /home/tabuchi/shipsimulator/install/shipsim_msgs_module/include/shipsim_msgs_module/shipsim_msgs_module/msg/rosidl_typesupport_fastrtps_c__visibility_control.h
[6.860s] -- Installing: /home/tabuchi/shipsimulator/install/shipsim_msgs_module/lib/libshipsim_msgs_module__rosidl_typesupport_fastrtps_c.so
[6.861s] -- Set runtime path of "/home/tabuchi/shipsimulator/install/shipsim_msgs_module/lib/libshipsim_msgs_module__rosidl_typesupport_fastrtps_c.so" to ""
[6.861s] -- Up-to-date: /home/tabuchi/shipsimulator/install/shipsim_msgs_module/include/shipsim_msgs_module/shipsim_msgs_module
[6.861s] -- Up-to-date: /home/tabuchi/shipsimulator/install/shipsim_msgs_module/include/shipsim_msgs_module/shipsim_msgs_module/msg
[6.861s] -- Up-to-date: /home/tabuchi/shipsimulator/install/shipsim_msgs_module/include/shipsim_msgs_module/shipsim_msgs_module/msg/detail
[6.861s] -- Installing: /home/tabuchi/shipsimulator/install/shipsim_msgs_module/include/shipsim_msgs_module/shipsim_msgs_module/msg/detail/control__rosidl_typesupport_introspection_c.h
[6.861s] -- Installing: /home/tabuchi/shipsimulator/install/shipsim_msgs_module/include/shipsim_msgs_module/shipsim_msgs_module/msg/detail/control__type_support.c
[6.861s] -- Installing: /home/tabuchi/shipsimulator/install/shipsim_msgs_module/include/shipsim_msgs_module/shipsim_msgs_module/msg/rosidl_typesupport_introspection_c__visibility_control.h
[6.861s] -- Installing: /home/tabuchi/shipsimulator/install/shipsim_msgs_module/lib/libshipsim_msgs_module__rosidl_typesupport_introspection_c.so
[6.861s] -- Set runtime path of "/home/tabuchi/shipsimulator/install/shipsim_msgs_module/lib/libshipsim_msgs_module__rosidl_typesupport_introspection_c.so" to ""
[6.861s] -- Installing: /home/tabuchi/shipsimulator/install/shipsim_msgs_module/lib/libshipsim_msgs_module__rosidl_typesupport_c.so
[6.861s] -- Set runtime path of "/home/tabuchi/shipsimulator/install/shipsim_msgs_module/lib/libshipsim_msgs_module__rosidl_typesupport_c.so" to ""
[6.862s] -- Up-to-date: /home/tabuchi/shipsimulator/install/shipsim_msgs_module/include/shipsim_msgs_module/shipsim_msgs_module
[6.862s] -- Up-to-date: /home/tabuchi/shipsimulator/install/shipsim_msgs_module/include/shipsim_msgs_module/shipsim_msgs_module/msg
[6.862s] -- Installing: /home/tabuchi/shipsimulator/install/shipsim_msgs_module/include/shipsim_msgs_module/shipsim_msgs_module/msg/control.hpp
[6.862s] -- Up-to-date: /home/tabuchi/shipsimulator/install/shipsim_msgs_module/include/shipsim_msgs_module/shipsim_msgs_module/msg/detail
[6.862s] -- Installing: /home/tabuchi/shipsimulator/install/shipsim_msgs_module/include/shipsim_msgs_module/shipsim_msgs_module/msg/detail/control__struct.hpp
[6.862s] -- Installing: /home/tabuchi/shipsimulator/install/shipsim_msgs_module/include/shipsim_msgs_module/shipsim_msgs_module/msg/detail/control__traits.hpp
[6.862s] -- Installing: /home/tabuchi/shipsimulator/install/shipsim_msgs_module/include/shipsim_msgs_module/shipsim_msgs_module/msg/detail/control__builder.hpp
[6.862s] -- Up-to-date: /home/tabuchi/shipsimulator/install/shipsim_msgs_module/include/shipsim_msgs_module/shipsim_msgs_module
[6.863s] -- Up-to-date: /home/tabuchi/shipsimulator/install/shipsim_msgs_module/include/shipsim_msgs_module/shipsim_msgs_module/msg
[6.863s] -- Up-to-date: /home/tabuchi/shipsimulator/install/shipsim_msgs_module/include/shipsim_msgs_module/shipsim_msgs_module/msg/detail
[6.863s] -- Installing: /home/tabuchi/shipsimulator/install/shipsim_msgs_module/include/shipsim_msgs_module/shipsim_msgs_module/msg/detail/control__rosidl_typesupport_fastrtps_cpp.hpp
[6.863s] -- Installing: /home/tabuchi/shipsimulator/install/shipsim_msgs_module/include/shipsim_msgs_module/shipsim_msgs_module/msg/detail/dds_fastrtps
[6.863s] -- Installing: /home/tabuchi/shipsimulator/install/shipsim_msgs_module/include/shipsim_msgs_module/shipsim_msgs_module/msg/rosidl_typesupport_fastrtps_cpp__visibility_control.h
[6.863s] -- Installing: /home/tabuchi/shipsimulator/install/shipsim_msgs_module/lib/libshipsim_msgs_module__rosidl_typesupport_fastrtps_cpp.so
[6.863s] -- Set runtime path of "/home/tabuchi/shipsimulator/install/shipsim_msgs_module/lib/libshipsim_msgs_module__rosidl_typesupport_fastrtps_cpp.so" to ""
[6.863s] -- Up-to-date: /home/tabuchi/shipsimulator/install/shipsim_msgs_module/include/shipsim_msgs_module/shipsim_msgs_module
[6.863s] -- Up-to-date: /home/tabuchi/shipsimulator/install/shipsim_msgs_module/include/shipsim_msgs_module/shipsim_msgs_module/msg
[6.864s] -- Up-to-date: /home/tabuchi/shipsimulator/install/shipsim_msgs_module/include/shipsim_msgs_module/shipsim_msgs_module/msg/detail
[6.864s] -- Installing: /home/tabuchi/shipsimulator/install/shipsim_msgs_module/include/shipsim_msgs_module/shipsim_msgs_module/msg/detail/control__type_support.cpp
[6.864s] -- Installing: /home/tabuchi/shipsimulator/install/shipsim_msgs_module/include/shipsim_msgs_module/shipsim_msgs_module/msg/detail/control__rosidl_typesupport_introspection_cpp.hpp
[6.864s] -- Installing: /home/tabuchi/shipsimulator/install/shipsim_msgs_module/lib/libshipsim_msgs_module__rosidl_typesupport_introspection_cpp.so
[6.864s] -- Set runtime path of "/home/tabuchi/shipsimulator/install/shipsim_msgs_module/lib/libshipsim_msgs_module__rosidl_typesupport_introspection_cpp.so" to ""
[6.864s] -- Installing: /home/tabuchi/shipsimulator/install/shipsim_msgs_module/lib/libshipsim_msgs_module__rosidl_typesupport_cpp.so
[6.864s] -- Set runtime path of "/home/tabuchi/shipsimulator/install/shipsim_msgs_module/lib/libshipsim_msgs_module__rosidl_typesupport_cpp.so" to ""
[6.864s] -- Installing: /home/tabuchi/shipsimulator/install/shipsim_msgs_module/share/shipsim_msgs_module/environment/pythonpath.sh
[6.864s] -- Installing: /home/tabuchi/shipsimulator/install/shipsim_msgs_module/share/shipsim_msgs_module/environment/pythonpath.dsv
[6.864s] -- Installing: /home/tabuchi/shipsimulator/install/shipsim_msgs_module/lib/python3.10/site-packages/shipsim_msgs_module-0.0.0-py3.10.egg-info
[6.874s] -- Installing: /home/tabuchi/shipsimulator/install/shipsim_msgs_module/lib/python3.10/site-packages/shipsim_msgs_module-0.0.0-py3.10.egg-info/top_level.txt
[6.874s] -- Installing: /home/tabuchi/shipsimulator/install/shipsim_msgs_module/lib/python3.10/site-packages/shipsim_msgs_module-0.0.0-py3.10.egg-info/dependency_links.txt
[6.874s] -- Installing: /home/tabuchi/shipsimulator/install/shipsim_msgs_module/lib/python3.10/site-packages/shipsim_msgs_module-0.0.0-py3.10.egg-info/SOURCES.txt
[6.875s] -- Installing: /home/tabuchi/shipsimulator/install/shipsim_msgs_module/lib/python3.10/site-packages/shipsim_msgs_module-0.0.0-py3.10.egg-info/PKG-INFO
[6.875s] -- Installing: /home/tabuchi/shipsimulator/install/shipsim_msgs_module/lib/python3.10/site-packages/shipsim_msgs_module
[6.875s] -- Installing: /home/tabuchi/shipsimulator/install/shipsim_msgs_module/lib/python3.10/site-packages/shipsim_msgs_module/shipsim_msgs_module_s__rosidl_typesupport_c.cpython-310-x86_64-linux-gnu.so
[6.875s] -- Installing: /home/tabuchi/shipsimulator/install/shipsim_msgs_module/lib/python3.10/site-packages/shipsim_msgs_module/__init__.py
[6.875s] -- Installing: /home/tabuchi/shipsimulator/install/shipsim_msgs_module/lib/python3.10/site-packages/shipsim_msgs_module/_shipsim_msgs_module_s.ep.rosidl_typesupport_c.c
[6.875s] -- Installing: /home/tabuchi/shipsimulator/install/shipsim_msgs_module/lib/python3.10/site-packages/shipsim_msgs_module/_shipsim_msgs_module_s.ep.rosidl_typesupport_introspection_c.c
[6.875s] -- Installing: /home/tabuchi/shipsimulator/install/shipsim_msgs_module/lib/python3.10/site-packages/shipsim_msgs_module/_shipsim_msgs_module_s.ep.rosidl_typesupport_fastrtps_c.c
[6.875s] -- Installing: /home/tabuchi/shipsimulator/install/shipsim_msgs_module/lib/python3.10/site-packages/shipsim_msgs_module/shipsim_msgs_module_s__rosidl_typesupport_fastrtps_c.cpython-310-x86_64-linux-gnu.so
[6.875s] -- Installing: /home/tabuchi/shipsimulator/install/shipsim_msgs_module/lib/python3.10/site-packages/shipsim_msgs_module/shipsim_msgs_module_s__rosidl_typesupport_introspection_c.cpython-310-x86_64-linux-gnu.so
[6.875s] -- Installing: /home/tabuchi/shipsimulator/install/shipsim_msgs_module/lib/python3.10/site-packages/shipsim_msgs_module/msg
[6.875s] -- Installing: /home/tabuchi/shipsimulator/install/shipsim_msgs_module/lib/python3.10/site-packages/shipsim_msgs_module/msg/_control_s.c
[6.875s] -- Installing: /home/tabuchi/shipsimulator/install/shipsim_msgs_module/lib/python3.10/site-packages/shipsim_msgs_module/msg/_control.py
[6.875s] -- Installing: /home/tabuchi/shipsimulator/install/shipsim_msgs_module/lib/python3.10/site-packages/shipsim_msgs_module/msg/__init__.py
[6.876s] -- Installing: /home/tabuchi/shipsimulator/install/shipsim_msgs_module/lib/python3.10/site-packages/shipsim_msgs_module/libshipsim_msgs_module__rosidl_generator_py.so
[6.906s] Listing '/home/tabuchi/shipsimulator/install/shipsim_msgs_module/lib/python3.10/site-packages/shipsim_msgs_module'...
[6.906s] Compiling '/home/tabuchi/shipsimulator/install/shipsim_msgs_module/lib/python3.10/site-packages/shipsim_msgs_module/__init__.py'...
[6.906s] Listing '/home/tabuchi/shipsimulator/install/shipsim_msgs_module/lib/python3.10/site-packages/shipsim_msgs_module/msg'...
[6.906s] Compiling '/home/tabuchi/shipsimulator/install/shipsim_msgs_module/lib/python3.10/site-packages/shipsim_msgs_module/msg/__init__.py'...
[6.906s] Compiling '/home/tabuchi/shipsimulator/install/shipsim_msgs_module/lib/python3.10/site-packages/shipsim_msgs_module/msg/_control.py'...
[6.910s] -- Installing: /home/tabuchi/shipsimulator/install/shipsim_msgs_module/lib/python3.10/site-packages/shipsim_msgs_module/shipsim_msgs_module_s__rosidl_typesupport_fastrtps_c.cpython-310-x86_64-linux-gnu.so
[6.910s] -- Set runtime path of "/home/tabuchi/shipsimulator/install/shipsim_msgs_module/lib/python3.10/site-packages/shipsim_msgs_module/shipsim_msgs_module_s__rosidl_typesupport_fastrtps_c.cpython-310-x86_64-linux-gnu.so" to ""
[6.910s] -- Installing: /home/tabuchi/shipsimulator/install/shipsim_msgs_module/lib/python3.10/site-packages/shipsim_msgs_module/shipsim_msgs_module_s__rosidl_typesupport_introspection_c.cpython-310-x86_64-linux-gnu.so
[6.910s] -- Set runtime path of "/home/tabuchi/shipsimulator/install/shipsim_msgs_module/lib/python3.10/site-packages/shipsim_msgs_module/shipsim_msgs_module_s__rosidl_typesupport_introspection_c.cpython-310-x86_64-linux-gnu.so" to ""
[6.910s] -- Installing: /home/tabuchi/shipsimulator/install/shipsim_msgs_module/lib/python3.10/site-packages/shipsim_msgs_module/shipsim_msgs_module_s__rosidl_typesupport_c.cpython-310-x86_64-linux-gnu.so
[6.911s] -- Set runtime path of "/home/tabuchi/shipsimulator/install/shipsim_msgs_module/lib/python3.10/site-packages/shipsim_msgs_module/shipsim_msgs_module_s__rosidl_typesupport_c.cpython-310-x86_64-linux-gnu.so" to ""
[6.911s] -- Installing: /home/tabuchi/shipsimulator/install/shipsim_msgs_module/lib/libshipsim_msgs_module__rosidl_generator_py.so
[6.911s] -- Set runtime path of "/home/tabuchi/shipsimulator/install/shipsim_msgs_module/lib/libshipsim_msgs_module__rosidl_generator_py.so" to ""
[6.911s] -- Installing: /home/tabuchi/shipsimulator/install/shipsim_msgs_module/share/shipsim_msgs_module/msg/Control.idl
[6.911s] -- Installing: /home/tabuchi/shipsimulator/install/shipsim_msgs_module/share/shipsim_msgs_module/msg/Control.msg
[6.911s] -- Installing: /home/tabuchi/shipsimulator/install/shipsim_msgs_module/share/ament_index/resource_index/package_run_dependencies/shipsim_msgs_module
[6.911s] -- Installing: /home/tabuchi/shipsimulator/install/shipsim_msgs_module/share/ament_index/resource_index/parent_prefix_path/shipsim_msgs_module
[6.911s] -- Installing: /home/tabuchi/shipsimulator/install/shipsim_msgs_module/share/shipsim_msgs_module/environment/ament_prefix_path.sh
[6.911s] -- Installing: /home/tabuchi/shipsimulator/install/shipsim_msgs_module/share/shipsim_msgs_module/environment/ament_prefix_path.dsv
[6.911s] -- Installing: /home/tabuchi/shipsimulator/install/shipsim_msgs_module/share/shipsim_msgs_module/environment/path.sh
[6.912s] -- Installing: /home/tabuchi/shipsimulator/install/shipsim_msgs_module/share/shipsim_msgs_module/environment/path.dsv
[6.912s] -- Installing: /home/tabuchi/shipsimulator/install/shipsim_msgs_module/share/shipsim_msgs_module/local_setup.bash
[6.912s] -- Installing: /home/tabuchi/shipsimulator/install/shipsim_msgs_module/share/shipsim_msgs_module/local_setup.sh
[6.912s] -- Installing: /home/tabuchi/shipsimulator/install/shipsim_msgs_module/share/shipsim_msgs_module/local_setup.zsh
[6.912s] -- Installing: /home/tabuchi/shipsimulator/install/shipsim_msgs_module/share/shipsim_msgs_module/local_setup.dsv
[6.912s] -- Installing: /home/tabuchi/shipsimulator/install/shipsim_msgs_module/share/shipsim_msgs_module/package.dsv
[6.912s] -- Installing: /home/tabuchi/shipsimulator/install/shipsim_msgs_module/share/ament_index/resource_index/packages/shipsim_msgs_module
[6.912s] -- Installing: /home/tabuchi/shipsimulator/install/shipsim_msgs_module/share/shipsim_msgs_module/cmake/export_shipsim_msgs_module__rosidl_generator_cExport.cmake
[6.912s] -- Installing: /home/tabuchi/shipsimulator/install/shipsim_msgs_module/share/shipsim_msgs_module/cmake/export_shipsim_msgs_module__rosidl_generator_cExport-noconfig.cmake
[6.913s] -- Installing: /home/tabuchi/shipsimulator/install/shipsim_msgs_module/share/shipsim_msgs_module/cmake/export_shipsim_msgs_module__rosidl_typesupport_fastrtps_cExport.cmake
[6.913s] -- Installing: /home/tabuchi/shipsimulator/install/shipsim_msgs_module/share/shipsim_msgs_module/cmake/export_shipsim_msgs_module__rosidl_typesupport_fastrtps_cExport-noconfig.cmake
[6.913s] -- Installing: /home/tabuchi/shipsimulator/install/shipsim_msgs_module/share/shipsim_msgs_module/cmake/shipsim_msgs_module__rosidl_typesupport_introspection_cExport.cmake
[6.913s] -- Installing: /home/tabuchi/shipsimulator/install/shipsim_msgs_module/share/shipsim_msgs_module/cmake/shipsim_msgs_module__rosidl_typesupport_introspection_cExport-noconfig.cmake
[6.913s] -- Installing: /home/tabuchi/shipsimulator/install/shipsim_msgs_module/share/shipsim_msgs_module/cmake/shipsim_msgs_module__rosidl_typesupport_cExport.cmake
[6.913s] -- Installing: /home/tabuchi/shipsimulator/install/shipsim_msgs_module/share/shipsim_msgs_module/cmake/shipsim_msgs_module__rosidl_typesupport_cExport-noconfig.cmake
[6.913s] -- Installing: /home/tabuchi/shipsimulator/install/shipsim_msgs_module/share/shipsim_msgs_module/cmake/export_shipsim_msgs_module__rosidl_generator_cppExport.cmake
[6.913s] -- Installing: /home/tabuchi/shipsimulator/install/shipsim_msgs_module/share/shipsim_msgs_module/cmake/export_shipsim_msgs_module__rosidl_typesupport_fastrtps_cppExport.cmake
[6.913s] -- Installing: /home/tabuchi/shipsimulator/install/shipsim_msgs_module/share/shipsim_msgs_module/cmake/export_shipsim_msgs_module__rosidl_typesupport_fastrtps_cppExport-noconfig.cmake
[6.914s] -- Installing: /home/tabuchi/shipsimulator/install/shipsim_msgs_module/share/shipsim_msgs_module/cmake/shipsim_msgs_module__rosidl_typesupport_introspection_cppExport.cmake
[6.914s] -- Installing: /home/tabuchi/shipsimulator/install/shipsim_msgs_module/share/shipsim_msgs_module/cmake/shipsim_msgs_module__rosidl_typesupport_introspection_cppExport-noconfig.cmake
[6.914s] -- Installing: /home/tabuchi/shipsimulator/install/shipsim_msgs_module/share/shipsim_msgs_module/cmake/shipsim_msgs_module__rosidl_typesupport_cppExport.cmake
[6.914s] -- Installing: /home/tabuchi/shipsimulator/install/shipsim_msgs_module/share/shipsim_msgs_module/cmake/shipsim_msgs_module__rosidl_typesupport_cppExport-noconfig.cmake
[6.914s] -- Installing: /home/tabuchi/shipsimulator/install/shipsim_msgs_module/share/shipsim_msgs_module/cmake/export_shipsim_msgs_module__rosidl_generator_pyExport.cmake
[6.914s] -- Installing: /home/tabuchi/shipsimulator/install/shipsim_msgs_module/share/shipsim_msgs_module/cmake/export_shipsim_msgs_module__rosidl_generator_pyExport-noconfig.cmake
[6.914s] -- Installing: /home/tabuchi/shipsimulator/install/shipsim_msgs_module/share/shipsim_msgs_module/cmake/rosidl_cmake-extras.cmake
[6.914s] -- Installing: /home/tabuchi/shipsimulator/install/shipsim_msgs_module/share/shipsim_msgs_module/cmake/ament_cmake_export_include_directories-extras.cmake
[6.915s] -- Installing: /home/tabuchi/shipsimulator/install/shipsim_msgs_module/share/shipsim_msgs_module/cmake/ament_cmake_export_libraries-extras.cmake
[6.915s] -- Installing: /home/tabuchi/shipsimulator/install/shipsim_msgs_module/share/shipsim_msgs_module/cmake/ament_cmake_export_targets-extras.cmake
[6.915s] -- Installing: /home/tabuchi/shipsimulator/install/shipsim_msgs_module/share/shipsim_msgs_module/cmake/rosidl_cmake_export_typesupport_targets-extras.cmake
[6.915s] -- Installing: /home/tabuchi/shipsimulator/install/shipsim_msgs_module/share/shipsim_msgs_module/cmake/ament_cmake_export_dependencies-extras.cmake
[6.915s] -- Installing: /home/tabuchi/shipsimulator/install/shipsim_msgs_module/share/shipsim_msgs_module/cmake/rosidl_cmake_export_typesupport_libraries-extras.cmake
[6.915s] -- Installing: /home/tabuchi/shipsimulator/install/shipsim_msgs_module/share/shipsim_msgs_module/cmake/shipsim_msgs_moduleConfig.cmake
[6.916s] -- Installing: /home/tabuchi/shipsimulator/install/shipsim_msgs_module/share/shipsim_msgs_module/cmake/shipsim_msgs_moduleConfig-version.cmake
[6.916s] -- Installing: /home/tabuchi/shipsimulator/install/shipsim_msgs_module/share/shipsim_msgs_module/package.xml
[6.921s] Invoked command in '/home/tabuchi/shipsimulator/build/shipsim_msgs_module' returned '0': CMAKE_PREFIX_PATH=/opt/ros/humble /usr/bin/cmake --install /home/tabuchi/shipsimulator/build/shipsim_msgs_module
