[2.182s] Invoking command in '/home/tabuchi/shipsimulator/src/sensor_module': PYTHONPATH=/home/tabuchi/shipsimulator/build/sensor_module/prefix_override:/home/tabuchi/shipsimulator/install/sensor_module/lib/python3.10/site-packages:${PYTHONPATH} /usr/bin/python3 setup.py egg_info --egg-base ../../build/sensor_module build --build-base /home/tabuchi/shipsimulator/build/sensor_module/build install --record /home/tabuchi/shipsimulator/build/sensor_module/install.log --single-version-externally-managed
[2.566s] running egg_info
[2.566s] writing ../../build/sensor_module/sensor_module.egg-info/PKG-INFO
[2.566s] writing dependency_links to ../../build/sensor_module/sensor_module.egg-info/dependency_links.txt
[2.567s] writing entry points to ../../build/sensor_module/sensor_module.egg-info/entry_points.txt
[2.567s] writing requirements to ../../build/sensor_module/sensor_module.egg-info/requires.txt
[2.567s] writing top-level names to ../../build/sensor_module/sensor_module.egg-info/top_level.txt
[2.568s] reading manifest file '../../build/sensor_module/sensor_module.egg-info/SOURCES.txt'
[2.570s] writing manifest file '../../build/sensor_module/sensor_module.egg-info/SOURCES.txt'
[2.570s] running build
[2.570s] running build_py
[2.570s] running install
[2.570s] /usr/lib/python3/dist-packages/setuptools/command/install.py:34: SetuptoolsDeprecationWarning: setup.py install is deprecated. Use build and pip and other standards-based tools.
[2.570s]   warnings.warn(
[2.571s] running install_lib
[2.573s] running install_data
[2.574s] running install_egg_info
[2.577s] removing '/home/tabuchi/shipsimulator/install/sensor_module/lib/python3.10/site-packages/sensor_module-0.0.0-py3.10.egg-info' (and everything under it)
[2.577s] Copying ../../build/sensor_module/sensor_module.egg-info to /home/tabuchi/shipsimulator/install/sensor_module/lib/python3.10/site-packages/sensor_module-0.0.0-py3.10.egg-info
[2.579s] running install_scripts
[2.619s] Installing sensor_node script to /home/tabuchi/shipsimulator/install/sensor_module/lib/sensor_module
[2.619s] writing list of installed files to '/home/tabuchi/shipsimulator/build/sensor_module/install.log'
[2.660s] Invoked command in '/home/tabuchi/shipsimulator/src/sensor_module' returned '0': PYTHONPATH=/home/tabuchi/shipsimulator/build/sensor_module/prefix_override:/home/tabuchi/shipsimulator/install/sensor_module/lib/python3.10/site-packages:${PYTHONPATH} /usr/bin/python3 setup.py egg_info --egg-base ../../build/sensor_module build --build-base /home/tabuchi/shipsimulator/build/sensor_module/build install --record /home/tabuchi/shipsimulator/build/sensor_module/install.log --single-version-externally-managed
