[0.368s] DEBUG:colcon:Command line arguments: ['/usr/bin/colcon', 'build']
[0.368s] DEBUG:colcon:Parsed command line arguments: Namespace(log_base=None, log_level=None, verb_name='build', build_base='build', install_base='install', merge_install=False, symlink_install=False, test_result_base=None, continue_on_error=False, executor='parallel', parallel_workers=12, event_handlers=None, ignore_user_meta=False, metas=['./colcon.meta'], base_paths=['.'], packages_ignore=None, packages_ignore_regex=None, paths=None, packages_up_to=None, packages_up_to_regex=None, packages_above=None, packages_above_and_dependencies=None, packages_above_depth=None, packages_select_by_dep=None, packages_skip_by_dep=None, packages_skip_up_to=None, packages_select_build_failed=False, packages_skip_build_finished=False, packages_select_test_failures=False, packages_skip_test_passed=False, packages_select=None, packages_skip=None, packages_select_regex=None, packages_skip_regex=None, packages_start=None, packages_end=None, allow_overriding=[], cmake_args=None, cmake_target=None, cmake_target_skip_unavailable=False, cmake_clean_cache=False, cmake_clean_first=False, cmake_force_configure=False, ament_cmake_args=None, catkin_cmake_args=None, catkin_skip_building_tests=False, verb_parser=<colcon_defaults.argument_parser.defaults.DefaultArgumentsDecorator object at 0x7ff6dee74af0>, verb_extension=<colcon_core.verb.build.BuildVerb object at 0x7ff6df65bf10>, main=<bound method BuildVerb.main of <colcon_core.verb.build.BuildVerb object at 0x7ff6df65bf10>>)
[0.395s] Level 1:colcon.colcon_core.package_discovery:discover_packages(colcon_meta) check parameters
[0.395s] Level 1:colcon.colcon_core.package_discovery:discover_packages(recursive) check parameters
[0.395s] Level 1:colcon.colcon_core.package_discovery:discover_packages(ignore) check parameters
[0.395s] Level 1:colcon.colcon_core.package_discovery:discover_packages(path) check parameters
[0.395s] Level 1:colcon.colcon_core.package_discovery:discover_packages(colcon_meta) discover
[0.395s] Level 1:colcon.colcon_core.package_discovery:discover_packages(recursive) discover
[0.396s] INFO:colcon.colcon_core.package_discovery:Crawling recursively for packages in '/home/tabuchi/shipsimulator'
[0.396s] Level 1:colcon.colcon_core.package_identification:_identify(.) by extensions ['ignore', 'ignore_ament_install']
[0.396s] Level 1:colcon.colcon_core.package_identification:_identify(.) by extension 'ignore'
[0.396s] Level 1:colcon.colcon_core.package_identification:_identify(.) by extension 'ignore_ament_install'
[0.396s] Level 1:colcon.colcon_core.package_identification:_identify(.) by extensions ['colcon_pkg']
[0.396s] Level 1:colcon.colcon_core.package_identification:_identify(.) by extension 'colcon_pkg'
[0.396s] Level 1:colcon.colcon_core.package_identification:_identify(.) by extensions ['colcon_meta']
[0.396s] Level 1:colcon.colcon_core.package_identification:_identify(.) by extension 'colcon_meta'
[0.396s] Level 1:colcon.colcon_core.package_identification:_identify(.) by extensions ['ros']
[0.396s] Level 1:colcon.colcon_core.package_identification:_identify(.) by extension 'ros'
[0.406s] Level 1:colcon.colcon_core.package_identification:_identify(.) by extensions ['cmake', 'python']
[0.406s] Level 1:colcon.colcon_core.package_identification:_identify(.) by extension 'cmake'
[0.406s] Level 1:colcon.colcon_core.package_identification:_identify(.) by extension 'python'
[0.406s] Level 1:colcon.colcon_core.package_identification:_identify(.) by extensions ['python_setup_py']
[0.406s] Level 1:colcon.colcon_core.package_identification:_identify(.) by extension 'python_setup_py'
[0.406s] Level 1:colcon.colcon_core.package_identification:_identify(build) by extensions ['ignore', 'ignore_ament_install']
[0.406s] Level 1:colcon.colcon_core.package_identification:_identify(build) by extension 'ignore'
[0.406s] Level 1:colcon.colcon_core.package_identification:_identify(build) ignored
[0.407s] Level 1:colcon.colcon_core.package_identification:_identify(install) by extensions ['ignore', 'ignore_ament_install']
[0.407s] Level 1:colcon.colcon_core.package_identification:_identify(install) by extension 'ignore'
[0.407s] Level 1:colcon.colcon_core.package_identification:_identify(install) ignored
[0.407s] Level 1:colcon.colcon_core.package_identification:_identify(log) by extensions ['ignore', 'ignore_ament_install']
[0.407s] Level 1:colcon.colcon_core.package_identification:_identify(log) by extension 'ignore'
[0.407s] Level 1:colcon.colcon_core.package_identification:_identify(log) ignored
[0.407s] Level 1:colcon.colcon_core.package_identification:_identify(src) by extensions ['ignore', 'ignore_ament_install']
[0.407s] Level 1:colcon.colcon_core.package_identification:_identify(src) by extension 'ignore'
[0.407s] Level 1:colcon.colcon_core.package_identification:_identify(src) by extension 'ignore_ament_install'
[0.407s] Level 1:colcon.colcon_core.package_identification:_identify(src) by extensions ['colcon_pkg']
[0.407s] Level 1:colcon.colcon_core.package_identification:_identify(src) by extension 'colcon_pkg'
[0.407s] Level 1:colcon.colcon_core.package_identification:_identify(src) by extensions ['colcon_meta']
[0.407s] Level 1:colcon.colcon_core.package_identification:_identify(src) by extension 'colcon_meta'
[0.407s] Level 1:colcon.colcon_core.package_identification:_identify(src) by extensions ['ros']
[0.407s] Level 1:colcon.colcon_core.package_identification:_identify(src) by extension 'ros'
[0.407s] Level 1:colcon.colcon_core.package_identification:_identify(src) by extensions ['cmake', 'python']
[0.407s] Level 1:colcon.colcon_core.package_identification:_identify(src) by extension 'cmake'
[0.407s] Level 1:colcon.colcon_core.package_identification:_identify(src) by extension 'python'
[0.407s] Level 1:colcon.colcon_core.package_identification:_identify(src) by extensions ['python_setup_py']
[0.407s] Level 1:colcon.colcon_core.package_identification:_identify(src) by extension 'python_setup_py'
[0.408s] Level 1:colcon.colcon_core.package_identification:_identify(src/ROS-TCP-Endpoint) by extensions ['ignore', 'ignore_ament_install']
[0.408s] Level 1:colcon.colcon_core.package_identification:_identify(src/ROS-TCP-Endpoint) by extension 'ignore'
[0.408s] Level 1:colcon.colcon_core.package_identification:_identify(src/ROS-TCP-Endpoint) by extension 'ignore_ament_install'
[0.408s] Level 1:colcon.colcon_core.package_identification:_identify(src/ROS-TCP-Endpoint) by extensions ['colcon_pkg']
[0.408s] Level 1:colcon.colcon_core.package_identification:_identify(src/ROS-TCP-Endpoint) by extension 'colcon_pkg'
[0.408s] Level 1:colcon.colcon_core.package_identification:_identify(src/ROS-TCP-Endpoint) by extensions ['colcon_meta']
[0.408s] Level 1:colcon.colcon_core.package_identification:_identify(src/ROS-TCP-Endpoint) by extension 'colcon_meta'
[0.408s] Level 1:colcon.colcon_core.package_identification:_identify(src/ROS-TCP-Endpoint) by extensions ['ros']
[0.408s] Level 1:colcon.colcon_core.package_identification:_identify(src/ROS-TCP-Endpoint) by extension 'ros'
[0.410s] DEBUG:colcon.colcon_core.package_identification:Package 'src/ROS-TCP-Endpoint' with type 'ros.ament_python' and name 'ros_tcp_endpoint'
[0.410s] Level 1:colcon.colcon_core.package_identification:_identify(src/actuator_module) by extensions ['ignore', 'ignore_ament_install']
[0.410s] Level 1:colcon.colcon_core.package_identification:_identify(src/actuator_module) by extension 'ignore'
[0.410s] Level 1:colcon.colcon_core.package_identification:_identify(src/actuator_module) by extension 'ignore_ament_install'
[0.410s] Level 1:colcon.colcon_core.package_identification:_identify(src/actuator_module) by extensions ['colcon_pkg']
[0.410s] Level 1:colcon.colcon_core.package_identification:_identify(src/actuator_module) by extension 'colcon_pkg'
[0.410s] Level 1:colcon.colcon_core.package_identification:_identify(src/actuator_module) by extensions ['colcon_meta']
[0.410s] Level 1:colcon.colcon_core.package_identification:_identify(src/actuator_module) by extension 'colcon_meta'
[0.410s] Level 1:colcon.colcon_core.package_identification:_identify(src/actuator_module) by extensions ['ros']
[0.410s] Level 1:colcon.colcon_core.package_identification:_identify(src/actuator_module) by extension 'ros'
[0.411s] DEBUG:colcon.colcon_core.package_identification:Package 'src/actuator_module' with type 'ros.ament_python' and name 'actuator_module'
[0.411s] Level 1:colcon.colcon_core.package_identification:_identify(src/mmg_module) by extensions ['ignore', 'ignore_ament_install']
[0.411s] Level 1:colcon.colcon_core.package_identification:_identify(src/mmg_module) by extension 'ignore'
[0.411s] Level 1:colcon.colcon_core.package_identification:_identify(src/mmg_module) by extension 'ignore_ament_install'
[0.411s] Level 1:colcon.colcon_core.package_identification:_identify(src/mmg_module) by extensions ['colcon_pkg']
[0.412s] Level 1:colcon.colcon_core.package_identification:_identify(src/mmg_module) by extension 'colcon_pkg'
[0.412s] Level 1:colcon.colcon_core.package_identification:_identify(src/mmg_module) by extensions ['colcon_meta']
[0.412s] Level 1:colcon.colcon_core.package_identification:_identify(src/mmg_module) by extension 'colcon_meta'
[0.412s] Level 1:colcon.colcon_core.package_identification:_identify(src/mmg_module) by extensions ['ros']
[0.412s] Level 1:colcon.colcon_core.package_identification:_identify(src/mmg_module) by extension 'ros'
[0.412s] DEBUG:colcon.colcon_core.package_identification:Package 'src/mmg_module' with type 'ros.ament_python' and name 'mmg_module'
[0.412s] Level 1:colcon.colcon_core.package_identification:_identify(src/sensor_module) by extensions ['ignore', 'ignore_ament_install']
[0.413s] Level 1:colcon.colcon_core.package_identification:_identify(src/sensor_module) by extension 'ignore'
[0.413s] Level 1:colcon.colcon_core.package_identification:_identify(src/sensor_module) by extension 'ignore_ament_install'
[0.413s] Level 1:colcon.colcon_core.package_identification:_identify(src/sensor_module) by extensions ['colcon_pkg']
[0.413s] Level 1:colcon.colcon_core.package_identification:_identify(src/sensor_module) by extension 'colcon_pkg'
[0.413s] Level 1:colcon.colcon_core.package_identification:_identify(src/sensor_module) by extensions ['colcon_meta']
[0.413s] Level 1:colcon.colcon_core.package_identification:_identify(src/sensor_module) by extension 'colcon_meta'
[0.413s] Level 1:colcon.colcon_core.package_identification:_identify(src/sensor_module) by extensions ['ros']
[0.413s] Level 1:colcon.colcon_core.package_identification:_identify(src/sensor_module) by extension 'ros'
[0.413s] DEBUG:colcon.colcon_core.package_identification:Package 'src/sensor_module' with type 'ros.ament_python' and name 'sensor_module'
[0.413s] Level 1:colcon.colcon_core.package_identification:_identify(src/shipsim_msgs_module) by extensions ['ignore', 'ignore_ament_install']
[0.414s] Level 1:colcon.colcon_core.package_identification:_identify(src/shipsim_msgs_module) by extension 'ignore'
[0.414s] Level 1:colcon.colcon_core.package_identification:_identify(src/shipsim_msgs_module) by extension 'ignore_ament_install'
[0.414s] Level 1:colcon.colcon_core.package_identification:_identify(src/shipsim_msgs_module) by extensions ['colcon_pkg']
[0.414s] Level 1:colcon.colcon_core.package_identification:_identify(src/shipsim_msgs_module) by extension 'colcon_pkg'
[0.414s] Level 1:colcon.colcon_core.package_identification:_identify(src/shipsim_msgs_module) by extensions ['colcon_meta']
[0.414s] Level 1:colcon.colcon_core.package_identification:_identify(src/shipsim_msgs_module) by extension 'colcon_meta'
[0.414s] Level 1:colcon.colcon_core.package_identification:_identify(src/shipsim_msgs_module) by extensions ['ros']
[0.414s] Level 1:colcon.colcon_core.package_identification:_identify(src/shipsim_msgs_module) by extension 'ros'
[0.414s] DEBUG:colcon.colcon_core.package_identification:Package 'src/shipsim_msgs_module' with type 'ros.ament_cmake' and name 'shipsim_msgs_module'
[0.414s] Level 1:colcon.colcon_core.package_discovery:discover_packages(recursive) using defaults
[0.414s] Level 1:colcon.colcon_core.package_discovery:discover_packages(ignore) discover
[0.415s] Level 1:colcon.colcon_core.package_discovery:discover_packages(ignore) using defaults
[0.415s] Level 1:colcon.colcon_core.package_discovery:discover_packages(path) discover
[0.415s] Level 1:colcon.colcon_core.package_discovery:discover_packages(path) using defaults
[0.439s] Level 1:colcon.colcon_core.package_discovery:discover_packages(prefix_path) check parameters
[0.439s] Level 1:colcon.colcon_core.package_discovery:discover_packages(prefix_path) discover
[0.441s] DEBUG:colcon.colcon_installed_package_information.package_discovery:Found 5 installed packages in /home/tabuchi/shipsimulator/install
[0.442s] DEBUG:colcon.colcon_installed_package_information.package_discovery:Found 276 installed packages in /opt/ros/humble
[0.443s] Level 1:colcon.colcon_core.package_discovery:discover_packages(prefix_path) using defaults
[0.497s] Level 5:colcon.colcon_core.verb:set package 'actuator_module' build argument 'cmake_args' from command line to 'None'
[0.497s] Level 5:colcon.colcon_core.verb:set package 'actuator_module' build argument 'cmake_target' from command line to 'None'
[0.497s] Level 5:colcon.colcon_core.verb:set package 'actuator_module' build argument 'cmake_target_skip_unavailable' from command line to 'False'
[0.497s] Level 5:colcon.colcon_core.verb:set package 'actuator_module' build argument 'cmake_clean_cache' from command line to 'False'
[0.497s] Level 5:colcon.colcon_core.verb:set package 'actuator_module' build argument 'cmake_clean_first' from command line to 'False'
[0.497s] Level 5:colcon.colcon_core.verb:set package 'actuator_module' build argument 'cmake_force_configure' from command line to 'False'
[0.497s] Level 5:colcon.colcon_core.verb:set package 'actuator_module' build argument 'ament_cmake_args' from command line to 'None'
[0.497s] Level 5:colcon.colcon_core.verb:set package 'actuator_module' build argument 'catkin_cmake_args' from command line to 'None'
[0.497s] Level 5:colcon.colcon_core.verb:set package 'actuator_module' build argument 'catkin_skip_building_tests' from command line to 'False'
[0.497s] DEBUG:colcon.colcon_core.verb:Building package 'actuator_module' with the following arguments: {'ament_cmake_args': None, 'build_base': '/home/tabuchi/shipsimulator/build/actuator_module', 'catkin_cmake_args': None, 'catkin_skip_building_tests': False, 'cmake_args': None, 'cmake_clean_cache': False, 'cmake_clean_first': False, 'cmake_force_configure': False, 'cmake_target': None, 'cmake_target_skip_unavailable': False, 'install_base': '/home/tabuchi/shipsimulator/install/actuator_module', 'merge_install': False, 'path': '/home/tabuchi/shipsimulator/src/actuator_module', 'symlink_install': False, 'test_result_base': None}
[0.498s] Level 5:colcon.colcon_core.verb:set package 'mmg_module' build argument 'cmake_args' from command line to 'None'
[0.498s] Level 5:colcon.colcon_core.verb:set package 'mmg_module' build argument 'cmake_target' from command line to 'None'
[0.498s] Level 5:colcon.colcon_core.verb:set package 'mmg_module' build argument 'cmake_target_skip_unavailable' from command line to 'False'
[0.498s] Level 5:colcon.colcon_core.verb:set package 'mmg_module' build argument 'cmake_clean_cache' from command line to 'False'
[0.498s] Level 5:colcon.colcon_core.verb:set package 'mmg_module' build argument 'cmake_clean_first' from command line to 'False'
[0.498s] Level 5:colcon.colcon_core.verb:set package 'mmg_module' build argument 'cmake_force_configure' from command line to 'False'
[0.498s] Level 5:colcon.colcon_core.verb:set package 'mmg_module' build argument 'ament_cmake_args' from command line to 'None'
[0.498s] Level 5:colcon.colcon_core.verb:set package 'mmg_module' build argument 'catkin_cmake_args' from command line to 'None'
[0.498s] Level 5:colcon.colcon_core.verb:set package 'mmg_module' build argument 'catkin_skip_building_tests' from command line to 'False'
[0.498s] DEBUG:colcon.colcon_core.verb:Building package 'mmg_module' with the following arguments: {'ament_cmake_args': None, 'build_base': '/home/tabuchi/shipsimulator/build/mmg_module', 'catkin_cmake_args': None, 'catkin_skip_building_tests': False, 'cmake_args': None, 'cmake_clean_cache': False, 'cmake_clean_first': False, 'cmake_force_configure': False, 'cmake_target': None, 'cmake_target_skip_unavailable': False, 'install_base': '/home/tabuchi/shipsimulator/install/mmg_module', 'merge_install': False, 'path': '/home/tabuchi/shipsimulator/src/mmg_module', 'symlink_install': False, 'test_result_base': None}
[0.499s] Level 5:colcon.colcon_core.verb:set package 'ros_tcp_endpoint' build argument 'cmake_args' from command line to 'None'
[0.499s] Level 5:colcon.colcon_core.verb:set package 'ros_tcp_endpoint' build argument 'cmake_target' from command line to 'None'
[0.499s] Level 5:colcon.colcon_core.verb:set package 'ros_tcp_endpoint' build argument 'cmake_target_skip_unavailable' from command line to 'False'
[0.499s] Level 5:colcon.colcon_core.verb:set package 'ros_tcp_endpoint' build argument 'cmake_clean_cache' from command line to 'False'
[0.499s] Level 5:colcon.colcon_core.verb:set package 'ros_tcp_endpoint' build argument 'cmake_clean_first' from command line to 'False'
[0.499s] Level 5:colcon.colcon_core.verb:set package 'ros_tcp_endpoint' build argument 'cmake_force_configure' from command line to 'False'
[0.500s] Level 5:colcon.colcon_core.verb:set package 'ros_tcp_endpoint' build argument 'ament_cmake_args' from command line to 'None'
[0.500s] Level 5:colcon.colcon_core.verb:set package 'ros_tcp_endpoint' build argument 'catkin_cmake_args' from command line to 'None'
[0.500s] Level 5:colcon.colcon_core.verb:set package 'ros_tcp_endpoint' build argument 'catkin_skip_building_tests' from command line to 'False'
[0.500s] DEBUG:colcon.colcon_core.verb:Building package 'ros_tcp_endpoint' with the following arguments: {'ament_cmake_args': None, 'build_base': '/home/tabuchi/shipsimulator/build/ros_tcp_endpoint', 'catkin_cmake_args': None, 'catkin_skip_building_tests': False, 'cmake_args': None, 'cmake_clean_cache': False, 'cmake_clean_first': False, 'cmake_force_configure': False, 'cmake_target': None, 'cmake_target_skip_unavailable': False, 'install_base': '/home/tabuchi/shipsimulator/install/ros_tcp_endpoint', 'merge_install': False, 'path': '/home/tabuchi/shipsimulator/src/ROS-TCP-Endpoint', 'symlink_install': False, 'test_result_base': None}
[0.500s] Level 5:colcon.colcon_core.verb:set package 'sensor_module' build argument 'cmake_args' from command line to 'None'
[0.500s] Level 5:colcon.colcon_core.verb:set package 'sensor_module' build argument 'cmake_target' from command line to 'None'
[0.500s] Level 5:colcon.colcon_core.verb:set package 'sensor_module' build argument 'cmake_target_skip_unavailable' from command line to 'False'
[0.500s] Level 5:colcon.colcon_core.verb:set package 'sensor_module' build argument 'cmake_clean_cache' from command line to 'False'
[0.501s] Level 5:colcon.colcon_core.verb:set package 'sensor_module' build argument 'cmake_clean_first' from command line to 'False'
[0.501s] Level 5:colcon.colcon_core.verb:set package 'sensor_module' build argument 'cmake_force_configure' from command line to 'False'
[0.501s] Level 5:colcon.colcon_core.verb:set package 'sensor_module' build argument 'ament_cmake_args' from command line to 'None'
[0.501s] Level 5:colcon.colcon_core.verb:set package 'sensor_module' build argument 'catkin_cmake_args' from command line to 'None'
[0.501s] Level 5:colcon.colcon_core.verb:set package 'sensor_module' build argument 'catkin_skip_building_tests' from command line to 'False'
[0.501s] DEBUG:colcon.colcon_core.verb:Building package 'sensor_module' with the following arguments: {'ament_cmake_args': None, 'build_base': '/home/tabuchi/shipsimulator/build/sensor_module', 'catkin_cmake_args': None, 'catkin_skip_building_tests': False, 'cmake_args': None, 'cmake_clean_cache': False, 'cmake_clean_first': False, 'cmake_force_configure': False, 'cmake_target': None, 'cmake_target_skip_unavailable': False, 'install_base': '/home/tabuchi/shipsimulator/install/sensor_module', 'merge_install': False, 'path': '/home/tabuchi/shipsimulator/src/sensor_module', 'symlink_install': False, 'test_result_base': None}
[0.501s] Level 5:colcon.colcon_core.verb:set package 'shipsim_msgs_module' build argument 'cmake_args' from command line to 'None'
[0.501s] Level 5:colcon.colcon_core.verb:set package 'shipsim_msgs_module' build argument 'cmake_target' from command line to 'None'
[0.502s] Level 5:colcon.colcon_core.verb:set package 'shipsim_msgs_module' build argument 'cmake_target_skip_unavailable' from command line to 'False'
[0.502s] Level 5:colcon.colcon_core.verb:set package 'shipsim_msgs_module' build argument 'cmake_clean_cache' from command line to 'False'
[0.502s] Level 5:colcon.colcon_core.verb:set package 'shipsim_msgs_module' build argument 'cmake_clean_first' from command line to 'False'
[0.502s] Level 5:colcon.colcon_core.verb:set package 'shipsim_msgs_module' build argument 'cmake_force_configure' from command line to 'False'
[0.502s] Level 5:colcon.colcon_core.verb:set package 'shipsim_msgs_module' build argument 'ament_cmake_args' from command line to 'None'
[0.502s] Level 5:colcon.colcon_core.verb:set package 'shipsim_msgs_module' build argument 'catkin_cmake_args' from command line to 'None'
[0.502s] Level 5:colcon.colcon_core.verb:set package 'shipsim_msgs_module' build argument 'catkin_skip_building_tests' from command line to 'False'
[0.502s] DEBUG:colcon.colcon_core.verb:Building package 'shipsim_msgs_module' with the following arguments: {'ament_cmake_args': None, 'build_base': '/home/tabuchi/shipsimulator/build/shipsim_msgs_module', 'catkin_cmake_args': None, 'catkin_skip_building_tests': False, 'cmake_args': None, 'cmake_clean_cache': False, 'cmake_clean_first': False, 'cmake_force_configure': False, 'cmake_target': None, 'cmake_target_skip_unavailable': False, 'install_base': '/home/tabuchi/shipsimulator/install/shipsim_msgs_module', 'merge_install': False, 'path': '/home/tabuchi/shipsimulator/src/shipsim_msgs_module', 'symlink_install': False, 'test_result_base': None}
[0.502s] INFO:colcon.colcon_core.executor:Executing jobs using 'parallel' executor
[0.505s] DEBUG:colcon.colcon_parallel_executor.executor.parallel:run_until_complete
[0.505s] INFO:colcon.colcon_ros.task.ament_python.build:Building ROS package in '/home/tabuchi/shipsimulator/src/actuator_module' with build type 'ament_python'
[0.505s] Level 1:colcon.colcon_core.shell:create_environment_hook('actuator_module', 'ament_prefix_path')
[0.509s] INFO:colcon.colcon_core.plugin_system:Skipping extension 'colcon_core.shell.bat': Not used on non-Windows systems
[0.510s] INFO:colcon.colcon_core.shell:Creating environment hook '/home/tabuchi/shipsimulator/install/actuator_module/share/actuator_module/hook/ament_prefix_path.ps1'
[0.510s] INFO:colcon.colcon_core.shell:Creating environment descriptor '/home/tabuchi/shipsimulator/install/actuator_module/share/actuator_module/hook/ament_prefix_path.dsv'
[0.511s] INFO:colcon.colcon_core.shell:Creating environment hook '/home/tabuchi/shipsimulator/install/actuator_module/share/actuator_module/hook/ament_prefix_path.sh'
[0.512s] INFO:colcon.colcon_core.shell:Skip shell extension 'powershell' for command environment: Not usable outside of PowerShell
[0.512s] DEBUG:colcon.colcon_core.shell:Skip shell extension 'dsv' for command environment
[0.516s] INFO:colcon.colcon_ros.task.ament_python.build:Building ROS package in '/home/tabuchi/shipsimulator/src/mmg_module' with build type 'ament_python'
[0.516s] Level 1:colcon.colcon_core.shell:create_environment_hook('mmg_module', 'ament_prefix_path')
[0.518s] INFO:colcon.colcon_core.shell:Creating environment hook '/home/tabuchi/shipsimulator/install/mmg_module/share/mmg_module/hook/ament_prefix_path.ps1'
[0.518s] INFO:colcon.colcon_core.shell:Creating environment descriptor '/home/tabuchi/shipsimulator/install/mmg_module/share/mmg_module/hook/ament_prefix_path.dsv'
[0.519s] INFO:colcon.colcon_core.shell:Creating environment hook '/home/tabuchi/shipsimulator/install/mmg_module/share/mmg_module/hook/ament_prefix_path.sh'
[0.520s] INFO:colcon.colcon_core.shell:Skip shell extension 'powershell' for command environment: Not usable outside of PowerShell
[0.520s] DEBUG:colcon.colcon_core.shell:Skip shell extension 'dsv' for command environment
[0.524s] INFO:colcon.colcon_ros.task.ament_python.build:Building ROS package in '/home/tabuchi/shipsimulator/src/ROS-TCP-Endpoint' with build type 'ament_python'
[0.524s] Level 1:colcon.colcon_core.shell:create_environment_hook('ros_tcp_endpoint', 'ament_prefix_path')
[0.525s] INFO:colcon.colcon_core.shell:Creating environment hook '/home/tabuchi/shipsimulator/install/ros_tcp_endpoint/share/ros_tcp_endpoint/hook/ament_prefix_path.ps1'
[0.526s] INFO:colcon.colcon_core.shell:Creating environment descriptor '/home/tabuchi/shipsimulator/install/ros_tcp_endpoint/share/ros_tcp_endpoint/hook/ament_prefix_path.dsv'
[0.526s] INFO:colcon.colcon_core.shell:Creating environment hook '/home/tabuchi/shipsimulator/install/ros_tcp_endpoint/share/ros_tcp_endpoint/hook/ament_prefix_path.sh'
[0.528s] INFO:colcon.colcon_core.shell:Skip shell extension 'powershell' for command environment: Not usable outside of PowerShell
[0.528s] DEBUG:colcon.colcon_core.shell:Skip shell extension 'dsv' for command environment
[0.533s] INFO:colcon.colcon_ros.task.ament_python.build:Building ROS package in '/home/tabuchi/shipsimulator/src/sensor_module' with build type 'ament_python'
[0.533s] Level 1:colcon.colcon_core.shell:create_environment_hook('sensor_module', 'ament_prefix_path')
[0.535s] INFO:colcon.colcon_core.shell:Creating environment hook '/home/tabuchi/shipsimulator/install/sensor_module/share/sensor_module/hook/ament_prefix_path.ps1'
[0.535s] INFO:colcon.colcon_core.shell:Creating environment descriptor '/home/tabuchi/shipsimulator/install/sensor_module/share/sensor_module/hook/ament_prefix_path.dsv'
[0.536s] INFO:colcon.colcon_core.shell:Creating environment hook '/home/tabuchi/shipsimulator/install/sensor_module/share/sensor_module/hook/ament_prefix_path.sh'
[0.537s] INFO:colcon.colcon_core.shell:Skip shell extension 'powershell' for command environment: Not usable outside of PowerShell
[0.537s] DEBUG:colcon.colcon_core.shell:Skip shell extension 'dsv' for command environment
[0.542s] INFO:colcon.colcon_ros.task.ament_cmake.build:Building ROS package in '/home/tabuchi/shipsimulator/src/shipsim_msgs_module' with build type 'ament_cmake'
[0.542s] INFO:colcon.colcon_cmake.task.cmake.build:Building CMake package in '/home/tabuchi/shipsimulator/src/shipsim_msgs_module'
[0.543s] INFO:colcon.colcon_core.shell:Skip shell extension 'powershell' for command environment: Not usable outside of PowerShell
[0.543s] DEBUG:colcon.colcon_core.shell:Skip shell extension 'dsv' for command environment
[0.960s] INFO:colcon.colcon_core.task.python.build:Building Python package in '/home/tabuchi/shipsimulator/src/actuator_module'
[0.962s] INFO:colcon.colcon_core.shell:Skip shell extension 'powershell' for command environment: Not usable outside of PowerShell
[0.962s] DEBUG:colcon.colcon_core.shell:Skip shell extension 'dsv' for command environment
[1.200s] INFO:colcon.colcon_core.task.python.build:Building Python package in '/home/tabuchi/shipsimulator/src/mmg_module'
[1.201s] INFO:colcon.colcon_core.shell:Skip shell extension 'powershell' for command environment: Not usable outside of PowerShell
[1.201s] DEBUG:colcon.colcon_core.shell:Skip shell extension 'dsv' for command environment
[1.601s] INFO:colcon.colcon_core.task.python.build:Building Python package in '/home/tabuchi/shipsimulator/src/ROS-TCP-Endpoint'
[1.603s] INFO:colcon.colcon_core.shell:Skip shell extension 'powershell' for command environment: Not usable outside of PowerShell
[1.603s] DEBUG:colcon.colcon_core.shell:Skip shell extension 'dsv' for command environment
[1.997s] INFO:colcon.colcon_core.task.python.build:Building Python package in '/home/tabuchi/shipsimulator/src/sensor_module'
[1.998s] INFO:colcon.colcon_core.shell:Skip shell extension 'powershell' for command environment: Not usable outside of PowerShell
[1.998s] DEBUG:colcon.colcon_core.shell:Skip shell extension 'dsv' for command environment
[2.005s] DEBUG:colcon.colcon_core.event_handler.log_command:Invoking command in '/home/tabuchi/shipsimulator/build/shipsim_msgs_module': CMAKE_PREFIX_PATH=${CMAKE_PREFIX_PATH}:/home/tabuchi/shipsimulator/install/sensor_module:/home/tabuchi/shipsimulator/install/ros_tcp_endpoint:/home/tabuchi/shipsimulator/install/mmg_module:/home/tabuchi/shipsimulator/install/actuator_module:/opt/ros/humble /usr/bin/cmake --build /home/tabuchi/shipsimulator/build/shipsim_msgs_module -- -j12 -l12
[2.427s] DEBUG:colcon.colcon_core.event_handler.log_command:Invoked command in '/home/tabuchi/shipsimulator/build/shipsim_msgs_module' returned '0': CMAKE_PREFIX_PATH=${CMAKE_PREFIX_PATH}:/home/tabuchi/shipsimulator/install/sensor_module:/home/tabuchi/shipsimulator/install/ros_tcp_endpoint:/home/tabuchi/shipsimulator/install/mmg_module:/home/tabuchi/shipsimulator/install/actuator_module:/opt/ros/humble /usr/bin/cmake --build /home/tabuchi/shipsimulator/build/shipsim_msgs_module -- -j12 -l12
[2.440s] DEBUG:colcon.colcon_core.event_handler.log_command:Invoking command in '/home/tabuchi/shipsimulator/src/sensor_module': PYTHONPATH=/home/tabuchi/shipsimulator/build/sensor_module/prefix_override:/home/tabuchi/shipsimulator/install/sensor_module/lib/python3.10/site-packages:${PYTHONPATH} /usr/bin/python3 setup.py egg_info --egg-base ../../build/sensor_module build --build-base /home/tabuchi/shipsimulator/build/sensor_module/build install --record /home/tabuchi/shipsimulator/build/sensor_module/install.log --single-version-externally-managed
[2.441s] DEBUG:colcon.colcon_core.event_handler.log_command:Invoking command in '/home/tabuchi/shipsimulator/src/ROS-TCP-Endpoint': PYTHONPATH=/home/tabuchi/shipsimulator/build/ros_tcp_endpoint/prefix_override:/home/tabuchi/shipsimulator/install/ros_tcp_endpoint/lib/python3.10/site-packages:${PYTHONPATH} /usr/bin/python3 setup.py egg_info --egg-base ../../build/ros_tcp_endpoint build --build-base /home/tabuchi/shipsimulator/build/ros_tcp_endpoint/build install --record /home/tabuchi/shipsimulator/build/ros_tcp_endpoint/install.log --install-scripts $base/lib/ros_tcp_endpoint --single-version-externally-managed
[2.444s] DEBUG:colcon.colcon_core.event_handler.log_command:Invoking command in '/home/tabuchi/shipsimulator/src/actuator_module': PYTHONPATH=/home/tabuchi/shipsimulator/build/actuator_module/prefix_override:/home/tabuchi/shipsimulator/install/actuator_module/lib/python3.10/site-packages:${PYTHONPATH} /usr/bin/python3 setup.py egg_info --egg-base ../../build/actuator_module build --build-base /home/tabuchi/shipsimulator/build/actuator_module/build install --record /home/tabuchi/shipsimulator/build/actuator_module/install.log --single-version-externally-managed
[2.448s] DEBUG:colcon.colcon_core.event_handler.log_command:Invoking command in '/home/tabuchi/shipsimulator/src/mmg_module': PYTHONPATH=/home/tabuchi/shipsimulator/build/mmg_module/prefix_override:/home/tabuchi/shipsimulator/install/mmg_module/lib/python3.10/site-packages:${PYTHONPATH} /usr/bin/python3 setup.py egg_info --egg-base ../../build/mmg_module build --build-base /home/tabuchi/shipsimulator/build/mmg_module/build install --record /home/tabuchi/shipsimulator/build/mmg_module/install.log --single-version-externally-managed
[2.483s] DEBUG:colcon.colcon_core.event_handler.log_command:Invoking command in '/home/tabuchi/shipsimulator/build/shipsim_msgs_module': CMAKE_PREFIX_PATH=${CMAKE_PREFIX_PATH}:/home/tabuchi/shipsimulator/install/sensor_module:/home/tabuchi/shipsimulator/install/ros_tcp_endpoint:/home/tabuchi/shipsimulator/install/mmg_module:/home/tabuchi/shipsimulator/install/actuator_module:/opt/ros/humble /usr/bin/cmake --install /home/tabuchi/shipsimulator/build/shipsim_msgs_module
[2.545s] Level 1:colcon.colcon_core.environment:create_environment_scripts_only(shipsim_msgs_module)
[2.553s] Level 1:colcon.colcon_core.environment:checking '/home/tabuchi/shipsimulator/install/shipsim_msgs_module' for CMake module files
[2.554s] DEBUG:colcon.colcon_core.event_handler.log_command:Invoked command in '/home/tabuchi/shipsimulator/build/shipsim_msgs_module' returned '0': CMAKE_PREFIX_PATH=${CMAKE_PREFIX_PATH}:/home/tabuchi/shipsimulator/install/sensor_module:/home/tabuchi/shipsimulator/install/ros_tcp_endpoint:/home/tabuchi/shipsimulator/install/mmg_module:/home/tabuchi/shipsimulator/install/actuator_module:/opt/ros/humble /usr/bin/cmake --install /home/tabuchi/shipsimulator/build/shipsim_msgs_module
[2.555s] Level 1:colcon.colcon_core.environment:checking '/home/tabuchi/shipsimulator/install/shipsim_msgs_module' for CMake config files
[2.555s] Level 1:colcon.colcon_core.shell:create_environment_hook('shipsim_msgs_module', 'cmake_prefix_path')
[2.557s] INFO:colcon.colcon_core.shell:Creating environment hook '/home/tabuchi/shipsimulator/install/shipsim_msgs_module/share/shipsim_msgs_module/hook/cmake_prefix_path.ps1'
[2.557s] INFO:colcon.colcon_core.shell:Creating environment descriptor '/home/tabuchi/shipsimulator/install/shipsim_msgs_module/share/shipsim_msgs_module/hook/cmake_prefix_path.dsv'
[2.558s] INFO:colcon.colcon_core.shell:Creating environment hook '/home/tabuchi/shipsimulator/install/shipsim_msgs_module/share/shipsim_msgs_module/hook/cmake_prefix_path.sh'
[2.558s] Level 1:colcon.colcon_core.environment:checking '/home/tabuchi/shipsimulator/install/shipsim_msgs_module/lib'
[2.558s] Level 1:colcon.colcon_core.shell:create_environment_hook('shipsim_msgs_module', 'ld_library_path_lib')
[2.560s] INFO:colcon.colcon_core.shell:Creating environment hook '/home/tabuchi/shipsimulator/install/shipsim_msgs_module/share/shipsim_msgs_module/hook/ld_library_path_lib.ps1'
[2.560s] INFO:colcon.colcon_core.shell:Creating environment descriptor '/home/tabuchi/shipsimulator/install/shipsim_msgs_module/share/shipsim_msgs_module/hook/ld_library_path_lib.dsv'
[2.561s] INFO:colcon.colcon_core.shell:Creating environment hook '/home/tabuchi/shipsimulator/install/shipsim_msgs_module/share/shipsim_msgs_module/hook/ld_library_path_lib.sh'
[2.561s] Level 1:colcon.colcon_core.environment:checking '/home/tabuchi/shipsimulator/install/shipsim_msgs_module/bin'
[2.561s] Level 1:colcon.colcon_core.environment:checking '/home/tabuchi/shipsimulator/install/shipsim_msgs_module/lib/pkgconfig/shipsim_msgs_module.pc'
[2.561s] Level 1:colcon.colcon_core.environment:checking '/home/tabuchi/shipsimulator/install/shipsim_msgs_module/lib/python3.10/site-packages'
[2.561s] Level 1:colcon.colcon_core.shell:create_environment_hook('shipsim_msgs_module', 'pythonpath')
[2.563s] INFO:colcon.colcon_core.shell:Creating environment hook '/home/tabuchi/shipsimulator/install/shipsim_msgs_module/share/shipsim_msgs_module/hook/pythonpath.ps1'
[2.564s] INFO:colcon.colcon_core.shell:Creating environment descriptor '/home/tabuchi/shipsimulator/install/shipsim_msgs_module/share/shipsim_msgs_module/hook/pythonpath.dsv'
[2.564s] INFO:colcon.colcon_core.shell:Creating environment hook '/home/tabuchi/shipsimulator/install/shipsim_msgs_module/share/shipsim_msgs_module/hook/pythonpath.sh'
[2.565s] Level 1:colcon.colcon_core.environment:checking '/home/tabuchi/shipsimulator/install/shipsim_msgs_module/bin'
[2.566s] INFO:colcon.colcon_core.shell:Creating package script '/home/tabuchi/shipsimulator/install/shipsim_msgs_module/share/shipsim_msgs_module/package.ps1'
[2.567s] INFO:colcon.colcon_core.shell:Creating package descriptor '/home/tabuchi/shipsimulator/install/shipsim_msgs_module/share/shipsim_msgs_module/package.dsv'
[2.568s] INFO:colcon.colcon_core.shell:Creating package script '/home/tabuchi/shipsimulator/install/shipsim_msgs_module/share/shipsim_msgs_module/package.sh'
[2.569s] INFO:colcon.colcon_core.shell:Creating package script '/home/tabuchi/shipsimulator/install/shipsim_msgs_module/share/shipsim_msgs_module/package.bash'
[2.570s] INFO:colcon.colcon_core.shell:Creating package script '/home/tabuchi/shipsimulator/install/shipsim_msgs_module/share/shipsim_msgs_module/package.zsh'
[2.571s] Level 1:colcon.colcon_core.environment:create_file_with_runtime_dependencies(/home/tabuchi/shipsimulator/install/shipsim_msgs_module/share/colcon-core/packages/shipsim_msgs_module)
[2.622s] Level 1:colcon.colcon_core.environment:create_environment_scripts_only(shipsim_msgs_module)
[2.626s] Level 1:colcon.colcon_core.environment:checking '/home/tabuchi/shipsimulator/install/shipsim_msgs_module' for CMake module files
[2.627s] Level 1:colcon.colcon_core.environment:checking '/home/tabuchi/shipsimulator/install/shipsim_msgs_module' for CMake config files
[2.628s] Level 1:colcon.colcon_core.shell:create_environment_hook('shipsim_msgs_module', 'cmake_prefix_path')
[2.631s] INFO:colcon.colcon_core.shell:Creating environment hook '/home/tabuchi/shipsimulator/install/shipsim_msgs_module/share/shipsim_msgs_module/hook/cmake_prefix_path.ps1'
[2.632s] INFO:colcon.colcon_core.shell:Creating environment descriptor '/home/tabuchi/shipsimulator/install/shipsim_msgs_module/share/shipsim_msgs_module/hook/cmake_prefix_path.dsv'
[2.632s] INFO:colcon.colcon_core.shell:Creating environment hook '/home/tabuchi/shipsimulator/install/shipsim_msgs_module/share/shipsim_msgs_module/hook/cmake_prefix_path.sh'
[2.633s] Level 1:colcon.colcon_core.environment:checking '/home/tabuchi/shipsimulator/install/shipsim_msgs_module/lib'
[2.633s] Level 1:colcon.colcon_core.shell:create_environment_hook('shipsim_msgs_module', 'ld_library_path_lib')
[2.636s] INFO:colcon.colcon_core.shell:Creating environment hook '/home/tabuchi/shipsimulator/install/shipsim_msgs_module/share/shipsim_msgs_module/hook/ld_library_path_lib.ps1'
[2.637s] INFO:colcon.colcon_core.shell:Creating environment descriptor '/home/tabuchi/shipsimulator/install/shipsim_msgs_module/share/shipsim_msgs_module/hook/ld_library_path_lib.dsv'
[2.638s] INFO:colcon.colcon_core.shell:Creating environment hook '/home/tabuchi/shipsimulator/install/shipsim_msgs_module/share/shipsim_msgs_module/hook/ld_library_path_lib.sh'
[2.638s] Level 1:colcon.colcon_core.environment:checking '/home/tabuchi/shipsimulator/install/shipsim_msgs_module/bin'
[2.638s] Level 1:colcon.colcon_core.environment:checking '/home/tabuchi/shipsimulator/install/shipsim_msgs_module/lib/pkgconfig/shipsim_msgs_module.pc'
[2.639s] Level 1:colcon.colcon_core.environment:checking '/home/tabuchi/shipsimulator/install/shipsim_msgs_module/lib/python3.10/site-packages'
[2.639s] Level 1:colcon.colcon_core.shell:create_environment_hook('shipsim_msgs_module', 'pythonpath')
[2.641s] INFO:colcon.colcon_core.shell:Creating environment hook '/home/tabuchi/shipsimulator/install/shipsim_msgs_module/share/shipsim_msgs_module/hook/pythonpath.ps1'
[2.642s] INFO:colcon.colcon_core.shell:Creating environment descriptor '/home/tabuchi/shipsimulator/install/shipsim_msgs_module/share/shipsim_msgs_module/hook/pythonpath.dsv'
[2.642s] INFO:colcon.colcon_core.shell:Creating environment hook '/home/tabuchi/shipsimulator/install/shipsim_msgs_module/share/shipsim_msgs_module/hook/pythonpath.sh'
[2.643s] Level 1:colcon.colcon_core.environment:checking '/home/tabuchi/shipsimulator/install/shipsim_msgs_module/bin'
[2.646s] INFO:colcon.colcon_core.shell:Creating package script '/home/tabuchi/shipsimulator/install/shipsim_msgs_module/share/shipsim_msgs_module/package.ps1'
[2.647s] INFO:colcon.colcon_core.shell:Creating package descriptor '/home/tabuchi/shipsimulator/install/shipsim_msgs_module/share/shipsim_msgs_module/package.dsv'
[2.647s] INFO:colcon.colcon_core.shell:Creating package script '/home/tabuchi/shipsimulator/install/shipsim_msgs_module/share/shipsim_msgs_module/package.sh'
[2.648s] INFO:colcon.colcon_core.shell:Creating package script '/home/tabuchi/shipsimulator/install/shipsim_msgs_module/share/shipsim_msgs_module/package.bash'
[2.649s] INFO:colcon.colcon_core.shell:Creating package script '/home/tabuchi/shipsimulator/install/shipsim_msgs_module/share/shipsim_msgs_module/package.zsh'
[2.649s] Level 1:colcon.colcon_core.environment:create_file_with_runtime_dependencies(/home/tabuchi/shipsimulator/install/shipsim_msgs_module/share/colcon-core/packages/shipsim_msgs_module)
[2.781s] Level 1:colcon.colcon_core.environment:checking '/home/tabuchi/shipsimulator/install/sensor_module' for CMake module files
[2.782s] DEBUG:colcon.colcon_core.event_handler.log_command:Invoked command in '/home/tabuchi/shipsimulator/src/sensor_module' returned '0': PYTHONPATH=/home/tabuchi/shipsimulator/build/sensor_module/prefix_override:/home/tabuchi/shipsimulator/install/sensor_module/lib/python3.10/site-packages:${PYTHONPATH} /usr/bin/python3 setup.py egg_info --egg-base ../../build/sensor_module build --build-base /home/tabuchi/shipsimulator/build/sensor_module/build install --record /home/tabuchi/shipsimulator/build/sensor_module/install.log --single-version-externally-managed
[2.783s] Level 1:colcon.colcon_core.environment:checking '/home/tabuchi/shipsimulator/install/sensor_module' for CMake config files
[2.784s] Level 1:colcon.colcon_core.environment:checking '/home/tabuchi/shipsimulator/install/sensor_module/lib'
[2.784s] Level 1:colcon.colcon_core.environment:checking '/home/tabuchi/shipsimulator/install/sensor_module/bin'
[2.784s] Level 1:colcon.colcon_core.environment:checking '/home/tabuchi/shipsimulator/install/sensor_module/lib/pkgconfig/sensor_module.pc'
[2.784s] Level 1:colcon.colcon_core.environment:checking '/home/tabuchi/shipsimulator/install/sensor_module/lib/python3.10/site-packages'
[2.785s] Level 1:colcon.colcon_core.shell:create_environment_hook('sensor_module', 'pythonpath')
[2.787s] INFO:colcon.colcon_core.shell:Creating environment hook '/home/tabuchi/shipsimulator/install/sensor_module/share/sensor_module/hook/pythonpath.ps1'
[2.788s] INFO:colcon.colcon_core.shell:Creating environment descriptor '/home/tabuchi/shipsimulator/install/sensor_module/share/sensor_module/hook/pythonpath.dsv'
[2.788s] INFO:colcon.colcon_core.shell:Creating environment hook '/home/tabuchi/shipsimulator/install/sensor_module/share/sensor_module/hook/pythonpath.sh'
[2.789s] Level 1:colcon.colcon_core.environment:checking '/home/tabuchi/shipsimulator/install/sensor_module/bin'
[2.789s] Level 1:colcon.colcon_core.environment:create_environment_scripts_only(sensor_module)
[2.792s] INFO:colcon.colcon_core.shell:Creating package script '/home/tabuchi/shipsimulator/install/sensor_module/share/sensor_module/package.ps1'
[2.792s] INFO:colcon.colcon_core.shell:Creating package descriptor '/home/tabuchi/shipsimulator/install/sensor_module/share/sensor_module/package.dsv'
[2.793s] INFO:colcon.colcon_core.shell:Creating package script '/home/tabuchi/shipsimulator/install/sensor_module/share/sensor_module/package.sh'
[2.793s] INFO:colcon.colcon_core.shell:Creating package script '/home/tabuchi/shipsimulator/install/sensor_module/share/sensor_module/package.bash'
[2.794s] INFO:colcon.colcon_core.shell:Creating package script '/home/tabuchi/shipsimulator/install/sensor_module/share/sensor_module/package.zsh'
[2.794s] Level 1:colcon.colcon_core.environment:create_file_with_runtime_dependencies(/home/tabuchi/shipsimulator/install/sensor_module/share/colcon-core/packages/sensor_module)
[2.805s] Level 1:colcon.colcon_core.environment:checking '/home/tabuchi/shipsimulator/install/mmg_module' for CMake module files
[2.805s] DEBUG:colcon.colcon_core.event_handler.log_command:Invoked command in '/home/tabuchi/shipsimulator/src/mmg_module' returned '0': PYTHONPATH=/home/tabuchi/shipsimulator/build/mmg_module/prefix_override:/home/tabuchi/shipsimulator/install/mmg_module/lib/python3.10/site-packages:${PYTHONPATH} /usr/bin/python3 setup.py egg_info --egg-base ../../build/mmg_module build --build-base /home/tabuchi/shipsimulator/build/mmg_module/build install --record /home/tabuchi/shipsimulator/build/mmg_module/install.log --single-version-externally-managed
[2.806s] Level 1:colcon.colcon_core.environment:checking '/home/tabuchi/shipsimulator/install/mmg_module' for CMake config files
[2.806s] Level 1:colcon.colcon_core.environment:checking '/home/tabuchi/shipsimulator/install/mmg_module/lib'
[2.806s] Level 1:colcon.colcon_core.environment:checking '/home/tabuchi/shipsimulator/install/mmg_module/bin'
[2.806s] Level 1:colcon.colcon_core.environment:checking '/home/tabuchi/shipsimulator/install/mmg_module/lib/pkgconfig/mmg_module.pc'
[2.806s] Level 1:colcon.colcon_core.environment:checking '/home/tabuchi/shipsimulator/install/mmg_module/lib/python3.10/site-packages'
[2.806s] Level 1:colcon.colcon_core.shell:create_environment_hook('mmg_module', 'pythonpath')
[2.808s] INFO:colcon.colcon_core.shell:Creating environment hook '/home/tabuchi/shipsimulator/install/mmg_module/share/mmg_module/hook/pythonpath.ps1'
[2.808s] INFO:colcon.colcon_core.shell:Creating environment descriptor '/home/tabuchi/shipsimulator/install/mmg_module/share/mmg_module/hook/pythonpath.dsv'
[2.808s] INFO:colcon.colcon_core.shell:Creating environment hook '/home/tabuchi/shipsimulator/install/mmg_module/share/mmg_module/hook/pythonpath.sh'
[2.809s] Level 1:colcon.colcon_core.environment:checking '/home/tabuchi/shipsimulator/install/mmg_module/bin'
[2.809s] Level 1:colcon.colcon_core.environment:create_environment_scripts_only(mmg_module)
[2.811s] INFO:colcon.colcon_core.shell:Creating package script '/home/tabuchi/shipsimulator/install/mmg_module/share/mmg_module/package.ps1'
[2.812s] INFO:colcon.colcon_core.shell:Creating package descriptor '/home/tabuchi/shipsimulator/install/mmg_module/share/mmg_module/package.dsv'
[2.812s] INFO:colcon.colcon_core.shell:Creating package script '/home/tabuchi/shipsimulator/install/mmg_module/share/mmg_module/package.sh'
[2.813s] INFO:colcon.colcon_core.shell:Creating package script '/home/tabuchi/shipsimulator/install/mmg_module/share/mmg_module/package.bash'
[2.813s] INFO:colcon.colcon_core.shell:Creating package script '/home/tabuchi/shipsimulator/install/mmg_module/share/mmg_module/package.zsh'
[2.813s] Level 1:colcon.colcon_core.environment:create_file_with_runtime_dependencies(/home/tabuchi/shipsimulator/install/mmg_module/share/colcon-core/packages/mmg_module)
[2.817s] Level 1:colcon.colcon_core.environment:checking '/home/tabuchi/shipsimulator/install/actuator_module' for CMake module files
[2.817s] DEBUG:colcon.colcon_core.event_handler.log_command:Invoked command in '/home/tabuchi/shipsimulator/src/actuator_module' returned '0': PYTHONPATH=/home/tabuchi/shipsimulator/build/actuator_module/prefix_override:/home/tabuchi/shipsimulator/install/actuator_module/lib/python3.10/site-packages:${PYTHONPATH} /usr/bin/python3 setup.py egg_info --egg-base ../../build/actuator_module build --build-base /home/tabuchi/shipsimulator/build/actuator_module/build install --record /home/tabuchi/shipsimulator/build/actuator_module/install.log --single-version-externally-managed
[2.818s] Level 1:colcon.colcon_core.environment:checking '/home/tabuchi/shipsimulator/install/actuator_module' for CMake config files
[2.818s] Level 1:colcon.colcon_core.environment:checking '/home/tabuchi/shipsimulator/install/actuator_module/lib'
[2.818s] Level 1:colcon.colcon_core.environment:checking '/home/tabuchi/shipsimulator/install/actuator_module/bin'
[2.818s] Level 1:colcon.colcon_core.environment:checking '/home/tabuchi/shipsimulator/install/actuator_module/lib/pkgconfig/actuator_module.pc'
[2.819s] Level 1:colcon.colcon_core.environment:checking '/home/tabuchi/shipsimulator/install/actuator_module/lib/python3.10/site-packages'
[2.819s] Level 1:colcon.colcon_core.shell:create_environment_hook('actuator_module', 'pythonpath')
[2.820s] INFO:colcon.colcon_core.shell:Creating environment hook '/home/tabuchi/shipsimulator/install/actuator_module/share/actuator_module/hook/pythonpath.ps1'
[2.820s] INFO:colcon.colcon_core.shell:Creating environment descriptor '/home/tabuchi/shipsimulator/install/actuator_module/share/actuator_module/hook/pythonpath.dsv'
[2.821s] INFO:colcon.colcon_core.shell:Creating environment hook '/home/tabuchi/shipsimulator/install/actuator_module/share/actuator_module/hook/pythonpath.sh'
[2.821s] Level 1:colcon.colcon_core.environment:checking '/home/tabuchi/shipsimulator/install/actuator_module/bin'
[2.821s] Level 1:colcon.colcon_core.environment:create_environment_scripts_only(actuator_module)
[2.822s] INFO:colcon.colcon_core.shell:Creating package script '/home/tabuchi/shipsimulator/install/actuator_module/share/actuator_module/package.ps1'
[2.823s] INFO:colcon.colcon_core.shell:Creating package descriptor '/home/tabuchi/shipsimulator/install/actuator_module/share/actuator_module/package.dsv'
[2.823s] INFO:colcon.colcon_core.shell:Creating package script '/home/tabuchi/shipsimulator/install/actuator_module/share/actuator_module/package.sh'
[2.824s] INFO:colcon.colcon_core.shell:Creating package script '/home/tabuchi/shipsimulator/install/actuator_module/share/actuator_module/package.bash'
[2.824s] INFO:colcon.colcon_core.shell:Creating package script '/home/tabuchi/shipsimulator/install/actuator_module/share/actuator_module/package.zsh'
[2.824s] Level 1:colcon.colcon_core.environment:create_file_with_runtime_dependencies(/home/tabuchi/shipsimulator/install/actuator_module/share/colcon-core/packages/actuator_module)
[2.827s] Level 1:colcon.colcon_core.environment:checking '/home/tabuchi/shipsimulator/install/ros_tcp_endpoint' for CMake module files
[2.828s] DEBUG:colcon.colcon_core.event_handler.log_command:Invoked command in '/home/tabuchi/shipsimulator/src/ROS-TCP-Endpoint' returned '0': PYTHONPATH=/home/tabuchi/shipsimulator/build/ros_tcp_endpoint/prefix_override:/home/tabuchi/shipsimulator/install/ros_tcp_endpoint/lib/python3.10/site-packages:${PYTHONPATH} /usr/bin/python3 setup.py egg_info --egg-base ../../build/ros_tcp_endpoint build --build-base /home/tabuchi/shipsimulator/build/ros_tcp_endpoint/build install --record /home/tabuchi/shipsimulator/build/ros_tcp_endpoint/install.log --install-scripts $base/lib/ros_tcp_endpoint --single-version-externally-managed
[2.828s] Level 1:colcon.colcon_core.environment:checking '/home/tabuchi/shipsimulator/install/ros_tcp_endpoint' for CMake config files
[2.829s] Level 1:colcon.colcon_core.environment:checking '/home/tabuchi/shipsimulator/install/ros_tcp_endpoint/lib'
[2.829s] Level 1:colcon.colcon_core.environment:checking '/home/tabuchi/shipsimulator/install/ros_tcp_endpoint/bin'
[2.829s] Level 1:colcon.colcon_core.environment:checking '/home/tabuchi/shipsimulator/install/ros_tcp_endpoint/lib/pkgconfig/ros_tcp_endpoint.pc'
[2.829s] Level 1:colcon.colcon_core.environment:checking '/home/tabuchi/shipsimulator/install/ros_tcp_endpoint/lib/python3.10/site-packages'
[2.829s] Level 1:colcon.colcon_core.shell:create_environment_hook('ros_tcp_endpoint', 'pythonpath')
[2.830s] INFO:colcon.colcon_core.shell:Creating environment hook '/home/tabuchi/shipsimulator/install/ros_tcp_endpoint/share/ros_tcp_endpoint/hook/pythonpath.ps1'
[2.830s] INFO:colcon.colcon_core.shell:Creating environment descriptor '/home/tabuchi/shipsimulator/install/ros_tcp_endpoint/share/ros_tcp_endpoint/hook/pythonpath.dsv'
[2.830s] INFO:colcon.colcon_core.shell:Creating environment hook '/home/tabuchi/shipsimulator/install/ros_tcp_endpoint/share/ros_tcp_endpoint/hook/pythonpath.sh'
[2.831s] Level 1:colcon.colcon_core.environment:checking '/home/tabuchi/shipsimulator/install/ros_tcp_endpoint/bin'
[2.831s] Level 1:colcon.colcon_core.environment:create_environment_scripts_only(ros_tcp_endpoint)
[2.833s] INFO:colcon.colcon_core.shell:Creating package script '/home/tabuchi/shipsimulator/install/ros_tcp_endpoint/share/ros_tcp_endpoint/package.ps1'
[2.833s] INFO:colcon.colcon_core.shell:Creating package descriptor '/home/tabuchi/shipsimulator/install/ros_tcp_endpoint/share/ros_tcp_endpoint/package.dsv'
[2.834s] INFO:colcon.colcon_core.shell:Creating package script '/home/tabuchi/shipsimulator/install/ros_tcp_endpoint/share/ros_tcp_endpoint/package.sh'
[2.834s] INFO:colcon.colcon_core.shell:Creating package script '/home/tabuchi/shipsimulator/install/ros_tcp_endpoint/share/ros_tcp_endpoint/package.bash'
[2.834s] INFO:colcon.colcon_core.shell:Creating package script '/home/tabuchi/shipsimulator/install/ros_tcp_endpoint/share/ros_tcp_endpoint/package.zsh'
[2.835s] Level 1:colcon.colcon_core.environment:create_file_with_runtime_dependencies(/home/tabuchi/shipsimulator/install/ros_tcp_endpoint/share/colcon-core/packages/ros_tcp_endpoint)
[2.835s] DEBUG:colcon.colcon_parallel_executor.executor.parallel:closing loop
[2.835s] DEBUG:colcon.colcon_parallel_executor.executor.parallel:loop closed
[2.836s] DEBUG:colcon.colcon_parallel_executor.executor.parallel:run_until_complete finished with '0'
[2.836s] DEBUG:colcon.colcon_core.event_reactor:joining thread
[2.842s] INFO:colcon.colcon_core.plugin_system:Skipping extension 'colcon_notification.desktop_notification.terminal_notifier': Not used on non-Darwin systems
[2.842s] INFO:colcon.colcon_core.plugin_system:Skipping extension 'colcon_notification.desktop_notification.win32': Not used on non-Windows systems
[2.842s] INFO:colcon.colcon_notification.desktop_notification:Sending desktop notification using 'notify2'
[2.847s] DEBUG:colcon.colcon_notification.desktop_notification.notify2:Failed to initialize notify2: org.freedesktop.DBus.Error.ServiceUnknown: The name org.freedesktop.Notifications was not provided by any .service files
[2.847s] DEBUG:colcon.colcon_core.event_reactor:joined thread
[2.849s] INFO:colcon.colcon_core.shell:Creating prefix script '/home/tabuchi/shipsimulator/install/local_setup.ps1'
[2.850s] INFO:colcon.colcon_core.shell:Creating prefix util module '/home/tabuchi/shipsimulator/install/_local_setup_util_ps1.py'
[2.851s] INFO:colcon.colcon_core.shell:Creating prefix chain script '/home/tabuchi/shipsimulator/install/setup.ps1'
[2.852s] INFO:colcon.colcon_core.shell:Creating prefix script '/home/tabuchi/shipsimulator/install/local_setup.sh'
[2.853s] INFO:colcon.colcon_core.shell:Creating prefix util module '/home/tabuchi/shipsimulator/install/_local_setup_util_sh.py'
[2.853s] INFO:colcon.colcon_core.shell:Creating prefix chain script '/home/tabuchi/shipsimulator/install/setup.sh'
[2.855s] INFO:colcon.colcon_core.shell:Creating prefix script '/home/tabuchi/shipsimulator/install/local_setup.bash'
[2.855s] INFO:colcon.colcon_core.shell:Creating prefix chain script '/home/tabuchi/shipsimulator/install/setup.bash'
[2.857s] INFO:colcon.colcon_core.shell:Creating prefix script '/home/tabuchi/shipsimulator/install/local_setup.zsh'
[2.857s] INFO:colcon.colcon_core.shell:Creating prefix chain script '/home/tabuchi/shipsimulator/install/setup.zsh'
