running egg_info
creating ../../build/sensor_module/sensor_module.egg-info
writing ../../build/sensor_module/sensor_module.egg-info/PKG-INFO
writing dependency_links to ../../build/sensor_module/sensor_module.egg-info/dependency_links.txt
writing entry points to ../../build/sensor_module/sensor_module.egg-info/entry_points.txt
writing requirements to ../../build/sensor_module/sensor_module.egg-info/requires.txt
writing top-level names to ../../build/sensor_module/sensor_module.egg-info/top_level.txt
writing manifest file '../../build/sensor_module/sensor_module.egg-info/SOURCES.txt'
reading manifest file '../../build/sensor_module/sensor_module.egg-info/SOURCES.txt'
writing manifest file '../../build/sensor_module/sensor_module.egg-info/SOURCES.txt'
running build
running build_py
creating /home/tabuchi/shipsimulator/build/sensor_module/build
creating /home/tabuchi/shipsimulator/build/sensor_module/build/lib
creating /home/tabuchi/shipsimulator/build/sensor_module/build/lib/sensor_module
copying sensor_module/__init__.py -> /home/tabuchi/shipsimulator/build/sensor_module/build/lib/sensor_module
copying sensor_module/sensor_node.py -> /home/tabuchi/shipsimulator/build/sensor_module/build/lib/sensor_module
running install
running install_lib
creating /home/tabuchi/shipsimulator/install/sensor_module/lib/python3.10/site-packages/sensor_module
copying /home/tabuchi/shipsimulator/build/sensor_module/build/lib/sensor_module/__init__.py -> /home/tabuchi/shipsimulator/install/sensor_module/lib/python3.10/site-packages/sensor_module
copying /home/tabuchi/shipsimulator/build/sensor_module/build/lib/sensor_module/sensor_node.py -> /home/tabuchi/shipsimulator/install/sensor_module/lib/python3.10/site-packages/sensor_module
byte-compiling /home/tabuchi/shipsimulator/install/sensor_module/lib/python3.10/site-packages/sensor_module/__init__.py to __init__.cpython-310.pyc
byte-compiling /home/tabuchi/shipsimulator/install/sensor_module/lib/python3.10/site-packages/sensor_module/sensor_node.py to sensor_node.cpython-310.pyc
running install_data
creating /home/tabuchi/shipsimulator/install/sensor_module/share/ament_index
creating /home/tabuchi/shipsimulator/install/sensor_module/share/ament_index/resource_index
creating /home/tabuchi/shipsimulator/install/sensor_module/share/ament_index/resource_index/packages
copying resource/sensor_module -> /home/tabuchi/shipsimulator/install/sensor_module/share/ament_index/resource_index/packages
copying package.xml -> /home/tabuchi/shipsimulator/install/sensor_module/share/sensor_module
running install_egg_info
Copying ../../build/sensor_module/sensor_module.egg-info to /home/tabuchi/shipsimulator/install/sensor_module/lib/python3.10/site-packages/sensor_module-0.0.0-py3.10.egg-info
running install_scripts
Installing sensor_node script to /home/tabuchi/shipsimulator/install/sensor_module/lib/sensor_module
writing list of installed files to '/home/tabuchi/shipsimulator/build/sensor_module/install.log'
