[1.705s] Invoking command in '/home/tabuchi/shipsimulator/build/shipsim_msgs_module': CMAKE_PREFIX_PATH=${CMAKE_PREFIX_PATH}:/home/tabuchi/shipsimulator/install/sensor_module:/home/tabuchi/shipsimulator/install/ros_tcp_endpoint:/home/tabuchi/shipsimulator/install/mmg_module:/home/tabuchi/shipsimulator/install/actuator_module:/opt/ros/humble /usr/bin/cmake --build /home/tabuchi/shipsimulator/build/shipsim_msgs_module -- -j12 -l12
[1.756s] [35m[1mConsolidate compiler generated dependencies of target shipsim_msgs_module__rosidl_generator_c[0m
[1.770s] [  3%] Built target shipsim_msgs_module__cpp
[1.772s] [ 12%] Built target shipsim_msgs_module__rosidl_generator_c
[1.791s] [35m[1mConsolidate compiler generated dependencies of target shipsim_msgs_module__rosidl_typesupport_cpp[0m
[1.792s] [35m[1mConsolidate compiler generated dependencies of target shipsim_msgs_module__rosidl_typesupport_fastrtps_c[0m
[1.792s] [35m[1mConsolidate compiler generated dependencies of target shipsim_msgs_module__rosidl_typesupport_fastrtps_cpp[0m
[1.792s] [35m[1mConsolidate compiler generated dependencies of target shipsim_msgs_module__rosidl_typesupport_introspection_c[0m
[1.793s] [35m[1mConsolidate compiler generated dependencies of target shipsim_msgs_module__rosidl_typesupport_introspection_cpp[0m
[1.794s] [35m[1mConsolidate compiler generated dependencies of target shipsim_msgs_module__rosidl_typesupport_c[0m
[1.803s] [ 12%] Built target ament_cmake_python_copy_shipsim_msgs_module
[1.815s] [ 22%] Built target shipsim_msgs_module__rosidl_typesupport_introspection_c
[1.815s] [ 32%] Built target shipsim_msgs_module__rosidl_typesupport_c
[1.817s] [ 41%] Built target shipsim_msgs_module__rosidl_typesupport_cpp
[1.817s] [ 51%] Built target shipsim_msgs_module__rosidl_typesupport_fastrtps_c
[1.819s] [ 61%] Built target shipsim_msgs_module__rosidl_typesupport_fastrtps_cpp
[1.821s] [ 70%] Built target shipsim_msgs_module__rosidl_typesupport_introspection_cpp
[1.849s] [ 70%] Built target shipsim_msgs_module
[1.876s] [ 74%] Built target shipsim_msgs_module__py
[1.890s] [35m[1mConsolidate compiler generated dependencies of target shipsim_msgs_module__rosidl_generator_py[0m
[1.908s] [ 80%] Built target shipsim_msgs_module__rosidl_generator_py
[1.923s] [35m[1mConsolidate compiler generated dependencies of target shipsim_msgs_module__rosidl_typesupport_c__pyext[0m
[1.924s] [35m[1mConsolidate compiler generated dependencies of target shipsim_msgs_module__rosidl_typesupport_fastrtps_c__pyext[0m
[1.925s] [35m[1mConsolidate compiler generated dependencies of target shipsim_msgs_module__rosidl_typesupport_introspection_c__pyext[0m
[1.937s] [ 87%] Built target shipsim_msgs_module__rosidl_typesupport_c__pyext
[1.939s] [ 93%] Built target shipsim_msgs_module__rosidl_typesupport_fastrtps_c__pyext
[1.940s] [100%] Built target shipsim_msgs_module__rosidl_typesupport_introspection_c__pyext
[2.176s] running egg_info
[2.176s] writing shipsim_msgs_module.egg-info/PKG-INFO
[2.176s] writing dependency_links to shipsim_msgs_module.egg-info/dependency_links.txt
[2.177s] writing top-level names to shipsim_msgs_module.egg-info/top_level.txt
[2.177s] reading manifest file 'shipsim_msgs_module.egg-info/SOURCES.txt'
[2.177s] writing manifest file 'shipsim_msgs_module.egg-info/SOURCES.txt'
[2.207s] [100%] Built target ament_cmake_python_build_shipsim_msgs_module_egg
[2.224s] Invoked command in '/home/tabuchi/shipsimulator/build/shipsim_msgs_module' returned '0': CMAKE_PREFIX_PATH=${CMAKE_PREFIX_PATH}:/home/tabuchi/shipsimulator/install/sensor_module:/home/tabuchi/shipsimulator/install/ros_tcp_endpoint:/home/tabuchi/shipsimulator/install/mmg_module:/home/tabuchi/shipsimulator/install/actuator_module:/opt/ros/humble /usr/bin/cmake --build /home/tabuchi/shipsimulator/build/shipsim_msgs_module -- -j12 -l12
[2.285s] Invoking command in '/home/tabuchi/shipsimulator/build/shipsim_msgs_module': CMAKE_PREFIX_PATH=${CMAKE_PREFIX_PATH}:/home/tabuchi/shipsimulator/install/sensor_module:/home/tabuchi/shipsimulator/install/ros_tcp_endpoint:/home/tabuchi/shipsimulator/install/mmg_module:/home/tabuchi/shipsimulator/install/actuator_module:/opt/ros/humble /usr/bin/cmake --install /home/tabuchi/shipsimulator/build/shipsim_msgs_module
[2.294s] -- Install configuration: ""
[2.294s] -- Up-to-date: /home/tabuchi/shipsimulator/install/shipsim_msgs_module/share/ament_index/resource_index/rosidl_interfaces/shipsim_msgs_module
[2.294s] -- Up-to-date: /home/tabuchi/shipsimulator/install/shipsim_msgs_module/include/shipsim_msgs_module/shipsim_msgs_module
[2.294s] -- Up-to-date: /home/tabuchi/shipsimulator/install/shipsim_msgs_module/include/shipsim_msgs_module/shipsim_msgs_module/msg
[2.295s] -- Up-to-date: /home/tabuchi/shipsimulator/install/shipsim_msgs_module/include/shipsim_msgs_module/shipsim_msgs_module/msg/control.h
[2.295s] -- Up-to-date: /home/tabuchi/shipsimulator/install/shipsim_msgs_module/include/shipsim_msgs_module/shipsim_msgs_module/msg/rosidl_generator_c__visibility_control.h
[2.295s] -- Up-to-date: /home/tabuchi/shipsimulator/install/shipsim_msgs_module/include/shipsim_msgs_module/shipsim_msgs_module/msg/detail
[2.295s] -- Up-to-date: /home/tabuchi/shipsimulator/install/shipsim_msgs_module/include/shipsim_msgs_module/shipsim_msgs_module/msg/detail/control__struct.h
[2.295s] -- Up-to-date: /home/tabuchi/shipsimulator/install/shipsim_msgs_module/include/shipsim_msgs_module/shipsim_msgs_module/msg/detail/control__type_support.h
[2.295s] -- Up-to-date: /home/tabuchi/shipsimulator/install/shipsim_msgs_module/include/shipsim_msgs_module/shipsim_msgs_module/msg/detail/control__functions.h
[2.296s] -- Up-to-date: /home/tabuchi/shipsimulator/install/shipsim_msgs_module/include/shipsim_msgs_module/shipsim_msgs_module/msg/detail/control__functions.c
[2.296s] -- Up-to-date: /home/tabuchi/shipsimulator/install/shipsim_msgs_module/share/shipsim_msgs_module/environment/library_path.sh
[2.296s] -- Up-to-date: /home/tabuchi/shipsimulator/install/shipsim_msgs_module/share/shipsim_msgs_module/environment/library_path.dsv
[2.296s] -- Up-to-date: /home/tabuchi/shipsimulator/install/shipsim_msgs_module/lib/libshipsim_msgs_module__rosidl_generator_c.so
[2.296s] -- Up-to-date: /home/tabuchi/shipsimulator/install/shipsim_msgs_module/include/shipsim_msgs_module/shipsim_msgs_module
[2.297s] -- Up-to-date: /home/tabuchi/shipsimulator/install/shipsim_msgs_module/include/shipsim_msgs_module/shipsim_msgs_module/msg
[2.297s] -- Up-to-date: /home/tabuchi/shipsimulator/install/shipsim_msgs_module/include/shipsim_msgs_module/shipsim_msgs_module/msg/detail
[2.297s] -- Up-to-date: /home/tabuchi/shipsimulator/install/shipsim_msgs_module/include/shipsim_msgs_module/shipsim_msgs_module/msg/detail/control__rosidl_typesupport_fastrtps_c.h
[2.297s] -- Up-to-date: /home/tabuchi/shipsimulator/install/shipsim_msgs_module/include/shipsim_msgs_module/shipsim_msgs_module/msg/rosidl_typesupport_fastrtps_c__visibility_control.h
[2.297s] -- Up-to-date: /home/tabuchi/shipsimulator/install/shipsim_msgs_module/lib/libshipsim_msgs_module__rosidl_typesupport_fastrtps_c.so
[2.298s] -- Up-to-date: /home/tabuchi/shipsimulator/install/shipsim_msgs_module/include/shipsim_msgs_module/shipsim_msgs_module
[2.298s] -- Up-to-date: /home/tabuchi/shipsimulator/install/shipsim_msgs_module/include/shipsim_msgs_module/shipsim_msgs_module/msg
[2.298s] -- Up-to-date: /home/tabuchi/shipsimulator/install/shipsim_msgs_module/include/shipsim_msgs_module/shipsim_msgs_module/msg/detail
[2.298s] -- Up-to-date: /home/tabuchi/shipsimulator/install/shipsim_msgs_module/include/shipsim_msgs_module/shipsim_msgs_module/msg/detail/control__rosidl_typesupport_introspection_c.h
[2.298s] -- Up-to-date: /home/tabuchi/shipsimulator/install/shipsim_msgs_module/include/shipsim_msgs_module/shipsim_msgs_module/msg/detail/control__type_support.c
[2.298s] -- Up-to-date: /home/tabuchi/shipsimulator/install/shipsim_msgs_module/include/shipsim_msgs_module/shipsim_msgs_module/msg/rosidl_typesupport_introspection_c__visibility_control.h
[2.298s] -- Up-to-date: /home/tabuchi/shipsimulator/install/shipsim_msgs_module/lib/libshipsim_msgs_module__rosidl_typesupport_introspection_c.so
[2.299s] -- Up-to-date: /home/tabuchi/shipsimulator/install/shipsim_msgs_module/lib/libshipsim_msgs_module__rosidl_typesupport_c.so
[2.299s] -- Up-to-date: /home/tabuchi/shipsimulator/install/shipsim_msgs_module/include/shipsim_msgs_module/shipsim_msgs_module
[2.299s] -- Up-to-date: /home/tabuchi/shipsimulator/install/shipsim_msgs_module/include/shipsim_msgs_module/shipsim_msgs_module/msg
[2.299s] -- Up-to-date: /home/tabuchi/shipsimulator/install/shipsim_msgs_module/include/shipsim_msgs_module/shipsim_msgs_module/msg/control.hpp
[2.299s] -- Up-to-date: /home/tabuchi/shipsimulator/install/shipsim_msgs_module/include/shipsim_msgs_module/shipsim_msgs_module/msg/detail
[2.299s] -- Up-to-date: /home/tabuchi/shipsimulator/install/shipsim_msgs_module/include/shipsim_msgs_module/shipsim_msgs_module/msg/detail/control__struct.hpp
[2.299s] -- Up-to-date: /home/tabuchi/shipsimulator/install/shipsim_msgs_module/include/shipsim_msgs_module/shipsim_msgs_module/msg/detail/control__traits.hpp
[2.300s] -- Up-to-date: /home/tabuchi/shipsimulator/install/shipsim_msgs_module/include/shipsim_msgs_module/shipsim_msgs_module/msg/detail/control__builder.hpp
[2.300s] -- Up-to-date: /home/tabuchi/shipsimulator/install/shipsim_msgs_module/include/shipsim_msgs_module/shipsim_msgs_module
[2.300s] -- Up-to-date: /home/tabuchi/shipsimulator/install/shipsim_msgs_module/include/shipsim_msgs_module/shipsim_msgs_module/msg
[2.300s] -- Up-to-date: /home/tabuchi/shipsimulator/install/shipsim_msgs_module/include/shipsim_msgs_module/shipsim_msgs_module/msg/detail
[2.300s] -- Up-to-date: /home/tabuchi/shipsimulator/install/shipsim_msgs_module/include/shipsim_msgs_module/shipsim_msgs_module/msg/detail/control__rosidl_typesupport_fastrtps_cpp.hpp
[2.300s] -- Up-to-date: /home/tabuchi/shipsimulator/install/shipsim_msgs_module/include/shipsim_msgs_module/shipsim_msgs_module/msg/detail/dds_fastrtps
[2.300s] -- Up-to-date: /home/tabuchi/shipsimulator/install/shipsim_msgs_module/include/shipsim_msgs_module/shipsim_msgs_module/msg/rosidl_typesupport_fastrtps_cpp__visibility_control.h
[2.300s] -- Up-to-date: /home/tabuchi/shipsimulator/install/shipsim_msgs_module/lib/libshipsim_msgs_module__rosidl_typesupport_fastrtps_cpp.so
[2.301s] -- Up-to-date: /home/tabuchi/shipsimulator/install/shipsim_msgs_module/include/shipsim_msgs_module/shipsim_msgs_module
[2.301s] -- Up-to-date: /home/tabuchi/shipsimulator/install/shipsim_msgs_module/include/shipsim_msgs_module/shipsim_msgs_module/msg
[2.301s] -- Up-to-date: /home/tabuchi/shipsimulator/install/shipsim_msgs_module/include/shipsim_msgs_module/shipsim_msgs_module/msg/detail
[2.301s] -- Up-to-date: /home/tabuchi/shipsimulator/install/shipsim_msgs_module/include/shipsim_msgs_module/shipsim_msgs_module/msg/detail/control__type_support.cpp
[2.301s] -- Up-to-date: /home/tabuchi/shipsimulator/install/shipsim_msgs_module/include/shipsim_msgs_module/shipsim_msgs_module/msg/detail/control__rosidl_typesupport_introspection_cpp.hpp
[2.301s] -- Up-to-date: /home/tabuchi/shipsimulator/install/shipsim_msgs_module/lib/libshipsim_msgs_module__rosidl_typesupport_introspection_cpp.so
[2.301s] -- Up-to-date: /home/tabuchi/shipsimulator/install/shipsim_msgs_module/lib/libshipsim_msgs_module__rosidl_typesupport_cpp.so
[2.302s] -- Up-to-date: /home/tabuchi/shipsimulator/install/shipsim_msgs_module/share/shipsim_msgs_module/environment/pythonpath.sh
[2.302s] -- Up-to-date: /home/tabuchi/shipsimulator/install/shipsim_msgs_module/share/shipsim_msgs_module/environment/pythonpath.dsv
[2.302s] -- Up-to-date: /home/tabuchi/shipsimulator/install/shipsim_msgs_module/lib/python3.10/site-packages/shipsim_msgs_module-0.0.0-py3.10.egg-info
[2.302s] -- Installing: /home/tabuchi/shipsimulator/install/shipsim_msgs_module/lib/python3.10/site-packages/shipsim_msgs_module-0.0.0-py3.10.egg-info/top_level.txt
[2.302s] -- Installing: /home/tabuchi/shipsimulator/install/shipsim_msgs_module/lib/python3.10/site-packages/shipsim_msgs_module-0.0.0-py3.10.egg-info/dependency_links.txt
[2.302s] -- Installing: /home/tabuchi/shipsimulator/install/shipsim_msgs_module/lib/python3.10/site-packages/shipsim_msgs_module-0.0.0-py3.10.egg-info/SOURCES.txt
[2.302s] -- Installing: /home/tabuchi/shipsimulator/install/shipsim_msgs_module/lib/python3.10/site-packages/shipsim_msgs_module-0.0.0-py3.10.egg-info/PKG-INFO
[2.303s] -- Up-to-date: /home/tabuchi/shipsimulator/install/shipsim_msgs_module/lib/python3.10/site-packages/shipsim_msgs_module
[2.303s] -- Up-to-date: /home/tabuchi/shipsimulator/install/shipsim_msgs_module/lib/python3.10/site-packages/shipsim_msgs_module/shipsim_msgs_module_s__rosidl_typesupport_c.cpython-310-x86_64-linux-gnu.so
[2.303s] -- Up-to-date: /home/tabuchi/shipsimulator/install/shipsim_msgs_module/lib/python3.10/site-packages/shipsim_msgs_module/__init__.py
[2.303s] -- Up-to-date: /home/tabuchi/shipsimulator/install/shipsim_msgs_module/lib/python3.10/site-packages/shipsim_msgs_module/_shipsim_msgs_module_s.ep.rosidl_typesupport_c.c
[2.303s] -- Up-to-date: /home/tabuchi/shipsimulator/install/shipsim_msgs_module/lib/python3.10/site-packages/shipsim_msgs_module/_shipsim_msgs_module_s.ep.rosidl_typesupport_introspection_c.c
[2.303s] -- Up-to-date: /home/tabuchi/shipsimulator/install/shipsim_msgs_module/lib/python3.10/site-packages/shipsim_msgs_module/_shipsim_msgs_module_s.ep.rosidl_typesupport_fastrtps_c.c
[2.303s] -- Up-to-date: /home/tabuchi/shipsimulator/install/shipsim_msgs_module/lib/python3.10/site-packages/shipsim_msgs_module/shipsim_msgs_module_s__rosidl_typesupport_fastrtps_c.cpython-310-x86_64-linux-gnu.so
[2.304s] -- Up-to-date: /home/tabuchi/shipsimulator/install/shipsim_msgs_module/lib/python3.10/site-packages/shipsim_msgs_module/shipsim_msgs_module_s__rosidl_typesupport_introspection_c.cpython-310-x86_64-linux-gnu.so
[2.304s] -- Up-to-date: /home/tabuchi/shipsimulator/install/shipsim_msgs_module/lib/python3.10/site-packages/shipsim_msgs_module/msg
[2.304s] -- Up-to-date: /home/tabuchi/shipsimulator/install/shipsim_msgs_module/lib/python3.10/site-packages/shipsim_msgs_module/msg/_control_s.c
[2.304s] -- Up-to-date: /home/tabuchi/shipsimulator/install/shipsim_msgs_module/lib/python3.10/site-packages/shipsim_msgs_module/msg/_control.py
[2.304s] -- Up-to-date: /home/tabuchi/shipsimulator/install/shipsim_msgs_module/lib/python3.10/site-packages/shipsim_msgs_module/msg/__init__.py
[2.304s] -- Up-to-date: /home/tabuchi/shipsimulator/install/shipsim_msgs_module/lib/python3.10/site-packages/shipsim_msgs_module/libshipsim_msgs_module__rosidl_generator_py.so
[2.338s] Listing '/home/tabuchi/shipsimulator/install/shipsim_msgs_module/lib/python3.10/site-packages/shipsim_msgs_module'...
[2.339s] Listing '/home/tabuchi/shipsimulator/install/shipsim_msgs_module/lib/python3.10/site-packages/shipsim_msgs_module/msg'...
[2.344s] -- Up-to-date: /home/tabuchi/shipsimulator/install/shipsim_msgs_module/lib/python3.10/site-packages/shipsim_msgs_module/shipsim_msgs_module_s__rosidl_typesupport_fastrtps_c.cpython-310-x86_64-linux-gnu.so
[2.344s] -- Up-to-date: /home/tabuchi/shipsimulator/install/shipsim_msgs_module/lib/python3.10/site-packages/shipsim_msgs_module/shipsim_msgs_module_s__rosidl_typesupport_introspection_c.cpython-310-x86_64-linux-gnu.so
[2.345s] -- Up-to-date: /home/tabuchi/shipsimulator/install/shipsim_msgs_module/lib/python3.10/site-packages/shipsim_msgs_module/shipsim_msgs_module_s__rosidl_typesupport_c.cpython-310-x86_64-linux-gnu.so
[2.345s] -- Up-to-date: /home/tabuchi/shipsimulator/install/shipsim_msgs_module/lib/libshipsim_msgs_module__rosidl_generator_py.so
[2.345s] -- Up-to-date: /home/tabuchi/shipsimulator/install/shipsim_msgs_module/share/shipsim_msgs_module/msg/Control.idl
[2.346s] -- Up-to-date: /home/tabuchi/shipsimulator/install/shipsim_msgs_module/share/shipsim_msgs_module/msg/Control.msg
[2.346s] -- Up-to-date: /home/tabuchi/shipsimulator/install/shipsim_msgs_module/share/ament_index/resource_index/package_run_dependencies/shipsim_msgs_module
[2.346s] -- Up-to-date: /home/tabuchi/shipsimulator/install/shipsim_msgs_module/share/ament_index/resource_index/parent_prefix_path/shipsim_msgs_module
[2.346s] -- Up-to-date: /home/tabuchi/shipsimulator/install/shipsim_msgs_module/share/shipsim_msgs_module/environment/ament_prefix_path.sh
[2.346s] -- Up-to-date: /home/tabuchi/shipsimulator/install/shipsim_msgs_module/share/shipsim_msgs_module/environment/ament_prefix_path.dsv
[2.347s] -- Up-to-date: /home/tabuchi/shipsimulator/install/shipsim_msgs_module/share/shipsim_msgs_module/environment/path.sh
[2.347s] -- Up-to-date: /home/tabuchi/shipsimulator/install/shipsim_msgs_module/share/shipsim_msgs_module/environment/path.dsv
[2.347s] -- Up-to-date: /home/tabuchi/shipsimulator/install/shipsim_msgs_module/share/shipsim_msgs_module/local_setup.bash
[2.347s] -- Up-to-date: /home/tabuchi/shipsimulator/install/shipsim_msgs_module/share/shipsim_msgs_module/local_setup.sh
[2.347s] -- Up-to-date: /home/tabuchi/shipsimulator/install/shipsim_msgs_module/share/shipsim_msgs_module/local_setup.zsh
[2.347s] -- Up-to-date: /home/tabuchi/shipsimulator/install/shipsim_msgs_module/share/shipsim_msgs_module/local_setup.dsv
[2.347s] -- Installing: /home/tabuchi/shipsimulator/install/shipsim_msgs_module/share/shipsim_msgs_module/package.dsv
[2.348s] -- Up-to-date: /home/tabuchi/shipsimulator/install/shipsim_msgs_module/share/ament_index/resource_index/packages/shipsim_msgs_module
[2.348s] -- Up-to-date: /home/tabuchi/shipsimulator/install/shipsim_msgs_module/share/shipsim_msgs_module/cmake/export_shipsim_msgs_module__rosidl_generator_cExport.cmake
[2.348s] -- Up-to-date: /home/tabuchi/shipsimulator/install/shipsim_msgs_module/share/shipsim_msgs_module/cmake/export_shipsim_msgs_module__rosidl_generator_cExport-noconfig.cmake
[2.348s] -- Up-to-date: /home/tabuchi/shipsimulator/install/shipsim_msgs_module/share/shipsim_msgs_module/cmake/export_shipsim_msgs_module__rosidl_typesupport_fastrtps_cExport.cmake
[2.348s] -- Up-to-date: /home/tabuchi/shipsimulator/install/shipsim_msgs_module/share/shipsim_msgs_module/cmake/export_shipsim_msgs_module__rosidl_typesupport_fastrtps_cExport-noconfig.cmake
[2.348s] -- Up-to-date: /home/tabuchi/shipsimulator/install/shipsim_msgs_module/share/shipsim_msgs_module/cmake/shipsim_msgs_module__rosidl_typesupport_introspection_cExport.cmake
[2.349s] -- Up-to-date: /home/tabuchi/shipsimulator/install/shipsim_msgs_module/share/shipsim_msgs_module/cmake/shipsim_msgs_module__rosidl_typesupport_introspection_cExport-noconfig.cmake
[2.349s] -- Up-to-date: /home/tabuchi/shipsimulator/install/shipsim_msgs_module/share/shipsim_msgs_module/cmake/shipsim_msgs_module__rosidl_typesupport_cExport.cmake
[2.349s] -- Up-to-date: /home/tabuchi/shipsimulator/install/shipsim_msgs_module/share/shipsim_msgs_module/cmake/shipsim_msgs_module__rosidl_typesupport_cExport-noconfig.cmake
[2.349s] -- Up-to-date: /home/tabuchi/shipsimulator/install/shipsim_msgs_module/share/shipsim_msgs_module/cmake/export_shipsim_msgs_module__rosidl_generator_cppExport.cmake
[2.349s] -- Up-to-date: /home/tabuchi/shipsimulator/install/shipsim_msgs_module/share/shipsim_msgs_module/cmake/export_shipsim_msgs_module__rosidl_typesupport_fastrtps_cppExport.cmake
[2.349s] -- Up-to-date: /home/tabuchi/shipsimulator/install/shipsim_msgs_module/share/shipsim_msgs_module/cmake/export_shipsim_msgs_module__rosidl_typesupport_fastrtps_cppExport-noconfig.cmake
[2.349s] -- Up-to-date: /home/tabuchi/shipsimulator/install/shipsim_msgs_module/share/shipsim_msgs_module/cmake/shipsim_msgs_module__rosidl_typesupport_introspection_cppExport.cmake
[2.350s] -- Up-to-date: /home/tabuchi/shipsimulator/install/shipsim_msgs_module/share/shipsim_msgs_module/cmake/shipsim_msgs_module__rosidl_typesupport_introspection_cppExport-noconfig.cmake
[2.350s] -- Up-to-date: /home/tabuchi/shipsimulator/install/shipsim_msgs_module/share/shipsim_msgs_module/cmake/shipsim_msgs_module__rosidl_typesupport_cppExport.cmake
[2.350s] -- Up-to-date: /home/tabuchi/shipsimulator/install/shipsim_msgs_module/share/shipsim_msgs_module/cmake/shipsim_msgs_module__rosidl_typesupport_cppExport-noconfig.cmake
[2.350s] -- Up-to-date: /home/tabuchi/shipsimulator/install/shipsim_msgs_module/share/shipsim_msgs_module/cmake/export_shipsim_msgs_module__rosidl_generator_pyExport.cmake
[2.350s] -- Up-to-date: /home/tabuchi/shipsimulator/install/shipsim_msgs_module/share/shipsim_msgs_module/cmake/export_shipsim_msgs_module__rosidl_generator_pyExport-noconfig.cmake
[2.350s] -- Up-to-date: /home/tabuchi/shipsimulator/install/shipsim_msgs_module/share/shipsim_msgs_module/cmake/rosidl_cmake-extras.cmake
[2.350s] -- Up-to-date: /home/tabuchi/shipsimulator/install/shipsim_msgs_module/share/shipsim_msgs_module/cmake/ament_cmake_export_include_directories-extras.cmake
[2.350s] -- Up-to-date: /home/tabuchi/shipsimulator/install/shipsim_msgs_module/share/shipsim_msgs_module/cmake/ament_cmake_export_libraries-extras.cmake
[2.350s] -- Up-to-date: /home/tabuchi/shipsimulator/install/shipsim_msgs_module/share/shipsim_msgs_module/cmake/ament_cmake_export_targets-extras.cmake
[2.350s] -- Up-to-date: /home/tabuchi/shipsimulator/install/shipsim_msgs_module/share/shipsim_msgs_module/cmake/rosidl_cmake_export_typesupport_targets-extras.cmake
[2.351s] -- Up-to-date: /home/tabuchi/shipsimulator/install/shipsim_msgs_module/share/shipsim_msgs_module/cmake/ament_cmake_export_dependencies-extras.cmake
[2.351s] -- Up-to-date: /home/tabuchi/shipsimulator/install/shipsim_msgs_module/share/shipsim_msgs_module/cmake/rosidl_cmake_export_typesupport_libraries-extras.cmake
[2.351s] -- Up-to-date: /home/tabuchi/shipsimulator/install/shipsim_msgs_module/share/shipsim_msgs_module/cmake/shipsim_msgs_moduleConfig.cmake
[2.351s] -- Up-to-date: /home/tabuchi/shipsimulator/install/shipsim_msgs_module/share/shipsim_msgs_module/cmake/shipsim_msgs_moduleConfig-version.cmake
[2.351s] -- Up-to-date: /home/tabuchi/shipsimulator/install/shipsim_msgs_module/share/shipsim_msgs_module/package.xml
[2.352s] Invoked command in '/home/tabuchi/shipsimulator/build/shipsim_msgs_module' returned '0': CMAKE_PREFIX_PATH=${CMAKE_PREFIX_PATH}:/home/tabuchi/shipsimulator/install/sensor_module:/home/tabuchi/shipsimulator/install/ros_tcp_endpoint:/home/tabuchi/shipsimulator/install/mmg_module:/home/tabuchi/shipsimulator/install/actuator_module:/opt/ros/humble /usr/bin/cmake --install /home/tabuchi/shipsimulator/build/shipsim_msgs_module
