[1.461s] Invoking command in '/home/tabuchi/shipsimulator/build/shipsim_msgs_module': CMAKE_PREFIX_PATH=${CMAKE_PREFIX_PATH}:/home/tabuchi/shipsimulator/install/sensor_module:/home/tabuchi/shipsimulator/install/ros_tcp_endpoint:/home/tabuchi/shipsimulator/install/mmg_module:/home/tabuchi/shipsimulator/install/actuator_module:/opt/ros/humble /usr/bin/cmake --build /home/tabuchi/shipsimulator/build/shipsim_msgs_module -- -j12 -l12
[1.519s] [  3%] Built target shipsim_msgs_module__cpp
[1.520s] [ 12%] Built target shipsim_msgs_module__rosidl_generator_c
[1.546s] [ 12%] Built target ament_cmake_python_copy_shipsim_msgs_module
[1.553s] [ 32%] Built target shipsim_msgs_module__rosidl_typesupport_cpp
[1.553s] [ 32%] Built target shipsim_msgs_module__rosidl_typesupport_c
[1.554s] [ 41%] Built target shipsim_msgs_module__rosidl_typesupport_introspection_c
[1.554s] [ 58%] Built target shipsim_msgs_module__rosidl_typesupport_fastrtps_cpp
[1.555s] [ 61%] Built target shipsim_msgs_module__rosidl_typesupport_fastrtps_c
[1.558s] [ 70%] Built target shipsim_msgs_module__rosidl_typesupport_introspection_cpp
[1.585s] [ 70%] Built target shipsim_msgs_module
[1.613s] [ 74%] Built target shipsim_msgs_module__py
[1.637s] [ 80%] Built target shipsim_msgs_module__rosidl_generator_py
[1.663s] [ 87%] Built target shipsim_msgs_module__rosidl_typesupport_introspection_c__pyext
[1.668s] [ 93%] Built target shipsim_msgs_module__rosidl_typesupport_c__pyext
[1.668s] [100%] Built target shipsim_msgs_module__rosidl_typesupport_fastrtps_c__pyext
[1.836s] running egg_info
[1.837s] writing shipsim_msgs_module.egg-info/PKG-INFO
[1.837s] writing dependency_links to shipsim_msgs_module.egg-info/dependency_links.txt
[1.837s] writing top-level names to shipsim_msgs_module.egg-info/top_level.txt
[1.839s] reading manifest file 'shipsim_msgs_module.egg-info/SOURCES.txt'
[1.840s] writing manifest file 'shipsim_msgs_module.egg-info/SOURCES.txt'
[1.869s] [100%] Built target ament_cmake_python_build_shipsim_msgs_module_egg
[1.883s] Invoked command in '/home/tabuchi/shipsimulator/build/shipsim_msgs_module' returned '0': CMAKE_PREFIX_PATH=${CMAKE_PREFIX_PATH}:/home/tabuchi/shipsimulator/install/sensor_module:/home/tabuchi/shipsimulator/install/ros_tcp_endpoint:/home/tabuchi/shipsimulator/install/mmg_module:/home/tabuchi/shipsimulator/install/actuator_module:/opt/ros/humble /usr/bin/cmake --build /home/tabuchi/shipsimulator/build/shipsim_msgs_module -- -j12 -l12
[1.938s] Invoking command in '/home/tabuchi/shipsimulator/build/shipsim_msgs_module': CMAKE_PREFIX_PATH=${CMAKE_PREFIX_PATH}:/home/tabuchi/shipsimulator/install/sensor_module:/home/tabuchi/shipsimulator/install/ros_tcp_endpoint:/home/tabuchi/shipsimulator/install/mmg_module:/home/tabuchi/shipsimulator/install/actuator_module:/opt/ros/humble /usr/bin/cmake --install /home/tabuchi/shipsimulator/build/shipsim_msgs_module
[1.945s] -- Install configuration: ""
[1.946s] -- Up-to-date: /home/tabuchi/shipsimulator/install/shipsim_msgs_module/share/ament_index/resource_index/rosidl_interfaces/shipsim_msgs_module
[1.946s] -- Up-to-date: /home/tabuchi/shipsimulator/install/shipsim_msgs_module/include/shipsim_msgs_module/shipsim_msgs_module
[1.946s] -- Up-to-date: /home/tabuchi/shipsimulator/install/shipsim_msgs_module/include/shipsim_msgs_module/shipsim_msgs_module/msg
[1.946s] -- Up-to-date: /home/tabuchi/shipsimulator/install/shipsim_msgs_module/include/shipsim_msgs_module/shipsim_msgs_module/msg/control.h
[1.946s] -- Up-to-date: /home/tabuchi/shipsimulator/install/shipsim_msgs_module/include/shipsim_msgs_module/shipsim_msgs_module/msg/rosidl_generator_c__visibility_control.h
[1.946s] -- Up-to-date: /home/tabuchi/shipsimulator/install/shipsim_msgs_module/include/shipsim_msgs_module/shipsim_msgs_module/msg/detail
[1.947s] -- Up-to-date: /home/tabuchi/shipsimulator/install/shipsim_msgs_module/include/shipsim_msgs_module/shipsim_msgs_module/msg/detail/control__struct.h
[1.947s] -- Up-to-date: /home/tabuchi/shipsimulator/install/shipsim_msgs_module/include/shipsim_msgs_module/shipsim_msgs_module/msg/detail/control__type_support.h
[1.947s] -- Up-to-date: /home/tabuchi/shipsimulator/install/shipsim_msgs_module/include/shipsim_msgs_module/shipsim_msgs_module/msg/detail/control__functions.h
[1.947s] -- Up-to-date: /home/tabuchi/shipsimulator/install/shipsim_msgs_module/include/shipsim_msgs_module/shipsim_msgs_module/msg/detail/control__functions.c
[1.947s] -- Up-to-date: /home/tabuchi/shipsimulator/install/shipsim_msgs_module/share/shipsim_msgs_module/environment/library_path.sh
[1.947s] -- Up-to-date: /home/tabuchi/shipsimulator/install/shipsim_msgs_module/share/shipsim_msgs_module/environment/library_path.dsv
[1.948s] -- Up-to-date: /home/tabuchi/shipsimulator/install/shipsim_msgs_module/lib/libshipsim_msgs_module__rosidl_generator_c.so
[1.948s] -- Up-to-date: /home/tabuchi/shipsimulator/install/shipsim_msgs_module/include/shipsim_msgs_module/shipsim_msgs_module
[1.948s] -- Up-to-date: /home/tabuchi/shipsimulator/install/shipsim_msgs_module/include/shipsim_msgs_module/shipsim_msgs_module/msg
[1.948s] -- Up-to-date: /home/tabuchi/shipsimulator/install/shipsim_msgs_module/include/shipsim_msgs_module/shipsim_msgs_module/msg/detail
[1.948s] -- Up-to-date: /home/tabuchi/shipsimulator/install/shipsim_msgs_module/include/shipsim_msgs_module/shipsim_msgs_module/msg/detail/control__rosidl_typesupport_fastrtps_c.h
[1.948s] -- Up-to-date: /home/tabuchi/shipsimulator/install/shipsim_msgs_module/include/shipsim_msgs_module/shipsim_msgs_module/msg/rosidl_typesupport_fastrtps_c__visibility_control.h
[1.948s] -- Up-to-date: /home/tabuchi/shipsimulator/install/shipsim_msgs_module/lib/libshipsim_msgs_module__rosidl_typesupport_fastrtps_c.so
[1.949s] -- Up-to-date: /home/tabuchi/shipsimulator/install/shipsim_msgs_module/include/shipsim_msgs_module/shipsim_msgs_module
[1.949s] -- Up-to-date: /home/tabuchi/shipsimulator/install/shipsim_msgs_module/include/shipsim_msgs_module/shipsim_msgs_module/msg
[1.949s] -- Up-to-date: /home/tabuchi/shipsimulator/install/shipsim_msgs_module/include/shipsim_msgs_module/shipsim_msgs_module/msg/detail
[1.949s] -- Up-to-date: /home/tabuchi/shipsimulator/install/shipsim_msgs_module/include/shipsim_msgs_module/shipsim_msgs_module/msg/detail/control__rosidl_typesupport_introspection_c.h
[1.949s] -- Up-to-date: /home/tabuchi/shipsimulator/install/shipsim_msgs_module/include/shipsim_msgs_module/shipsim_msgs_module/msg/detail/control__type_support.c
[1.949s] -- Up-to-date: /home/tabuchi/shipsimulator/install/shipsim_msgs_module/include/shipsim_msgs_module/shipsim_msgs_module/msg/rosidl_typesupport_introspection_c__visibility_control.h
[1.949s] -- Up-to-date: /home/tabuchi/shipsimulator/install/shipsim_msgs_module/lib/libshipsim_msgs_module__rosidl_typesupport_introspection_c.so
[1.950s] -- Up-to-date: /home/tabuchi/shipsimulator/install/shipsim_msgs_module/lib/libshipsim_msgs_module__rosidl_typesupport_c.so
[1.950s] -- Up-to-date: /home/tabuchi/shipsimulator/install/shipsim_msgs_module/include/shipsim_msgs_module/shipsim_msgs_module
[1.950s] -- Up-to-date: /home/tabuchi/shipsimulator/install/shipsim_msgs_module/include/shipsim_msgs_module/shipsim_msgs_module/msg
[1.950s] -- Up-to-date: /home/tabuchi/shipsimulator/install/shipsim_msgs_module/include/shipsim_msgs_module/shipsim_msgs_module/msg/control.hpp
[1.950s] -- Up-to-date: /home/tabuchi/shipsimulator/install/shipsim_msgs_module/include/shipsim_msgs_module/shipsim_msgs_module/msg/detail
[1.950s] -- Up-to-date: /home/tabuchi/shipsimulator/install/shipsim_msgs_module/include/shipsim_msgs_module/shipsim_msgs_module/msg/detail/control__struct.hpp
[1.950s] -- Up-to-date: /home/tabuchi/shipsimulator/install/shipsim_msgs_module/include/shipsim_msgs_module/shipsim_msgs_module/msg/detail/control__traits.hpp
[1.950s] -- Up-to-date: /home/tabuchi/shipsimulator/install/shipsim_msgs_module/include/shipsim_msgs_module/shipsim_msgs_module/msg/detail/control__builder.hpp
[1.951s] -- Up-to-date: /home/tabuchi/shipsimulator/install/shipsim_msgs_module/include/shipsim_msgs_module/shipsim_msgs_module
[1.951s] -- Up-to-date: /home/tabuchi/shipsimulator/install/shipsim_msgs_module/include/shipsim_msgs_module/shipsim_msgs_module/msg
[1.951s] -- Up-to-date: /home/tabuchi/shipsimulator/install/shipsim_msgs_module/include/shipsim_msgs_module/shipsim_msgs_module/msg/detail
[1.951s] -- Up-to-date: /home/tabuchi/shipsimulator/install/shipsim_msgs_module/include/shipsim_msgs_module/shipsim_msgs_module/msg/detail/control__rosidl_typesupport_fastrtps_cpp.hpp
[1.951s] -- Up-to-date: /home/tabuchi/shipsimulator/install/shipsim_msgs_module/include/shipsim_msgs_module/shipsim_msgs_module/msg/detail/dds_fastrtps
[1.951s] -- Up-to-date: /home/tabuchi/shipsimulator/install/shipsim_msgs_module/include/shipsim_msgs_module/shipsim_msgs_module/msg/rosidl_typesupport_fastrtps_cpp__visibility_control.h
[1.951s] -- Up-to-date: /home/tabuchi/shipsimulator/install/shipsim_msgs_module/lib/libshipsim_msgs_module__rosidl_typesupport_fastrtps_cpp.so
[1.951s] -- Up-to-date: /home/tabuchi/shipsimulator/install/shipsim_msgs_module/include/shipsim_msgs_module/shipsim_msgs_module
[1.952s] -- Up-to-date: /home/tabuchi/shipsimulator/install/shipsim_msgs_module/include/shipsim_msgs_module/shipsim_msgs_module/msg
[1.952s] -- Up-to-date: /home/tabuchi/shipsimulator/install/shipsim_msgs_module/include/shipsim_msgs_module/shipsim_msgs_module/msg/detail
[1.952s] -- Up-to-date: /home/tabuchi/shipsimulator/install/shipsim_msgs_module/include/shipsim_msgs_module/shipsim_msgs_module/msg/detail/control__type_support.cpp
[1.952s] -- Up-to-date: /home/tabuchi/shipsimulator/install/shipsim_msgs_module/include/shipsim_msgs_module/shipsim_msgs_module/msg/detail/control__rosidl_typesupport_introspection_cpp.hpp
[1.952s] -- Up-to-date: /home/tabuchi/shipsimulator/install/shipsim_msgs_module/lib/libshipsim_msgs_module__rosidl_typesupport_introspection_cpp.so
[1.952s] -- Up-to-date: /home/tabuchi/shipsimulator/install/shipsim_msgs_module/lib/libshipsim_msgs_module__rosidl_typesupport_cpp.so
[1.952s] -- Up-to-date: /home/tabuchi/shipsimulator/install/shipsim_msgs_module/share/shipsim_msgs_module/environment/pythonpath.sh
[1.952s] -- Up-to-date: /home/tabuchi/shipsimulator/install/shipsim_msgs_module/share/shipsim_msgs_module/environment/pythonpath.dsv
[1.953s] -- Up-to-date: /home/tabuchi/shipsimulator/install/shipsim_msgs_module/lib/python3.10/site-packages/shipsim_msgs_module-0.0.0-py3.10.egg-info
[1.953s] -- Installing: /home/tabuchi/shipsimulator/install/shipsim_msgs_module/lib/python3.10/site-packages/shipsim_msgs_module-0.0.0-py3.10.egg-info/top_level.txt
[1.953s] -- Installing: /home/tabuchi/shipsimulator/install/shipsim_msgs_module/lib/python3.10/site-packages/shipsim_msgs_module-0.0.0-py3.10.egg-info/dependency_links.txt
[1.953s] -- Installing: /home/tabuchi/shipsimulator/install/shipsim_msgs_module/lib/python3.10/site-packages/shipsim_msgs_module-0.0.0-py3.10.egg-info/SOURCES.txt
[1.953s] -- Installing: /home/tabuchi/shipsimulator/install/shipsim_msgs_module/lib/python3.10/site-packages/shipsim_msgs_module-0.0.0-py3.10.egg-info/PKG-INFO
[1.953s] -- Up-to-date: /home/tabuchi/shipsimulator/install/shipsim_msgs_module/lib/python3.10/site-packages/shipsim_msgs_module
[1.953s] -- Up-to-date: /home/tabuchi/shipsimulator/install/shipsim_msgs_module/lib/python3.10/site-packages/shipsim_msgs_module/shipsim_msgs_module_s__rosidl_typesupport_c.cpython-310-x86_64-linux-gnu.so
[1.953s] -- Up-to-date: /home/tabuchi/shipsimulator/install/shipsim_msgs_module/lib/python3.10/site-packages/shipsim_msgs_module/__init__.py
[1.953s] -- Up-to-date: /home/tabuchi/shipsimulator/install/shipsim_msgs_module/lib/python3.10/site-packages/shipsim_msgs_module/_shipsim_msgs_module_s.ep.rosidl_typesupport_c.c
[1.954s] -- Up-to-date: /home/tabuchi/shipsimulator/install/shipsim_msgs_module/lib/python3.10/site-packages/shipsim_msgs_module/_shipsim_msgs_module_s.ep.rosidl_typesupport_introspection_c.c
[1.954s] -- Up-to-date: /home/tabuchi/shipsimulator/install/shipsim_msgs_module/lib/python3.10/site-packages/shipsim_msgs_module/_shipsim_msgs_module_s.ep.rosidl_typesupport_fastrtps_c.c
[1.954s] -- Up-to-date: /home/tabuchi/shipsimulator/install/shipsim_msgs_module/lib/python3.10/site-packages/shipsim_msgs_module/shipsim_msgs_module_s__rosidl_typesupport_fastrtps_c.cpython-310-x86_64-linux-gnu.so
[1.954s] -- Up-to-date: /home/tabuchi/shipsimulator/install/shipsim_msgs_module/lib/python3.10/site-packages/shipsim_msgs_module/shipsim_msgs_module_s__rosidl_typesupport_introspection_c.cpython-310-x86_64-linux-gnu.so
[1.954s] -- Up-to-date: /home/tabuchi/shipsimulator/install/shipsim_msgs_module/lib/python3.10/site-packages/shipsim_msgs_module/msg
[1.954s] -- Up-to-date: /home/tabuchi/shipsimulator/install/shipsim_msgs_module/lib/python3.10/site-packages/shipsim_msgs_module/msg/_control_s.c
[1.954s] -- Up-to-date: /home/tabuchi/shipsimulator/install/shipsim_msgs_module/lib/python3.10/site-packages/shipsim_msgs_module/msg/_control.py
[1.954s] -- Up-to-date: /home/tabuchi/shipsimulator/install/shipsim_msgs_module/lib/python3.10/site-packages/shipsim_msgs_module/msg/__init__.py
[1.955s] -- Up-to-date: /home/tabuchi/shipsimulator/install/shipsim_msgs_module/lib/python3.10/site-packages/shipsim_msgs_module/libshipsim_msgs_module__rosidl_generator_py.so
[1.991s] Listing '/home/tabuchi/shipsimulator/install/shipsim_msgs_module/lib/python3.10/site-packages/shipsim_msgs_module'...
[1.991s] Listing '/home/tabuchi/shipsimulator/install/shipsim_msgs_module/lib/python3.10/site-packages/shipsim_msgs_module/msg'...
[1.996s] -- Up-to-date: /home/tabuchi/shipsimulator/install/shipsim_msgs_module/lib/python3.10/site-packages/shipsim_msgs_module/shipsim_msgs_module_s__rosidl_typesupport_fastrtps_c.cpython-310-x86_64-linux-gnu.so
[1.996s] -- Up-to-date: /home/tabuchi/shipsimulator/install/shipsim_msgs_module/lib/python3.10/site-packages/shipsim_msgs_module/shipsim_msgs_module_s__rosidl_typesupport_introspection_c.cpython-310-x86_64-linux-gnu.so
[1.996s] -- Up-to-date: /home/tabuchi/shipsimulator/install/shipsim_msgs_module/lib/python3.10/site-packages/shipsim_msgs_module/shipsim_msgs_module_s__rosidl_typesupport_c.cpython-310-x86_64-linux-gnu.so
[1.996s] -- Up-to-date: /home/tabuchi/shipsimulator/install/shipsim_msgs_module/lib/libshipsim_msgs_module__rosidl_generator_py.so
[1.997s] -- Up-to-date: /home/tabuchi/shipsimulator/install/shipsim_msgs_module/share/shipsim_msgs_module/msg/Control.idl
[1.997s] -- Up-to-date: /home/tabuchi/shipsimulator/install/shipsim_msgs_module/share/shipsim_msgs_module/msg/Control.msg
[1.997s] -- Up-to-date: /home/tabuchi/shipsimulator/install/shipsim_msgs_module/share/ament_index/resource_index/package_run_dependencies/shipsim_msgs_module
[1.997s] -- Up-to-date: /home/tabuchi/shipsimulator/install/shipsim_msgs_module/share/ament_index/resource_index/parent_prefix_path/shipsim_msgs_module
[1.997s] -- Up-to-date: /home/tabuchi/shipsimulator/install/shipsim_msgs_module/share/shipsim_msgs_module/environment/ament_prefix_path.sh
[1.997s] -- Up-to-date: /home/tabuchi/shipsimulator/install/shipsim_msgs_module/share/shipsim_msgs_module/environment/ament_prefix_path.dsv
[1.998s] -- Up-to-date: /home/tabuchi/shipsimulator/install/shipsim_msgs_module/share/shipsim_msgs_module/environment/path.sh
[1.998s] -- Up-to-date: /home/tabuchi/shipsimulator/install/shipsim_msgs_module/share/shipsim_msgs_module/environment/path.dsv
[1.998s] -- Up-to-date: /home/tabuchi/shipsimulator/install/shipsim_msgs_module/share/shipsim_msgs_module/local_setup.bash
[1.998s] -- Up-to-date: /home/tabuchi/shipsimulator/install/shipsim_msgs_module/share/shipsim_msgs_module/local_setup.sh
[1.998s] -- Up-to-date: /home/tabuchi/shipsimulator/install/shipsim_msgs_module/share/shipsim_msgs_module/local_setup.zsh
[1.999s] -- Up-to-date: /home/tabuchi/shipsimulator/install/shipsim_msgs_module/share/shipsim_msgs_module/local_setup.dsv
[1.999s] -- Installing: /home/tabuchi/shipsimulator/install/shipsim_msgs_module/share/shipsim_msgs_module/package.dsv
[1.999s] -- Up-to-date: /home/tabuchi/shipsimulator/install/shipsim_msgs_module/share/ament_index/resource_index/packages/shipsim_msgs_module
[1.999s] -- Up-to-date: /home/tabuchi/shipsimulator/install/shipsim_msgs_module/share/shipsim_msgs_module/cmake/export_shipsim_msgs_module__rosidl_generator_cExport.cmake
[1.999s] -- Up-to-date: /home/tabuchi/shipsimulator/install/shipsim_msgs_module/share/shipsim_msgs_module/cmake/export_shipsim_msgs_module__rosidl_generator_cExport-noconfig.cmake
[1.999s] -- Up-to-date: /home/tabuchi/shipsimulator/install/shipsim_msgs_module/share/shipsim_msgs_module/cmake/export_shipsim_msgs_module__rosidl_typesupport_fastrtps_cExport.cmake
[1.999s] -- Up-to-date: /home/tabuchi/shipsimulator/install/shipsim_msgs_module/share/shipsim_msgs_module/cmake/export_shipsim_msgs_module__rosidl_typesupport_fastrtps_cExport-noconfig.cmake
[2.000s] -- Up-to-date: /home/tabuchi/shipsimulator/install/shipsim_msgs_module/share/shipsim_msgs_module/cmake/shipsim_msgs_module__rosidl_typesupport_introspection_cExport.cmake
[2.000s] -- Up-to-date: /home/tabuchi/shipsimulator/install/shipsim_msgs_module/share/shipsim_msgs_module/cmake/shipsim_msgs_module__rosidl_typesupport_introspection_cExport-noconfig.cmake
[2.000s] -- Up-to-date: /home/tabuchi/shipsimulator/install/shipsim_msgs_module/share/shipsim_msgs_module/cmake/shipsim_msgs_module__rosidl_typesupport_cExport.cmake
[2.000s] -- Up-to-date: /home/tabuchi/shipsimulator/install/shipsim_msgs_module/share/shipsim_msgs_module/cmake/shipsim_msgs_module__rosidl_typesupport_cExport-noconfig.cmake
[2.000s] -- Up-to-date: /home/tabuchi/shipsimulator/install/shipsim_msgs_module/share/shipsim_msgs_module/cmake/export_shipsim_msgs_module__rosidl_generator_cppExport.cmake
[2.002s] -- Up-to-date: /home/tabuchi/shipsimulator/install/shipsim_msgs_module/share/shipsim_msgs_module/cmake/export_shipsim_msgs_module__rosidl_typesupport_fastrtps_cppExport.cmake
[2.002s] -- Up-to-date: /home/tabuchi/shipsimulator/install/shipsim_msgs_module/share/shipsim_msgs_module/cmake/export_shipsim_msgs_module__rosidl_typesupport_fastrtps_cppExport-noconfig.cmake
[2.002s] -- Up-to-date: /home/tabuchi/shipsimulator/install/shipsim_msgs_module/share/shipsim_msgs_module/cmake/shipsim_msgs_module__rosidl_typesupport_introspection_cppExport.cmake
[2.003s] -- Up-to-date: /home/tabuchi/shipsimulator/install/shipsim_msgs_module/share/shipsim_msgs_module/cmake/shipsim_msgs_module__rosidl_typesupport_introspection_cppExport-noconfig.cmake
[2.004s] -- Up-to-date: /home/tabuchi/shipsimulator/install/shipsim_msgs_module/share/shipsim_msgs_module/cmake/shipsim_msgs_module__rosidl_typesupport_cppExport.cmake
[2.004s] -- Up-to-date: /home/tabuchi/shipsimulator/install/shipsim_msgs_module/share/shipsim_msgs_module/cmake/shipsim_msgs_module__rosidl_typesupport_cppExport-noconfig.cmake
[2.005s] -- Up-to-date: /home/tabuchi/shipsimulator/install/shipsim_msgs_module/share/shipsim_msgs_module/cmake/export_shipsim_msgs_module__rosidl_generator_pyExport.cmake
[2.005s] -- Up-to-date: /home/tabuchi/shipsimulator/install/shipsim_msgs_module/share/shipsim_msgs_module/cmake/export_shipsim_msgs_module__rosidl_generator_pyExport-noconfig.cmake
[2.006s] -- Up-to-date: /home/tabuchi/shipsimulator/install/shipsim_msgs_module/share/shipsim_msgs_module/cmake/rosidl_cmake-extras.cmake
[2.006s] -- Up-to-date: /home/tabuchi/shipsimulator/install/shipsim_msgs_module/share/shipsim_msgs_module/cmake/ament_cmake_export_include_directories-extras.cmake
[2.006s] -- Up-to-date: /home/tabuchi/shipsimulator/install/shipsim_msgs_module/share/shipsim_msgs_module/cmake/ament_cmake_export_libraries-extras.cmake
[2.007s] -- Up-to-date: /home/tabuchi/shipsimulator/install/shipsim_msgs_module/share/shipsim_msgs_module/cmake/ament_cmake_export_targets-extras.cmake
[2.008s] -- Up-to-date: /home/tabuchi/shipsimulator/install/shipsim_msgs_module/share/shipsim_msgs_module/cmake/rosidl_cmake_export_typesupport_targets-extras.cmake
[2.008s] -- Up-to-date: /home/tabuchi/shipsimulator/install/shipsim_msgs_module/share/shipsim_msgs_module/cmake/ament_cmake_export_dependencies-extras.cmake
[2.008s] -- Up-to-date: /home/tabuchi/shipsimulator/install/shipsim_msgs_module/share/shipsim_msgs_module/cmake/rosidl_cmake_export_typesupport_libraries-extras.cmake
[2.008s] -- Up-to-date: /home/tabuchi/shipsimulator/install/shipsim_msgs_module/share/shipsim_msgs_module/cmake/shipsim_msgs_moduleConfig.cmake
[2.009s] -- Up-to-date: /home/tabuchi/shipsimulator/install/shipsim_msgs_module/share/shipsim_msgs_module/cmake/shipsim_msgs_moduleConfig-version.cmake
[2.009s] -- Up-to-date: /home/tabuchi/shipsimulator/install/shipsim_msgs_module/share/shipsim_msgs_module/package.xml
[2.010s] Invoked command in '/home/tabuchi/shipsimulator/build/shipsim_msgs_module' returned '0': CMAKE_PREFIX_PATH=${CMAKE_PREFIX_PATH}:/home/tabuchi/shipsimulator/install/sensor_module:/home/tabuchi/shipsimulator/install/ros_tcp_endpoint:/home/tabuchi/shipsimulator/install/mmg_module:/home/tabuchi/shipsimulator/install/actuator_module:/opt/ros/humble /usr/bin/cmake --install /home/tabuchi/shipsimulator/build/shipsim_msgs_module
