[  3%] Built target shipsim_msgs_module__cpp
[ 12%] Built target shipsim_msgs_module__rosidl_generator_c
[ 12%] Built target ament_cmake_python_copy_shipsim_msgs_module
[ 22%] Built target shipsim_msgs_module__rosidl_typesupport_cpp
[ 32%] Built target shipsim_msgs_module__rosidl_typesupport_fastrtps_cpp
[ 41%] Built target shipsim_msgs_module__rosidl_typesupport_introspection_c
[ 51%] Built target shipsim_msgs_module__rosidl_typesupport_fastrtps_c
[ 61%] Built target shipsim_msgs_module__rosidl_typesupport_introspection_cpp
[ 70%] Built target shipsim_msgs_module__rosidl_typesupport_c
[ 70%] Built target shipsim_msgs_module
[ 74%] Built target shipsim_msgs_module__py
[ 80%] Built target shipsim_msgs_module__rosidl_generator_py
[ 87%] Built target shipsim_msgs_module__rosidl_typesupport_c__pyext
[ 93%] Built target shipsim_msgs_module__rosidl_typesupport_fastrtps_c__pyext
[100%] Built target shipsim_msgs_module__rosidl_typesupport_introspection_c__pyext
running egg_info
writing shipsim_msgs_module.egg-info/PKG-INFO
writing dependency_links to shipsim_msgs_module.egg-info/dependency_links.txt
writing top-level names to shipsim_msgs_module.egg-info/top_level.txt
reading manifest file 'shipsim_msgs_module.egg-info/SOURCES.txt'
writing manifest file 'shipsim_msgs_module.egg-info/SOURCES.txt'
[100%] Built target ament_cmake_python_build_shipsim_msgs_module_egg
-- Install configuration: ""
-- Up-to-date: /home/tabuchi/shipsimulator/install/shipsim_msgs_module/share/ament_index/resource_index/rosidl_interfaces/shipsim_msgs_module
-- Up-to-date: /home/tabuchi/shipsimulator/install/shipsim_msgs_module/include/shipsim_msgs_module/shipsim_msgs_module
-- Up-to-date: /home/tabuchi/shipsimulator/install/shipsim_msgs_module/include/shipsim_msgs_module/shipsim_msgs_module/msg
-- Up-to-date: /home/tabuchi/shipsimulator/install/shipsim_msgs_module/include/shipsim_msgs_module/shipsim_msgs_module/msg/control.h
-- Up-to-date: /home/tabuchi/shipsimulator/install/shipsim_msgs_module/include/shipsim_msgs_module/shipsim_msgs_module/msg/rosidl_generator_c__visibility_control.h
-- Up-to-date: /home/tabuchi/shipsimulator/install/shipsim_msgs_module/include/shipsim_msgs_module/shipsim_msgs_module/msg/detail
-- Up-to-date: /home/tabuchi/shipsimulator/install/shipsim_msgs_module/include/shipsim_msgs_module/shipsim_msgs_module/msg/detail/control__struct.h
-- Up-to-date: /home/tabuchi/shipsimulator/install/shipsim_msgs_module/include/shipsim_msgs_module/shipsim_msgs_module/msg/detail/control__type_support.h
-- Up-to-date: /home/tabuchi/shipsimulator/install/shipsim_msgs_module/include/shipsim_msgs_module/shipsim_msgs_module/msg/detail/control__functions.h
-- Up-to-date: /home/tabuchi/shipsimulator/install/shipsim_msgs_module/include/shipsim_msgs_module/shipsim_msgs_module/msg/detail/control__functions.c
-- Up-to-date: /home/tabuchi/shipsimulator/install/shipsim_msgs_module/share/shipsim_msgs_module/environment/library_path.sh
-- Up-to-date: /home/tabuchi/shipsimulator/install/shipsim_msgs_module/share/shipsim_msgs_module/environment/library_path.dsv
-- Up-to-date: /home/tabuchi/shipsimulator/install/shipsim_msgs_module/lib/libshipsim_msgs_module__rosidl_generator_c.so
-- Up-to-date: /home/tabuchi/shipsimulator/install/shipsim_msgs_module/include/shipsim_msgs_module/shipsim_msgs_module
-- Up-to-date: /home/tabuchi/shipsimulator/install/shipsim_msgs_module/include/shipsim_msgs_module/shipsim_msgs_module/msg
-- Up-to-date: /home/tabuchi/shipsimulator/install/shipsim_msgs_module/include/shipsim_msgs_module/shipsim_msgs_module/msg/detail
-- Up-to-date: /home/tabuchi/shipsimulator/install/shipsim_msgs_module/include/shipsim_msgs_module/shipsim_msgs_module/msg/detail/control__rosidl_typesupport_fastrtps_c.h
-- Up-to-date: /home/tabuchi/shipsimulator/install/shipsim_msgs_module/include/shipsim_msgs_module/shipsim_msgs_module/msg/rosidl_typesupport_fastrtps_c__visibility_control.h
-- Up-to-date: /home/tabuchi/shipsimulator/install/shipsim_msgs_module/lib/libshipsim_msgs_module__rosidl_typesupport_fastrtps_c.so
-- Up-to-date: /home/tabuchi/shipsimulator/install/shipsim_msgs_module/include/shipsim_msgs_module/shipsim_msgs_module
-- Up-to-date: /home/tabuchi/shipsimulator/install/shipsim_msgs_module/include/shipsim_msgs_module/shipsim_msgs_module/msg
-- Up-to-date: /home/tabuchi/shipsimulator/install/shipsim_msgs_module/include/shipsim_msgs_module/shipsim_msgs_module/msg/detail
-- Up-to-date: /home/tabuchi/shipsimulator/install/shipsim_msgs_module/include/shipsim_msgs_module/shipsim_msgs_module/msg/detail/control__rosidl_typesupport_introspection_c.h
-- Up-to-date: /home/tabuchi/shipsimulator/install/shipsim_msgs_module/include/shipsim_msgs_module/shipsim_msgs_module/msg/detail/control__type_support.c
-- Up-to-date: /home/tabuchi/shipsimulator/install/shipsim_msgs_module/include/shipsim_msgs_module/shipsim_msgs_module/msg/rosidl_typesupport_introspection_c__visibility_control.h
-- Up-to-date: /home/tabuchi/shipsimulator/install/shipsim_msgs_module/lib/libshipsim_msgs_module__rosidl_typesupport_introspection_c.so
-- Up-to-date: /home/tabuchi/shipsimulator/install/shipsim_msgs_module/lib/libshipsim_msgs_module__rosidl_typesupport_c.so
-- Up-to-date: /home/tabuchi/shipsimulator/install/shipsim_msgs_module/include/shipsim_msgs_module/shipsim_msgs_module
-- Up-to-date: /home/tabuchi/shipsimulator/install/shipsim_msgs_module/include/shipsim_msgs_module/shipsim_msgs_module/msg
-- Up-to-date: /home/tabuchi/shipsimulator/install/shipsim_msgs_module/include/shipsim_msgs_module/shipsim_msgs_module/msg/control.hpp
-- Up-to-date: /home/tabuchi/shipsimulator/install/shipsim_msgs_module/include/shipsim_msgs_module/shipsim_msgs_module/msg/detail
-- Up-to-date: /home/tabuchi/shipsimulator/install/shipsim_msgs_module/include/shipsim_msgs_module/shipsim_msgs_module/msg/detail/control__struct.hpp
-- Up-to-date: /home/tabuchi/shipsimulator/install/shipsim_msgs_module/include/shipsim_msgs_module/shipsim_msgs_module/msg/detail/control__traits.hpp
-- Up-to-date: /home/tabuchi/shipsimulator/install/shipsim_msgs_module/include/shipsim_msgs_module/shipsim_msgs_module/msg/detail/control__builder.hpp
-- Up-to-date: /home/tabuchi/shipsimulator/install/shipsim_msgs_module/include/shipsim_msgs_module/shipsim_msgs_module
-- Up-to-date: /home/tabuchi/shipsimulator/install/shipsim_msgs_module/include/shipsim_msgs_module/shipsim_msgs_module/msg
-- Up-to-date: /home/tabuchi/shipsimulator/install/shipsim_msgs_module/include/shipsim_msgs_module/shipsim_msgs_module/msg/detail
-- Up-to-date: /home/tabuchi/shipsimulator/install/shipsim_msgs_module/include/shipsim_msgs_module/shipsim_msgs_module/msg/detail/control__rosidl_typesupport_fastrtps_cpp.hpp
-- Up-to-date: /home/tabuchi/shipsimulator/install/shipsim_msgs_module/include/shipsim_msgs_module/shipsim_msgs_module/msg/detail/dds_fastrtps
-- Up-to-date: /home/tabuchi/shipsimulator/install/shipsim_msgs_module/include/shipsim_msgs_module/shipsim_msgs_module/msg/rosidl_typesupport_fastrtps_cpp__visibility_control.h
-- Up-to-date: /home/tabuchi/shipsimulator/install/shipsim_msgs_module/lib/libshipsim_msgs_module__rosidl_typesupport_fastrtps_cpp.so
-- Up-to-date: /home/tabuchi/shipsimulator/install/shipsim_msgs_module/include/shipsim_msgs_module/shipsim_msgs_module
-- Up-to-date: /home/tabuchi/shipsimulator/install/shipsim_msgs_module/include/shipsim_msgs_module/shipsim_msgs_module/msg
-- Up-to-date: /home/tabuchi/shipsimulator/install/shipsim_msgs_module/include/shipsim_msgs_module/shipsim_msgs_module/msg/detail
-- Up-to-date: /home/tabuchi/shipsimulator/install/shipsim_msgs_module/include/shipsim_msgs_module/shipsim_msgs_module/msg/detail/control__type_support.cpp
-- Up-to-date: /home/tabuchi/shipsimulator/install/shipsim_msgs_module/include/shipsim_msgs_module/shipsim_msgs_module/msg/detail/control__rosidl_typesupport_introspection_cpp.hpp
-- Up-to-date: /home/tabuchi/shipsimulator/install/shipsim_msgs_module/lib/libshipsim_msgs_module__rosidl_typesupport_introspection_cpp.so
-- Up-to-date: /home/tabuchi/shipsimulator/install/shipsim_msgs_module/lib/libshipsim_msgs_module__rosidl_typesupport_cpp.so
-- Up-to-date: /home/tabuchi/shipsimulator/install/shipsim_msgs_module/share/shipsim_msgs_module/environment/pythonpath.sh
-- Up-to-date: /home/tabuchi/shipsimulator/install/shipsim_msgs_module/share/shipsim_msgs_module/environment/pythonpath.dsv
-- Up-to-date: /home/tabuchi/shipsimulator/install/shipsim_msgs_module/lib/python3.10/site-packages/shipsim_msgs_module-0.0.0-py3.10.egg-info
-- Installing: /home/tabuchi/shipsimulator/install/shipsim_msgs_module/lib/python3.10/site-packages/shipsim_msgs_module-0.0.0-py3.10.egg-info/top_level.txt
-- Installing: /home/tabuchi/shipsimulator/install/shipsim_msgs_module/lib/python3.10/site-packages/shipsim_msgs_module-0.0.0-py3.10.egg-info/dependency_links.txt
-- Installing: /home/tabuchi/shipsimulator/install/shipsim_msgs_module/lib/python3.10/site-packages/shipsim_msgs_module-0.0.0-py3.10.egg-info/SOURCES.txt
-- Installing: /home/tabuchi/shipsimulator/install/shipsim_msgs_module/lib/python3.10/site-packages/shipsim_msgs_module-0.0.0-py3.10.egg-info/PKG-INFO
-- Up-to-date: /home/tabuchi/shipsimulator/install/shipsim_msgs_module/lib/python3.10/site-packages/shipsim_msgs_module
-- Up-to-date: /home/tabuchi/shipsimulator/install/shipsim_msgs_module/lib/python3.10/site-packages/shipsim_msgs_module/shipsim_msgs_module_s__rosidl_typesupport_c.cpython-310-x86_64-linux-gnu.so
-- Up-to-date: /home/tabuchi/shipsimulator/install/shipsim_msgs_module/lib/python3.10/site-packages/shipsim_msgs_module/__init__.py
-- Up-to-date: /home/tabuchi/shipsimulator/install/shipsim_msgs_module/lib/python3.10/site-packages/shipsim_msgs_module/_shipsim_msgs_module_s.ep.rosidl_typesupport_c.c
-- Up-to-date: /home/tabuchi/shipsimulator/install/shipsim_msgs_module/lib/python3.10/site-packages/shipsim_msgs_module/_shipsim_msgs_module_s.ep.rosidl_typesupport_introspection_c.c
-- Up-to-date: /home/tabuchi/shipsimulator/install/shipsim_msgs_module/lib/python3.10/site-packages/shipsim_msgs_module/_shipsim_msgs_module_s.ep.rosidl_typesupport_fastrtps_c.c
-- Up-to-date: /home/tabuchi/shipsimulator/install/shipsim_msgs_module/lib/python3.10/site-packages/shipsim_msgs_module/shipsim_msgs_module_s__rosidl_typesupport_fastrtps_c.cpython-310-x86_64-linux-gnu.so
-- Up-to-date: /home/tabuchi/shipsimulator/install/shipsim_msgs_module/lib/python3.10/site-packages/shipsim_msgs_module/shipsim_msgs_module_s__rosidl_typesupport_introspection_c.cpython-310-x86_64-linux-gnu.so
-- Up-to-date: /home/tabuchi/shipsimulator/install/shipsim_msgs_module/lib/python3.10/site-packages/shipsim_msgs_module/msg
-- Up-to-date: /home/tabuchi/shipsimulator/install/shipsim_msgs_module/lib/python3.10/site-packages/shipsim_msgs_module/msg/_control_s.c
-- Up-to-date: /home/tabuchi/shipsimulator/install/shipsim_msgs_module/lib/python3.10/site-packages/shipsim_msgs_module/msg/_control.py
-- Up-to-date: /home/tabuchi/shipsimulator/install/shipsim_msgs_module/lib/python3.10/site-packages/shipsim_msgs_module/msg/__init__.py
-- Up-to-date: /home/tabuchi/shipsimulator/install/shipsim_msgs_module/lib/python3.10/site-packages/shipsim_msgs_module/libshipsim_msgs_module__rosidl_generator_py.so
Listing '/home/tabuchi/shipsimulator/install/shipsim_msgs_module/lib/python3.10/site-packages/shipsim_msgs_module'...
Listing '/home/tabuchi/shipsimulator/install/shipsim_msgs_module/lib/python3.10/site-packages/shipsim_msgs_module/msg'...
-- Up-to-date: /home/tabuchi/shipsimulator/install/shipsim_msgs_module/lib/python3.10/site-packages/shipsim_msgs_module/shipsim_msgs_module_s__rosidl_typesupport_fastrtps_c.cpython-310-x86_64-linux-gnu.so
-- Up-to-date: /home/tabuchi/shipsimulator/install/shipsim_msgs_module/lib/python3.10/site-packages/shipsim_msgs_module/shipsim_msgs_module_s__rosidl_typesupport_introspection_c.cpython-310-x86_64-linux-gnu.so
-- Up-to-date: /home/tabuchi/shipsimulator/install/shipsim_msgs_module/lib/python3.10/site-packages/shipsim_msgs_module/shipsim_msgs_module_s__rosidl_typesupport_c.cpython-310-x86_64-linux-gnu.so
-- Up-to-date: /home/tabuchi/shipsimulator/install/shipsim_msgs_module/lib/libshipsim_msgs_module__rosidl_generator_py.so
-- Up-to-date: /home/tabuchi/shipsimulator/install/shipsim_msgs_module/share/shipsim_msgs_module/msg/Control.idl
-- Up-to-date: /home/tabuchi/shipsimulator/install/shipsim_msgs_module/share/shipsim_msgs_module/msg/Control.msg
-- Up-to-date: /home/tabuchi/shipsimulator/install/shipsim_msgs_module/share/ament_index/resource_index/package_run_dependencies/shipsim_msgs_module
-- Up-to-date: /home/tabuchi/shipsimulator/install/shipsim_msgs_module/share/ament_index/resource_index/parent_prefix_path/shipsim_msgs_module
-- Up-to-date: /home/tabuchi/shipsimulator/install/shipsim_msgs_module/share/shipsim_msgs_module/environment/ament_prefix_path.sh
-- Up-to-date: /home/tabuchi/shipsimulator/install/shipsim_msgs_module/share/shipsim_msgs_module/environment/ament_prefix_path.dsv
-- Up-to-date: /home/tabuchi/shipsimulator/install/shipsim_msgs_module/share/shipsim_msgs_module/environment/path.sh
-- Up-to-date: /home/tabuchi/shipsimulator/install/shipsim_msgs_module/share/shipsim_msgs_module/environment/path.dsv
-- Up-to-date: /home/tabuchi/shipsimulator/install/shipsim_msgs_module/share/shipsim_msgs_module/local_setup.bash
-- Up-to-date: /home/tabuchi/shipsimulator/install/shipsim_msgs_module/share/shipsim_msgs_module/local_setup.sh
-- Up-to-date: /home/tabuchi/shipsimulator/install/shipsim_msgs_module/share/shipsim_msgs_module/local_setup.zsh
-- Up-to-date: /home/tabuchi/shipsimulator/install/shipsim_msgs_module/share/shipsim_msgs_module/local_setup.dsv
-- Installing: /home/tabuchi/shipsimulator/install/shipsim_msgs_module/share/shipsim_msgs_module/package.dsv
-- Up-to-date: /home/tabuchi/shipsimulator/install/shipsim_msgs_module/share/ament_index/resource_index/packages/shipsim_msgs_module
-- Up-to-date: /home/tabuchi/shipsimulator/install/shipsim_msgs_module/share/shipsim_msgs_module/cmake/export_shipsim_msgs_module__rosidl_generator_cExport.cmake
-- Up-to-date: /home/tabuchi/shipsimulator/install/shipsim_msgs_module/share/shipsim_msgs_module/cmake/export_shipsim_msgs_module__rosidl_generator_cExport-noconfig.cmake
-- Up-to-date: /home/tabuchi/shipsimulator/install/shipsim_msgs_module/share/shipsim_msgs_module/cmake/export_shipsim_msgs_module__rosidl_typesupport_fastrtps_cExport.cmake
-- Up-to-date: /home/tabuchi/shipsimulator/install/shipsim_msgs_module/share/shipsim_msgs_module/cmake/export_shipsim_msgs_module__rosidl_typesupport_fastrtps_cExport-noconfig.cmake
-- Up-to-date: /home/tabuchi/shipsimulator/install/shipsim_msgs_module/share/shipsim_msgs_module/cmake/shipsim_msgs_module__rosidl_typesupport_introspection_cExport.cmake
-- Up-to-date: /home/tabuchi/shipsimulator/install/shipsim_msgs_module/share/shipsim_msgs_module/cmake/shipsim_msgs_module__rosidl_typesupport_introspection_cExport-noconfig.cmake
-- Up-to-date: /home/tabuchi/shipsimulator/install/shipsim_msgs_module/share/shipsim_msgs_module/cmake/shipsim_msgs_module__rosidl_typesupport_cExport.cmake
-- Up-to-date: /home/tabuchi/shipsimulator/install/shipsim_msgs_module/share/shipsim_msgs_module/cmake/shipsim_msgs_module__rosidl_typesupport_cExport-noconfig.cmake
-- Up-to-date: /home/tabuchi/shipsimulator/install/shipsim_msgs_module/share/shipsim_msgs_module/cmake/export_shipsim_msgs_module__rosidl_generator_cppExport.cmake
-- Up-to-date: /home/tabuchi/shipsimulator/install/shipsim_msgs_module/share/shipsim_msgs_module/cmake/export_shipsim_msgs_module__rosidl_typesupport_fastrtps_cppExport.cmake
-- Up-to-date: /home/tabuchi/shipsimulator/install/shipsim_msgs_module/share/shipsim_msgs_module/cmake/export_shipsim_msgs_module__rosidl_typesupport_fastrtps_cppExport-noconfig.cmake
-- Up-to-date: /home/tabuchi/shipsimulator/install/shipsim_msgs_module/share/shipsim_msgs_module/cmake/shipsim_msgs_module__rosidl_typesupport_introspection_cppExport.cmake
-- Up-to-date: /home/tabuchi/shipsimulator/install/shipsim_msgs_module/share/shipsim_msgs_module/cmake/shipsim_msgs_module__rosidl_typesupport_introspection_cppExport-noconfig.cmake
-- Up-to-date: /home/tabuchi/shipsimulator/install/shipsim_msgs_module/share/shipsim_msgs_module/cmake/shipsim_msgs_module__rosidl_typesupport_cppExport.cmake
-- Up-to-date: /home/tabuchi/shipsimulator/install/shipsim_msgs_module/share/shipsim_msgs_module/cmake/shipsim_msgs_module__rosidl_typesupport_cppExport-noconfig.cmake
-- Up-to-date: /home/tabuchi/shipsimulator/install/shipsim_msgs_module/share/shipsim_msgs_module/cmake/export_shipsim_msgs_module__rosidl_generator_pyExport.cmake
-- Up-to-date: /home/tabuchi/shipsimulator/install/shipsim_msgs_module/share/shipsim_msgs_module/cmake/export_shipsim_msgs_module__rosidl_generator_pyExport-noconfig.cmake
-- Up-to-date: /home/tabuchi/shipsimulator/install/shipsim_msgs_module/share/shipsim_msgs_module/cmake/rosidl_cmake-extras.cmake
-- Up-to-date: /home/tabuchi/shipsimulator/install/shipsim_msgs_module/share/shipsim_msgs_module/cmake/ament_cmake_export_include_directories-extras.cmake
-- Up-to-date: /home/tabuchi/shipsimulator/install/shipsim_msgs_module/share/shipsim_msgs_module/cmake/ament_cmake_export_libraries-extras.cmake
-- Up-to-date: /home/tabuchi/shipsimulator/install/shipsim_msgs_module/share/shipsim_msgs_module/cmake/ament_cmake_export_targets-extras.cmake
-- Up-to-date: /home/tabuchi/shipsimulator/install/shipsim_msgs_module/share/shipsim_msgs_module/cmake/rosidl_cmake_export_typesupport_targets-extras.cmake
-- Up-to-date: /home/tabuchi/shipsimulator/install/shipsim_msgs_module/share/shipsim_msgs_module/cmake/ament_cmake_export_dependencies-extras.cmake
-- Up-to-date: /home/tabuchi/shipsimulator/install/shipsim_msgs_module/share/shipsim_msgs_module/cmake/rosidl_cmake_export_typesupport_libraries-extras.cmake
-- Up-to-date: /home/tabuchi/shipsimulator/install/shipsim_msgs_module/share/shipsim_msgs_module/cmake/shipsim_msgs_moduleConfig.cmake
-- Up-to-date: /home/tabuchi/shipsimulator/install/shipsim_msgs_module/share/shipsim_msgs_module/cmake/shipsim_msgs_moduleConfig-version.cmake
-- Up-to-date: /home/tabuchi/shipsimulator/install/shipsim_msgs_module/share/shipsim_msgs_module/package.xml
