[1.645s] Invoking command in '/home/tabuchi/shipsimulator/build/shipsim_msgs_module': CMAKE_PREFIX_PATH=/opt/ros/humble /usr/bin/cmake --build /home/tabuchi/shipsimulator/build/shipsim_msgs_module -- -j12 -l12
[1.833s] [  3%] Built target shipsim_msgs_module__cpp
[1.849s] [ 12%] Built target shipsim_msgs_module__rosidl_generator_c
[1.882s] [ 12%] Built target ament_cmake_python_copy_shipsim_msgs_module
[1.900s] [ 22%] Built target shipsim_msgs_module__rosidl_typesupport_cpp
[1.902s] [ 32%] Built target shipsim_msgs_module__rosidl_typesupport_fastrtps_cpp
[1.903s] [ 41%] Built target shipsim_msgs_module__rosidl_typesupport_introspection_c
[1.903s] [ 51%] Built target shipsim_msgs_module__rosidl_typesupport_fastrtps_c
[1.905s] [ 61%] Built target shipsim_msgs_module__rosidl_typesupport_introspection_cpp
[1.915s] [ 70%] Built target shipsim_msgs_module__rosidl_typesupport_c
[1.939s] [ 70%] Built target shipsim_msgs_module
[1.960s] [ 74%] Built target shipsim_msgs_module__py
[1.983s] [ 80%] Built target shipsim_msgs_module__rosidl_generator_py
[2.010s] [ 87%] Built target shipsim_msgs_module__rosidl_typesupport_c__pyext
[2.010s] [ 93%] Built target shipsim_msgs_module__rosidl_typesupport_fastrtps_c__pyext
[2.012s] [100%] Built target shipsim_msgs_module__rosidl_typesupport_introspection_c__pyext
[2.353s] running egg_info
[2.355s] writing shipsim_msgs_module.egg-info/PKG-INFO
[2.356s] writing dependency_links to shipsim_msgs_module.egg-info/dependency_links.txt
[2.356s] writing top-level names to shipsim_msgs_module.egg-info/top_level.txt
[2.360s] reading manifest file 'shipsim_msgs_module.egg-info/SOURCES.txt'
[2.361s] writing manifest file 'shipsim_msgs_module.egg-info/SOURCES.txt'
[2.391s] [100%] Built target ament_cmake_python_build_shipsim_msgs_module_egg
[2.402s] Invoked command in '/home/tabuchi/shipsimulator/build/shipsim_msgs_module' returned '0': CMAKE_PREFIX_PATH=/opt/ros/humble /usr/bin/cmake --build /home/tabuchi/shipsimulator/build/shipsim_msgs_module -- -j12 -l12
[2.458s] Invoking command in '/home/tabuchi/shipsimulator/build/shipsim_msgs_module': CMAKE_PREFIX_PATH=/opt/ros/humble /usr/bin/cmake --install /home/tabuchi/shipsimulator/build/shipsim_msgs_module
[2.470s] -- Install configuration: ""
[2.470s] -- Up-to-date: /home/tabuchi/shipsimulator/install/shipsim_msgs_module/share/ament_index/resource_index/rosidl_interfaces/shipsim_msgs_module
[2.471s] -- Up-to-date: /home/tabuchi/shipsimulator/install/shipsim_msgs_module/include/shipsim_msgs_module/shipsim_msgs_module
[2.471s] -- Up-to-date: /home/tabuchi/shipsimulator/install/shipsim_msgs_module/include/shipsim_msgs_module/shipsim_msgs_module/msg
[2.471s] -- Up-to-date: /home/tabuchi/shipsimulator/install/shipsim_msgs_module/include/shipsim_msgs_module/shipsim_msgs_module/msg/control.h
[2.471s] -- Up-to-date: /home/tabuchi/shipsimulator/install/shipsim_msgs_module/include/shipsim_msgs_module/shipsim_msgs_module/msg/rosidl_generator_c__visibility_control.h
[2.471s] -- Up-to-date: /home/tabuchi/shipsimulator/install/shipsim_msgs_module/include/shipsim_msgs_module/shipsim_msgs_module/msg/detail
[2.471s] -- Up-to-date: /home/tabuchi/shipsimulator/install/shipsim_msgs_module/include/shipsim_msgs_module/shipsim_msgs_module/msg/detail/control__struct.h
[2.472s] -- Up-to-date: /home/tabuchi/shipsimulator/install/shipsim_msgs_module/include/shipsim_msgs_module/shipsim_msgs_module/msg/detail/control__type_support.h
[2.472s] -- Up-to-date: /home/tabuchi/shipsimulator/install/shipsim_msgs_module/include/shipsim_msgs_module/shipsim_msgs_module/msg/detail/control__functions.h
[2.472s] -- Up-to-date: /home/tabuchi/shipsimulator/install/shipsim_msgs_module/include/shipsim_msgs_module/shipsim_msgs_module/msg/detail/control__functions.c
[2.472s] -- Up-to-date: /home/tabuchi/shipsimulator/install/shipsim_msgs_module/share/shipsim_msgs_module/environment/library_path.sh
[2.472s] -- Up-to-date: /home/tabuchi/shipsimulator/install/shipsim_msgs_module/share/shipsim_msgs_module/environment/library_path.dsv
[2.472s] -- Up-to-date: /home/tabuchi/shipsimulator/install/shipsim_msgs_module/lib/libshipsim_msgs_module__rosidl_generator_c.so
[2.473s] -- Up-to-date: /home/tabuchi/shipsimulator/install/shipsim_msgs_module/include/shipsim_msgs_module/shipsim_msgs_module
[2.473s] -- Up-to-date: /home/tabuchi/shipsimulator/install/shipsim_msgs_module/include/shipsim_msgs_module/shipsim_msgs_module/msg
[2.473s] -- Up-to-date: /home/tabuchi/shipsimulator/install/shipsim_msgs_module/include/shipsim_msgs_module/shipsim_msgs_module/msg/detail
[2.473s] -- Up-to-date: /home/tabuchi/shipsimulator/install/shipsim_msgs_module/include/shipsim_msgs_module/shipsim_msgs_module/msg/detail/control__rosidl_typesupport_fastrtps_c.h
[2.473s] -- Up-to-date: /home/tabuchi/shipsimulator/install/shipsim_msgs_module/include/shipsim_msgs_module/shipsim_msgs_module/msg/rosidl_typesupport_fastrtps_c__visibility_control.h
[2.473s] -- Up-to-date: /home/tabuchi/shipsimulator/install/shipsim_msgs_module/lib/libshipsim_msgs_module__rosidl_typesupport_fastrtps_c.so
[2.474s] -- Up-to-date: /home/tabuchi/shipsimulator/install/shipsim_msgs_module/include/shipsim_msgs_module/shipsim_msgs_module
[2.474s] -- Up-to-date: /home/tabuchi/shipsimulator/install/shipsim_msgs_module/include/shipsim_msgs_module/shipsim_msgs_module/msg
[2.474s] -- Up-to-date: /home/tabuchi/shipsimulator/install/shipsim_msgs_module/include/shipsim_msgs_module/shipsim_msgs_module/msg/detail
[2.474s] -- Up-to-date: /home/tabuchi/shipsimulator/install/shipsim_msgs_module/include/shipsim_msgs_module/shipsim_msgs_module/msg/detail/control__rosidl_typesupport_introspection_c.h
[2.474s] -- Up-to-date: /home/tabuchi/shipsimulator/install/shipsim_msgs_module/include/shipsim_msgs_module/shipsim_msgs_module/msg/detail/control__type_support.c
[2.474s] -- Up-to-date: /home/tabuchi/shipsimulator/install/shipsim_msgs_module/include/shipsim_msgs_module/shipsim_msgs_module/msg/rosidl_typesupport_introspection_c__visibility_control.h
[2.475s] -- Up-to-date: /home/tabuchi/shipsimulator/install/shipsim_msgs_module/lib/libshipsim_msgs_module__rosidl_typesupport_introspection_c.so
[2.475s] -- Up-to-date: /home/tabuchi/shipsimulator/install/shipsim_msgs_module/lib/libshipsim_msgs_module__rosidl_typesupport_c.so
[2.475s] -- Up-to-date: /home/tabuchi/shipsimulator/install/shipsim_msgs_module/include/shipsim_msgs_module/shipsim_msgs_module
[2.475s] -- Up-to-date: /home/tabuchi/shipsimulator/install/shipsim_msgs_module/include/shipsim_msgs_module/shipsim_msgs_module/msg
[2.475s] -- Up-to-date: /home/tabuchi/shipsimulator/install/shipsim_msgs_module/include/shipsim_msgs_module/shipsim_msgs_module/msg/control.hpp
[2.475s] -- Up-to-date: /home/tabuchi/shipsimulator/install/shipsim_msgs_module/include/shipsim_msgs_module/shipsim_msgs_module/msg/detail
[2.475s] -- Up-to-date: /home/tabuchi/shipsimulator/install/shipsim_msgs_module/include/shipsim_msgs_module/shipsim_msgs_module/msg/detail/control__struct.hpp
[2.476s] -- Up-to-date: /home/tabuchi/shipsimulator/install/shipsim_msgs_module/include/shipsim_msgs_module/shipsim_msgs_module/msg/detail/control__traits.hpp
[2.476s] -- Up-to-date: /home/tabuchi/shipsimulator/install/shipsim_msgs_module/include/shipsim_msgs_module/shipsim_msgs_module/msg/detail/control__builder.hpp
[2.476s] -- Up-to-date: /home/tabuchi/shipsimulator/install/shipsim_msgs_module/include/shipsim_msgs_module/shipsim_msgs_module
[2.476s] -- Up-to-date: /home/tabuchi/shipsimulator/install/shipsim_msgs_module/include/shipsim_msgs_module/shipsim_msgs_module/msg
[2.476s] -- Up-to-date: /home/tabuchi/shipsimulator/install/shipsim_msgs_module/include/shipsim_msgs_module/shipsim_msgs_module/msg/detail
[2.476s] -- Up-to-date: /home/tabuchi/shipsimulator/install/shipsim_msgs_module/include/shipsim_msgs_module/shipsim_msgs_module/msg/detail/control__rosidl_typesupport_fastrtps_cpp.hpp
[2.476s] -- Up-to-date: /home/tabuchi/shipsimulator/install/shipsim_msgs_module/include/shipsim_msgs_module/shipsim_msgs_module/msg/detail/dds_fastrtps
[2.477s] -- Up-to-date: /home/tabuchi/shipsimulator/install/shipsim_msgs_module/include/shipsim_msgs_module/shipsim_msgs_module/msg/rosidl_typesupport_fastrtps_cpp__visibility_control.h
[2.477s] -- Up-to-date: /home/tabuchi/shipsimulator/install/shipsim_msgs_module/lib/libshipsim_msgs_module__rosidl_typesupport_fastrtps_cpp.so
[2.477s] -- Up-to-date: /home/tabuchi/shipsimulator/install/shipsim_msgs_module/include/shipsim_msgs_module/shipsim_msgs_module
[2.477s] -- Up-to-date: /home/tabuchi/shipsimulator/install/shipsim_msgs_module/include/shipsim_msgs_module/shipsim_msgs_module/msg
[2.477s] -- Up-to-date: /home/tabuchi/shipsimulator/install/shipsim_msgs_module/include/shipsim_msgs_module/shipsim_msgs_module/msg/detail
[2.477s] -- Up-to-date: /home/tabuchi/shipsimulator/install/shipsim_msgs_module/include/shipsim_msgs_module/shipsim_msgs_module/msg/detail/control__type_support.cpp
[2.477s] -- Up-to-date: /home/tabuchi/shipsimulator/install/shipsim_msgs_module/include/shipsim_msgs_module/shipsim_msgs_module/msg/detail/control__rosidl_typesupport_introspection_cpp.hpp
[2.478s] -- Up-to-date: /home/tabuchi/shipsimulator/install/shipsim_msgs_module/lib/libshipsim_msgs_module__rosidl_typesupport_introspection_cpp.so
[2.478s] -- Up-to-date: /home/tabuchi/shipsimulator/install/shipsim_msgs_module/lib/libshipsim_msgs_module__rosidl_typesupport_cpp.so
[2.478s] -- Up-to-date: /home/tabuchi/shipsimulator/install/shipsim_msgs_module/share/shipsim_msgs_module/environment/pythonpath.sh
[2.478s] -- Up-to-date: /home/tabuchi/shipsimulator/install/shipsim_msgs_module/share/shipsim_msgs_module/environment/pythonpath.dsv
[2.478s] -- Up-to-date: /home/tabuchi/shipsimulator/install/shipsim_msgs_module/lib/python3.10/site-packages/shipsim_msgs_module-0.0.0-py3.10.egg-info
[2.478s] -- Installing: /home/tabuchi/shipsimulator/install/shipsim_msgs_module/lib/python3.10/site-packages/shipsim_msgs_module-0.0.0-py3.10.egg-info/top_level.txt
[2.478s] -- Installing: /home/tabuchi/shipsimulator/install/shipsim_msgs_module/lib/python3.10/site-packages/shipsim_msgs_module-0.0.0-py3.10.egg-info/dependency_links.txt
[2.478s] -- Installing: /home/tabuchi/shipsimulator/install/shipsim_msgs_module/lib/python3.10/site-packages/shipsim_msgs_module-0.0.0-py3.10.egg-info/SOURCES.txt
[2.479s] -- Installing: /home/tabuchi/shipsimulator/install/shipsim_msgs_module/lib/python3.10/site-packages/shipsim_msgs_module-0.0.0-py3.10.egg-info/PKG-INFO
[2.479s] -- Up-to-date: /home/tabuchi/shipsimulator/install/shipsim_msgs_module/lib/python3.10/site-packages/shipsim_msgs_module
[2.479s] -- Up-to-date: /home/tabuchi/shipsimulator/install/shipsim_msgs_module/lib/python3.10/site-packages/shipsim_msgs_module/shipsim_msgs_module_s__rosidl_typesupport_c.cpython-310-x86_64-linux-gnu.so
[2.479s] -- Up-to-date: /home/tabuchi/shipsimulator/install/shipsim_msgs_module/lib/python3.10/site-packages/shipsim_msgs_module/__init__.py
[2.479s] -- Up-to-date: /home/tabuchi/shipsimulator/install/shipsim_msgs_module/lib/python3.10/site-packages/shipsim_msgs_module/_shipsim_msgs_module_s.ep.rosidl_typesupport_c.c
[2.479s] -- Up-to-date: /home/tabuchi/shipsimulator/install/shipsim_msgs_module/lib/python3.10/site-packages/shipsim_msgs_module/_shipsim_msgs_module_s.ep.rosidl_typesupport_introspection_c.c
[2.479s] -- Up-to-date: /home/tabuchi/shipsimulator/install/shipsim_msgs_module/lib/python3.10/site-packages/shipsim_msgs_module/_shipsim_msgs_module_s.ep.rosidl_typesupport_fastrtps_c.c
[2.479s] -- Up-to-date: /home/tabuchi/shipsimulator/install/shipsim_msgs_module/lib/python3.10/site-packages/shipsim_msgs_module/shipsim_msgs_module_s__rosidl_typesupport_fastrtps_c.cpython-310-x86_64-linux-gnu.so
[2.479s] -- Up-to-date: /home/tabuchi/shipsimulator/install/shipsim_msgs_module/lib/python3.10/site-packages/shipsim_msgs_module/shipsim_msgs_module_s__rosidl_typesupport_introspection_c.cpython-310-x86_64-linux-gnu.so
[2.479s] -- Up-to-date: /home/tabuchi/shipsimulator/install/shipsim_msgs_module/lib/python3.10/site-packages/shipsim_msgs_module/msg
[2.480s] -- Up-to-date: /home/tabuchi/shipsimulator/install/shipsim_msgs_module/lib/python3.10/site-packages/shipsim_msgs_module/msg/_control_s.c
[2.480s] -- Up-to-date: /home/tabuchi/shipsimulator/install/shipsim_msgs_module/lib/python3.10/site-packages/shipsim_msgs_module/msg/_control.py
[2.480s] -- Up-to-date: /home/tabuchi/shipsimulator/install/shipsim_msgs_module/lib/python3.10/site-packages/shipsim_msgs_module/msg/__init__.py
[2.480s] -- Up-to-date: /home/tabuchi/shipsimulator/install/shipsim_msgs_module/lib/python3.10/site-packages/shipsim_msgs_module/libshipsim_msgs_module__rosidl_generator_py.so
[2.515s] Listing '/home/tabuchi/shipsimulator/install/shipsim_msgs_module/lib/python3.10/site-packages/shipsim_msgs_module'...
[2.515s] Listing '/home/tabuchi/shipsimulator/install/shipsim_msgs_module/lib/python3.10/site-packages/shipsim_msgs_module/msg'...
[2.520s] -- Up-to-date: /home/tabuchi/shipsimulator/install/shipsim_msgs_module/lib/python3.10/site-packages/shipsim_msgs_module/shipsim_msgs_module_s__rosidl_typesupport_fastrtps_c.cpython-310-x86_64-linux-gnu.so
[2.521s] -- Up-to-date: /home/tabuchi/shipsimulator/install/shipsim_msgs_module/lib/python3.10/site-packages/shipsim_msgs_module/shipsim_msgs_module_s__rosidl_typesupport_introspection_c.cpython-310-x86_64-linux-gnu.so
[2.521s] -- Up-to-date: /home/tabuchi/shipsimulator/install/shipsim_msgs_module/lib/python3.10/site-packages/shipsim_msgs_module/shipsim_msgs_module_s__rosidl_typesupport_c.cpython-310-x86_64-linux-gnu.so
[2.521s] -- Up-to-date: /home/tabuchi/shipsimulator/install/shipsim_msgs_module/lib/libshipsim_msgs_module__rosidl_generator_py.so
[2.522s] -- Up-to-date: /home/tabuchi/shipsimulator/install/shipsim_msgs_module/share/shipsim_msgs_module/msg/Control.idl
[2.522s] -- Up-to-date: /home/tabuchi/shipsimulator/install/shipsim_msgs_module/share/shipsim_msgs_module/msg/Control.msg
[2.522s] -- Up-to-date: /home/tabuchi/shipsimulator/install/shipsim_msgs_module/share/ament_index/resource_index/package_run_dependencies/shipsim_msgs_module
[2.522s] -- Up-to-date: /home/tabuchi/shipsimulator/install/shipsim_msgs_module/share/ament_index/resource_index/parent_prefix_path/shipsim_msgs_module
[2.522s] -- Up-to-date: /home/tabuchi/shipsimulator/install/shipsim_msgs_module/share/shipsim_msgs_module/environment/ament_prefix_path.sh
[2.522s] -- Up-to-date: /home/tabuchi/shipsimulator/install/shipsim_msgs_module/share/shipsim_msgs_module/environment/ament_prefix_path.dsv
[2.523s] -- Up-to-date: /home/tabuchi/shipsimulator/install/shipsim_msgs_module/share/shipsim_msgs_module/environment/path.sh
[2.523s] -- Up-to-date: /home/tabuchi/shipsimulator/install/shipsim_msgs_module/share/shipsim_msgs_module/environment/path.dsv
[2.523s] -- Up-to-date: /home/tabuchi/shipsimulator/install/shipsim_msgs_module/share/shipsim_msgs_module/local_setup.bash
[2.523s] -- Up-to-date: /home/tabuchi/shipsimulator/install/shipsim_msgs_module/share/shipsim_msgs_module/local_setup.sh
[2.523s] -- Up-to-date: /home/tabuchi/shipsimulator/install/shipsim_msgs_module/share/shipsim_msgs_module/local_setup.zsh
[2.523s] -- Up-to-date: /home/tabuchi/shipsimulator/install/shipsim_msgs_module/share/shipsim_msgs_module/local_setup.dsv
[2.523s] -- Installing: /home/tabuchi/shipsimulator/install/shipsim_msgs_module/share/shipsim_msgs_module/package.dsv
[2.523s] -- Up-to-date: /home/tabuchi/shipsimulator/install/shipsim_msgs_module/share/ament_index/resource_index/packages/shipsim_msgs_module
[2.524s] -- Up-to-date: /home/tabuchi/shipsimulator/install/shipsim_msgs_module/share/shipsim_msgs_module/cmake/export_shipsim_msgs_module__rosidl_generator_cExport.cmake
[2.524s] -- Up-to-date: /home/tabuchi/shipsimulator/install/shipsim_msgs_module/share/shipsim_msgs_module/cmake/export_shipsim_msgs_module__rosidl_generator_cExport-noconfig.cmake
[2.524s] -- Up-to-date: /home/tabuchi/shipsimulator/install/shipsim_msgs_module/share/shipsim_msgs_module/cmake/export_shipsim_msgs_module__rosidl_typesupport_fastrtps_cExport.cmake
[2.524s] -- Up-to-date: /home/tabuchi/shipsimulator/install/shipsim_msgs_module/share/shipsim_msgs_module/cmake/export_shipsim_msgs_module__rosidl_typesupport_fastrtps_cExport-noconfig.cmake
[2.524s] -- Up-to-date: /home/tabuchi/shipsimulator/install/shipsim_msgs_module/share/shipsim_msgs_module/cmake/shipsim_msgs_module__rosidl_typesupport_introspection_cExport.cmake
[2.524s] -- Up-to-date: /home/tabuchi/shipsimulator/install/shipsim_msgs_module/share/shipsim_msgs_module/cmake/shipsim_msgs_module__rosidl_typesupport_introspection_cExport-noconfig.cmake
[2.525s] -- Up-to-date: /home/tabuchi/shipsimulator/install/shipsim_msgs_module/share/shipsim_msgs_module/cmake/shipsim_msgs_module__rosidl_typesupport_cExport.cmake
[2.525s] -- Up-to-date: /home/tabuchi/shipsimulator/install/shipsim_msgs_module/share/shipsim_msgs_module/cmake/shipsim_msgs_module__rosidl_typesupport_cExport-noconfig.cmake
[2.525s] -- Up-to-date: /home/tabuchi/shipsimulator/install/shipsim_msgs_module/share/shipsim_msgs_module/cmake/export_shipsim_msgs_module__rosidl_generator_cppExport.cmake
[2.525s] -- Up-to-date: /home/tabuchi/shipsimulator/install/shipsim_msgs_module/share/shipsim_msgs_module/cmake/export_shipsim_msgs_module__rosidl_typesupport_fastrtps_cppExport.cmake
[2.525s] -- Up-to-date: /home/tabuchi/shipsimulator/install/shipsim_msgs_module/share/shipsim_msgs_module/cmake/export_shipsim_msgs_module__rosidl_typesupport_fastrtps_cppExport-noconfig.cmake
[2.525s] -- Up-to-date: /home/tabuchi/shipsimulator/install/shipsim_msgs_module/share/shipsim_msgs_module/cmake/shipsim_msgs_module__rosidl_typesupport_introspection_cppExport.cmake
[2.526s] -- Up-to-date: /home/tabuchi/shipsimulator/install/shipsim_msgs_module/share/shipsim_msgs_module/cmake/shipsim_msgs_module__rosidl_typesupport_introspection_cppExport-noconfig.cmake
[2.526s] -- Up-to-date: /home/tabuchi/shipsimulator/install/shipsim_msgs_module/share/shipsim_msgs_module/cmake/shipsim_msgs_module__rosidl_typesupport_cppExport.cmake
[2.526s] -- Up-to-date: /home/tabuchi/shipsimulator/install/shipsim_msgs_module/share/shipsim_msgs_module/cmake/shipsim_msgs_module__rosidl_typesupport_cppExport-noconfig.cmake
[2.526s] -- Up-to-date: /home/tabuchi/shipsimulator/install/shipsim_msgs_module/share/shipsim_msgs_module/cmake/export_shipsim_msgs_module__rosidl_generator_pyExport.cmake
[2.526s] -- Up-to-date: /home/tabuchi/shipsimulator/install/shipsim_msgs_module/share/shipsim_msgs_module/cmake/export_shipsim_msgs_module__rosidl_generator_pyExport-noconfig.cmake
[2.526s] -- Up-to-date: /home/tabuchi/shipsimulator/install/shipsim_msgs_module/share/shipsim_msgs_module/cmake/rosidl_cmake-extras.cmake
[2.526s] -- Up-to-date: /home/tabuchi/shipsimulator/install/shipsim_msgs_module/share/shipsim_msgs_module/cmake/ament_cmake_export_include_directories-extras.cmake
[2.527s] -- Up-to-date: /home/tabuchi/shipsimulator/install/shipsim_msgs_module/share/shipsim_msgs_module/cmake/ament_cmake_export_libraries-extras.cmake
[2.527s] -- Up-to-date: /home/tabuchi/shipsimulator/install/shipsim_msgs_module/share/shipsim_msgs_module/cmake/ament_cmake_export_targets-extras.cmake
[2.527s] -- Up-to-date: /home/tabuchi/shipsimulator/install/shipsim_msgs_module/share/shipsim_msgs_module/cmake/rosidl_cmake_export_typesupport_targets-extras.cmake
[2.527s] -- Up-to-date: /home/tabuchi/shipsimulator/install/shipsim_msgs_module/share/shipsim_msgs_module/cmake/ament_cmake_export_dependencies-extras.cmake
[2.527s] -- Up-to-date: /home/tabuchi/shipsimulator/install/shipsim_msgs_module/share/shipsim_msgs_module/cmake/rosidl_cmake_export_typesupport_libraries-extras.cmake
[2.527s] -- Up-to-date: /home/tabuchi/shipsimulator/install/shipsim_msgs_module/share/shipsim_msgs_module/cmake/shipsim_msgs_moduleConfig.cmake
[2.527s] -- Up-to-date: /home/tabuchi/shipsimulator/install/shipsim_msgs_module/share/shipsim_msgs_module/cmake/shipsim_msgs_moduleConfig-version.cmake
[2.528s] -- Up-to-date: /home/tabuchi/shipsimulator/install/shipsim_msgs_module/share/shipsim_msgs_module/package.xml
[2.529s] Invoked command in '/home/tabuchi/shipsimulator/build/shipsim_msgs_module' returned '0': CMAKE_PREFIX_PATH=/opt/ros/humble /usr/bin/cmake --install /home/tabuchi/shipsimulator/build/shipsim_msgs_module
