[0.375s] DEBUG:colcon:Command line arguments: ['/usr/bin/colcon', 'build']
[0.375s] DEBUG:colcon:Parsed command line arguments: Namespace(log_base=None, log_level=None, verb_name='build', build_base='build', install_base='install', merge_install=False, symlink_install=False, test_result_base=None, continue_on_error=False, executor='parallel', parallel_workers=12, event_handlers=None, ignore_user_meta=False, metas=['./colcon.meta'], base_paths=['.'], packages_ignore=None, packages_ignore_regex=None, paths=None, packages_up_to=None, packages_up_to_regex=None, packages_above=None, packages_above_and_dependencies=None, packages_above_depth=None, packages_select_by_dep=None, packages_skip_by_dep=None, packages_skip_up_to=None, packages_select_build_failed=False, packages_skip_build_finished=False, packages_select_test_failures=False, packages_skip_test_passed=False, packages_select=None, packages_skip=None, packages_select_regex=None, packages_skip_regex=None, packages_start=None, packages_end=None, allow_overriding=[], cmake_args=None, cmake_target=None, cmake_target_skip_unavailable=False, cmake_clean_cache=False, cmake_clean_first=False, cmake_force_configure=False, ament_cmake_args=None, catkin_cmake_args=None, catkin_skip_building_tests=False, verb_parser=<colcon_defaults.argument_parser.defaults.DefaultArgumentsDecorator object at 0x7f43d32d4b80>, verb_extension=<colcon_core.verb.build.BuildVerb object at 0x7f43d3adaf80>, main=<bound method BuildVerb.main of <colcon_core.verb.build.BuildVerb object at 0x7f43d3adaf80>>)
[0.406s] Level 1:colcon.colcon_core.package_discovery:discover_packages(colcon_meta) check parameters
[0.406s] Level 1:colcon.colcon_core.package_discovery:discover_packages(recursive) check parameters
[0.406s] Level 1:colcon.colcon_core.package_discovery:discover_packages(ignore) check parameters
[0.406s] Level 1:colcon.colcon_core.package_discovery:discover_packages(path) check parameters
[0.406s] Level 1:colcon.colcon_core.package_discovery:discover_packages(colcon_meta) discover
[0.406s] Level 1:colcon.colcon_core.package_discovery:discover_packages(recursive) discover
[0.406s] INFO:colcon.colcon_core.package_discovery:Crawling recursively for packages in '/home/tabuchi/shipsimulator'
[0.406s] Level 1:colcon.colcon_core.package_identification:_identify(.) by extensions ['ignore', 'ignore_ament_install']
[0.406s] Level 1:colcon.colcon_core.package_identification:_identify(.) by extension 'ignore'
[0.406s] Level 1:colcon.colcon_core.package_identification:_identify(.) by extension 'ignore_ament_install'
[0.406s] Level 1:colcon.colcon_core.package_identification:_identify(.) by extensions ['colcon_pkg']
[0.406s] Level 1:colcon.colcon_core.package_identification:_identify(.) by extension 'colcon_pkg'
[0.406s] Level 1:colcon.colcon_core.package_identification:_identify(.) by extensions ['colcon_meta']
[0.406s] Level 1:colcon.colcon_core.package_identification:_identify(.) by extension 'colcon_meta'
[0.406s] Level 1:colcon.colcon_core.package_identification:_identify(.) by extensions ['ros']
[0.406s] Level 1:colcon.colcon_core.package_identification:_identify(.) by extension 'ros'
[0.418s] Level 1:colcon.colcon_core.package_identification:_identify(.) by extensions ['cmake', 'python']
[0.418s] Level 1:colcon.colcon_core.package_identification:_identify(.) by extension 'cmake'
[0.418s] Level 1:colcon.colcon_core.package_identification:_identify(.) by extension 'python'
[0.418s] Level 1:colcon.colcon_core.package_identification:_identify(.) by extensions ['python_setup_py']
[0.418s] Level 1:colcon.colcon_core.package_identification:_identify(.) by extension 'python_setup_py'
[0.418s] Level 1:colcon.colcon_core.package_identification:_identify(build) by extensions ['ignore', 'ignore_ament_install']
[0.418s] Level 1:colcon.colcon_core.package_identification:_identify(build) by extension 'ignore'
[0.418s] Level 1:colcon.colcon_core.package_identification:_identify(build) ignored
[0.418s] Level 1:colcon.colcon_core.package_identification:_identify(install) by extensions ['ignore', 'ignore_ament_install']
[0.418s] Level 1:colcon.colcon_core.package_identification:_identify(install) by extension 'ignore'
[0.418s] Level 1:colcon.colcon_core.package_identification:_identify(install) ignored
[0.418s] Level 1:colcon.colcon_core.package_identification:_identify(log) by extensions ['ignore', 'ignore_ament_install']
[0.419s] Level 1:colcon.colcon_core.package_identification:_identify(log) by extension 'ignore'
[0.419s] Level 1:colcon.colcon_core.package_identification:_identify(log) ignored
[0.419s] Level 1:colcon.colcon_core.package_identification:_identify(src) by extensions ['ignore', 'ignore_ament_install']
[0.419s] Level 1:colcon.colcon_core.package_identification:_identify(src) by extension 'ignore'
[0.419s] Level 1:colcon.colcon_core.package_identification:_identify(src) by extension 'ignore_ament_install'
[0.419s] Level 1:colcon.colcon_core.package_identification:_identify(src) by extensions ['colcon_pkg']
[0.419s] Level 1:colcon.colcon_core.package_identification:_identify(src) by extension 'colcon_pkg'
[0.419s] Level 1:colcon.colcon_core.package_identification:_identify(src) by extensions ['colcon_meta']
[0.419s] Level 1:colcon.colcon_core.package_identification:_identify(src) by extension 'colcon_meta'
[0.419s] Level 1:colcon.colcon_core.package_identification:_identify(src) by extensions ['ros']
[0.419s] Level 1:colcon.colcon_core.package_identification:_identify(src) by extension 'ros'
[0.419s] Level 1:colcon.colcon_core.package_identification:_identify(src) by extensions ['cmake', 'python']
[0.419s] Level 1:colcon.colcon_core.package_identification:_identify(src) by extension 'cmake'
[0.419s] Level 1:colcon.colcon_core.package_identification:_identify(src) by extension 'python'
[0.419s] Level 1:colcon.colcon_core.package_identification:_identify(src) by extensions ['python_setup_py']
[0.419s] Level 1:colcon.colcon_core.package_identification:_identify(src) by extension 'python_setup_py'
[0.419s] Level 1:colcon.colcon_core.package_identification:_identify(src/ROS-TCP-Endpoint) by extensions ['ignore', 'ignore_ament_install']
[0.419s] Level 1:colcon.colcon_core.package_identification:_identify(src/ROS-TCP-Endpoint) by extension 'ignore'
[0.420s] Level 1:colcon.colcon_core.package_identification:_identify(src/ROS-TCP-Endpoint) by extension 'ignore_ament_install'
[0.420s] Level 1:colcon.colcon_core.package_identification:_identify(src/ROS-TCP-Endpoint) by extensions ['colcon_pkg']
[0.420s] Level 1:colcon.colcon_core.package_identification:_identify(src/ROS-TCP-Endpoint) by extension 'colcon_pkg'
[0.420s] Level 1:colcon.colcon_core.package_identification:_identify(src/ROS-TCP-Endpoint) by extensions ['colcon_meta']
[0.420s] Level 1:colcon.colcon_core.package_identification:_identify(src/ROS-TCP-Endpoint) by extension 'colcon_meta'
[0.420s] Level 1:colcon.colcon_core.package_identification:_identify(src/ROS-TCP-Endpoint) by extensions ['ros']
[0.420s] Level 1:colcon.colcon_core.package_identification:_identify(src/ROS-TCP-Endpoint) by extension 'ros'
[0.422s] DEBUG:colcon.colcon_core.package_identification:Package 'src/ROS-TCP-Endpoint' with type 'ros.ament_python' and name 'ros_tcp_endpoint'
[0.422s] Level 1:colcon.colcon_core.package_identification:_identify(src/actuator_module) by extensions ['ignore', 'ignore_ament_install']
[0.422s] Level 1:colcon.colcon_core.package_identification:_identify(src/actuator_module) by extension 'ignore'
[0.422s] Level 1:colcon.colcon_core.package_identification:_identify(src/actuator_module) by extension 'ignore_ament_install'
[0.422s] Level 1:colcon.colcon_core.package_identification:_identify(src/actuator_module) by extensions ['colcon_pkg']
[0.422s] Level 1:colcon.colcon_core.package_identification:_identify(src/actuator_module) by extension 'colcon_pkg'
[0.422s] Level 1:colcon.colcon_core.package_identification:_identify(src/actuator_module) by extensions ['colcon_meta']
[0.422s] Level 1:colcon.colcon_core.package_identification:_identify(src/actuator_module) by extension 'colcon_meta'
[0.422s] Level 1:colcon.colcon_core.package_identification:_identify(src/actuator_module) by extensions ['ros']
[0.422s] Level 1:colcon.colcon_core.package_identification:_identify(src/actuator_module) by extension 'ros'
[0.423s] DEBUG:colcon.colcon_core.package_identification:Package 'src/actuator_module' with type 'ros.ament_python' and name 'actuator_module'
[0.423s] Level 1:colcon.colcon_core.package_identification:_identify(src/mmg_module) by extensions ['ignore', 'ignore_ament_install']
[0.423s] Level 1:colcon.colcon_core.package_identification:_identify(src/mmg_module) by extension 'ignore'
[0.423s] Level 1:colcon.colcon_core.package_identification:_identify(src/mmg_module) by extension 'ignore_ament_install'
[0.423s] Level 1:colcon.colcon_core.package_identification:_identify(src/mmg_module) by extensions ['colcon_pkg']
[0.423s] Level 1:colcon.colcon_core.package_identification:_identify(src/mmg_module) by extension 'colcon_pkg'
[0.423s] Level 1:colcon.colcon_core.package_identification:_identify(src/mmg_module) by extensions ['colcon_meta']
[0.423s] Level 1:colcon.colcon_core.package_identification:_identify(src/mmg_module) by extension 'colcon_meta'
[0.423s] Level 1:colcon.colcon_core.package_identification:_identify(src/mmg_module) by extensions ['ros']
[0.423s] Level 1:colcon.colcon_core.package_identification:_identify(src/mmg_module) by extension 'ros'
[0.424s] DEBUG:colcon.colcon_core.package_identification:Package 'src/mmg_module' with type 'ros.ament_python' and name 'mmg_module'
[0.424s] Level 1:colcon.colcon_core.package_identification:_identify(src/sensor_module) by extensions ['ignore', 'ignore_ament_install']
[0.424s] Level 1:colcon.colcon_core.package_identification:_identify(src/sensor_module) by extension 'ignore'
[0.424s] Level 1:colcon.colcon_core.package_identification:_identify(src/sensor_module) by extension 'ignore_ament_install'
[0.424s] Level 1:colcon.colcon_core.package_identification:_identify(src/sensor_module) by extensions ['colcon_pkg']
[0.424s] Level 1:colcon.colcon_core.package_identification:_identify(src/sensor_module) by extension 'colcon_pkg'
[0.424s] Level 1:colcon.colcon_core.package_identification:_identify(src/sensor_module) by extensions ['colcon_meta']
[0.424s] Level 1:colcon.colcon_core.package_identification:_identify(src/sensor_module) by extension 'colcon_meta'
[0.424s] Level 1:colcon.colcon_core.package_identification:_identify(src/sensor_module) by extensions ['ros']
[0.424s] Level 1:colcon.colcon_core.package_identification:_identify(src/sensor_module) by extension 'ros'
[0.425s] DEBUG:colcon.colcon_core.package_identification:Package 'src/sensor_module' with type 'ros.ament_python' and name 'sensor_module'
[0.425s] Level 1:colcon.colcon_core.package_identification:_identify(src/shipsim_msgs_module) by extensions ['ignore', 'ignore_ament_install']
[0.425s] Level 1:colcon.colcon_core.package_identification:_identify(src/shipsim_msgs_module) by extension 'ignore'
[0.425s] Level 1:colcon.colcon_core.package_identification:_identify(src/shipsim_msgs_module) by extension 'ignore_ament_install'
[0.425s] Level 1:colcon.colcon_core.package_identification:_identify(src/shipsim_msgs_module) by extensions ['colcon_pkg']
[0.425s] Level 1:colcon.colcon_core.package_identification:_identify(src/shipsim_msgs_module) by extension 'colcon_pkg'
[0.425s] Level 1:colcon.colcon_core.package_identification:_identify(src/shipsim_msgs_module) by extensions ['colcon_meta']
[0.425s] Level 1:colcon.colcon_core.package_identification:_identify(src/shipsim_msgs_module) by extension 'colcon_meta'
[0.425s] Level 1:colcon.colcon_core.package_identification:_identify(src/shipsim_msgs_module) by extensions ['ros']
[0.425s] Level 1:colcon.colcon_core.package_identification:_identify(src/shipsim_msgs_module) by extension 'ros'
[0.426s] DEBUG:colcon.colcon_core.package_identification:Package 'src/shipsim_msgs_module' with type 'ros.ament_cmake' and name 'shipsim_msgs_module'
[0.426s] Level 1:colcon.colcon_core.package_discovery:discover_packages(recursive) using defaults
[0.426s] Level 1:colcon.colcon_core.package_discovery:discover_packages(ignore) discover
[0.426s] Level 1:colcon.colcon_core.package_discovery:discover_packages(ignore) using defaults
[0.426s] Level 1:colcon.colcon_core.package_discovery:discover_packages(path) discover
[0.426s] Level 1:colcon.colcon_core.package_discovery:discover_packages(path) using defaults
[0.448s] Level 1:colcon.colcon_core.package_discovery:discover_packages(prefix_path) check parameters
[0.448s] Level 1:colcon.colcon_core.package_discovery:discover_packages(prefix_path) discover
[0.451s] DEBUG:colcon.colcon_installed_package_information.package_discovery:Found 5 installed packages in /home/tabuchi/shipsimulator/install
[0.452s] DEBUG:colcon.colcon_installed_package_information.package_discovery:Found 276 installed packages in /opt/ros/humble
[0.453s] Level 1:colcon.colcon_core.package_discovery:discover_packages(prefix_path) using defaults
[0.509s] Level 5:colcon.colcon_core.verb:set package 'actuator_module' build argument 'cmake_args' from command line to 'None'
[0.509s] Level 5:colcon.colcon_core.verb:set package 'actuator_module' build argument 'cmake_target' from command line to 'None'
[0.509s] Level 5:colcon.colcon_core.verb:set package 'actuator_module' build argument 'cmake_target_skip_unavailable' from command line to 'False'
[0.509s] Level 5:colcon.colcon_core.verb:set package 'actuator_module' build argument 'cmake_clean_cache' from command line to 'False'
[0.509s] Level 5:colcon.colcon_core.verb:set package 'actuator_module' build argument 'cmake_clean_first' from command line to 'False'
[0.509s] Level 5:colcon.colcon_core.verb:set package 'actuator_module' build argument 'cmake_force_configure' from command line to 'False'
[0.509s] Level 5:colcon.colcon_core.verb:set package 'actuator_module' build argument 'ament_cmake_args' from command line to 'None'
[0.509s] Level 5:colcon.colcon_core.verb:set package 'actuator_module' build argument 'catkin_cmake_args' from command line to 'None'
[0.509s] Level 5:colcon.colcon_core.verb:set package 'actuator_module' build argument 'catkin_skip_building_tests' from command line to 'False'
[0.509s] DEBUG:colcon.colcon_core.verb:Building package 'actuator_module' with the following arguments: {'ament_cmake_args': None, 'build_base': '/home/tabuchi/shipsimulator/build/actuator_module', 'catkin_cmake_args': None, 'catkin_skip_building_tests': False, 'cmake_args': None, 'cmake_clean_cache': False, 'cmake_clean_first': False, 'cmake_force_configure': False, 'cmake_target': None, 'cmake_target_skip_unavailable': False, 'install_base': '/home/tabuchi/shipsimulator/install/actuator_module', 'merge_install': False, 'path': '/home/tabuchi/shipsimulator/src/actuator_module', 'symlink_install': False, 'test_result_base': None}
[0.510s] Level 5:colcon.colcon_core.verb:set package 'mmg_module' build argument 'cmake_args' from command line to 'None'
[0.510s] Level 5:colcon.colcon_core.verb:set package 'mmg_module' build argument 'cmake_target' from command line to 'None'
[0.510s] Level 5:colcon.colcon_core.verb:set package 'mmg_module' build argument 'cmake_target_skip_unavailable' from command line to 'False'
[0.510s] Level 5:colcon.colcon_core.verb:set package 'mmg_module' build argument 'cmake_clean_cache' from command line to 'False'
[0.510s] Level 5:colcon.colcon_core.verb:set package 'mmg_module' build argument 'cmake_clean_first' from command line to 'False'
[0.510s] Level 5:colcon.colcon_core.verb:set package 'mmg_module' build argument 'cmake_force_configure' from command line to 'False'
[0.510s] Level 5:colcon.colcon_core.verb:set package 'mmg_module' build argument 'ament_cmake_args' from command line to 'None'
[0.511s] Level 5:colcon.colcon_core.verb:set package 'mmg_module' build argument 'catkin_cmake_args' from command line to 'None'
[0.511s] Level 5:colcon.colcon_core.verb:set package 'mmg_module' build argument 'catkin_skip_building_tests' from command line to 'False'
[0.511s] DEBUG:colcon.colcon_core.verb:Building package 'mmg_module' with the following arguments: {'ament_cmake_args': None, 'build_base': '/home/tabuchi/shipsimulator/build/mmg_module', 'catkin_cmake_args': None, 'catkin_skip_building_tests': False, 'cmake_args': None, 'cmake_clean_cache': False, 'cmake_clean_first': False, 'cmake_force_configure': False, 'cmake_target': None, 'cmake_target_skip_unavailable': False, 'install_base': '/home/tabuchi/shipsimulator/install/mmg_module', 'merge_install': False, 'path': '/home/tabuchi/shipsimulator/src/mmg_module', 'symlink_install': False, 'test_result_base': None}
[0.512s] Level 5:colcon.colcon_core.verb:set package 'ros_tcp_endpoint' build argument 'cmake_args' from command line to 'None'
[0.512s] Level 5:colcon.colcon_core.verb:set package 'ros_tcp_endpoint' build argument 'cmake_target' from command line to 'None'
[0.512s] Level 5:colcon.colcon_core.verb:set package 'ros_tcp_endpoint' build argument 'cmake_target_skip_unavailable' from command line to 'False'
[0.512s] Level 5:colcon.colcon_core.verb:set package 'ros_tcp_endpoint' build argument 'cmake_clean_cache' from command line to 'False'
[0.512s] Level 5:colcon.colcon_core.verb:set package 'ros_tcp_endpoint' build argument 'cmake_clean_first' from command line to 'False'
[0.512s] Level 5:colcon.colcon_core.verb:set package 'ros_tcp_endpoint' build argument 'cmake_force_configure' from command line to 'False'
[0.512s] Level 5:colcon.colcon_core.verb:set package 'ros_tcp_endpoint' build argument 'ament_cmake_args' from command line to 'None'
[0.512s] Level 5:colcon.colcon_core.verb:set package 'ros_tcp_endpoint' build argument 'catkin_cmake_args' from command line to 'None'
[0.512s] Level 5:colcon.colcon_core.verb:set package 'ros_tcp_endpoint' build argument 'catkin_skip_building_tests' from command line to 'False'
[0.512s] DEBUG:colcon.colcon_core.verb:Building package 'ros_tcp_endpoint' with the following arguments: {'ament_cmake_args': None, 'build_base': '/home/tabuchi/shipsimulator/build/ros_tcp_endpoint', 'catkin_cmake_args': None, 'catkin_skip_building_tests': False, 'cmake_args': None, 'cmake_clean_cache': False, 'cmake_clean_first': False, 'cmake_force_configure': False, 'cmake_target': None, 'cmake_target_skip_unavailable': False, 'install_base': '/home/tabuchi/shipsimulator/install/ros_tcp_endpoint', 'merge_install': False, 'path': '/home/tabuchi/shipsimulator/src/ROS-TCP-Endpoint', 'symlink_install': False, 'test_result_base': None}
[0.513s] Level 5:colcon.colcon_core.verb:set package 'sensor_module' build argument 'cmake_args' from command line to 'None'
[0.513s] Level 5:colcon.colcon_core.verb:set package 'sensor_module' build argument 'cmake_target' from command line to 'None'
[0.513s] Level 5:colcon.colcon_core.verb:set package 'sensor_module' build argument 'cmake_target_skip_unavailable' from command line to 'False'
[0.513s] Level 5:colcon.colcon_core.verb:set package 'sensor_module' build argument 'cmake_clean_cache' from command line to 'False'
[0.513s] Level 5:colcon.colcon_core.verb:set package 'sensor_module' build argument 'cmake_clean_first' from command line to 'False'
[0.513s] Level 5:colcon.colcon_core.verb:set package 'sensor_module' build argument 'cmake_force_configure' from command line to 'False'
[0.513s] Level 5:colcon.colcon_core.verb:set package 'sensor_module' build argument 'ament_cmake_args' from command line to 'None'
[0.513s] Level 5:colcon.colcon_core.verb:set package 'sensor_module' build argument 'catkin_cmake_args' from command line to 'None'
[0.513s] Level 5:colcon.colcon_core.verb:set package 'sensor_module' build argument 'catkin_skip_building_tests' from command line to 'False'
[0.513s] DEBUG:colcon.colcon_core.verb:Building package 'sensor_module' with the following arguments: {'ament_cmake_args': None, 'build_base': '/home/tabuchi/shipsimulator/build/sensor_module', 'catkin_cmake_args': None, 'catkin_skip_building_tests': False, 'cmake_args': None, 'cmake_clean_cache': False, 'cmake_clean_first': False, 'cmake_force_configure': False, 'cmake_target': None, 'cmake_target_skip_unavailable': False, 'install_base': '/home/tabuchi/shipsimulator/install/sensor_module', 'merge_install': False, 'path': '/home/tabuchi/shipsimulator/src/sensor_module', 'symlink_install': False, 'test_result_base': None}
[0.514s] Level 5:colcon.colcon_core.verb:set package 'shipsim_msgs_module' build argument 'cmake_args' from command line to 'None'
[0.514s] Level 5:colcon.colcon_core.verb:set package 'shipsim_msgs_module' build argument 'cmake_target' from command line to 'None'
[0.514s] Level 5:colcon.colcon_core.verb:set package 'shipsim_msgs_module' build argument 'cmake_target_skip_unavailable' from command line to 'False'
[0.514s] Level 5:colcon.colcon_core.verb:set package 'shipsim_msgs_module' build argument 'cmake_clean_cache' from command line to 'False'
[0.514s] Level 5:colcon.colcon_core.verb:set package 'shipsim_msgs_module' build argument 'cmake_clean_first' from command line to 'False'
[0.514s] Level 5:colcon.colcon_core.verb:set package 'shipsim_msgs_module' build argument 'cmake_force_configure' from command line to 'False'
[0.514s] Level 5:colcon.colcon_core.verb:set package 'shipsim_msgs_module' build argument 'ament_cmake_args' from command line to 'None'
[0.514s] Level 5:colcon.colcon_core.verb:set package 'shipsim_msgs_module' build argument 'catkin_cmake_args' from command line to 'None'
[0.514s] Level 5:colcon.colcon_core.verb:set package 'shipsim_msgs_module' build argument 'catkin_skip_building_tests' from command line to 'False'
[0.514s] DEBUG:colcon.colcon_core.verb:Building package 'shipsim_msgs_module' with the following arguments: {'ament_cmake_args': None, 'build_base': '/home/tabuchi/shipsimulator/build/shipsim_msgs_module', 'catkin_cmake_args': None, 'catkin_skip_building_tests': False, 'cmake_args': None, 'cmake_clean_cache': False, 'cmake_clean_first': False, 'cmake_force_configure': False, 'cmake_target': None, 'cmake_target_skip_unavailable': False, 'install_base': '/home/tabuchi/shipsimulator/install/shipsim_msgs_module', 'merge_install': False, 'path': '/home/tabuchi/shipsimulator/src/shipsim_msgs_module', 'symlink_install': False, 'test_result_base': None}
[0.515s] INFO:colcon.colcon_core.executor:Executing jobs using 'parallel' executor
[0.519s] DEBUG:colcon.colcon_parallel_executor.executor.parallel:run_until_complete
[0.519s] INFO:colcon.colcon_ros.task.ament_python.build:Building ROS package in '/home/tabuchi/shipsimulator/src/actuator_module' with build type 'ament_python'
[0.519s] Level 1:colcon.colcon_core.shell:create_environment_hook('actuator_module', 'ament_prefix_path')
[0.523s] INFO:colcon.colcon_core.plugin_system:Skipping extension 'colcon_core.shell.bat': Not used on non-Windows systems
[0.523s] INFO:colcon.colcon_core.shell:Creating environment hook '/home/tabuchi/shipsimulator/install/actuator_module/share/actuator_module/hook/ament_prefix_path.ps1'
[0.523s] INFO:colcon.colcon_core.shell:Creating environment descriptor '/home/tabuchi/shipsimulator/install/actuator_module/share/actuator_module/hook/ament_prefix_path.dsv'
[0.524s] INFO:colcon.colcon_core.shell:Creating environment hook '/home/tabuchi/shipsimulator/install/actuator_module/share/actuator_module/hook/ament_prefix_path.sh'
[0.526s] INFO:colcon.colcon_core.shell:Skip shell extension 'powershell' for command environment: Not usable outside of PowerShell
[0.526s] DEBUG:colcon.colcon_core.shell:Skip shell extension 'dsv' for command environment
[0.530s] INFO:colcon.colcon_ros.task.ament_python.build:Building ROS package in '/home/tabuchi/shipsimulator/src/mmg_module' with build type 'ament_python'
[0.531s] Level 1:colcon.colcon_core.shell:create_environment_hook('mmg_module', 'ament_prefix_path')
[0.532s] INFO:colcon.colcon_core.shell:Creating environment hook '/home/tabuchi/shipsimulator/install/mmg_module/share/mmg_module/hook/ament_prefix_path.ps1'
[0.533s] INFO:colcon.colcon_core.shell:Creating environment descriptor '/home/tabuchi/shipsimulator/install/mmg_module/share/mmg_module/hook/ament_prefix_path.dsv'
[0.533s] INFO:colcon.colcon_core.shell:Creating environment hook '/home/tabuchi/shipsimulator/install/mmg_module/share/mmg_module/hook/ament_prefix_path.sh'
[0.535s] INFO:colcon.colcon_core.shell:Skip shell extension 'powershell' for command environment: Not usable outside of PowerShell
[0.535s] DEBUG:colcon.colcon_core.shell:Skip shell extension 'dsv' for command environment
[0.539s] INFO:colcon.colcon_ros.task.ament_python.build:Building ROS package in '/home/tabuchi/shipsimulator/src/ROS-TCP-Endpoint' with build type 'ament_python'
[0.539s] Level 1:colcon.colcon_core.shell:create_environment_hook('ros_tcp_endpoint', 'ament_prefix_path')
[0.541s] INFO:colcon.colcon_core.shell:Creating environment hook '/home/tabuchi/shipsimulator/install/ros_tcp_endpoint/share/ros_tcp_endpoint/hook/ament_prefix_path.ps1'
[0.541s] INFO:colcon.colcon_core.shell:Creating environment descriptor '/home/tabuchi/shipsimulator/install/ros_tcp_endpoint/share/ros_tcp_endpoint/hook/ament_prefix_path.dsv'
[0.542s] INFO:colcon.colcon_core.shell:Creating environment hook '/home/tabuchi/shipsimulator/install/ros_tcp_endpoint/share/ros_tcp_endpoint/hook/ament_prefix_path.sh'
[0.543s] INFO:colcon.colcon_core.shell:Skip shell extension 'powershell' for command environment: Not usable outside of PowerShell
[0.543s] DEBUG:colcon.colcon_core.shell:Skip shell extension 'dsv' for command environment
[0.547s] INFO:colcon.colcon_ros.task.ament_python.build:Building ROS package in '/home/tabuchi/shipsimulator/src/sensor_module' with build type 'ament_python'
[0.547s] Level 1:colcon.colcon_core.shell:create_environment_hook('sensor_module', 'ament_prefix_path')
[0.549s] INFO:colcon.colcon_core.shell:Creating environment hook '/home/tabuchi/shipsimulator/install/sensor_module/share/sensor_module/hook/ament_prefix_path.ps1'
[0.550s] INFO:colcon.colcon_core.shell:Creating environment descriptor '/home/tabuchi/shipsimulator/install/sensor_module/share/sensor_module/hook/ament_prefix_path.dsv'
[0.550s] INFO:colcon.colcon_core.shell:Creating environment hook '/home/tabuchi/shipsimulator/install/sensor_module/share/sensor_module/hook/ament_prefix_path.sh'
[0.551s] INFO:colcon.colcon_core.shell:Skip shell extension 'powershell' for command environment: Not usable outside of PowerShell
[0.552s] DEBUG:colcon.colcon_core.shell:Skip shell extension 'dsv' for command environment
[0.555s] INFO:colcon.colcon_ros.task.ament_cmake.build:Building ROS package in '/home/tabuchi/shipsimulator/src/shipsim_msgs_module' with build type 'ament_cmake'
[0.555s] INFO:colcon.colcon_cmake.task.cmake.build:Building CMake package in '/home/tabuchi/shipsimulator/src/shipsim_msgs_module'
[0.557s] INFO:colcon.colcon_core.shell:Skip shell extension 'powershell' for command environment: Not usable outside of PowerShell
[0.557s] DEBUG:colcon.colcon_core.shell:Skip shell extension 'dsv' for command environment
[0.967s] INFO:colcon.colcon_core.task.python.build:Building Python package in '/home/tabuchi/shipsimulator/src/actuator_module'
[0.968s] INFO:colcon.colcon_core.shell:Skip shell extension 'powershell' for command environment: Not usable outside of PowerShell
[0.969s] DEBUG:colcon.colcon_core.shell:Skip shell extension 'dsv' for command environment
[1.402s] INFO:colcon.colcon_core.task.python.build:Building Python package in '/home/tabuchi/shipsimulator/src/mmg_module'
[1.403s] INFO:colcon.colcon_core.shell:Skip shell extension 'powershell' for command environment: Not usable outside of PowerShell
[1.403s] DEBUG:colcon.colcon_core.shell:Skip shell extension 'dsv' for command environment
[1.790s] INFO:colcon.colcon_core.task.python.build:Building Python package in '/home/tabuchi/shipsimulator/src/ROS-TCP-Endpoint'
[1.792s] INFO:colcon.colcon_core.shell:Skip shell extension 'powershell' for command environment: Not usable outside of PowerShell
[1.792s] DEBUG:colcon.colcon_core.shell:Skip shell extension 'dsv' for command environment
[2.251s] INFO:colcon.colcon_core.task.python.build:Building Python package in '/home/tabuchi/shipsimulator/src/sensor_module'
[2.252s] INFO:colcon.colcon_core.shell:Skip shell extension 'powershell' for command environment: Not usable outside of PowerShell
[2.252s] DEBUG:colcon.colcon_core.shell:Skip shell extension 'dsv' for command environment
[2.261s] DEBUG:colcon.colcon_core.event_handler.log_command:Invoking command in '/home/tabuchi/shipsimulator/build/shipsim_msgs_module': CMAKE_PREFIX_PATH=${CMAKE_PREFIX_PATH}:/home/tabuchi/shipsimulator/install/sensor_module:/home/tabuchi/shipsimulator/install/ros_tcp_endpoint:/home/tabuchi/shipsimulator/install/mmg_module:/home/tabuchi/shipsimulator/install/actuator_module:/opt/ros/humble /usr/bin/cmake --build /home/tabuchi/shipsimulator/build/shipsim_msgs_module -- -j12 -l12
[2.730s] DEBUG:colcon.colcon_core.event_handler.log_command:Invoking command in '/home/tabuchi/shipsimulator/src/mmg_module': PYTHONPATH=/home/tabuchi/shipsimulator/build/mmg_module/prefix_override:/home/tabuchi/shipsimulator/install/mmg_module/lib/python3.10/site-packages:${PYTHONPATH} /usr/bin/python3 setup.py egg_info --egg-base ../../build/mmg_module build --build-base /home/tabuchi/shipsimulator/build/mmg_module/build install --record /home/tabuchi/shipsimulator/build/mmg_module/install.log --single-version-externally-managed
[2.731s] DEBUG:colcon.colcon_core.event_handler.log_command:Invoking command in '/home/tabuchi/shipsimulator/src/sensor_module': PYTHONPATH=/home/tabuchi/shipsimulator/build/sensor_module/prefix_override:/home/tabuchi/shipsimulator/install/sensor_module/lib/python3.10/site-packages:${PYTHONPATH} /usr/bin/python3 setup.py egg_info --egg-base ../../build/sensor_module build --build-base /home/tabuchi/shipsimulator/build/sensor_module/build install --record /home/tabuchi/shipsimulator/build/sensor_module/install.log --single-version-externally-managed
[2.778s] DEBUG:colcon.colcon_core.event_handler.log_command:Invoking command in '/home/tabuchi/shipsimulator/src/actuator_module': PYTHONPATH=/home/tabuchi/shipsimulator/build/actuator_module/prefix_override:/home/tabuchi/shipsimulator/install/actuator_module/lib/python3.10/site-packages:${PYTHONPATH} /usr/bin/python3 setup.py egg_info --egg-base ../../build/actuator_module build --build-base /home/tabuchi/shipsimulator/build/actuator_module/build install --record /home/tabuchi/shipsimulator/build/actuator_module/install.log --single-version-externally-managed
[2.779s] DEBUG:colcon.colcon_core.event_handler.log_command:Invoked command in '/home/tabuchi/shipsimulator/build/shipsim_msgs_module' returned '0': CMAKE_PREFIX_PATH=${CMAKE_PREFIX_PATH}:/home/tabuchi/shipsimulator/install/sensor_module:/home/tabuchi/shipsimulator/install/ros_tcp_endpoint:/home/tabuchi/shipsimulator/install/mmg_module:/home/tabuchi/shipsimulator/install/actuator_module:/opt/ros/humble /usr/bin/cmake --build /home/tabuchi/shipsimulator/build/shipsim_msgs_module -- -j12 -l12
[2.794s] DEBUG:colcon.colcon_core.event_handler.log_command:Invoking command in '/home/tabuchi/shipsimulator/src/ROS-TCP-Endpoint': PYTHONPATH=/home/tabuchi/shipsimulator/build/ros_tcp_endpoint/prefix_override:/home/tabuchi/shipsimulator/install/ros_tcp_endpoint/lib/python3.10/site-packages:${PYTHONPATH} /usr/bin/python3 setup.py egg_info --egg-base ../../build/ros_tcp_endpoint build --build-base /home/tabuchi/shipsimulator/build/ros_tcp_endpoint/build install --record /home/tabuchi/shipsimulator/build/ros_tcp_endpoint/install.log --install-scripts $base/lib/ros_tcp_endpoint --single-version-externally-managed
[2.841s] DEBUG:colcon.colcon_core.event_handler.log_command:Invoking command in '/home/tabuchi/shipsimulator/build/shipsim_msgs_module': CMAKE_PREFIX_PATH=${CMAKE_PREFIX_PATH}:/home/tabuchi/shipsimulator/install/sensor_module:/home/tabuchi/shipsimulator/install/ros_tcp_endpoint:/home/tabuchi/shipsimulator/install/mmg_module:/home/tabuchi/shipsimulator/install/actuator_module:/opt/ros/humble /usr/bin/cmake --install /home/tabuchi/shipsimulator/build/shipsim_msgs_module
[2.907s] Level 1:colcon.colcon_core.environment:create_environment_scripts_only(shipsim_msgs_module)
[2.908s] DEBUG:colcon.colcon_core.event_handler.log_command:Invoked command in '/home/tabuchi/shipsimulator/build/shipsim_msgs_module' returned '0': CMAKE_PREFIX_PATH=${CMAKE_PREFIX_PATH}:/home/tabuchi/shipsimulator/install/sensor_module:/home/tabuchi/shipsimulator/install/ros_tcp_endpoint:/home/tabuchi/shipsimulator/install/mmg_module:/home/tabuchi/shipsimulator/install/actuator_module:/opt/ros/humble /usr/bin/cmake --install /home/tabuchi/shipsimulator/build/shipsim_msgs_module
[2.912s] Level 1:colcon.colcon_core.environment:checking '/home/tabuchi/shipsimulator/install/shipsim_msgs_module' for CMake module files
[2.913s] Level 1:colcon.colcon_core.environment:checking '/home/tabuchi/shipsimulator/install/shipsim_msgs_module' for CMake config files
[2.914s] Level 1:colcon.colcon_core.shell:create_environment_hook('shipsim_msgs_module', 'cmake_prefix_path')
[2.915s] INFO:colcon.colcon_core.shell:Creating environment hook '/home/tabuchi/shipsimulator/install/shipsim_msgs_module/share/shipsim_msgs_module/hook/cmake_prefix_path.ps1'
[2.916s] INFO:colcon.colcon_core.shell:Creating environment descriptor '/home/tabuchi/shipsimulator/install/shipsim_msgs_module/share/shipsim_msgs_module/hook/cmake_prefix_path.dsv'
[2.916s] INFO:colcon.colcon_core.shell:Creating environment hook '/home/tabuchi/shipsimulator/install/shipsim_msgs_module/share/shipsim_msgs_module/hook/cmake_prefix_path.sh'
[2.917s] Level 1:colcon.colcon_core.environment:checking '/home/tabuchi/shipsimulator/install/shipsim_msgs_module/lib'
[2.917s] Level 1:colcon.colcon_core.shell:create_environment_hook('shipsim_msgs_module', 'ld_library_path_lib')
[2.918s] INFO:colcon.colcon_core.shell:Creating environment hook '/home/tabuchi/shipsimulator/install/shipsim_msgs_module/share/shipsim_msgs_module/hook/ld_library_path_lib.ps1'
[2.919s] INFO:colcon.colcon_core.shell:Creating environment descriptor '/home/tabuchi/shipsimulator/install/shipsim_msgs_module/share/shipsim_msgs_module/hook/ld_library_path_lib.dsv'
[2.919s] INFO:colcon.colcon_core.shell:Creating environment hook '/home/tabuchi/shipsimulator/install/shipsim_msgs_module/share/shipsim_msgs_module/hook/ld_library_path_lib.sh'
[2.920s] Level 1:colcon.colcon_core.environment:checking '/home/tabuchi/shipsimulator/install/shipsim_msgs_module/bin'
[2.920s] Level 1:colcon.colcon_core.environment:checking '/home/tabuchi/shipsimulator/install/shipsim_msgs_module/lib/pkgconfig/shipsim_msgs_module.pc'
[2.920s] Level 1:colcon.colcon_core.environment:checking '/home/tabuchi/shipsimulator/install/shipsim_msgs_module/lib/python3.10/site-packages'
[2.920s] Level 1:colcon.colcon_core.shell:create_environment_hook('shipsim_msgs_module', 'pythonpath')
[2.923s] INFO:colcon.colcon_core.shell:Creating environment hook '/home/tabuchi/shipsimulator/install/shipsim_msgs_module/share/shipsim_msgs_module/hook/pythonpath.ps1'
[2.923s] INFO:colcon.colcon_core.shell:Creating environment descriptor '/home/tabuchi/shipsimulator/install/shipsim_msgs_module/share/shipsim_msgs_module/hook/pythonpath.dsv'
[2.924s] INFO:colcon.colcon_core.shell:Creating environment hook '/home/tabuchi/shipsimulator/install/shipsim_msgs_module/share/shipsim_msgs_module/hook/pythonpath.sh'
[2.924s] Level 1:colcon.colcon_core.environment:checking '/home/tabuchi/shipsimulator/install/shipsim_msgs_module/bin'
[2.926s] INFO:colcon.colcon_core.shell:Creating package script '/home/tabuchi/shipsimulator/install/shipsim_msgs_module/share/shipsim_msgs_module/package.ps1'
[2.927s] INFO:colcon.colcon_core.shell:Creating package descriptor '/home/tabuchi/shipsimulator/install/shipsim_msgs_module/share/shipsim_msgs_module/package.dsv'
[2.928s] INFO:colcon.colcon_core.shell:Creating package script '/home/tabuchi/shipsimulator/install/shipsim_msgs_module/share/shipsim_msgs_module/package.sh'
[2.928s] INFO:colcon.colcon_core.shell:Creating package script '/home/tabuchi/shipsimulator/install/shipsim_msgs_module/share/shipsim_msgs_module/package.bash'
[2.929s] INFO:colcon.colcon_core.shell:Creating package script '/home/tabuchi/shipsimulator/install/shipsim_msgs_module/share/shipsim_msgs_module/package.zsh'
[2.930s] Level 1:colcon.colcon_core.environment:create_file_with_runtime_dependencies(/home/tabuchi/shipsimulator/install/shipsim_msgs_module/share/colcon-core/packages/shipsim_msgs_module)
[2.983s] Level 1:colcon.colcon_core.environment:create_environment_scripts_only(shipsim_msgs_module)
[2.987s] Level 1:colcon.colcon_core.environment:checking '/home/tabuchi/shipsimulator/install/shipsim_msgs_module' for CMake module files
[2.988s] Level 1:colcon.colcon_core.environment:checking '/home/tabuchi/shipsimulator/install/shipsim_msgs_module' for CMake config files
[2.989s] Level 1:colcon.colcon_core.shell:create_environment_hook('shipsim_msgs_module', 'cmake_prefix_path')
[2.991s] INFO:colcon.colcon_core.shell:Creating environment hook '/home/tabuchi/shipsimulator/install/shipsim_msgs_module/share/shipsim_msgs_module/hook/cmake_prefix_path.ps1'
[2.992s] INFO:colcon.colcon_core.shell:Creating environment descriptor '/home/tabuchi/shipsimulator/install/shipsim_msgs_module/share/shipsim_msgs_module/hook/cmake_prefix_path.dsv'
[2.992s] INFO:colcon.colcon_core.shell:Creating environment hook '/home/tabuchi/shipsimulator/install/shipsim_msgs_module/share/shipsim_msgs_module/hook/cmake_prefix_path.sh'
[2.993s] Level 1:colcon.colcon_core.environment:checking '/home/tabuchi/shipsimulator/install/shipsim_msgs_module/lib'
[2.993s] Level 1:colcon.colcon_core.shell:create_environment_hook('shipsim_msgs_module', 'ld_library_path_lib')
[2.996s] INFO:colcon.colcon_core.shell:Creating environment hook '/home/tabuchi/shipsimulator/install/shipsim_msgs_module/share/shipsim_msgs_module/hook/ld_library_path_lib.ps1'
[2.996s] INFO:colcon.colcon_core.shell:Creating environment descriptor '/home/tabuchi/shipsimulator/install/shipsim_msgs_module/share/shipsim_msgs_module/hook/ld_library_path_lib.dsv'
[2.997s] INFO:colcon.colcon_core.shell:Creating environment hook '/home/tabuchi/shipsimulator/install/shipsim_msgs_module/share/shipsim_msgs_module/hook/ld_library_path_lib.sh'
[2.997s] Level 1:colcon.colcon_core.environment:checking '/home/tabuchi/shipsimulator/install/shipsim_msgs_module/bin'
[2.998s] Level 1:colcon.colcon_core.environment:checking '/home/tabuchi/shipsimulator/install/shipsim_msgs_module/lib/pkgconfig/shipsim_msgs_module.pc'
[2.998s] Level 1:colcon.colcon_core.environment:checking '/home/tabuchi/shipsimulator/install/shipsim_msgs_module/lib/python3.10/site-packages'
[2.998s] Level 1:colcon.colcon_core.shell:create_environment_hook('shipsim_msgs_module', 'pythonpath')
[3.001s] INFO:colcon.colcon_core.shell:Creating environment hook '/home/tabuchi/shipsimulator/install/shipsim_msgs_module/share/shipsim_msgs_module/hook/pythonpath.ps1'
[3.001s] INFO:colcon.colcon_core.shell:Creating environment descriptor '/home/tabuchi/shipsimulator/install/shipsim_msgs_module/share/shipsim_msgs_module/hook/pythonpath.dsv'
[3.002s] INFO:colcon.colcon_core.shell:Creating environment hook '/home/tabuchi/shipsimulator/install/shipsim_msgs_module/share/shipsim_msgs_module/hook/pythonpath.sh'
[3.003s] Level 1:colcon.colcon_core.environment:checking '/home/tabuchi/shipsimulator/install/shipsim_msgs_module/bin'
[3.005s] INFO:colcon.colcon_core.shell:Creating package script '/home/tabuchi/shipsimulator/install/shipsim_msgs_module/share/shipsim_msgs_module/package.ps1'
[3.006s] INFO:colcon.colcon_core.shell:Creating package descriptor '/home/tabuchi/shipsimulator/install/shipsim_msgs_module/share/shipsim_msgs_module/package.dsv'
[3.007s] INFO:colcon.colcon_core.shell:Creating package script '/home/tabuchi/shipsimulator/install/shipsim_msgs_module/share/shipsim_msgs_module/package.sh'
[3.008s] INFO:colcon.colcon_core.shell:Creating package script '/home/tabuchi/shipsimulator/install/shipsim_msgs_module/share/shipsim_msgs_module/package.bash'
[3.008s] INFO:colcon.colcon_core.shell:Creating package script '/home/tabuchi/shipsimulator/install/shipsim_msgs_module/share/shipsim_msgs_module/package.zsh'
[3.009s] Level 1:colcon.colcon_core.environment:create_file_with_runtime_dependencies(/home/tabuchi/shipsimulator/install/shipsim_msgs_module/share/colcon-core/packages/shipsim_msgs_module)
[3.097s] Level 1:colcon.colcon_core.environment:checking '/home/tabuchi/shipsimulator/install/mmg_module' for CMake module files
[3.098s] DEBUG:colcon.colcon_core.event_handler.log_command:Invoked command in '/home/tabuchi/shipsimulator/src/mmg_module' returned '0': PYTHONPATH=/home/tabuchi/shipsimulator/build/mmg_module/prefix_override:/home/tabuchi/shipsimulator/install/mmg_module/lib/python3.10/site-packages:${PYTHONPATH} /usr/bin/python3 setup.py egg_info --egg-base ../../build/mmg_module build --build-base /home/tabuchi/shipsimulator/build/mmg_module/build install --record /home/tabuchi/shipsimulator/build/mmg_module/install.log --single-version-externally-managed
[3.099s] Level 1:colcon.colcon_core.environment:checking '/home/tabuchi/shipsimulator/install/mmg_module' for CMake config files
[3.101s] Level 1:colcon.colcon_core.environment:checking '/home/tabuchi/shipsimulator/install/mmg_module/lib'
[3.101s] Level 1:colcon.colcon_core.environment:checking '/home/tabuchi/shipsimulator/install/mmg_module/bin'
[3.101s] Level 1:colcon.colcon_core.environment:checking '/home/tabuchi/shipsimulator/install/mmg_module/lib/pkgconfig/mmg_module.pc'
[3.102s] Level 1:colcon.colcon_core.environment:checking '/home/tabuchi/shipsimulator/install/mmg_module/lib/python3.10/site-packages'
[3.102s] Level 1:colcon.colcon_core.shell:create_environment_hook('mmg_module', 'pythonpath')
[3.105s] INFO:colcon.colcon_core.shell:Creating environment hook '/home/tabuchi/shipsimulator/install/mmg_module/share/mmg_module/hook/pythonpath.ps1'
[3.106s] INFO:colcon.colcon_core.shell:Creating environment descriptor '/home/tabuchi/shipsimulator/install/mmg_module/share/mmg_module/hook/pythonpath.dsv'
[3.108s] INFO:colcon.colcon_core.shell:Creating environment hook '/home/tabuchi/shipsimulator/install/mmg_module/share/mmg_module/hook/pythonpath.sh'
[3.109s] Level 1:colcon.colcon_core.environment:checking '/home/tabuchi/shipsimulator/install/mmg_module/bin'
[3.109s] Level 1:colcon.colcon_core.environment:create_environment_scripts_only(mmg_module)
[3.112s] INFO:colcon.colcon_core.shell:Creating package script '/home/tabuchi/shipsimulator/install/mmg_module/share/mmg_module/package.ps1'
[3.114s] INFO:colcon.colcon_core.shell:Creating package descriptor '/home/tabuchi/shipsimulator/install/mmg_module/share/mmg_module/package.dsv'
[3.115s] INFO:colcon.colcon_core.shell:Creating package script '/home/tabuchi/shipsimulator/install/mmg_module/share/mmg_module/package.sh'
[3.116s] INFO:colcon.colcon_core.shell:Creating package script '/home/tabuchi/shipsimulator/install/mmg_module/share/mmg_module/package.bash'
[3.117s] INFO:colcon.colcon_core.shell:Creating package script '/home/tabuchi/shipsimulator/install/mmg_module/share/mmg_module/package.zsh'
[3.117s] Level 1:colcon.colcon_core.environment:create_file_with_runtime_dependencies(/home/tabuchi/shipsimulator/install/mmg_module/share/colcon-core/packages/mmg_module)
[3.141s] Level 1:colcon.colcon_core.environment:checking '/home/tabuchi/shipsimulator/install/actuator_module' for CMake module files
[3.142s] DEBUG:colcon.colcon_core.event_handler.log_command:Invoked command in '/home/tabuchi/shipsimulator/src/actuator_module' returned '0': PYTHONPATH=/home/tabuchi/shipsimulator/build/actuator_module/prefix_override:/home/tabuchi/shipsimulator/install/actuator_module/lib/python3.10/site-packages:${PYTHONPATH} /usr/bin/python3 setup.py egg_info --egg-base ../../build/actuator_module build --build-base /home/tabuchi/shipsimulator/build/actuator_module/build install --record /home/tabuchi/shipsimulator/build/actuator_module/install.log --single-version-externally-managed
[3.142s] Level 1:colcon.colcon_core.environment:checking '/home/tabuchi/shipsimulator/install/actuator_module' for CMake config files
[3.143s] Level 1:colcon.colcon_core.environment:checking '/home/tabuchi/shipsimulator/install/actuator_module/lib'
[3.143s] Level 1:colcon.colcon_core.environment:checking '/home/tabuchi/shipsimulator/install/actuator_module/bin'
[3.143s] Level 1:colcon.colcon_core.environment:checking '/home/tabuchi/shipsimulator/install/actuator_module/lib/pkgconfig/actuator_module.pc'
[3.143s] Level 1:colcon.colcon_core.environment:checking '/home/tabuchi/shipsimulator/install/actuator_module/lib/python3.10/site-packages'
[3.143s] Level 1:colcon.colcon_core.shell:create_environment_hook('actuator_module', 'pythonpath')
[3.146s] INFO:colcon.colcon_core.shell:Creating environment hook '/home/tabuchi/shipsimulator/install/actuator_module/share/actuator_module/hook/pythonpath.ps1'
[3.147s] INFO:colcon.colcon_core.shell:Creating environment descriptor '/home/tabuchi/shipsimulator/install/actuator_module/share/actuator_module/hook/pythonpath.dsv'
[3.147s] INFO:colcon.colcon_core.shell:Creating environment hook '/home/tabuchi/shipsimulator/install/actuator_module/share/actuator_module/hook/pythonpath.sh'
[3.148s] Level 1:colcon.colcon_core.environment:checking '/home/tabuchi/shipsimulator/install/actuator_module/bin'
[3.149s] Level 1:colcon.colcon_core.environment:create_environment_scripts_only(actuator_module)
[3.150s] INFO:colcon.colcon_core.shell:Creating package script '/home/tabuchi/shipsimulator/install/actuator_module/share/actuator_module/package.ps1'
[3.151s] INFO:colcon.colcon_core.shell:Creating package descriptor '/home/tabuchi/shipsimulator/install/actuator_module/share/actuator_module/package.dsv'
[3.152s] INFO:colcon.colcon_core.shell:Creating package script '/home/tabuchi/shipsimulator/install/actuator_module/share/actuator_module/package.sh'
[3.152s] INFO:colcon.colcon_core.shell:Creating package script '/home/tabuchi/shipsimulator/install/actuator_module/share/actuator_module/package.bash'
[3.152s] INFO:colcon.colcon_core.shell:Creating package script '/home/tabuchi/shipsimulator/install/actuator_module/share/actuator_module/package.zsh'
[3.153s] Level 1:colcon.colcon_core.environment:create_file_with_runtime_dependencies(/home/tabuchi/shipsimulator/install/actuator_module/share/colcon-core/packages/actuator_module)
[3.167s] Level 1:colcon.colcon_core.environment:checking '/home/tabuchi/shipsimulator/install/ros_tcp_endpoint' for CMake module files
[3.168s] DEBUG:colcon.colcon_core.event_handler.log_command:Invoked command in '/home/tabuchi/shipsimulator/src/ROS-TCP-Endpoint' returned '0': PYTHONPATH=/home/tabuchi/shipsimulator/build/ros_tcp_endpoint/prefix_override:/home/tabuchi/shipsimulator/install/ros_tcp_endpoint/lib/python3.10/site-packages:${PYTHONPATH} /usr/bin/python3 setup.py egg_info --egg-base ../../build/ros_tcp_endpoint build --build-base /home/tabuchi/shipsimulator/build/ros_tcp_endpoint/build install --record /home/tabuchi/shipsimulator/build/ros_tcp_endpoint/install.log --install-scripts $base/lib/ros_tcp_endpoint --single-version-externally-managed
[3.169s] Level 1:colcon.colcon_core.environment:checking '/home/tabuchi/shipsimulator/install/ros_tcp_endpoint' for CMake config files
[3.169s] Level 1:colcon.colcon_core.environment:checking '/home/tabuchi/shipsimulator/install/ros_tcp_endpoint/lib'
[3.169s] Level 1:colcon.colcon_core.environment:checking '/home/tabuchi/shipsimulator/install/ros_tcp_endpoint/bin'
[3.169s] Level 1:colcon.colcon_core.environment:checking '/home/tabuchi/shipsimulator/install/ros_tcp_endpoint/lib/pkgconfig/ros_tcp_endpoint.pc'
[3.169s] Level 1:colcon.colcon_core.environment:checking '/home/tabuchi/shipsimulator/install/ros_tcp_endpoint/lib/python3.10/site-packages'
[3.169s] Level 1:colcon.colcon_core.shell:create_environment_hook('ros_tcp_endpoint', 'pythonpath')
[3.171s] INFO:colcon.colcon_core.shell:Creating environment hook '/home/tabuchi/shipsimulator/install/ros_tcp_endpoint/share/ros_tcp_endpoint/hook/pythonpath.ps1'
[3.172s] INFO:colcon.colcon_core.shell:Creating environment descriptor '/home/tabuchi/shipsimulator/install/ros_tcp_endpoint/share/ros_tcp_endpoint/hook/pythonpath.dsv'
[3.172s] INFO:colcon.colcon_core.shell:Creating environment hook '/home/tabuchi/shipsimulator/install/ros_tcp_endpoint/share/ros_tcp_endpoint/hook/pythonpath.sh'
[3.173s] Level 1:colcon.colcon_core.environment:checking '/home/tabuchi/shipsimulator/install/ros_tcp_endpoint/bin'
[3.173s] Level 1:colcon.colcon_core.environment:create_environment_scripts_only(ros_tcp_endpoint)
[3.175s] INFO:colcon.colcon_core.shell:Creating package script '/home/tabuchi/shipsimulator/install/ros_tcp_endpoint/share/ros_tcp_endpoint/package.ps1'
[3.177s] INFO:colcon.colcon_core.shell:Creating package descriptor '/home/tabuchi/shipsimulator/install/ros_tcp_endpoint/share/ros_tcp_endpoint/package.dsv'
[3.177s] INFO:colcon.colcon_core.shell:Creating package script '/home/tabuchi/shipsimulator/install/ros_tcp_endpoint/share/ros_tcp_endpoint/package.sh'
[3.178s] INFO:colcon.colcon_core.shell:Creating package script '/home/tabuchi/shipsimulator/install/ros_tcp_endpoint/share/ros_tcp_endpoint/package.bash'
[3.179s] INFO:colcon.colcon_core.shell:Creating package script '/home/tabuchi/shipsimulator/install/ros_tcp_endpoint/share/ros_tcp_endpoint/package.zsh'
[3.179s] Level 1:colcon.colcon_core.environment:create_file_with_runtime_dependencies(/home/tabuchi/shipsimulator/install/ros_tcp_endpoint/share/colcon-core/packages/ros_tcp_endpoint)
[3.208s] Level 1:colcon.colcon_core.environment:checking '/home/tabuchi/shipsimulator/install/sensor_module' for CMake module files
[3.209s] DEBUG:colcon.colcon_core.event_handler.log_command:Invoked command in '/home/tabuchi/shipsimulator/src/sensor_module' returned '0': PYTHONPATH=/home/tabuchi/shipsimulator/build/sensor_module/prefix_override:/home/tabuchi/shipsimulator/install/sensor_module/lib/python3.10/site-packages:${PYTHONPATH} /usr/bin/python3 setup.py egg_info --egg-base ../../build/sensor_module build --build-base /home/tabuchi/shipsimulator/build/sensor_module/build install --record /home/tabuchi/shipsimulator/build/sensor_module/install.log --single-version-externally-managed
[3.209s] Level 1:colcon.colcon_core.environment:checking '/home/tabuchi/shipsimulator/install/sensor_module' for CMake config files
[3.209s] Level 1:colcon.colcon_core.environment:checking '/home/tabuchi/shipsimulator/install/sensor_module/lib'
[3.209s] Level 1:colcon.colcon_core.environment:checking '/home/tabuchi/shipsimulator/install/sensor_module/bin'
[3.209s] Level 1:colcon.colcon_core.environment:checking '/home/tabuchi/shipsimulator/install/sensor_module/lib/pkgconfig/sensor_module.pc'
[3.210s] Level 1:colcon.colcon_core.environment:checking '/home/tabuchi/shipsimulator/install/sensor_module/lib/python3.10/site-packages'
[3.210s] Level 1:colcon.colcon_core.shell:create_environment_hook('sensor_module', 'pythonpath')
[3.211s] INFO:colcon.colcon_core.shell:Creating environment hook '/home/tabuchi/shipsimulator/install/sensor_module/share/sensor_module/hook/pythonpath.ps1'
[3.212s] INFO:colcon.colcon_core.shell:Creating environment descriptor '/home/tabuchi/shipsimulator/install/sensor_module/share/sensor_module/hook/pythonpath.dsv'
[3.212s] INFO:colcon.colcon_core.shell:Creating environment hook '/home/tabuchi/shipsimulator/install/sensor_module/share/sensor_module/hook/pythonpath.sh'
[3.212s] Level 1:colcon.colcon_core.environment:checking '/home/tabuchi/shipsimulator/install/sensor_module/bin'
[3.212s] Level 1:colcon.colcon_core.environment:create_environment_scripts_only(sensor_module)
[3.215s] INFO:colcon.colcon_core.shell:Creating package script '/home/tabuchi/shipsimulator/install/sensor_module/share/sensor_module/package.ps1'
[3.215s] INFO:colcon.colcon_core.shell:Creating package descriptor '/home/tabuchi/shipsimulator/install/sensor_module/share/sensor_module/package.dsv'
[3.216s] INFO:colcon.colcon_core.shell:Creating package script '/home/tabuchi/shipsimulator/install/sensor_module/share/sensor_module/package.sh'
[3.216s] INFO:colcon.colcon_core.shell:Creating package script '/home/tabuchi/shipsimulator/install/sensor_module/share/sensor_module/package.bash'
[3.216s] INFO:colcon.colcon_core.shell:Creating package script '/home/tabuchi/shipsimulator/install/sensor_module/share/sensor_module/package.zsh'
[3.217s] Level 1:colcon.colcon_core.environment:create_file_with_runtime_dependencies(/home/tabuchi/shipsimulator/install/sensor_module/share/colcon-core/packages/sensor_module)
[3.217s] DEBUG:colcon.colcon_parallel_executor.executor.parallel:closing loop
[3.217s] DEBUG:colcon.colcon_parallel_executor.executor.parallel:loop closed
[3.217s] DEBUG:colcon.colcon_parallel_executor.executor.parallel:run_until_complete finished with '0'
[3.217s] DEBUG:colcon.colcon_core.event_reactor:joining thread
[3.224s] INFO:colcon.colcon_core.plugin_system:Skipping extension 'colcon_notification.desktop_notification.terminal_notifier': Not used on non-Darwin systems
[3.224s] INFO:colcon.colcon_core.plugin_system:Skipping extension 'colcon_notification.desktop_notification.win32': Not used on non-Windows systems
[3.224s] INFO:colcon.colcon_notification.desktop_notification:Sending desktop notification using 'notify2'
[3.230s] DEBUG:colcon.colcon_notification.desktop_notification.notify2:Failed to initialize notify2: org.freedesktop.DBus.Error.ServiceUnknown: The name org.freedesktop.Notifications was not provided by any .service files
[3.230s] DEBUG:colcon.colcon_core.event_reactor:joined thread
[3.232s] INFO:colcon.colcon_core.shell:Creating prefix script '/home/tabuchi/shipsimulator/install/local_setup.ps1'
[3.233s] INFO:colcon.colcon_core.shell:Creating prefix util module '/home/tabuchi/shipsimulator/install/_local_setup_util_ps1.py'
[3.235s] INFO:colcon.colcon_core.shell:Creating prefix chain script '/home/tabuchi/shipsimulator/install/setup.ps1'
[3.236s] INFO:colcon.colcon_core.shell:Creating prefix script '/home/tabuchi/shipsimulator/install/local_setup.sh'
[3.237s] INFO:colcon.colcon_core.shell:Creating prefix util module '/home/tabuchi/shipsimulator/install/_local_setup_util_sh.py'
[3.238s] INFO:colcon.colcon_core.shell:Creating prefix chain script '/home/tabuchi/shipsimulator/install/setup.sh'
[3.239s] INFO:colcon.colcon_core.shell:Creating prefix script '/home/tabuchi/shipsimulator/install/local_setup.bash'
[3.240s] INFO:colcon.colcon_core.shell:Creating prefix chain script '/home/tabuchi/shipsimulator/install/setup.bash'
[3.241s] INFO:colcon.colcon_core.shell:Creating prefix script '/home/tabuchi/shipsimulator/install/local_setup.zsh'
[3.242s] INFO:colcon.colcon_core.shell:Creating prefix chain script '/home/tabuchi/shipsimulator/install/setup.zsh'
